Log file open, 12/03/19 17:34:40
LogWindows: Failed to load 'aqProf.dll' (GetLastError=126)
LogWindows: File 'aqProf.dll' does not exist
LogWindows: Failed to load 'VtuneApi.dll' (GetLastError=126)
LogWindows: File 'VtuneApi.dll' does not exist
LogWindows: Failed to load 'VtuneApi32e.dll' (GetLastError=126)
LogWindows: File 'VtuneApi32e.dll' does not exist
LogConsoleResponse: Display: Failed to find resolution value strings in scalability ini. Falling back to default.
LogInit: Display: Running engine for game: beatRush
LogPakFile: Registered encryption key '00000000000000000000000000000000': 0 pak files mounted, 0 remain pending
LogPlatformFile: Not using cached read wrapper
LogTaskGraph: Started task graph with 5 named threads and 23 total threads with 3 sets of task threads.
LogStats: Stats thread started at 0.321549
LogD3D11RHI: Loaded GFSDK_Aftermath_Lib.x64.dll
LogICUInternationalization: ICU TimeZone Detection - Raw Offset: +1:00, Platform Override: ''
LogPluginManager: Mounting plugin Paper2D
LogPluginManager: Mounting plugin AISupport
LogPluginManager: Mounting plugin LightPropagationVolume
LogPluginManager: Mounting plugin ActorLayerUtilities
LogPluginManager: Mounting plugin AnimationSharing
LogPluginManager: Mounting plugin CLionSourceCodeAccess
LogPluginManager: Mounting plugin CodeLiteSourceCodeAccess
LogPluginManager: Mounting plugin GitSourceControl
LogPluginManager: Mounting plugin KDevelopSourceCodeAccess
LogPluginManager: Mounting plugin NullSourceCodeAccess
LogPluginManager: Mounting plugin PerforceSourceControl
LogPluginManager: Mounting plugin SubversionSourceControl
LogPluginManager: Mounting plugin UObjectPlugin
LogPluginManager: Mounting plugin VisualStudioCodeSourceCodeAccess
LogPluginManager: Mounting plugin VisualStudioSourceCodeAccess
LogPluginManager: Mounting plugin XCodeSourceCodeAccess
LogPluginManager: Mounting plugin AssetManagerEditor
LogPluginManager: Mounting plugin CryptoKeys
LogPluginManager: Mounting plugin DataValidation
LogPluginManager: Mounting plugin FacialAnimation
LogPluginManager: Mounting plugin GameplayTagsEditor
LogPluginManager: Mounting plugin MacGraphicsSwitching
LogPluginManager: Mounting plugin MaterialAnalyzer
LogPluginManager: Mounting plugin MobileLauncherProfileWizard
LogPluginManager: Mounting plugin PluginBrowser
LogPluginManager: Mounting plugin SpeedTreeImporter
LogPluginManager: Mounting plugin DatasmithContent
LogPluginManager: Mounting plugin VariantManagerContent
LogPluginManager: Mounting plugin AlembicImporter
LogPluginManager: Mounting plugin AppleImageUtils
LogPluginManager: Mounting plugin AppleVision
LogPluginManager: Mounting plugin BackChannel
LogPluginManager: Mounting plugin CharacterAI
LogPluginManager: Mounting plugin GeometryCache
LogPluginManager: Mounting plugin HTML5Networking
LogPluginManager: Mounting plugin ProxyLODPlugin
LogPluginManager: Mounting plugin SkeletalReduction
LogPluginManager: Mounting plugin MagicLeap
LogPluginManager: Mounting plugin MagicLeapMedia
LogPluginManager: Mounting plugin AndroidMedia
LogPluginManager: Mounting plugin AvfMedia
LogPluginManager: Mounting plugin ImgMedia
LogPluginManager: Mounting plugin LinearTimecode
LogPluginManager: Mounting plugin MediaCompositing
LogPluginManager: Mounting plugin MediaPlayerEditor
LogPluginManager: Mounting plugin WebMMedia
LogPluginManager: Mounting plugin WmfMedia
LogPluginManager: Mounting plugin TcpMessaging
LogPluginManager: Mounting plugin UdpMessaging
LogPluginManager: Mounting plugin ActorSequence
LogPluginManager: Mounting plugin LevelSequenceEditor
LogPluginManager: Mounting plugin MatineeToLevelSequence
LogPluginManager: Mounting plugin NetcodeUnitTest
LogPluginManager: Mounting plugin NUTUnrealEngine4
LogPluginManager: Mounting plugin OnlineSubsystemGooglePlay
LogPluginManager: Mounting plugin OnlineSubsystemIOS
LogPluginManager: Mounting plugin OnlineSubsystem
LogPluginManager: Mounting plugin OnlineSubsystemNull
LogPluginManager: Mounting plugin OnlineSubsystemUtils
LogPluginManager: Mounting plugin LauncherChunkInstaller
LogPluginManager: Mounting plugin AndroidDeviceProfileSelector
LogPluginManager: Mounting plugin AndroidMoviePlayer
LogPluginManager: Mounting plugin AndroidPermission
LogPluginManager: Mounting plugin AppleMoviePlayer
LogPluginManager: Mounting plugin ArchVisCharacter
LogPluginManager: Mounting plugin AudioCapture
LogPluginManager: Mounting plugin CableComponent
LogPluginManager: Mounting plugin CustomMeshComponent
LogPluginManager: Mounting plugin EditableMesh
LogPluginManager: Mounting plugin ExampleDeviceProfileSelector
LogPluginManager: Mounting plugin Firebase
LogPluginManager: Mounting plugin GoogleCloudMessaging
LogPluginManager: Mounting plugin IOSDeviceProfileSelector
LogPluginManager: Mounting plugin LinuxDeviceProfileSelector
LogPluginManager: Mounting plugin LocationServicesBPLibrary
LogPluginManager: Mounting plugin MobilePatchingUtils
LogPluginManager: Mounting plugin OculusVR
LogPluginManager: Mounting plugin PhysXVehicles
LogPluginManager: Mounting plugin ProceduralMeshComponent
LogPluginManager: Mounting plugin RuntimePhysXCooking
LogPluginManager: Mounting plugin SignificanceManager
LogPluginManager: Mounting plugin SteamVR
LogPluginManager: Mounting plugin WebMMoviePlayer
LogPluginManager: Mounting plugin WindowsMoviePlayer
LogInit: Using libcurl 7.55.1-DEV
LogInit:  - built for x86_64-pc-win32
LogInit:  - supports SSL with OpenSSL/1.1.1
LogInit:  - supports HTTP deflate (compression) using libz 1.2.8
LogInit:  - other features:
LogInit:      CURL_VERSION_SSL
LogInit:      CURL_VERSION_LIBZ
LogInit:      CURL_VERSION_IPV6
LogInit:      CURL_VERSION_ASYNCHDNS
LogInit:      CURL_VERSION_LARGEFILE
LogInit:      CURL_VERSION_IDN
LogInit:  CurlRequestOptions (configurable via config and command line):
LogInit:  - bVerifyPeer = true  - Libcurl will verify peer certificate
LogInit:  - bUseHttpProxy = false  - Libcurl will NOT use HTTP proxy
LogInit:  - bDontReuseConnections = false  - Libcurl will reuse connections
LogInit:  - MaxHostConnections = 16  - Libcurl will limit the number of connections to a host
LogInit:  - LocalHostAddr = Default
LogInit:  - BufferSize = 65536
LogInit: WinSock: version 1.1 (2.2), MaxSocks=32767, MaxUdp=65467
LogInit: Build: ++UE4+Release-4.22-CL-7053642
LogInit: Engine Version: 4.22.3-7053642+++UE4+Release-4.22
LogInit: Compatible Engine Version: 4.22.0-5660361+++UE4+Release-4.22
LogInit: Net CL: 5660361
LogInit: OS: Windows 10 (Release 1903) (), CPU: Intel(R) Core(TM) i7-7700HQ CPU @ 2.80GHz, GPU: Intel(R) HD Graphics 630
LogInit: Compiled (64-bit): Jun 18 2019 03:09:11
LogInit: Compiled with Visual C++: 19.16.27025.01
LogInit: Build Configuration: Development
LogInit: Branch Name: ++UE4+Release-4.22
LogInit: Command Line: 
LogInit: Base Directory: C:/Program Files/Epic Games/UE_4.22/Engine/Binaries/Win64/
LogInit: Installed Engine Build: 1
LogDevObjectVersion: Number of dev versions registered: 23
LogDevObjectVersion:   Dev-Blueprints (B0D832E4-1F89-4F0D-ACCF-7EB736FD4AA2): 10
LogDevObjectVersion:   Dev-Build (E1C64328-A22C-4D53-A36C-8E866417BD8C): 0
LogDevObjectVersion:   Dev-Core (375EC13C-06E4-48FB-B500-84F0262A717E): 3
LogDevObjectVersion:   Dev-Editor (E4B068ED-F494-42E9-A231-DA0B2E46BB41): 30
LogDevObjectVersion:   Dev-Framework (CFFC743F-43B0-4480-9391-14DF171D2073): 35
LogDevObjectVersion:   Dev-Mobile (B02B49B5-BB20-44E9-A304-32B752E40360): 2
LogDevObjectVersion:   Dev-Networking (A4E4105C-59A1-49B5-A7C5-40C4547EDFEE): 0
LogDevObjectVersion:   Dev-Online (39C831C9-5AE6-47DC-9A44-9C173E1C8E7C): 0
LogDevObjectVersion:   Dev-Physics (78F01B33-EBEA-4F98-B9B4-84EACCB95AA2): 0
LogDevObjectVersion:   Dev-Platform (6631380F-2D4D-43E0-8009-CF276956A95A): 0
LogDevObjectVersion:   Dev-Rendering (12F88B9F-8875-4AFC-A67C-D90C383ABD29): 28
LogDevObjectVersion:   Dev-Sequencer (7B5AE74C-D270-4C10-A958-57980B212A5A): 11
LogDevObjectVersion:   Dev-VR (D7296918-1DD6-4BDD-9DE2-64A83CC13884): 2
LogDevObjectVersion:   Dev-LoadTimes (C2A15278-BFE7-4AFE-6C17-90FF531DF755): 1
LogDevObjectVersion:   Private-Geometry (6EACA3D4-40EC-4CC1-B786-8BED09428FC5): 3
LogDevObjectVersion:   Dev-AnimPhys (29E575DD-E0A3-4627-9D10-D276232CDCEA): 17
LogDevObjectVersion:   Dev-Anim (AF43A65D-7FD3-4947-9873-3E8ED9C1BB05): 2
LogDevObjectVersion:   Dev-ReflectionCapture (6B266CEC-1EC7-4B8F-A30B-E4D90942FC07): 1
LogDevObjectVersion:   Dev-Automation (0DF73D61-A23F-47EA-B727-89E90C41499A): 1
LogDevObjectVersion:   FortniteMain (601D1886-AC64-4F84-AA16-D3DE0DEAC7D6): 25
LogDevObjectVersion:   Dev-Enterprise (9DFFBCD6-494F-0158-E221-12823C92A888): 6
LogDevObjectVersion:   Dev-Niagara (F2AED0AC-9AFE-416F-8664-AA7FFA26D6FC): 1
LogDevObjectVersion:   Dev-Destruction (174F1F0B-B4C6-45A5-B13F-2EE8D0FB917D): 2
LogInit: Presizing for max 16777216 objects, including 0 objects not considered by GC, pre-allocating 0 bytes for permanent pool.
LogInit: Object subsystem initialized
LogConfig: Setting CVar [[con.DebugEarlyDefault:1]]
LogConfig: Setting CVar [[r.setres:1280x720]]
[2019.12.03-16.34.40:911][  0]LogConfig: Setting CVar [[r.VSync:0]]
[2019.12.03-16.34.40:911][  0]LogConfig: Setting CVar [[r.RHICmdBypass:0]]
[2019.12.03-16.34.40:911][  0]LogConfig: Applying CVar settings from Section [/Script/Engine.RendererSettings] File [C:/Users/smdex/Documents/GitHub/beatRush/beatRush/Saved/Config/Windows/Engine.ini]
[2019.12.03-16.34.40:911][  0]LogConfig: Setting CVar [[r.GPUCrashDebugging:0]]
[2019.12.03-16.34.40:911][  0]LogConfig: Setting CVar [[r.MobileHDR:0]]
[2019.12.03-16.34.40:911][  0]LogConfig: Setting CVar [[r.Mobile.DisableVertexFog:1]]
[2019.12.03-16.34.40:911][  0]LogConfig: Setting CVar [[r.Shadow.CSM.MaxMobileCascades:2]]
[2019.12.03-16.34.40:911][  0]LogConfig: Setting CVar [[r.MobileMSAA:1]]
[2019.12.03-16.34.40:911][  0]LogConfig: Setting CVar [[r.Mobile.UseLegacyShadingModel:0]]
[2019.12.03-16.34.40:911][  0]LogConfig: Setting CVar [[r.Mobile.UseHWsRGBEncoding:0]]
[2019.12.03-16.34.40:911][  0]LogConfig: Setting CVar [[r.Mobile.AllowDitheredLODTransition:0]]
[2019.12.03-16.34.40:911][  0]LogConfig: Setting CVar [[r.Mobile.AllowSoftwareOcclusion:0]]
[2019.12.03-16.34.40:911][  0]LogConfig: Setting CVar [[r.DiscardUnusedQuality:0]]
[2019.12.03-16.34.40:911][  0]LogConfig: Setting CVar [[r.AllowOcclusionQueries:1]]
[2019.12.03-16.34.40:911][  0]LogConfig: Setting CVar [[r.MinScreenRadiusForLights:0.030000]]
[2019.12.03-16.34.40:911][  0]LogConfig: Setting CVar [[r.MinScreenRadiusForDepthPrepass:0.030000]]
[2019.12.03-16.34.40:911][  0]LogConfig: Setting CVar [[r.MinScreenRadiusForCSMDepth:0.010000]]
[2019.12.03-16.34.40:911][  0]LogConfig: Setting CVar [[r.PrecomputedVisibilityWarning:0]]
[2019.12.03-16.34.40:911][  0]LogConfig: Setting CVar [[r.TextureStreaming:1]]
[2019.12.03-16.34.40:911][  0]LogConfig: Setting CVar [[Compat.UseDXT5NormalMaps:0]]
[2019.12.03-16.34.40:911][  0]LogConfig: Setting CVar [[r.ClearCoatNormal:0]]
[2019.12.03-16.34.40:911][  0]LogConfig: Setting CVar [[r.ReflectionCaptureResolution:128]]
[2019.12.03-16.34.40:911][  0]LogConfig: Setting CVar [[r.ReflectionEnvironmentLightmapMixBasedOnRoughness:1]]
[2019.12.03-16.34.40:911][  0]LogConfig: Setting CVar [[r.ForwardShading:0]]
[2019.12.03-16.34.40:911][  0]LogConfig: Setting CVar [[r.VertexFoggingForOpaque:1]]
[2019.12.03-16.34.40:911][  0]LogConfig: Setting CVar [[r.AllowStaticLighting:1]]
[2019.12.03-16.34.40:911][  0]LogConfig: Setting CVar [[r.NormalMapsForStaticLighting:0]]
[2019.12.03-16.34.40:911][  0]LogConfig: Setting CVar [[r.GenerateMeshDistanceFields:0]]
[2019.12.03-16.34.40:911][  0]LogConfig: Setting CVar [[r.DistanceFieldBuild.EightBit:0]]
[2019.12.03-16.34.40:911][  0]LogConfig: Setting CVar [[r.GenerateLandscapeGIData:0]]
[2019.12.03-16.34.40:911][  0]LogConfig: Setting CVar [[r.DistanceFieldBuild.Compress:0]]
[2019.12.03-16.34.40:911][  0]LogConfig: Setting CVar [[r.TessellationAdaptivePixelsPerTriangle:48.000000]]
[2019.12.03-16.34.40:911][  0]LogConfig: Setting CVar [[r.SeparateTranslucency:0]]
[2019.12.03-16.34.40:911][  0]LogConfig: Setting CVar [[r.TranslucentSortPolicy:0]]
[2019.12.03-16.34.40:911][  0]LogConfig: Setting CVar [[r.CustomDepth:1]]
[2019.12.03-16.34.40:911][  0]LogConfig: Setting CVar [[r.CustomDepthTemporalAAJitter:1]]
[2019.12.03-16.34.40:911][  0]LogConfig: Setting CVar [[r.PostProcessing.PropagateAlpha:0]]
[2019.12.03-16.34.40:911][  0]LogConfig: Setting CVar [[r.DOF.Algorithm:1]]
[2019.12.03-16.34.40:911][  0]LogConfig: Setting CVar [[r.DefaultFeature.Bloom:0]]
[2019.12.03-16.34.40:911][  0]LogConfig: Setting CVar [[r.DefaultFeature.AmbientOcclusion:0]]
[2019.12.03-16.34.40:911][  0]LogConfig: Setting CVar [[r.DefaultFeature.AmbientOcclusionStaticFraction:1]]
[2019.12.03-16.34.40:911][  0]LogConfig: Setting CVar [[r.DefaultFeature.AutoExposure:0]]
[2019.12.03-16.34.40:911][  0]LogConfig: Setting CVar [[r.DefaultFeature.AutoExposure.Method:0]]
[2019.12.03-16.34.40:911][  0]LogConfig: Setting CVar [[r.DefaultFeature.AutoExposure.ExtendDefaultLuminanceRange:0]]
[2019.12.03-16.34.40:911][  0]LogConfig: Setting CVar [[r.UsePreExposure:0]]
[2019.12.03-16.34.40:912][  0]LogConfig: Setting CVar [[r.DefaultFeature.MotionBlur:0]]
[2019.12.03-16.34.40:912][  0]LogConfig: Setting CVar [[r.DefaultFeature.LensFlare:0]]
[2019.12.03-16.34.40:912][  0]LogConfig: Setting CVar [[r.TemporalAA.Upsampling:0]]
[2019.12.03-16.34.40:912][  0]LogConfig: Setting CVar [[r.DefaultFeature.AntiAliasing:0]]
[2019.12.03-16.34.40:912][  0]LogConfig: Setting CVar [[r.DefaultFeature.LightUnits:1]]
[2019.12.03-16.34.40:912][  0]LogConfig: Setting CVar [[r.DefaultBackBufferPixelFormat:4]]
[2019.12.03-16.34.40:912][  0]LogConfig: Setting CVar [[r.Shadow.UnbuiltPreviewInGame:1]]
[2019.12.03-16.34.40:912][  0]LogConfig: Setting CVar [[r.StencilForLODDither:0]]
[2019.12.03-16.34.40:912][  0]LogConfig: Setting CVar [[r.EarlyZPass:3]]
[2019.12.03-16.34.40:912][  0]LogConfig: Setting CVar [[r.EarlyZPassOnlyMaterialMasking:0]]
[2019.12.03-16.34.40:912][  0]LogConfig: Setting CVar [[r.DBuffer:1]]
[2019.12.03-16.34.40:912][  0]LogConfig: Setting CVar [[r.ClearSceneMethod:1]]
[2019.12.03-16.34.40:912][  0]LogConfig: Setting CVar [[r.BasePassOutputsVelocity:0]]
[2019.12.03-16.34.40:912][  0]LogConfig: Setting CVar [[r.SelectiveBasePassOutputs:0]]
[2019.12.03-16.34.40:912][  0]LogConfig: Setting CVar [[fx.GPUSimulationTextureSizeX:1024]]
[2019.12.03-16.34.40:912][  0]LogConfig: Setting CVar [[fx.GPUSimulationTextureSizeY:1024]]
[2019.12.03-16.34.40:912][  0]LogConfig: Setting CVar [[r.AllowGlobalClipPlane:0]]
[2019.12.03-16.34.40:912][  0]LogConfig: Setting CVar [[r.GBufferFormat:1]]
[2019.12.03-16.34.40:912][  0]LogConfig: Setting CVar [[r.MorphTarget.Mode:1]]
[2019.12.03-16.34.40:912][  0]LogConfig: Setting CVar [[vr.InstancedStereo:0]]
[2019.12.03-16.34.40:912][  0]LogConfig: Setting CVar [[vr.MultiView:0]]
[2019.12.03-16.34.40:912][  0]LogConfig: Setting CVar [[vr.MobileMultiView:0]]
[2019.12.03-16.34.40:912][  0]LogConfig: Setting CVar [[vr.MobileMultiView.Direct:0]]
[2019.12.03-16.34.40:912][  0]LogConfig: Setting CVar [[vr.RoundRobinOcclusion:0]]
[2019.12.03-16.34.40:912][  0]LogConfig: Setting CVar [[vr.ODSCapture:0]]
[2019.12.03-16.34.40:912][  0]LogConfig: Setting CVar [[r.WireframeCullThreshold:5.000000]]
[2019.12.03-16.34.40:912][  0]LogConfig: Setting CVar [[r.RayTracing:0]]
[2019.12.03-16.34.40:912][  0]LogConfig: Setting CVar [[r.SupportStationarySkylight:1]]
[2019.12.03-16.34.40:912][  0]LogConfig: Setting CVar [[r.SupportLowQualityLightmaps:1]]
[2019.12.03-16.34.40:912][  0]LogConfig: Setting CVar [[r.SupportPointLightWholeSceneShadows:1]]
[2019.12.03-16.34.40:912][  0]LogConfig: Setting CVar [[r.SupportAtmosphericFog:1]]
[2019.12.03-16.34.40:912][  0]LogConfig: Setting CVar [[r.SkinCache.CompileShaders:0]]
[2019.12.03-16.34.40:912][  0]LogConfig: Setting CVar [[r.Mobile.EnableStaticAndCSMShadowReceivers:1]]
[2019.12.03-16.34.40:912][  0]LogConfig: Setting CVar [[r.Mobile.EnableMovableLightCSMShaderCulling:1]]
[2019.12.03-16.34.40:912][  0]LogConfig: Setting CVar [[r.Mobile.AllowDistanceFieldShadows:1]]
[2019.12.03-16.34.40:912][  0]LogConfig: Setting CVar [[r.Mobile.AllowMovableDirectionalLights:1]]
[2019.12.03-16.34.40:912][  0]LogConfig: Setting CVar [[r.MobileNumDynamicPointLights:4]]
[2019.12.03-16.34.40:912][  0]LogConfig: Setting CVar [[r.MobileDynamicPointLightsUseStaticBranch:1]]
[2019.12.03-16.34.40:912][  0]LogConfig: Setting CVar [[r.Mobile.EnableMovableSpotlights:0]]
[2019.12.03-16.34.40:912][  0]LogConfig: Setting CVar [[r.SkinCache.SceneMemoryLimitInMB:128.000000]]
[2019.12.03-16.34.40:912][  0]LogConfig: Setting CVar [[r.GPUSkin.Limit2BoneInfluences:0]]
[2019.12.03-16.34.40:912][  0]LogConfig: Setting CVar [[r.SupportDepthOnlyIndexBuffers:1]]
[2019.12.03-16.34.40:912][  0]LogConfig: Setting CVar [[r.SupportReversedIndexBuffers:1]]
[2019.12.03-16.34.40:912][  0]LogConfig: Setting CVar [[r.SupportMaterialLayers:0]]
[2019.12.03-16.34.40:912][  0]LogConfig: Applying CVar settings from Section [/Script/Engine.RendererOverrideSettings] File [C:/Users/smdex/Documents/GitHub/beatRush/beatRush/Saved/Config/Windows/Engine.ini]
[2019.12.03-16.34.40:912][  0]LogConfig: Applying CVar settings from Section [/Script/Engine.StreamingSettings] File [C:/Users/smdex/Documents/GitHub/beatRush/beatRush/Saved/Config/Windows/Engine.ini]
[2019.12.03-16.34.40:912][  0]LogConfig: Setting CVar [[s.MinBulkDataSizeForAsyncLoading:131072]]
[2019.12.03-16.34.40:912][  0]LogConfig: Setting CVar [[s.AsyncLoadingThreadEnabled:0]]
[2019.12.03-16.34.40:912][  0]LogConfig: Setting CVar [[s.EventDrivenLoaderEnabled:1]]
[2019.12.03-16.34.40:912][  0]LogConfig: Setting CVar [[s.WarnIfTimeLimitExceeded:0]]
[2019.12.03-16.34.40:912][  0]LogConfig: Setting CVar [[s.TimeLimitExceededMultiplier:1.5]]
[2019.12.03-16.34.40:913][  0]LogConfig: Setting CVar [[s.TimeLimitExceededMinTime:0.005]]
[2019.12.03-16.34.40:913][  0]LogConfig: Setting CVar [[s.UseBackgroundLevelStreaming:1]]
[2019.12.03-16.34.40:913][  0]LogConfig: Setting CVar [[s.PriorityAsyncLoadingExtraTime:15.0]]
[2019.12.03-16.34.40:913][  0]LogConfig: Setting CVar [[s.LevelStreamingActorsUpdateTimeLimit:5.0]]
[2019.12.03-16.34.40:913][  0]LogConfig: Setting CVar [[s.PriorityLevelStreamingActorsUpdateExtraTime:5.0]]
[2019.12.03-16.34.40:913][  0]LogConfig: Setting CVar [[s.LevelStreamingComponentsRegistrationGranularity:10]]
[2019.12.03-16.34.40:913][  0]LogConfig: Setting CVar [[s.UnregisterComponentsTimeLimit:1.0]]
[2019.12.03-16.34.40:913][  0]LogConfig: Setting CVar [[s.LevelStreamingComponentsUnregistrationGranularity:5]]
[2019.12.03-16.34.40:913][  0]LogConfig: Applying CVar settings from Section [/Script/Engine.GarbageCollectionSettings] File [C:/Users/smdex/Documents/GitHub/beatRush/beatRush/Saved/Config/Windows/Engine.ini]
[2019.12.03-16.34.40:913][  0]LogConfig: Setting CVar [[gc.MaxObjectsNotConsideredByGC:1]]
[2019.12.03-16.34.40:913][  0]LogConfig: Setting CVar [[gc.SizeOfPermanentObjectPool:0]]
[2019.12.03-16.34.40:913][  0]LogConfig: Setting CVar [[gc.FlushStreamingOnGC:0]]
[2019.12.03-16.34.40:913][  0]LogConfig: Setting CVar [[gc.NumRetriesBeforeForcingGC:10]]
[2019.12.03-16.34.40:913][  0]LogConfig: Setting CVar [[gc.AllowParallelGC:1]]
[2019.12.03-16.34.40:913][  0]LogConfig: Setting CVar [[gc.TimeBetweenPurgingPendingKillObjects:61.1]]
[2019.12.03-16.34.40:913][  0]LogConfig: Setting CVar [[gc.MaxObjectsInEditor:16777216]]
[2019.12.03-16.34.40:913][  0]LogConfig: Setting CVar [[gc.IncrementalBeginDestroyEnabled:1]]
[2019.12.03-16.34.40:913][  0]LogConfig: Setting CVar [[gc.CreateGCClusters:1]]
[2019.12.03-16.34.40:913][  0]LogConfig: Setting CVar [[gc.MinGCClusterSize:5]]
[2019.12.03-16.34.40:913][  0]LogConfig: Setting CVar [[gc.ActorClusteringEnabled:0]]
[2019.12.03-16.34.40:913][  0]LogConfig: Setting CVar [[gc.BlueprintClusteringEnabled:0]]
[2019.12.03-16.34.40:913][  0]LogConfig: Setting CVar [[gc.UseDisregardForGCOnDedicatedServers:0]]
[2019.12.03-16.34.40:913][  0]LogConfig: Applying CVar settings from Section [/Script/Engine.NetworkSettings] File [C:/Users/smdex/Documents/GitHub/beatRush/beatRush/Saved/Config/Windows/Engine.ini]
[2019.12.03-16.34.40:913][  0]LogConfig: Applying CVar settings from Section [/Script/UnrealEd.CookerSettings] File [C:/Users/smdex/Documents/GitHub/beatRush/beatRush/Saved/Config/Windows/Engine.ini]
[2019.12.03-16.34.40:916][  0]LogConfig: Applying CVar settings from Section [ViewDistanceQuality@3] File [C:/Users/smdex/Documents/GitHub/beatRush/beatRush/Saved/Config/Windows/Scalability.ini]
[2019.12.03-16.34.40:916][  0]LogConfig: Setting CVar [[r.SkeletalMeshLODBias:0]]
[2019.12.03-16.34.40:916][  0]LogConfig: Setting CVar [[r.ViewDistanceScale:1.0]]
[2019.12.03-16.34.40:916][  0]LogConfig: Applying CVar settings from Section [AntiAliasingQuality@3] File [C:/Users/smdex/Documents/GitHub/beatRush/beatRush/Saved/Config/Windows/Scalability.ini]
[2019.12.03-16.34.40:916][  0]LogConfig: Setting CVar [[r.PostProcessAAQuality:4]]
[2019.12.03-16.34.40:916][  0]LogConfig: Applying CVar settings from Section [ShadowQuality@3] File [C:/Users/smdex/Documents/GitHub/beatRush/beatRush/Saved/Config/Windows/Scalability.ini]
[2019.12.03-16.34.40:916][  0]LogConfig: Setting CVar [[r.LightFunctionQuality:1]]
[2019.12.03-16.34.40:916][  0]LogConfig: Setting CVar [[r.ShadowQuality:5]]
[2019.12.03-16.34.40:916][  0]LogConfig: Setting CVar [[r.Shadow.CSM.MaxCascades:10]]
[2019.12.03-16.34.40:916][  0]LogConfig: Setting CVar [[r.Shadow.MaxResolution:2048]]
[2019.12.03-16.34.40:916][  0]LogConfig: Setting CVar [[r.Shadow.MaxCSMResolution:2048]]
[2019.12.03-16.34.40:916][  0]LogConfig: Setting CVar [[r.Shadow.RadiusThreshold:0.01]]
[2019.12.03-16.34.40:916][  0]LogConfig: Setting CVar [[r.Shadow.DistanceScale:1.0]]
[2019.12.03-16.34.40:916][  0]LogConfig: Setting CVar [[r.Shadow.CSM.TransitionScale:1.0]]
[2019.12.03-16.34.40:916][  0]LogConfig: Setting CVar [[r.Shadow.PreShadowResolutionFactor:1.0]]
[2019.12.03-16.34.40:917][  0]LogConfig: Setting CVar [[r.DistanceFieldShadowing:1]]
[2019.12.03-16.34.40:917][  0]LogConfig: Setting CVar [[r.DistanceFieldAO:1]]
[2019.12.03-16.34.40:917][  0]LogConfig: Setting CVar [[r.AOQuality:2]]
[2019.12.03-16.34.40:917][  0]LogConfig: Setting CVar [[r.VolumetricFog:1]]
[2019.12.03-16.34.40:917][  0]LogConfig: Setting CVar [[r.VolumetricFog.GridPixelSize:8]]
[2019.12.03-16.34.40:917][  0]LogConfig: Setting CVar [[r.VolumetricFog.GridSizeZ:128]]
[2019.12.03-16.34.40:917][  0]LogConfig: Setting CVar [[r.VolumetricFog.HistoryMissSupersampleCount:4]]
[2019.12.03-16.34.40:917][  0]LogConfig: Setting CVar [[r.LightMaxDrawDistanceScale:1]]
[2019.12.03-16.34.40:917][  0]LogConfig: Setting CVar [[r.CapsuleShadows:1]]
[2019.12.03-16.34.40:917][  0]LogConfig: Applying CVar settings from Section [PostProcessQuality@3] File [C:/Users/smdex/Documents/GitHub/beatRush/beatRush/Saved/Config/Windows/Scalability.ini]
[2019.12.03-16.34.40:917][  0]LogConfig: Setting CVar [[r.MotionBlurQuality:4]]
[2019.12.03-16.34.40:917][  0]LogConfig: Setting CVar [[r.AmbientOcclusionMipLevelFactor:0.4]]
[2019.12.03-16.34.40:917][  0]LogConfig: Setting CVar [[r.AmbientOcclusionMaxQuality:100]]
[2019.12.03-16.34.40:917][  0]LogConfig: Setting CVar [[r.AmbientOcclusionLevels:-1]]
[2019.12.03-16.34.40:917][  0]LogConfig: Setting CVar [[r.AmbientOcclusionRadiusScale:1.0]]
[2019.12.03-16.34.40:917][  0]LogConfig: Setting CVar [[r.DepthOfFieldQuality:2]]
[2019.12.03-16.34.40:917][  0]LogConfig: Setting CVar [[r.RenderTargetPoolMin:400]]
[2019.12.03-16.34.40:917][  0]LogConfig: Setting CVar [[r.LensFlareQuality:2]]
[2019.12.03-16.34.40:917][  0]LogConfig: Setting CVar [[r.SceneColorFringeQuality:1]]
[2019.12.03-16.34.40:917][  0]LogConfig: Setting CVar [[r.EyeAdaptationQuality:2]]
[2019.12.03-16.34.40:917][  0]LogConfig: Setting CVar [[r.BloomQuality:5]]
[2019.12.03-16.34.40:917][  0]LogConfig: Setting CVar [[r.FastBlurThreshold:100]]
[2019.12.03-16.34.40:917][  0]LogConfig: Setting CVar [[r.Upscale.Quality:3]]
[2019.12.03-16.34.40:917][  0]LogConfig: Setting CVar [[r.Tonemapper.GrainQuantization:1]]
[2019.12.03-16.34.40:917][  0]LogConfig: Setting CVar [[r.LightShaftQuality:1]]
[2019.12.03-16.34.40:917][  0]LogConfig: Setting CVar [[r.Filter.SizeScale:1]]
[2019.12.03-16.34.40:917][  0]LogConfig: Setting CVar [[r.Tonemapper.Quality:5]]
[2019.12.03-16.34.40:917][  0]LogConfig: Setting CVar [[r.DOF.Gather.AccumulatorQuality:1        ; higher gathering accumulator quality]]
[2019.12.03-16.34.40:917][  0]LogConfig: Setting CVar [[r.DOF.Gather.PostfilterMethod:1          ; Median3x3 postfilering method]]
[2019.12.03-16.34.40:917][  0]LogConfig: Setting CVar [[r.DOF.Gather.EnableBokehSettings:0       ; no bokeh simulation when gathering]]
[2019.12.03-16.34.40:917][  0]LogConfig: Setting CVar [[r.DOF.Gather.RingCount:4                 ; medium number of samples when gathering]]
[2019.12.03-16.34.40:917][  0]LogConfig: Setting CVar [[r.DOF.Scatter.ForegroundCompositing:1    ; additive foreground scattering]]
[2019.12.03-16.34.40:917][  0]LogConfig: Setting CVar [[r.DOF.Scatter.BackgroundCompositing:2    ; additive background scattering]]
[2019.12.03-16.34.40:917][  0]LogConfig: Setting CVar [[r.DOF.Scatter.EnableBokehSettings:1      ; bokeh simulation when scattering]]
[2019.12.03-16.34.40:917][  0]LogConfig: Setting CVar [[r.DOF.Scatter.MaxSpriteRatio:0.1         ; only a maximum of 10% of scattered bokeh]]
[2019.12.03-16.34.40:917][  0]LogConfig: Setting CVar [[r.DOF.Recombine.Quality:1                ; cheap slight out of focus]]
[2019.12.03-16.34.40:917][  0]LogConfig: Setting CVar [[r.DOF.Recombine.EnableBokehSettings:0    ; no bokeh simulation on slight out of focus]]
[2019.12.03-16.34.40:917][  0]LogConfig: Setting CVar [[r.DOF.TemporalAAQuality:1                ; more stable temporal accumulation]]
[2019.12.03-16.34.40:917][  0]LogConfig: Setting CVar [[r.DOF.Kernel.MaxForegroundRadius:0.025]]
[2019.12.03-16.34.40:917][  0]LogConfig: Setting CVar [[r.DOF.Kernel.MaxBackgroundRadius:0.025]]
[2019.12.03-16.34.40:917][  0]LogConfig: Applying CVar settings from Section [TextureQuality@3] File [C:/Users/smdex/Documents/GitHub/beatRush/beatRush/Saved/Config/Windows/Scalability.ini]
[2019.12.03-16.34.40:917][  0]LogConfig: Setting CVar [[r.Streaming.MipBias:0]]
[2019.12.03-16.34.40:917][  0]LogConfig: Setting CVar [[r.Streaming.AmortizeCPUToGPUCopy:0]]
[2019.12.03-16.34.40:917][  0]LogConfig: Setting CVar [[r.Streaming.MaxNumTexturesToStreamPerFrame:0]]
[2019.12.03-16.34.40:917][  0]LogConfig: Setting CVar [[r.Streaming.Boost:1]]
[2019.12.03-16.34.40:917][  0]LogConfig: Setting CVar [[r.MaxAnisotropy:8]]
[2019.12.03-16.34.40:917][  0]LogConfig: Setting CVar [[r.Streaming.LimitPoolSizeToVRAM:0]]
[2019.12.03-16.34.40:917][  0]LogConfig: Setting CVar [[r.Streaming.PoolSize:1000]]
[2019.12.03-16.34.40:917][  0]LogConfig: Setting CVar [[r.Streaming.MaxEffectiveScreenSize:0]]
[2019.12.03-16.34.40:917][  0]LogConfig: Applying CVar settings from Section [EffectsQuality@3] File [C:/Users/smdex/Documents/GitHub/beatRush/beatRush/Saved/Config/Windows/Scalability.ini]
[2019.12.03-16.34.40:917][  0]LogConfig: Setting CVar [[r.TranslucencyLightingVolumeDim:64]]
[2019.12.03-16.34.40:917][  0]LogConfig: Setting CVar [[r.RefractionQuality:2]]
[2019.12.03-16.34.40:917][  0]LogConfig: Setting CVar [[r.SSR.Quality:3]]
[2019.12.03-16.34.40:917][  0]LogConfig: Setting CVar [[r.SceneColorFormat:4]]
[2019.12.03-16.34.40:917][  0]LogConfig: Setting CVar [[r.DetailMode:2]]
[2019.12.03-16.34.40:917][  0]LogConfig: Setting CVar [[r.TranslucencyVolumeBlur:1]]
[2019.12.03-16.34.40:917][  0]LogConfig: Setting CVar [[r.MaterialQualityLevel:1 ; High quality]]
[2019.12.03-16.34.40:917][  0]LogConfig: Setting CVar [[r.SSS.Scale:1]]
[2019.12.03-16.34.40:918][  0]LogConfig: Setting CVar [[r.SSS.SampleSet:2]]
[2019.12.03-16.34.40:918][  0]LogConfig: Setting CVar [[r.SSS.Quality:1]]
[2019.12.03-16.34.40:918][  0]LogConfig: Setting CVar [[r.SSS.HalfRes:1]]
[2019.12.03-16.34.40:918][  0]LogConfig: Setting CVar [[r.EmitterSpawnRateScale:1.0]]
[2019.12.03-16.34.40:918][  0]LogConfig: Setting CVar [[r.ParticleLightQuality:2]]
[2019.12.03-16.34.40:918][  0]LogConfig: Applying CVar settings from Section [FoliageQuality@3] File [C:/Users/smdex/Documents/GitHub/beatRush/beatRush/Saved/Config/Windows/Scalability.ini]
[2019.12.03-16.34.40:918][  0]LogConfig: Setting CVar [[foliage.DensityScale:1.0]]
[2019.12.03-16.34.40:918][  0]LogConfig: Setting CVar [[grass.DensityScale:1.0]]
[2019.12.03-16.34.40:918][  0]LogInit: Selected Device Profile: [Windows]
[2019.12.03-16.34.40:918][  0]LogInit: Applying CVar settings loaded from the selected device profile: [Windows]
[2019.12.03-16.34.40:937][  0]LogHAL: Display: Platform has ~ 32 GB [34222620672 / 34359738368 / 32], which maps to Largest [LargestMinGB=32, LargerMinGB=12, DefaultMinGB=8, SmallerMinGB=6, SmallestMinGB=0)
[2019.12.03-16.34.40:937][  0]LogConfig: Setting CVar [[r.Vulkan.UseRealUBs:0		; Required until we fix HLR fall-out]]
[2019.12.03-16.34.40:937][  0]LogInit: Going up to parent DeviceProfile []
[2019.12.03-16.34.40:937][  0]LogConfig: Applying CVar settings from Section [ViewDistanceQuality@Cine] File [C:/Users/smdex/Documents/GitHub/beatRush/beatRush/Saved/Config/Windows/Scalability.ini]
[2019.12.03-16.34.40:937][  0]LogConfig: Setting CVar [[r.SkeletalMeshLODBias:0]]
[2019.12.03-16.34.40:937][  0]LogConfig: Setting CVar [[r.ViewDistanceScale:10.0]]
[2019.12.03-16.34.40:937][  0]LogConfig: Applying CVar settings from Section [AntiAliasingQuality@Cine] File [C:/Users/smdex/Documents/GitHub/beatRush/beatRush/Saved/Config/Windows/Scalability.ini]
[2019.12.03-16.34.40:937][  0]LogConfig: Setting CVar [[r.PostProcessAAQuality:6]]
[2019.12.03-16.34.40:937][  0]LogConfig: Applying CVar settings from Section [ShadowQuality@Cine] File [C:/Users/smdex/Documents/GitHub/beatRush/beatRush/Saved/Config/Windows/Scalability.ini]
[2019.12.03-16.34.40:937][  0]LogConfig: Setting CVar [[r.LightFunctionQuality:1]]
[2019.12.03-16.34.40:937][  0]LogConfig: Setting CVar [[r.ShadowQuality:5]]
[2019.12.03-16.34.40:937][  0]LogConfig: Setting CVar [[r.Shadow.CSM.MaxCascades:10]]
[2019.12.03-16.34.40:937][  0]LogConfig: Setting CVar [[r.Shadow.MaxResolution:4096]]
[2019.12.03-16.34.40:937][  0]LogConfig: Setting CVar [[r.Shadow.MaxCSMResolution:4096]]
[2019.12.03-16.34.40:937][  0]LogConfig: Setting CVar [[r.Shadow.RadiusThreshold:0]]
[2019.12.03-16.34.40:937][  0]LogConfig: Setting CVar [[r.Shadow.DistanceScale:1.0]]
[2019.12.03-16.34.40:937][  0]LogConfig: Setting CVar [[r.Shadow.CSM.TransitionScale:1.0]]
[2019.12.03-16.34.40:937][  0]LogConfig: Setting CVar [[r.Shadow.PreShadowResolutionFactor:1.0]]
[2019.12.03-16.34.40:937][  0]LogConfig: Setting CVar [[r.DistanceFieldShadowing:1]]
[2019.12.03-16.34.40:937][  0]LogConfig: Setting CVar [[r.DistanceFieldAO:1]]
[2019.12.03-16.34.40:937][  0]LogConfig: Setting CVar [[r.AOQuality:2]]
[2019.12.03-16.34.40:937][  0]LogConfig: Setting CVar [[r.VolumetricFog:1]]
[2019.12.03-16.34.40:937][  0]LogConfig: Setting CVar [[r.VolumetricFog.GridPixelSize:4]]
[2019.12.03-16.34.40:937][  0]LogConfig: Setting CVar [[r.VolumetricFog.GridSizeZ:128]]
[2019.12.03-16.34.40:937][  0]LogConfig: Setting CVar [[r.VolumetricFog.HistoryMissSupersampleCount:16]]
[2019.12.03-16.34.40:937][  0]LogConfig: Setting CVar [[r.LightMaxDrawDistanceScale:1]]
[2019.12.03-16.34.40:937][  0]LogConfig: Setting CVar [[r.CapsuleShadows:1]]
[2019.12.03-16.34.40:937][  0]LogConfig: Applying CVar settings from Section [PostProcessQuality@Cine] File [C:/Users/smdex/Documents/GitHub/beatRush/beatRush/Saved/Config/Windows/Scalability.ini]
[2019.12.03-16.34.40:937][  0]LogConfig: Setting CVar [[r.MotionBlurQuality:4]]
[2019.12.03-16.34.40:937][  0]LogConfig: Setting CVar [[r.AmbientOcclusionMipLevelFactor:0.4]]
[2019.12.03-16.34.40:937][  0]LogConfig: Setting CVar [[r.AmbientOcclusionMaxQuality:100]]
[2019.12.03-16.34.40:937][  0]LogConfig: Setting CVar [[r.AmbientOcclusionLevels:-1]]
[2019.12.03-16.34.40:937][  0]LogConfig: Setting CVar [[r.AmbientOcclusionRadiusScale:1.0]]
[2019.12.03-16.34.40:937][  0]LogConfig: Setting CVar [[r.DepthOfFieldQuality:4]]
[2019.12.03-16.34.40:937][  0]LogConfig: Setting CVar [[r.RenderTargetPoolMin:1000]]
[2019.12.03-16.34.40:938][  0]LogConfig: Setting CVar [[r.LensFlareQuality:3]]
[2019.12.03-16.34.40:938][  0]LogConfig: Setting CVar [[r.SceneColorFringeQuality:1]]
[2019.12.03-16.34.40:938][  0]LogConfig: Setting CVar [[r.EyeAdaptationQuality:2]]
[2019.12.03-16.34.40:938][  0]LogConfig: Setting CVar [[r.BloomQuality:5]]
[2019.12.03-16.34.40:938][  0]LogConfig: Setting CVar [[r.FastBlurThreshold:100]]
[2019.12.03-16.34.40:938][  0]LogConfig: Setting CVar [[r.Upscale.Quality:3]]
[2019.12.03-16.34.40:938][  0]LogConfig: Setting CVar [[r.Tonemapper.GrainQuantization:1]]
[2019.12.03-16.34.40:938][  0]LogConfig: Setting CVar [[r.LightShaftQuality:1]]
[2019.12.03-16.34.40:938][  0]LogConfig: Setting CVar [[r.Filter.SizeScale:1]]
[2019.12.03-16.34.40:938][  0]LogConfig: Setting CVar [[r.Tonemapper.Quality:5]]
[2019.12.03-16.34.40:938][  0]LogConfig: Setting CVar [[r.DOF.Gather.AccumulatorQuality:1        ; higher gathering accumulator quality]]
[2019.12.03-16.34.40:938][  0]LogConfig: Setting CVar [[r.DOF.Gather.PostfilterMethod:1          ; Median3x3 postfilering method]]
[2019.12.03-16.34.40:938][  0]LogConfig: Setting CVar [[r.DOF.Gather.EnableBokehSettings:1       ; bokeh simulation when gathering]]
[2019.12.03-16.34.40:938][  0]LogConfig: Setting CVar [[r.DOF.Gather.RingCount:5                 ; high number of samples when gathering]]
[2019.12.03-16.34.40:938][  0]LogConfig: Setting CVar [[r.DOF.Scatter.ForegroundCompositing:1    ; additive foreground scattering]]
[2019.12.03-16.34.40:938][  0]LogConfig: Setting CVar [[r.DOF.Scatter.BackgroundCompositing:2    ; background scattering occlusion]]
[2019.12.03-16.34.40:938][  0]LogConfig: Setting CVar [[r.DOF.Scatter.EnableBokehSettings:1      ; no bokeh simulation when scattering]]
[2019.12.03-16.34.40:938][  0]LogConfig: Setting CVar [[r.DOF.Scatter.MaxSpriteRatio:0.1         ; only a maximum of 10% of scattered bokeh]]
[2019.12.03-16.34.40:938][  0]LogConfig: Setting CVar [[r.DOF.Recombine.Quality:2                ; highest slight out of focus]]
[2019.12.03-16.34.40:938][  0]LogConfig: Setting CVar [[r.DOF.Recombine.EnableBokehSettings:1    ; bokeh simulation on slight out of focus]]
[2019.12.03-16.34.40:938][  0]LogConfig: Setting CVar [[r.DOF.TemporalAAQuality:1                ; more stable temporal accumulation]]
[2019.12.03-16.34.40:938][  0]LogConfig: Setting CVar [[r.DOF.Kernel.MaxForegroundRadius:0.025]]
[2019.12.03-16.34.40:938][  0]LogConfig: Setting CVar [[r.DOF.Kernel.MaxBackgroundRadius:0.025]]
[2019.12.03-16.34.40:938][  0]LogConfig: Applying CVar settings from Section [TextureQuality@Cine] File [C:/Users/smdex/Documents/GitHub/beatRush/beatRush/Saved/Config/Windows/Scalability.ini]
[2019.12.03-16.34.40:938][  0]LogConfig: Setting CVar [[r.Streaming.MipBias:0]]
[2019.12.03-16.34.40:938][  0]LogConfig: Setting CVar [[r.Streaming.AmortizeCPUToGPUCopy:0]]
[2019.12.03-16.34.40:938][  0]LogConfig: Setting CVar [[r.Streaming.MaxNumTexturesToStreamPerFrame:0]]
[2019.12.03-16.34.40:938][  0]LogConfig: Setting CVar [[r.Streaming.Boost:1]]
[2019.12.03-16.34.40:938][  0]LogConfig: Setting CVar [[r.MaxAnisotropy:8]]
[2019.12.03-16.34.40:938][  0]LogConfig: Setting CVar [[r.Streaming.LimitPoolSizeToVRAM:0]]
[2019.12.03-16.34.40:938][  0]LogConfig: Setting CVar [[r.Streaming.PoolSize:3000]]
[2019.12.03-16.34.40:938][  0]LogConfig: Setting CVar [[r.Streaming.MaxEffectiveScreenSize:0]]
[2019.12.03-16.34.40:938][  0]LogConfig: Applying CVar settings from Section [EffectsQuality@Cine] File [C:/Users/smdex/Documents/GitHub/beatRush/beatRush/Saved/Config/Windows/Scalability.ini]
[2019.12.03-16.34.40:938][  0]LogConfig: Setting CVar [[r.TranslucencyLightingVolumeDim:64]]
[2019.12.03-16.34.40:938][  0]LogConfig: Setting CVar [[r.RefractionQuality:2]]
[2019.12.03-16.34.40:938][  0]LogConfig: Setting CVar [[r.SSR.Quality:4]]
[2019.12.03-16.34.40:938][  0]LogConfig: Setting CVar [[r.SceneColorFormat:4]]
[2019.12.03-16.34.40:938][  0]LogConfig: Setting CVar [[r.DetailMode:2]]
[2019.12.03-16.34.40:938][  0]LogConfig: Setting CVar [[r.TranslucencyVolumeBlur:1]]
[2019.12.03-16.34.40:938][  0]LogConfig: Setting CVar [[r.MaterialQualityLevel:1 ; High quality]]
[2019.12.03-16.34.40:938][  0]LogConfig: Setting CVar [[r.SSS.Scale:1]]
[2019.12.03-16.34.40:938][  0]LogConfig: Setting CVar [[r.SSS.SampleSet:2]]
[2019.12.03-16.34.40:938][  0]LogConfig: Setting CVar [[r.SSS.Quality:1]]
[2019.12.03-16.34.40:938][  0]LogConfig: Setting CVar [[r.SSS.HalfRes:0]]
[2019.12.03-16.34.40:938][  0]LogConfig: Setting CVar [[r.EmitterSpawnRateScale:1.0]]
[2019.12.03-16.34.40:938][  0]LogConfig: Setting CVar [[r.ParticleLightQuality:2]]
[2019.12.03-16.34.40:938][  0]LogConfig: Applying CVar settings from Section [FoliageQuality@Cine] File [C:/Users/smdex/Documents/GitHub/beatRush/beatRush/Saved/Config/Windows/Scalability.ini]
[2019.12.03-16.34.40:938][  0]LogConfig: Setting CVar [[foliage.DensityScale:1.0]]
[2019.12.03-16.34.40:938][  0]LogConfig: Setting CVar [[grass.DensityScale:1.0]]
[2019.12.03-16.34.40:938][  0]LogConfig: Applying CVar settings from Section [Startup] File [../../../Engine/Config/ConsoleVariables.ini]
[2019.12.03-16.34.40:939][  0]LogConfig: Setting CVar [[net.UseAdaptiveNetUpdateFrequency:0]]
[2019.12.03-16.34.40:939][  0]LogConfig: Setting CVar [[p.chaos.AllowCreatePhysxBodies:1]]
[2019.12.03-16.34.40:939][  0]LogConfig: Applying CVar settings from Section [ConsoleVariables] File [C:/Users/smdex/Documents/GitHub/beatRush/beatRush/Saved/Config/Windows/Engine.ini]
[2019.12.03-16.34.40:939][  0]LogInit: Computer: SMDTECHSLOVAKIA
[2019.12.03-16.34.40:939][  0]LogInit: User: smdex
[2019.12.03-16.34.40:939][  0]LogInit: CPU Page size=4096, Cores=4
[2019.12.03-16.34.40:939][  0]LogInit: High frequency timer resolution =10.000000 MHz
[2019.12.03-16.34.40:939][  0]LogMemory: Memory total: Physical=31.9GB (32GB approx)
[2019.12.03-16.34.40:939][  0]LogMemory: Platform Memory Stats for Windows
[2019.12.03-16.34.40:939][  0]LogMemory: Process Physical Memory: 96.90 MB used, 96.91 MB peak
[2019.12.03-16.34.40:939][  0]LogMemory: Process Virtual Memory: 89.00 MB used, 89.00 MB peak
[2019.12.03-16.34.40:939][  0]LogMemory: Physical Memory: 12323.50 MB used,  20313.74 MB free, 32637.23 MB total
[2019.12.03-16.34.40:939][  0]LogMemory: Virtual Memory: 4642.61 MB used,  134213088.00 MB free, 134217728.00 MB total
[2019.12.03-16.34.41:348][  0]LogInit: Using OS detected language (en-US).
[2019.12.03-16.34.41:348][  0]LogInit: Using OS detected locale (en-US).
[2019.12.03-16.34.41:349][  0]LogTextLocalizationManager: No specific localization for 'en-US' exists, so the 'en' localization will be used.
[2019.12.03-16.34.41:595][  0]LogInit: Setting process to per monitor DPI aware
[2019.12.03-16.34.41:648][  0]LogSlate: New Slate User Created.  User Index 0, Is Virtual User: 0
[2019.12.03-16.34.41:648][  0]LogSlate: Slate User Registered.  User Index 0, Is Virtual User: 0
[2019.12.03-16.34.41:966][  0]LogHMD: Failed to initialize OpenVR with code 126
[2019.12.03-16.34.41:967][  0]LogD3D11RHI: D3D11 adapters:
[2019.12.03-16.34.42:062][  0]LogD3D11RHI:    0. 'NVIDIA GeForce GTX 1070' (Feature Level 11_0)
[2019.12.03-16.34.42:062][  0]LogD3D11RHI:       8081/0/16318 MB DedicatedVideo/DedicatedSystem/SharedSystem, Outputs:1, VendorId:0x10de
[2019.12.03-16.34.42:079][  0]LogD3D11RHI:    1. 'Intel(R) HD Graphics 630' (Feature Level 11_0)
[2019.12.03-16.34.42:079][  0]LogD3D11RHI:       128/0/16318 MB DedicatedVideo/DedicatedSystem/SharedSystem, Outputs:0, VendorId:0x8086
[2019.12.03-16.34.42:082][  0]LogD3D11RHI:    2. 'Microsoft Basic Render Driver' (Feature Level 11_0)
[2019.12.03-16.34.42:082][  0]LogD3D11RHI:       0/0/16318 MB DedicatedVideo/DedicatedSystem/SharedSystem, Outputs:0, VendorId:0x1414
[2019.12.03-16.34.42:082][  0]LogD3D11RHI: Chosen D3D11 Adapter: 0
[2019.12.03-16.34.42:127][  0]LogD3D11RHI: Creating new Direct3DDevice
[2019.12.03-16.34.42:127][  0]LogD3D11RHI:     GPU DeviceId: 0x1ba1 (for the marketing name, search the web for "GPU Device Id")
[2019.12.03-16.34.42:127][  0]LogWindows: EnumDisplayDevices:
[2019.12.03-16.34.42:127][  0]LogWindows:    0. 'Intel(R) HD Graphics 630' (P:1 D:1)
[2019.12.03-16.34.42:128][  0]LogWindows:    1. 'Intel(R) HD Graphics 630' (P:0 D:0)
[2019.12.03-16.34.42:128][  0]LogWindows:    2. 'Intel(R) HD Graphics 630' (P:0 D:0)
[2019.12.03-16.34.42:128][  0]LogWindows:    3. 'NVIDIA GeForce GTX 1070' (P:0 D:0)
[2019.12.03-16.34.42:129][  0]LogWindows:    4. 'NVIDIA GeForce GTX 1070' (P:0 D:0)
[2019.12.03-16.34.42:129][  0]LogWindows:    5. 'NVIDIA GeForce GTX 1070' (P:0 D:0)
[2019.12.03-16.34.42:129][  0]LogWindows:    6. 'NVIDIA GeForce GTX 1070' (P:0 D:0)
[2019.12.03-16.34.42:130][  0]LogWindows: DebugString: PrimaryIsNotTheChoosenAdapter PrimaryIsNotTheChoosenAdapter PrimaryIsNotTheChoosenAdapter FoundDriverCount:4 
[2019.12.03-16.34.42:130][  0]LogD3D11RHI:     Adapter Name: NVIDIA GeForce GTX 1070
[2019.12.03-16.34.42:130][  0]LogD3D11RHI:   Driver Version: 441.41 (internal:26.21.14.4141, unified:441.41)
[2019.12.03-16.34.42:130][  0]LogD3D11RHI:      Driver Date: 11-20-2019
[2019.12.03-16.34.42:130][  0]LogRHI: Texture pool is 5656 MB (70% of 8081 MB)
[2019.12.03-16.34.42:192][  0]LogD3D11RHI: Async texture creation enabled
[2019.12.03-16.34.42:199][  0]LogRendererCore: FGlobalReadBuffer::InitRHI
[2019.12.03-16.34.42:199][  0]LogRendererCore: FGlobalReadBuffer::InitRHI
[2019.12.03-16.34.42:199][  0]LogRendererCore: FGlobalReadBuffer::InitRHI
[2019.12.03-16.34.42:208][  0]LogD3D11RHI: GPU Timing Frequency: 1000.000000 (Debug: 2 1)
[2019.12.03-16.34.42:781][  0]LogTemp: Display: Module 'AllDesktopTargetPlatform' loaded TargetPlatform 'AllDesktop'
[2019.12.03-16.34.42:801][  0]LogTemp: Display: Module 'MacClientTargetPlatform' loaded TargetPlatform 'MacClient'
[2019.12.03-16.34.42:821][  0]LogTemp: Display: Module 'MacNoEditorTargetPlatform' loaded TargetPlatform 'MacNoEditor'
[2019.12.03-16.34.42:840][  0]LogTemp: Display: Module 'MacServerTargetPlatform' loaded TargetPlatform 'MacServer'
[2019.12.03-16.34.42:863][  0]LogTemp: Display: Module 'MacTargetPlatform' loaded TargetPlatform 'Mac'
[2019.12.03-16.34.42:882][  0]LogTemp: Display: Module 'WindowsClientTargetPlatform' loaded TargetPlatform 'WindowsClient'
[2019.12.03-16.34.42:902][  0]LogTemp: Display: Module 'WindowsNoEditorTargetPlatform' loaded TargetPlatform 'WindowsNoEditor'
[2019.12.03-16.34.42:924][  0]LogTemp: Display: Module 'WindowsServerTargetPlatform' loaded TargetPlatform 'WindowsServer'
[2019.12.03-16.34.42:936][  0]LogTemp: Display: Module 'WindowsTargetPlatform' loaded TargetPlatform 'Windows'
[2019.12.03-16.34.43:086][  0]LogTemp: Display: Module 'AndroidTargetPlatform' loaded TargetPlatform 'Android'
[2019.12.03-16.34.43:086][  0]LogTemp: Display: Module 'AndroidTargetPlatform' loaded TargetPlatform 'Android_ASTC'
[2019.12.03-16.34.43:086][  0]LogTemp: Display: Module 'AndroidTargetPlatform' loaded TargetPlatform 'Android_ATC'
[2019.12.03-16.34.43:086][  0]LogTemp: Display: Module 'AndroidTargetPlatform' loaded TargetPlatform 'Android_DXT'
[2019.12.03-16.34.43:086][  0]LogTemp: Display: Module 'AndroidTargetPlatform' loaded TargetPlatform 'Android_ETC1'
[2019.12.03-16.34.43:086][  0]LogTemp: Display: Module 'AndroidTargetPlatform' loaded TargetPlatform 'Android_ETC1a'
[2019.12.03-16.34.43:086][  0]LogTemp: Display: Module 'AndroidTargetPlatform' loaded TargetPlatform 'Android_ETC2'
[2019.12.03-16.34.43:086][  0]LogTemp: Display: Module 'AndroidTargetPlatform' loaded TargetPlatform 'Android_PVRTC'
[2019.12.03-16.34.43:086][  0]LogTemp: Display: Module 'AndroidTargetPlatform' loaded TargetPlatform 'AndroidClient'
[2019.12.03-16.34.43:086][  0]LogTemp: Display: Module 'AndroidTargetPlatform' loaded TargetPlatform 'Android_ASTCClient'
[2019.12.03-16.34.43:086][  0]LogTemp: Display: Module 'AndroidTargetPlatform' loaded TargetPlatform 'Android_ATCClient'
[2019.12.03-16.34.43:086][  0]LogTemp: Display: Module 'AndroidTargetPlatform' loaded TargetPlatform 'Android_DXTClient'
[2019.12.03-16.34.43:086][  0]LogTemp: Display: Module 'AndroidTargetPlatform' loaded TargetPlatform 'Android_ETC1Client'
[2019.12.03-16.34.43:086][  0]LogTemp: Display: Module 'AndroidTargetPlatform' loaded TargetPlatform 'Android_ETC1aClient'
[2019.12.03-16.34.43:086][  0]LogTemp: Display: Module 'AndroidTargetPlatform' loaded TargetPlatform 'Android_ETC2Client'
[2019.12.03-16.34.43:086][  0]LogTemp: Display: Module 'AndroidTargetPlatform' loaded TargetPlatform 'Android_PVRTCClient'
[2019.12.03-16.34.43:086][  0]LogTemp: Display: Module 'AndroidTargetPlatform' loaded TargetPlatform 'Android_Multi'
[2019.12.03-16.34.43:086][  0]LogTemp: Display: Module 'AndroidTargetPlatform' loaded TargetPlatform 'Android_MultiClient'
[2019.12.03-16.34.43:088][  0]LogTemp: Display: Module 'HTML5TargetPlatform' loaded TargetPlatform 'HTML5'
[2019.12.03-16.34.43:158][  0]LogTemp: Display: Module 'IOSTargetPlatform' loaded TargetPlatform 'IOSClient'
[2019.12.03-16.34.43:158][  0]LogTemp: Display: Module 'IOSTargetPlatform' loaded TargetPlatform 'IOS'
[2019.12.03-16.34.43:188][  0]LogTemp: Display: Module 'TVOSTargetPlatform' loaded TargetPlatform 'TVOSClient'
[2019.12.03-16.34.43:188][  0]LogTemp: Display: Module 'TVOSTargetPlatform' loaded TargetPlatform 'TVOS'
[2019.12.03-16.34.43:206][  0]LogTemp: Display: Module 'LinuxClientTargetPlatform' loaded TargetPlatform 'LinuxClient'
[2019.12.03-16.34.43:225][  0]LogTemp: Display: Module 'LinuxNoEditorTargetPlatform' loaded TargetPlatform 'LinuxNoEditor'
[2019.12.03-16.34.43:245][  0]LogTemp: Display: Module 'LinuxServerTargetPlatform' loaded TargetPlatform 'LinuxServer'
[2019.12.03-16.34.43:262][  0]LogTemp: Display: Module 'LinuxTargetPlatform' loaded TargetPlatform 'Linux'
[2019.12.03-16.34.43:329][  0]LogTemp: Display: Module 'LuminTargetPlatform' loaded TargetPlatform 'Lumin'
[2019.12.03-16.34.43:329][  0]LogTemp: Display: Module 'LuminTargetPlatform' loaded TargetPlatform 'LuminClient'
[2019.12.03-16.34.43:329][  0]LogTargetPlatformManager: Display: Building Assets For Windows
[2019.12.03-16.34.43:342][  0]LogAudioDebug: Display: Lib vorbis DLL was dynamically loaded.
[2019.12.03-16.34.43:414][  0]LogShaderCompilers: Guid format shader working directory is -19 characters bigger than the processId version (../../../../../../Users/smdex/Documents/GitHub/beatRush/beatRush/Intermediate/Shaders/WorkingDirectory/22864/).
[2019.12.03-16.34.43:415][  0]LogShaderCompilers: Cleaned the shader compiler working directory 'C:/Users/smdex/AppData/Local/Temp/UnrealShaderWorkingDir/454AD94A4CCB7AD73885AE9D71A70363/'.
[2019.12.03-16.34.43:418][  0]LogXGEController: Cleaning working directory: C:/Users/smdex/AppData/Local/Temp/UnrealXGEWorkingDir/
[2019.12.03-16.34.43:547][  0]LogShaderCompilers: Display: Using XGE Shader Compiler (Interception Interface).
[2019.12.03-16.34.44:575][  0]LogDerivedDataCache: Display: Max Cache Size: 512 MB
[2019.12.03-16.34.44:748][  0]LogDerivedDataCache: Loaded boot cache 0.17s 268MB C:/Users/smdex/AppData/Local/UnrealEngine/4.22/DerivedDataCache/Boot.ddc.
[2019.12.03-16.34.44:748][  0]LogDerivedDataCache: Display: Loaded Boot cache: C:/Users/smdex/AppData/Local/UnrealEngine/4.22/DerivedDataCache/Boot.ddc
[2019.12.03-16.34.44:748][  0]LogDerivedDataCache: FDerivedDataBackendGraph:  Pak pak cache file ../../../../../../Users/smdex/Documents/GitHub/beatRush/beatRush/DerivedDataCache/DDC.ddp not found, will not use a pak cache.
[2019.12.03-16.34.44:748][  0]LogDerivedDataCache: Unable to find inner node Pak for hierarchical cache Hierarchy.
[2019.12.03-16.34.44:748][  0]LogDerivedDataCache: FDerivedDataBackendGraph:  CompressedPak pak cache file ../../../../../../Users/smdex/Documents/GitHub/beatRush/beatRush/DerivedDataCache/Compressed.ddp not found, will not use a pak cache.
[2019.12.03-16.34.44:748][  0]LogDerivedDataCache: Unable to find inner node CompressedPak for hierarchical cache Hierarchy.
[2019.12.03-16.34.44:767][  0]LogDerivedDataCache: Display: Pak cache opened for reading ../../../Engine/DerivedDataCache/Compressed.ddp.
[2019.12.03-16.34.44:767][  0]LogDerivedDataCache: FDerivedDataBackendGraph:  EnterprisePak pak cache file ../../../Enterprise/DerivedDataCache/Compressed.ddp not found, will not use a pak cache.
[2019.12.03-16.34.44:767][  0]LogDerivedDataCache: Unable to find inner node EnterprisePak for hierarchical cache Hierarchy.
[2019.12.03-16.34.44:780][  0]LogDerivedDataCache: Using Local data cache path C:/Users/smdex/AppData/Local/UnrealEngine/Common/DerivedDataCache: Writable
[2019.12.03-16.34.44:780][  0]LogDerivedDataCache: Shared data cache path not found in *engine.ini, will not use an Shared cache.
[2019.12.03-16.34.44:780][  0]LogDerivedDataCache: Unable to find inner node Shared for hierarchical cache Hierarchy.
[2019.12.03-16.34.44:829][  0]LogMaterial: Verifying Global Shaders for PCD3D_SM5
[2019.12.03-16.34.44:831][  0]LogSlate: Using FreeType 2.6.0
[2019.12.03-16.34.44:832][  0]LogSlate: SlateFontServices - WITH_FREETYPE: 1, WITH_HARFBUZZ: 1
[2019.12.03-16.34.44:956][  0]LogAssetRegistry: FAssetRegistry took 0.0436 seconds to start up
[2019.12.03-16.34.45:415][  0]LogInit: Selected Device Profile: [Windows]
[2019.12.03-16.34.45:596][  0]LogMeshReduction: Using QuadricMeshReduction for automatic static mesh reduction
[2019.12.03-16.34.45:596][  0]LogMeshReduction: Using SimplygonMeshReduction for automatic skeletal mesh reduction
[2019.12.03-16.34.45:596][  0]LogMeshReduction: Using ProxyLODMeshReduction for automatic mesh merging
[2019.12.03-16.34.45:596][  0]LogMeshReduction: No distributed automatic mesh merging module available
[2019.12.03-16.34.45:596][  0]LogMeshMerging: No distributed automatic mesh merging module available
[2019.12.03-16.34.45:612][  0]LogNetVersion: beatRush 1.0.0, NetCL: 5660361, EngineNetVer: 10, GameNetVer: 0 (Checksum: 794459514)
[2019.12.03-16.34.46:193][  0]LogPackageLocalizationCache: Processed 10 localized package path(s) for 1 prioritized culture(s) in 0.062627 seconds
[2019.12.03-16.34.46:203][  0]LogUObjectArray: 42206 objects as part of root set at end of initial load.
[2019.12.03-16.34.46:203][  0]LogUObjectAllocator: 7325272 out of 0 bytes used by permanent object pool.
[2019.12.03-16.34.46:203][  0]LogUObjectArray: CloseDisregardForGC: 0/0 objects in disregard for GC pool
[2019.12.03-16.34.47:277][  0]LogTcpMessaging: Initializing TcpMessaging bridge
[2019.12.03-16.34.47:292][  0]LogUdpMessaging: Initializing bridge on interface 0.0.0.0:0 to multicast group 230.0.0.1:6666.
[2019.12.03-16.34.47:432][  0]SourceControl: Source control is disabled
[2019.12.03-16.34.47:433][  0]SourceControl: Source control is disabled
[2019.12.03-16.34.47:435][  0]SourceControl: Source control is disabled
[2019.12.03-16.34.47:436][  0]SourceControl: Source control is disabled
[2019.12.03-16.34.47:552][  0]LogAndroidPermission: UAndroidPermissionCallbackProxy::GetInstance
[2019.12.03-16.34.47:687][  0]LogOcInput: OculusInput pre-init called
[2019.12.03-16.34.48:506][  0]LogEngine: Initializing Engine...
[2019.12.03-16.34.48:549][  0]LogHMD: Failed to initialize OpenVR with code 126
[2019.12.03-16.34.48:550][  0]LogStats: UGameplayTagsManager::InitializeManager -  0.000 s
[2019.12.03-16.34.48:829][  0]LogInit: Initializing FReadOnlyCVARCache
[2019.12.03-16.34.48:847][  0]LogAIModule: Creating AISystem for world Untitled
[2019.12.03-16.34.48:890][  0]LogInit: XAudio2 using 'Speakers / Headphones (Realtek Audio)' : 6 channels at 48 kHz using 32 bits per sample (channel mask 0x3f)
[2019.12.03-16.34.48:914][  0]LogInit: FAudioDevice initialized.
[2019.12.03-16.34.48:915][  0]LogNetVersion: Set ProjectVersion to 1.0.0.0. Version Checksum will be recalculated on next use.
[2019.12.03-16.34.49:000][  0]LogDerivedDataCache: Saved boot cache 0.08s 72MB C:/Users/smdex/AppData/Local/UnrealEngine/4.22/DerivedDataCache/Boot.ddc.
[2019.12.03-16.34.49:015][  0]LogInit: Texture streaming: Enabled
[2019.12.03-16.34.49:038][  0]LogEngineSessionManager: EngineSessionManager initialized
[2019.12.03-16.34.49:039][  0]LogEngineSessionManager: EngineSessionManager sent abnormal shutdown report. Type=Crashed, SessionId={46EA2E07-451F-9175-1D98-9585DB2F6328}
[2019.12.03-16.34.49:068][  0]LogInit: Transaction tracking system initialized
[2019.12.03-16.34.49:102][  0]BlueprintLog: New page: Editor Load
[2019.12.03-16.34.49:214][  0]LocalizationService: Localization service is disabled
[2019.12.03-16.34.49:660][  0]LogFileCache: Scanning file cache for directory 'C:/Users/smdex/Documents/GitHub/beatRush/beatRush/Content/' took 0.02s
[2019.12.03-16.34.49:661][  0]LogCook: Display: Max memory allowance for cook 16384mb min free memory 0mb
[2019.12.03-16.34.49:661][  0]LogCook: Display: Mobile HDR setting 0
[2019.12.03-16.34.49:882][  0]SourceControl: Source control is disabled
[2019.12.03-16.34.49:882][  0]Cmd: MAP LOAD FILE="../../../../../../Users/smdex/Documents/GitHub/beatRush/beatRush/Content/FlyingCPP/Maps/FlyingExampleMap.umap" TEMPLATE=0 SHOWPROGRESS=1 FEATURELEVEL=3
[2019.12.03-16.34.49:882][  0]LightingResults: New page: Lighting Build
[2019.12.03-16.34.49:886][  0]MapCheck: New page: Map Check
[2019.12.03-16.34.49:886][  0]LightingResults: New page: Lighting Build
[2019.12.03-16.34.49:914][  0]LogUObjectHash: Compacting FUObjectHashTables data took   2.31ms
[2019.12.03-16.34.50:105][  0]LogAIModule: Creating AISystem for world FlyingExampleMap
[2019.12.03-16.34.50:119][  0]LogEditorServer: Finished looking for orphan Actors (0.000 secs)
[2019.12.03-16.34.50:155][  0]LogUObjectHash: Compacting FUObjectHashTables data took   3.67ms
[2019.12.03-16.34.50:156][  0]Cmd: MAP CHECKDEP NOCLEARLOG
[2019.12.03-16.34.50:156][  0]MapCheck: Map check complete: 0 Error(s), 0 Warning(s), took 0.334ms to complete.
[2019.12.03-16.34.50:156][  0]LogFileHelpers: Loading map 'FlyingExampleMap' took 0.275
[2019.12.03-16.34.50:281][  0]LogSlate: Updating window title bar state: overlay mode, drag disabled, window buttons hidden, title bar hidden
[2019.12.03-16.34.50:294][  0]LogSlate: Updating window title bar state: overlay mode, drag disabled, window buttons hidden, title bar hidden
[2019.12.03-16.34.50:302][  0]LogSlate: Updating window title bar state: overlay mode, drag disabled, window buttons hidden, title bar hidden
[2019.12.03-16.34.50:312][  0]LogSlate: Updating window title bar state: overlay mode, drag disabled, window buttons hidden, title bar hidden
[2019.12.03-16.34.50:320][  0]LogCollectionManager: Loaded 0 collections in 0.001817 seconds
[2019.12.03-16.34.50:361][  0]LogFileCache: Scanning file cache for directory 'C:/Users/smdex/Documents/GitHub/beatRush/beatRush/Saved/Collections/' took 0.01s
[2019.12.03-16.34.50:361][  0]LogFileCache: Scanning file cache for directory 'C:/Users/smdex/Documents/GitHub/beatRush/beatRush/Content/Developers/smdex/Collections/' took 0.01s
[2019.12.03-16.34.50:361][  0]LogFileCache: Scanning file cache for directory 'C:/Users/smdex/Documents/GitHub/beatRush/beatRush/Content/Collections/' took 0.01s
[2019.12.03-16.34.50:361][  0]LogCollectionManager: Rebuilt the GUID cache for 0 collections in 0.000000 seconds
[2019.12.03-16.34.50:371][  0]LogContentBrowser: Native class hierarchy populated in 0.0098 seconds. Added 2734 classes and 661 folders.
[2019.12.03-16.34.50:383][  0]LogContentBrowser: Native class hierarchy updated for 'WidgetCarousel' in 0.0005 seconds. Added 0 classes and 0 folders.
[2019.12.03-16.34.50:385][  0]LogPakFile: Registered encryption key '00000000000000000000000000000000': 0 pak files mounted, 0 remain pending
[2019.12.03-16.34.50:386][  0]LogPakFile: Registered encryption key '00000000000000000000000000000000': 0 pak files mounted, 0 remain pending
[2019.12.03-16.34.50:387][  0]LogPakFile: Registered encryption key '00000000000000000000000000000000': 0 pak files mounted, 0 remain pending
[2019.12.03-16.34.50:388][  0]LogPakFile: Registered encryption key '00000000000000000000000000000000': 0 pak files mounted, 0 remain pending
[2019.12.03-16.34.50:388][  0]LogPakFile: Registered encryption key '00000000000000000000000000000000': 0 pak files mounted, 0 remain pending
[2019.12.03-16.34.50:389][  0]LogPakFile: Registered encryption key '00000000000000000000000000000000': 0 pak files mounted, 0 remain pending
[2019.12.03-16.34.50:389][  0]LogPakFile: Registered encryption key '00000000000000000000000000000000': 0 pak files mounted, 0 remain pending
[2019.12.03-16.34.50:390][  0]LogPakFile: Registered encryption key '00000000000000000000000000000000': 0 pak files mounted, 0 remain pending
[2019.12.03-16.34.50:390][  0]LogPakFile: Registered encryption key '00000000000000000000000000000000': 0 pak files mounted, 0 remain pending
[2019.12.03-16.34.50:391][  0]LogPakFile: Registered encryption key '00000000000000000000000000000000': 0 pak files mounted, 0 remain pending
[2019.12.03-16.34.50:392][  0]LogPakFile: Registered encryption key '00000000000000000000000000000000': 0 pak files mounted, 0 remain pending
[2019.12.03-16.34.50:392][  0]LogPakFile: Registered encryption key '00000000000000000000000000000000': 0 pak files mounted, 0 remain pending
[2019.12.03-16.34.50:393][  0]LogPakFile: Registered encryption key '00000000000000000000000000000000': 0 pak files mounted, 0 remain pending
[2019.12.03-16.34.50:394][  0]LogPakFile: Registered encryption key '00000000000000000000000000000000': 0 pak files mounted, 0 remain pending
[2019.12.03-16.34.50:394][  0]LogPakFile: Registered encryption key '00000000000000000000000000000000': 0 pak files mounted, 0 remain pending
[2019.12.03-16.34.50:395][  0]LogPakFile: Registered encryption key '00000000000000000000000000000000': 0 pak files mounted, 0 remain pending
[2019.12.03-16.34.50:395][  0]LogPakFile: Registered encryption key '00000000000000000000000000000000': 0 pak files mounted, 0 remain pending
[2019.12.03-16.34.50:396][  0]LogPakFile: Registered encryption key '00000000000000000000000000000000': 0 pak files mounted, 0 remain pending
[2019.12.03-16.34.50:396][  0]LogPakFile: Registered encryption key '00000000000000000000000000000000': 0 pak files mounted, 0 remain pending
[2019.12.03-16.34.50:397][  0]LogPakFile: Registered encryption key '00000000000000000000000000000000': 0 pak files mounted, 0 remain pending
[2019.12.03-16.34.50:397][  0]LogPakFile: Registered encryption key '00000000000000000000000000000000': 0 pak files mounted, 0 remain pending
[2019.12.03-16.34.50:398][  0]LogPakFile: Registered encryption key '00000000000000000000000000000000': 0 pak files mounted, 0 remain pending
[2019.12.03-16.34.50:398][  0]LogPakFile: Registered encryption key '00000000000000000000000000000000': 0 pak files mounted, 0 remain pending
[2019.12.03-16.34.50:399][  0]LogPakFile: Registered encryption key '00000000000000000000000000000000': 0 pak files mounted, 0 remain pending
[2019.12.03-16.34.50:399][  0]LogPakFile: Registered encryption key '00000000000000000000000000000000': 0 pak files mounted, 0 remain pending
[2019.12.03-16.34.50:400][  0]LogPakFile: Registered encryption key '00000000000000000000000000000000': 0 pak files mounted, 0 remain pending
[2019.12.03-16.34.50:434][  0]LogContentBrowser: Native class hierarchy updated for 'AddContentDialog' in 0.0004 seconds. Added 0 classes and 0 folders.
[2019.12.03-16.34.50:444][  0]LogContentBrowser: Native class hierarchy updated for 'SceneOutliner' in 0.0005 seconds. Added 1 classes and 2 folders.
[2019.12.03-16.34.50:548][  0]LogSlate: Took 0.000337 seconds to synchronously load lazily loaded font '../../../Engine/Content/Slate/Fonts/Roboto-Regular.ttf' (155K)
[2019.12.03-16.34.50:551][  0]LogSlate: Took 0.000158 seconds to synchronously load lazily loaded font '../../../Engine/Content/Slate/Fonts/Roboto-Bold.ttf' (160K)
[2019.12.03-16.34.50:562][  0]LogSlate: Took 0.000668 seconds to synchronously load lazily loaded font '../../../Engine/Content/Editor/Slate/Fonts/FontAwesome.ttf' (139K)
[2019.12.03-16.34.50:652][  0]LogRenderer: Reallocating scene render targets to support 1452x712 Format 10 NumSamples 1 (Frame:1).
[2019.12.03-16.34.50:848][  0]LogContentBrowser: Native class hierarchy updated for 'HierarchicalLODOutliner' in 0.0005 seconds. Added 0 classes and 0 folders.
[2019.12.03-16.34.50:848][  0]LogLoad: (Engine Initialization) Total time: 12.14 seconds
[2019.12.03-16.34.50:848][  0]LogLoad: (Engine Initialization) Total Blueprint compile time: 0.00 seconds
[2019.12.03-16.34.50:912][  0]LogAssetRegistry: Asset discovery search completed in 5.9792 seconds
[2019.12.03-16.34.50:915][  0]LogCollectionManager: Rebuilt the object cache for 0 collections in 0.000000 seconds (found 0 objects)
[2019.12.03-16.34.50:915][  0]LogCollectionManager: Fixed up redirectors for 0 collections in 0.000084 seconds (updated 0 objects)
[2019.12.03-16.34.50:917][  0]LogContentStreaming: Texture pool size now 3000 MB
[2019.12.03-16.34.50:943][  0]LogSlate: Took 0.000265 seconds to synchronously load lazily loaded font '../../../Engine/Content/Slate/Fonts/Roboto-Light.ttf' (167K)
[2019.12.03-16.34.53:050][118]LogSlate: FSceneViewport::OnFocusLost() reason 2
[2019.12.03-16.34.54:275][188]LogSlate: FSceneViewport::OnFocusLost() reason 2
[2019.12.03-16.34.55:635][188]LogSlate: Only BGRA pngs, bmps or icos are supported in by External Image Picker
[2019.12.03-16.34.59:961][375]LogSlate: Took 0.000322 seconds to synchronously load lazily loaded font '../../../Engine/Content/Slate/Fonts/Roboto-Light.ttf' (167K)
[2019.12.03-16.35.04:744][587]LogSlate: Window 'Project Settings' being destroyed
[2019.12.03-16.35.04:757][587]LogSlate: Window 'Project Settings' being destroyed
[2019.12.03-16.35.05:725][641]LogSlate: FSceneViewport::OnFocusLost() reason 0
[2019.12.03-16.35.10:114][884]LogBlueprint: Warning: Node '/Game/SpaceBox_Color/Blueprints/HD/BP_SB4K_HD_Kaldar.BP_SB4K_HD_Kaldar:EdGraph_0.K2Node_VariableGet_168' missing NodeGuid because of upgrade from old package version, this can cause deterministic cooking issues please resave package.
[2019.12.03-16.35.10:114][884]LogBlueprint: Warning: Node '/Game/SpaceBox_Color/Blueprints/HD/BP_SB4K_HD_Kaldar.BP_SB4K_HD_Kaldar:EdGraph_0.K2Node_CallFunction_164209' missing NodeGuid because of upgrade from old package version, this can cause deterministic cooking issues please resave package.
[2019.12.03-16.35.10:114][884]LogBlueprint: Warning: Node '/Game/SpaceBox_Color/Blueprints/HD/BP_SB4K_HD_Kaldar.BP_SB4K_HD_Kaldar:EdGraph_0.K2Node_CallFunction_52839' missing NodeGuid because of upgrade from old package version, this can cause deterministic cooking issues please resave package.
[2019.12.03-16.35.10:115][884]LogBlueprint: Warning: Node '/Game/SpaceBox_Color/Blueprints/HD/BP_SB4K_HD_Kaldar.BP_SB4K_HD_Kaldar:EdGraph_0.K2Node_VariableGet_150' missing NodeGuid because of upgrade from old package version, this can cause deterministic cooking issues please resave package.
[2019.12.03-16.35.10:115][884]LogBlueprint: Warning: Node '/Game/SpaceBox_Color/Blueprints/HD/BP_SB4K_HD_Kaldar.BP_SB4K_HD_Kaldar:EdGraph_0.K2Node_VariableGet_148' missing NodeGuid because of upgrade from old package version, this can cause deterministic cooking issues please resave package.
[2019.12.03-16.35.10:115][884]LogBlueprint: Warning: Node '/Game/SpaceBox_Color/Blueprints/HD/BP_SB4K_HD_Kaldar.BP_SB4K_HD_Kaldar:EdGraph_0.K2Node_CallFunction_54254' missing NodeGuid because of upgrade from old package version, this can cause deterministic cooking issues please resave package.
[2019.12.03-16.35.10:115][884]LogBlueprint: Warning: Node '/Game/SpaceBox_Color/Blueprints/HD/BP_SB4K_HD_Kaldar.BP_SB4K_HD_Kaldar:EdGraph_0.K2Node_VariableGet_146' missing NodeGuid because of upgrade from old package version, this can cause deterministic cooking issues please resave package.
[2019.12.03-16.35.10:115][884]LogBlueprint: Warning: Node '/Game/SpaceBox_Color/Blueprints/HD/BP_SB4K_HD_Kaldar.BP_SB4K_HD_Kaldar:EdGraph_0.K2Node_CallFunction_54253' missing NodeGuid because of upgrade from old package version, this can cause deterministic cooking issues please resave package.
[2019.12.03-16.35.10:115][884]LogBlueprint: Warning: Node '/Game/SpaceBox_Color/Blueprints/HD/BP_SB4K_HD_Kaldar.BP_SB4K_HD_Kaldar:EdGraph_0.K2Node_VariableGet_144' missing NodeGuid because of upgrade from old package version, this can cause deterministic cooking issues please resave package.
[2019.12.03-16.35.10:115][884]LogBlueprint: Warning: Node '/Game/SpaceBox_Color/Blueprints/HD/BP_SB4K_HD_Kaldar.BP_SB4K_HD_Kaldar:EdGraph_0.K2Node_CallFunction_54252' missing NodeGuid because of upgrade from old package version, this can cause deterministic cooking issues please resave package.
[2019.12.03-16.35.10:115][884]LogBlueprint: Warning: Node '/Game/SpaceBox_Color/Blueprints/HD/BP_SB4K_HD_Kaldar.BP_SB4K_HD_Kaldar:EdGraph_0.K2Node_VariableGet_142' missing NodeGuid because of upgrade from old package version, this can cause deterministic cooking issues please resave package.
[2019.12.03-16.35.10:115][884]LogBlueprint: Warning: Node '/Game/SpaceBox_Color/Blueprints/HD/BP_SB4K_HD_Kaldar.BP_SB4K_HD_Kaldar:EdGraph_0.K2Node_CallFunction_54251' missing NodeGuid because of upgrade from old package version, this can cause deterministic cooking issues please resave package.
[2019.12.03-16.35.10:115][884]LogBlueprint: Warning: Node '/Game/SpaceBox_Color/Blueprints/HD/BP_SB4K_HD_Kaldar.BP_SB4K_HD_Kaldar:EdGraph_0.K2Node_CallFunction_29280' missing NodeGuid because of upgrade from old package version, this can cause deterministic cooking issues please resave package.
[2019.12.03-16.35.10:115][884]LogBlueprint: Warning: Node '/Game/SpaceBox_Color/Blueprints/HD/BP_SB4K_HD_Kaldar.BP_SB4K_HD_Kaldar:EdGraph_0.K2Node_VariableGet_74' missing NodeGuid because of upgrade from old package version, this can cause deterministic cooking issues please resave package.
[2019.12.03-16.35.10:115][884]LogBlueprint: Warning: Node '/Game/SpaceBox_Color/Blueprints/HD/BP_SB4K_HD_Kaldar.BP_SB4K_HD_Kaldar:EdGraph_0.K2Node_FunctionEntry_7' missing NodeGuid because of upgrade from old package version, this can cause deterministic cooking issues please resave package.
[2019.12.03-16.35.10:356][884]LogMaterial: Display: Missing cached shader map for material Mat_HD_Kaldar_Up, compiling. 
[2019.12.03-16.35.10:394][884]LogMaterial: Display: Missing cached shader map for material Mat_HD_Kaldar_Left, compiling. 
[2019.12.03-16.35.10:441][884]LogMaterial: Display: Missing cached shader map for material Mat_HD_Kaldar_Right, compiling. 
[2019.12.03-16.35.10:454][884]LogMaterial: Display: Missing cached shader map for material Mat_HD_Kaldar_Front, compiling. 
[2019.12.03-16.35.10:501][884]LogMaterial: Display: Missing cached shader map for material Mat_HD_Kaldar_Back, compiling. 
[2019.12.03-16.35.10:513][884]LogMaterial: Display: Missing cached shader map for material Mat_HD_Kaldar_Down, compiling. 
[2019.12.03-16.35.10:521][884]LogBlueprint: Warning: Node '/Game/SpaceBox_Color/Blueprints/HD/BP_SB4K_HD_Kaldar.BP_SB4K_HD_Kaldar:UserConstructionScript.K2Node_CallFunction_164209' missing NodeGuid because of upgrade from old package version, this can cause deterministic cooking issues please resave package.
[2019.12.03-16.35.10:521][884]LogBlueprint: Warning: Node '/Game/SpaceBox_Color/Blueprints/HD/BP_SB4K_HD_Kaldar.BP_SB4K_HD_Kaldar:UserConstructionScript.K2Node_CallFunction_29280' missing NodeGuid because of upgrade from old package version, this can cause deterministic cooking issues please resave package.
[2019.12.03-16.35.10:521][884]LogBlueprint: Warning: Node '/Game/SpaceBox_Color/Blueprints/HD/BP_SB4K_HD_Kaldar.BP_SB4K_HD_Kaldar:UserConstructionScript.K2Node_CallFunction_52839' missing NodeGuid because of upgrade from old package version, this can cause deterministic cooking issues please resave package.
[2019.12.03-16.35.10:521][884]LogBlueprint: Warning: Node '/Game/SpaceBox_Color/Blueprints/HD/BP_SB4K_HD_Kaldar.BP_SB4K_HD_Kaldar:UserConstructionScript.K2Node_CallFunction_54251' missing NodeGuid because of upgrade from old package version, this can cause deterministic cooking issues please resave package.
[2019.12.03-16.35.10:521][884]LogBlueprint: Warning: Node '/Game/SpaceBox_Color/Blueprints/HD/BP_SB4K_HD_Kaldar.BP_SB4K_HD_Kaldar:UserConstructionScript.K2Node_CallFunction_54252' missing NodeGuid because of upgrade from old package version, this can cause deterministic cooking issues please resave package.
[2019.12.03-16.35.10:521][884]LogBlueprint: Warning: Node '/Game/SpaceBox_Color/Blueprints/HD/BP_SB4K_HD_Kaldar.BP_SB4K_HD_Kaldar:UserConstructionScript.K2Node_CallFunction_54253' missing NodeGuid because of upgrade from old package version, this can cause deterministic cooking issues please resave package.
[2019.12.03-16.35.10:521][884]LogBlueprint: Warning: Node '/Game/SpaceBox_Color/Blueprints/HD/BP_SB4K_HD_Kaldar.BP_SB4K_HD_Kaldar:UserConstructionScript.K2Node_CallFunction_54254' missing NodeGuid because of upgrade from old package version, this can cause deterministic cooking issues please resave package.
[2019.12.03-16.35.10:521][884]LogBlueprint: Warning: Node '/Game/SpaceBox_Color/Blueprints/HD/BP_SB4K_HD_Kaldar.BP_SB4K_HD_Kaldar:UserConstructionScript.K2Node_FunctionEntry_7' missing NodeGuid because of upgrade from old package version, this can cause deterministic cooking issues please resave package.
[2019.12.03-16.35.10:521][884]LogBlueprint: Warning: Node '/Game/SpaceBox_Color/Blueprints/HD/BP_SB4K_HD_Kaldar.BP_SB4K_HD_Kaldar:UserConstructionScript.K2Node_VariableGet_142' missing NodeGuid because of upgrade from old package version, this can cause deterministic cooking issues please resave package.
[2019.12.03-16.35.10:521][884]LogBlueprint: Warning: Node '/Game/SpaceBox_Color/Blueprints/HD/BP_SB4K_HD_Kaldar.BP_SB4K_HD_Kaldar:UserConstructionScript.K2Node_VariableGet_144' missing NodeGuid because of upgrade from old package version, this can cause deterministic cooking issues please resave package.
[2019.12.03-16.35.10:522][884]LogBlueprint: Warning: Node '/Game/SpaceBox_Color/Blueprints/HD/BP_SB4K_HD_Kaldar.BP_SB4K_HD_Kaldar:UserConstructionScript.K2Node_VariableGet_146' missing NodeGuid because of upgrade from old package version, this can cause deterministic cooking issues please resave package.
[2019.12.03-16.35.10:522][884]LogBlueprint: Warning: Node '/Game/SpaceBox_Color/Blueprints/HD/BP_SB4K_HD_Kaldar.BP_SB4K_HD_Kaldar:UserConstructionScript.K2Node_VariableGet_148' missing NodeGuid because of upgrade from old package version, this can cause deterministic cooking issues please resave package.
[2019.12.03-16.35.10:522][884]LogBlueprint: Warning: Node '/Game/SpaceBox_Color/Blueprints/HD/BP_SB4K_HD_Kaldar.BP_SB4K_HD_Kaldar:UserConstructionScript.K2Node_VariableGet_150' missing NodeGuid because of upgrade from old package version, this can cause deterministic cooking issues please resave package.
[2019.12.03-16.35.10:522][884]LogBlueprint: Warning: Node '/Game/SpaceBox_Color/Blueprints/HD/BP_SB4K_HD_Kaldar.BP_SB4K_HD_Kaldar:UserConstructionScript.K2Node_VariableGet_168' missing NodeGuid because of upgrade from old package version, this can cause deterministic cooking issues please resave package.
[2019.12.03-16.35.10:522][884]LogBlueprint: Warning: Node '/Game/SpaceBox_Color/Blueprints/HD/BP_SB4K_HD_Kaldar.BP_SB4K_HD_Kaldar:UserConstructionScript.K2Node_VariableGet_74' missing NodeGuid because of upgrade from old package version, this can cause deterministic cooking issues please resave package.
[2019.12.03-16.35.10:522][884]LogAIModule: Creating AISystem for world gameplay
[2019.12.03-16.35.10:815][884]LogAssetEditorManager: Opening Asset editor for World /Game/Levels/gameplay.gameplay
[2019.12.03-16.35.10:898][884]LogUObjectHash: Compacting FUObjectHashTables data took   3.20ms
[2019.12.03-16.35.10:900][884]Cmd: MAP LOAD FILE="../../../../../../Users/smdex/Documents/GitHub/beatRush/beatRush/Content/Levels/gameplay.umap" TEMPLATE=0 SHOWPROGRESS=1 FEATURELEVEL=3
[2019.12.03-16.35.10:900][884]LightingResults: New page: Lighting Build
[2019.12.03-16.35.10:901][884]LoadErrors: New page: Loading map: gameplay.umap
[2019.12.03-16.35.10:903][884]MapCheck: New page: Map Check
[2019.12.03-16.35.10:904][884]LightingResults: New page: Lighting Build
[2019.12.03-16.35.10:939][884]LogUObjectHash: Compacting FUObjectHashTables data took   3.04ms
[2019.12.03-16.35.11:051][884]LogEditorServer: Finished looking for orphan Actors (0.000 secs)
[2019.12.03-16.35.11:079][884]LogUObjectHash: Compacting FUObjectHashTables data took   1.97ms
[2019.12.03-16.35.11:113][884]Cmd: MAP CHECKDEP NOCLEARLOG
[2019.12.03-16.35.11:114][884]MapCheck: Map check complete: 0 Error(s), 0 Warning(s), took 0.205ms to complete.
[2019.12.03-16.35.11:114][884]LogFileHelpers: Loading map 'gameplay' took 0.215
[2019.12.03-16.35.16:839][201]LogSlate: FSceneViewport::OnFocusLost() reason 0
[2019.12.03-16.36.00:620][779]LogSlate: FSceneViewport::OnFocusLost() reason 0
[2019.12.03-16.36.06:817][138]LogMaterial: Display: Missing cached shader map for material M_Cloud, compiling. 
[2019.12.03-16.36.06:964][138]LogMaterial: Display: Missing cached shader map for material M_SnowFlake, compiling. 
[2019.12.03-16.36.13:429][413]Cmd: DELETE
[2019.12.03-16.36.13:430][413]Cmd: ACTOR DELETE
[2019.12.03-16.36.13:437][413]LogEditorActor: Deleted Actor: Emitter
[2019.12.03-16.36.13:467][413]LogUObjectHash: Compacting FUObjectHashTables data took   1.80ms
[2019.12.03-16.36.13:467][413]LogEditorActor: Deleted 1 Actors (0.037 secs)
[2019.12.03-16.36.15:369][519]LogSlate: FSceneViewport::OnFocusLost() reason 0
[2019.12.03-16.37.01:510][ 81]LogSlate: FSceneViewport::OnFocusLost() reason 0
[2019.12.03-16.37.08:745][489]LogSlate: Prevented a slow task dialog from being summoned while a context menu was open
[2019.12.03-16.37.08:850][489]LogMaterial: Display: Missing cached shader map for material M_ParticleSeaMaster, compiling. 
[2019.12.03-16.37.08:896][489]LogMaterial: Display: Missing cached shader map for material M_Warp, compiling. 
[2019.12.03-16.37.08:921][489]LogMaterial: Display: Missing cached shader map for material M_WarpMaster, compiling. 
[2019.12.03-16.37.08:945][489]LogMaterial: Display: Missing cached shader map for material M_Aurora, compiling. 
[2019.12.03-16.37.08:962][489]LogAIModule: Creating AISystem for world TestScene
[2019.12.03-16.37.08:997][489]LogUObjectHash: Compacting FUObjectHashTables data took   3.62ms
[2019.12.03-16.37.10:123][489]LogSlate: Window 'Delete Assets' being destroyed
[2019.12.03-16.37.10:131][489]LogUObjectGlobals: Force Deleting 1 Package(s):
	Asset Name: /Game/EasySpaceVFX/Maps/TestScene.TestScene
[2019.12.03-16.37.17:216][489]LogSlate: Window 'Message' being destroyed
[2019.12.03-16.37.17:403][489]LogUObjectHash: Compacting FUObjectHashTables data took   0.96ms
[2019.12.03-16.37.24:124][868]LogUObjectHash: Compacting FUObjectHashTables data took   0.99ms
[2019.12.03-16.37.24:137][868]LogSlate: FSceneViewport::OnFocusLost() reason 2
[2019.12.03-16.37.24:166][868]Cmd: OBJ SAVEPACKAGE PACKAGE="/Game/Levels/gameplay" FILE="../../../../../../Users/smdex/Documents/GitHub/beatRush/beatRush/Content/Levels/gameplay.umap" SILENT=true AUTOSAVING=false KEEPDIRTY=false
[2019.12.03-16.37.24:196][868]LogUObjectHash: Compacting FUObjectHashTables data took   0.84ms
[2019.12.03-16.37.24:346][868]LogSavePackage: Moving '../../../../../../Users/smdex/Documents/GitHub/beatRush/beatRush/Saved/gameplay1737DF944E0D8DB111870BBFA3422E9E.tmp' to '../../../../../../Users/smdex/Documents/GitHub/beatRush/beatRush/Content/Levels/gameplay.umap'
[2019.12.03-16.37.24:390][868]LogFileHelpers: Saving map 'gameplay' took 0.225
[2019.12.03-16.37.24:400][868]LogOutputDevice: Warning: 

Script Stack (0 frames):

[2019.12.03-16.37.24:400][868]LogWindows: Windows GetLastError: The operation completed successfully. (0)
[2019.12.03-16.37.26:364][868]LogWindows: Error: === Critical error: ===
[2019.12.03-16.37.26:364][868]LogWindows: Error: 
[2019.12.03-16.37.26:364][868]LogWindows: Error: Assertion failed: World [File:D:\Build\++UE4\Sync\Engine\Source\Runtime\Engine\Private\Actor.cpp] [Line: 4293] 
[2019.12.03-16.37.26:364][868]LogWindows: Error: 
[2019.12.03-16.37.26:364][868]LogWindows: Error: 
[2019.12.03-16.37.26:364][868]LogWindows: Error: 
[2019.12.03-16.37.26:364][868]LogWindows: Error: [Callstack] 0x00007ffae4d3a839 KERNELBASE.dll!UnknownFunction []
[2019.12.03-16.37.26:364][868]LogWindows: Error: [Callstack] 0x00007ffa8f831f37 UE4Editor-Core.dll!UnknownFunction []
[2019.12.03-16.37.26:364][868]LogWindows: Error: [Callstack] 0x00007ffa8f8346e7 UE4Editor-Core.dll!UnknownFunction []
[2019.12.03-16.37.26:364][868]LogWindows: Error: [Callstack] 0x00007ffa8f647d1a UE4Editor-Core.dll!UnknownFunction []
[2019.12.03-16.37.26:364][868]LogWindows: Error: [Callstack] 0x00007ffa8f5cfe33 UE4Editor-Core.dll!UnknownFunction []
[2019.12.03-16.37.26:364][868]LogWindows: Error: [Callstack] 0x00007ffa8f5d04d0 UE4Editor-Core.dll!UnknownFunction []
[2019.12.03-16.37.26:364][868]LogWindows: Error: [Callstack] 0x00007ffa5f61e5af UE4Editor-Engine.dll!UnknownFunction []
[2019.12.03-16.37.26:364][868]LogWindows: Error: [Callstack] 0x00007ffa5fe2981b UE4Editor-Engine.dll!UnknownFunction []
[2019.12.03-16.37.26:364][868]LogWindows: Error: [Callstack] 0x00007ffa6070ec90 UE4Editor-Engine.dll!UnknownFunction []
[2019.12.03-16.37.26:364][868]LogWindows: Error: [Callstack] 0x00007ffa89ad8319 UE4Editor-UnrealEd.dll!UnknownFunction []
[2019.12.03-16.37.26:364][868]LogWindows: Error: [Callstack] 0x00007ffa89ae9be9 UE4Editor-UnrealEd.dll!UnknownFunction []
[2019.12.03-16.37.26:364][868]LogWindows: Error: [Callstack] 0x00007ffa89aea757 UE4Editor-UnrealEd.dll!UnknownFunction []
[2019.12.03-16.37.26:364][868]LogWindows: Error: [Callstack] 0x00007ffa89b1fce4 UE4Editor-UnrealEd.dll!UnknownFunction []
[2019.12.03-16.37.26:364][868]LogWindows: Error: [Callstack] 0x00007ffa89b1c5b5 UE4Editor-UnrealEd.dll!UnknownFunction []
[2019.12.03-16.37.26:364][868]LogWindows: Error: [Callstack] 0x00007ffa8a2af0aa UE4Editor-UnrealEd.dll!UnknownFunction []
[2019.12.03-16.37.26:364][868]LogWindows: Error: [Callstack] 0x00007ffa89e857c7 UE4Editor-UnrealEd.dll!UnknownFunction []
[2019.12.03-16.37.26:364][868]LogWindows: Error: [Callstack] 0x00007ffa89e82ec1 UE4Editor-UnrealEd.dll!UnknownFunction []
[2019.12.03-16.37.26:364][868]LogWindows: Error: [Callstack] 0x00007ffa89e5d94f UE4Editor-UnrealEd.dll!UnknownFunction []
[2019.12.03-16.37.26:364][868]LogWindows: Error: [Callstack] 0x00007ffa89e5c599 UE4Editor-UnrealEd.dll!UnknownFunction []
[2019.12.03-16.37.26:364][868]LogWindows: Error: [Callstack] 0x00007ffa89e700b2 UE4Editor-UnrealEd.dll!UnknownFunction []
[2019.12.03-16.37.26:365][868]LogWindows: Error: [Callstack] 0x00007ffa89e82653 UE4Editor-UnrealEd.dll!UnknownFunction []
[2019.12.03-16.37.26:365][868]LogWindows: Error: [Callstack] 0x00007ffa46efc809 UE4Editor-MainFrame.dll!UnknownFunction []
[2019.12.03-16.37.26:365][868]LogWindows: Error: [Callstack] 0x00007ffa46ee5917 UE4Editor-MainFrame.dll!UnknownFunction []
[2019.12.03-16.37.26:365][868]LogWindows: Error: [Callstack] 0x00007ffa8b1d71ea UE4Editor-Slate.dll!UnknownFunction []
[2019.12.03-16.37.26:365][868]LogWindows: Error: [Callstack] 0x00007ffa8b20743e UE4Editor-Slate.dll!UnknownFunction []
[2019.12.03-16.37.26:365][868]LogWindows: Error: [Callstack] 0x00007ffa46ef4fde UE4Editor-MainFrame.dll!UnknownFunction []
[2019.12.03-16.37.26:365][868]LogWindows: Error: [Callstack] 0x00007ffa46ee542e UE4Editor-MainFrame.dll!UnknownFunction []
[2019.12.03-16.37.26:365][868]LogWindows: Error: [Callstack] 0x00007ffa8b208e48 UE4Editor-Slate.dll!UnknownFunction []
[2019.12.03-16.37.26:365][868]LogWindows: Error: [Callstack] 0x00007ffa8b1ff1ce UE4Editor-Slate.dll!UnknownFunction []
[2019.12.03-16.37.26:365][868]LogWindows: Error: [Callstack] 0x00007ffa9854b55a UE4Editor-ApplicationCore.dll!UnknownFunction []
[2019.12.03-16.37.26:365][868]LogWindows: Error: [Callstack] 0x00007ffa9853ef9f UE4Editor-ApplicationCore.dll!UnknownFunction []
[2019.12.03-16.37.26:365][868]LogWindows: Error: [Callstack] 0x00007ffa9854d77f UE4Editor-ApplicationCore.dll!UnknownFunction []
[2019.12.03-16.37.26:365][868]LogWindows: Error: [Callstack] 0x00007ffa9853c090 UE4Editor-ApplicationCore.dll!UnknownFunction []
[2019.12.03-16.37.26:365][868]LogWindows: Error: [Callstack] 0x00007ffae77063ed USER32.dll!UnknownFunction []
[2019.12.03-16.37.26:365][868]LogWindows: Error: [Callstack] 0x00007ffae7705de2 USER32.dll!UnknownFunction []
[2019.12.03-16.37.26:365][868]LogWindows: Error: [Callstack] 0x00007ffa9854e946 UE4Editor-ApplicationCore.dll!UnknownFunction []
[2019.12.03-16.37.26:365][868]LogWindows: Error: [Callstack] 0x00007ff62efb5d3e UE4Editor.exe!UnknownFunction []
[2019.12.03-16.37.26:365][868]LogWindows: Error: [Callstack] 0x00007ff62efc554c UE4Editor.exe!UnknownFunction []
[2019.12.03-16.37.26:365][868]LogWindows: Error: [Callstack] 0x00007ff62efc55ca UE4Editor.exe!UnknownFunction []
[2019.12.03-16.37.26:365][868]LogWindows: Error: [Callstack] 0x00007ff62efd316c UE4Editor.exe!UnknownFunction []
[2019.12.03-16.37.26:365][868]LogWindows: Error: [Callstack] 0x00007ff62efd5b8e UE4Editor.exe!UnknownFunction []
[2019.12.03-16.37.26:365][868]LogWindows: Error: [Callstack] 0x00007ffae74d7bd4 KERNEL32.DLL!UnknownFunction []
[2019.12.03-16.37.26:365][868]LogWindows: Error: [Callstack] 0x00007ffae7b6ced1 ntdll.dll!UnknownFunction []
[2019.12.03-16.37.26:365][868]LogWindows: Error: 
[2019.12.03-16.37.26:385][868]LogExit: Executing StaticShutdownAfterError
[2019.12.03-16.37.26:387][868]LogWindows: FPlatformMisc::RequestExit(1)
[2019.12.03-16.37.26:396][868]Log file closed, 12/03/19 17:37:26
