Log file open, 12/02/19 18:54:25
LogWindows: Failed to load 'aqProf.dll' (GetLastError=126)
LogWindows: File 'aqProf.dll' does not exist
LogWindows: Failed to load 'VtuneApi.dll' (GetLastError=126)
LogWindows: File 'VtuneApi.dll' does not exist
LogWindows: Failed to load 'VtuneApi32e.dll' (GetLastError=126)
LogWindows: File 'VtuneApi32e.dll' does not exist
LogConsoleResponse: Display: Failed to find resolution value strings in scalability ini. Falling back to default.
LogInit: Display: Running engine for game: beatRush
LogPakFile: Registered encryption key '00000000000000000000000000000000': 0 pak files mounted, 0 remain pending
LogPlatformFile: Not using cached read wrapper
LogTaskGraph: Started task graph with 5 named threads and 23 total threads with 3 sets of task threads.
LogStats: Stats thread started at 0.407111
LogD3D11RHI: Loaded GFSDK_Aftermath_Lib.x64.dll
LogICUInternationalization: ICU TimeZone Detection - Raw Offset: +1:00, Platform Override: ''
LogPluginManager: Mounting plugin Paper2D
LogPluginManager: Mounting plugin AISupport
LogPluginManager: Mounting plugin LightPropagationVolume
LogPluginManager: Mounting plugin ActorLayerUtilities
LogPluginManager: Mounting plugin AnimationSharing
LogPluginManager: Mounting plugin CLionSourceCodeAccess
LogPluginManager: Mounting plugin CodeLiteSourceCodeAccess
LogPluginManager: Mounting plugin GitSourceControl
LogPluginManager: Mounting plugin KDevelopSourceCodeAccess
LogPluginManager: Mounting plugin NullSourceCodeAccess
LogPluginManager: Mounting plugin PerforceSourceControl
LogPluginManager: Mounting plugin SubversionSourceControl
LogPluginManager: Mounting plugin UObjectPlugin
LogPluginManager: Mounting plugin VisualStudioCodeSourceCodeAccess
LogPluginManager: Mounting plugin VisualStudioSourceCodeAccess
LogPluginManager: Mounting plugin XCodeSourceCodeAccess
LogPluginManager: Mounting plugin AssetManagerEditor
LogPluginManager: Mounting plugin CryptoKeys
LogPluginManager: Mounting plugin DataValidation
LogPluginManager: Mounting plugin FacialAnimation
LogPluginManager: Mounting plugin GameplayTagsEditor
LogPluginManager: Mounting plugin MacGraphicsSwitching
LogPluginManager: Mounting plugin MaterialAnalyzer
LogPluginManager: Mounting plugin MobileLauncherProfileWizard
LogPluginManager: Mounting plugin PluginBrowser
LogPluginManager: Mounting plugin SpeedTreeImporter
LogPluginManager: Mounting plugin DatasmithContent
LogPluginManager: Mounting plugin VariantManagerContent
LogPluginManager: Mounting plugin AlembicImporter
LogPluginManager: Mounting plugin AppleImageUtils
LogPluginManager: Mounting plugin AppleVision
LogPluginManager: Mounting plugin BackChannel
LogPluginManager: Mounting plugin CharacterAI
LogPluginManager: Mounting plugin GeometryCache
LogPluginManager: Mounting plugin HTML5Networking
LogPluginManager: Mounting plugin ProxyLODPlugin
LogPluginManager: Mounting plugin SkeletalReduction
LogPluginManager: Mounting plugin MagicLeap
LogPluginManager: Mounting plugin MagicLeapMedia
LogPluginManager: Mounting plugin AndroidMedia
LogPluginManager: Mounting plugin AvfMedia
LogPluginManager: Mounting plugin ImgMedia
LogPluginManager: Mounting plugin LinearTimecode
LogPluginManager: Mounting plugin MediaCompositing
LogPluginManager: Mounting plugin MediaPlayerEditor
LogPluginManager: Mounting plugin WebMMedia
LogPluginManager: Mounting plugin WmfMedia
LogPluginManager: Mounting plugin TcpMessaging
LogPluginManager: Mounting plugin UdpMessaging
LogPluginManager: Mounting plugin ActorSequence
LogPluginManager: Mounting plugin LevelSequenceEditor
LogPluginManager: Mounting plugin MatineeToLevelSequence
LogPluginManager: Mounting plugin NetcodeUnitTest
LogPluginManager: Mounting plugin NUTUnrealEngine4
LogPluginManager: Mounting plugin OnlineSubsystemGooglePlay
LogPluginManager: Mounting plugin OnlineSubsystemIOS
LogPluginManager: Mounting plugin OnlineSubsystem
LogPluginManager: Mounting plugin OnlineSubsystemNull
LogPluginManager: Mounting plugin OnlineSubsystemUtils
LogPluginManager: Mounting plugin LauncherChunkInstaller
LogPluginManager: Mounting plugin AndroidDeviceProfileSelector
LogPluginManager: Mounting plugin AndroidMoviePlayer
LogPluginManager: Mounting plugin AndroidPermission
LogPluginManager: Mounting plugin AppleMoviePlayer
LogPluginManager: Mounting plugin ArchVisCharacter
LogPluginManager: Mounting plugin AudioCapture
LogPluginManager: Mounting plugin CableComponent
LogPluginManager: Mounting plugin CustomMeshComponent
LogPluginManager: Mounting plugin EditableMesh
LogPluginManager: Mounting plugin ExampleDeviceProfileSelector
LogPluginManager: Mounting plugin Firebase
LogPluginManager: Mounting plugin GoogleCloudMessaging
LogPluginManager: Mounting plugin IOSDeviceProfileSelector
LogPluginManager: Mounting plugin LinuxDeviceProfileSelector
LogPluginManager: Mounting plugin LocationServicesBPLibrary
LogPluginManager: Mounting plugin MobilePatchingUtils
LogPluginManager: Mounting plugin OculusVR
LogPluginManager: Mounting plugin PhysXVehicles
LogPluginManager: Mounting plugin ProceduralMeshComponent
LogPluginManager: Mounting plugin RuntimePhysXCooking
LogPluginManager: Mounting plugin SignificanceManager
LogPluginManager: Mounting plugin SteamVR
LogPluginManager: Mounting plugin WebMMoviePlayer
LogPluginManager: Mounting plugin WindowsMoviePlayer
LogInit: Using libcurl 7.55.1-DEV
LogInit:  - built for x86_64-pc-win32
LogInit:  - supports SSL with OpenSSL/1.1.1
LogInit:  - supports HTTP deflate (compression) using libz 1.2.8
LogInit:  - other features:
LogInit:      CURL_VERSION_SSL
LogInit:      CURL_VERSION_LIBZ
LogInit:      CURL_VERSION_IPV6
LogInit:      CURL_VERSION_ASYNCHDNS
LogInit:      CURL_VERSION_LARGEFILE
LogInit:      CURL_VERSION_IDN
LogInit:  CurlRequestOptions (configurable via config and command line):
LogInit:  - bVerifyPeer = true  - Libcurl will verify peer certificate
LogInit:  - bUseHttpProxy = false  - Libcurl will NOT use HTTP proxy
LogInit:  - bDontReuseConnections = false  - Libcurl will reuse connections
LogInit:  - MaxHostConnections = 16  - Libcurl will limit the number of connections to a host
LogInit:  - LocalHostAddr = Default
LogInit:  - BufferSize = 65536
LogInit: WinSock: version 1.1 (2.2), MaxSocks=32767, MaxUdp=65467
LogInit: Build: ++UE4+Release-4.22-CL-7053642
LogInit: Engine Version: 4.22.3-7053642+++UE4+Release-4.22
LogInit: Compatible Engine Version: 4.22.0-5660361+++UE4+Release-4.22
LogInit: Net CL: 5660361
LogInit: OS: Windows 10 (Release 1903) (), CPU: Intel(R) Core(TM) i7-7700HQ CPU @ 2.80GHz, GPU: Intel(R) HD Graphics 630
LogInit: Compiled (64-bit): Jun 18 2019 03:09:11
LogInit: Compiled with Visual C++: 19.16.27025.01
LogInit: Build Configuration: Development
LogInit: Branch Name: ++UE4+Release-4.22
LogInit: Command Line: 
LogInit: Base Directory: C:/Program Files/Epic Games/UE_4.22/Engine/Binaries/Win64/
LogInit: Installed Engine Build: 1
LogDevObjectVersion: Number of dev versions registered: 23
LogDevObjectVersion:   Dev-Blueprints (B0D832E4-1F89-4F0D-ACCF-7EB736FD4AA2): 10
LogDevObjectVersion:   Dev-Build (E1C64328-A22C-4D53-A36C-8E866417BD8C): 0
LogDevObjectVersion:   Dev-Core (375EC13C-06E4-48FB-B500-84F0262A717E): 3
LogDevObjectVersion:   Dev-Editor (E4B068ED-F494-42E9-A231-DA0B2E46BB41): 30
LogDevObjectVersion:   Dev-Framework (CFFC743F-43B0-4480-9391-14DF171D2073): 35
LogDevObjectVersion:   Dev-Mobile (B02B49B5-BB20-44E9-A304-32B752E40360): 2
LogDevObjectVersion:   Dev-Networking (A4E4105C-59A1-49B5-A7C5-40C4547EDFEE): 0
LogDevObjectVersion:   Dev-Online (39C831C9-5AE6-47DC-9A44-9C173E1C8E7C): 0
LogDevObjectVersion:   Dev-Physics (78F01B33-EBEA-4F98-B9B4-84EACCB95AA2): 0
LogDevObjectVersion:   Dev-Platform (6631380F-2D4D-43E0-8009-CF276956A95A): 0
LogDevObjectVersion:   Dev-Rendering (12F88B9F-8875-4AFC-A67C-D90C383ABD29): 28
LogDevObjectVersion:   Dev-Sequencer (7B5AE74C-D270-4C10-A958-57980B212A5A): 11
LogDevObjectVersion:   Dev-VR (D7296918-1DD6-4BDD-9DE2-64A83CC13884): 2
LogDevObjectVersion:   Dev-LoadTimes (C2A15278-BFE7-4AFE-6C17-90FF531DF755): 1
LogDevObjectVersion:   Private-Geometry (6EACA3D4-40EC-4CC1-B786-8BED09428FC5): 3
LogDevObjectVersion:   Dev-AnimPhys (29E575DD-E0A3-4627-9D10-D276232CDCEA): 17
LogDevObjectVersion:   Dev-Anim (AF43A65D-7FD3-4947-9873-3E8ED9C1BB05): 2
LogDevObjectVersion:   Dev-ReflectionCapture (6B266CEC-1EC7-4B8F-A30B-E4D90942FC07): 1
LogDevObjectVersion:   Dev-Automation (0DF73D61-A23F-47EA-B727-89E90C41499A): 1
LogDevObjectVersion:   FortniteMain (601D1886-AC64-4F84-AA16-D3DE0DEAC7D6): 25
LogDevObjectVersion:   Dev-Enterprise (9DFFBCD6-494F-0158-E221-12823C92A888): 6
LogDevObjectVersion:   Dev-Niagara (F2AED0AC-9AFE-416F-8664-AA7FFA26D6FC): 1
LogDevObjectVersion:   Dev-Destruction (174F1F0B-B4C6-45A5-B13F-2EE8D0FB917D): 2
LogInit: Presizing for max 16777216 objects, including 0 objects not considered by GC, pre-allocating 0 bytes for permanent pool.
LogInit: Object subsystem initialized
LogConfig: Setting CVar [[con.DebugEarlyDefault:1]]
LogConfig: Setting CVar [[r.setres:1280x720]]
[2019.12.02-17.54.26:171][  0]LogConfig: Setting CVar [[r.VSync:0]]
[2019.12.02-17.54.26:171][  0]LogConfig: Setting CVar [[r.RHICmdBypass:0]]
[2019.12.02-17.54.26:171][  0]LogConfig: Applying CVar settings from Section [/Script/Engine.RendererSettings] File [C:/Users/smdex/Documents/GitHub/beatRush/beatRush/Saved/Config/Windows/Engine.ini]
[2019.12.02-17.54.26:171][  0]LogConfig: Setting CVar [[r.GPUCrashDebugging:0]]
[2019.12.02-17.54.26:171][  0]LogConfig: Applying CVar settings from Section [/Script/Engine.RendererOverrideSettings] File [C:/Users/smdex/Documents/GitHub/beatRush/beatRush/Saved/Config/Windows/Engine.ini]
[2019.12.02-17.54.26:171][  0]LogConfig: Applying CVar settings from Section [/Script/Engine.StreamingSettings] File [C:/Users/smdex/Documents/GitHub/beatRush/beatRush/Saved/Config/Windows/Engine.ini]
[2019.12.02-17.54.26:171][  0]LogConfig: Setting CVar [[s.MinBulkDataSizeForAsyncLoading:131072]]
[2019.12.02-17.54.26:171][  0]LogConfig: Setting CVar [[s.AsyncLoadingThreadEnabled:0]]
[2019.12.02-17.54.26:171][  0]LogConfig: Setting CVar [[s.EventDrivenLoaderEnabled:1]]
[2019.12.02-17.54.26:171][  0]LogConfig: Setting CVar [[s.WarnIfTimeLimitExceeded:0]]
[2019.12.02-17.54.26:171][  0]LogConfig: Setting CVar [[s.TimeLimitExceededMultiplier:1.5]]
[2019.12.02-17.54.26:171][  0]LogConfig: Setting CVar [[s.TimeLimitExceededMinTime:0.005]]
[2019.12.02-17.54.26:171][  0]LogConfig: Setting CVar [[s.UseBackgroundLevelStreaming:1]]
[2019.12.02-17.54.26:171][  0]LogConfig: Setting CVar [[s.PriorityAsyncLoadingExtraTime:15.0]]
[2019.12.02-17.54.26:171][  0]LogConfig: Setting CVar [[s.LevelStreamingActorsUpdateTimeLimit:5.0]]
[2019.12.02-17.54.26:171][  0]LogConfig: Setting CVar [[s.PriorityLevelStreamingActorsUpdateExtraTime:5.0]]
[2019.12.02-17.54.26:171][  0]LogConfig: Setting CVar [[s.LevelStreamingComponentsRegistrationGranularity:10]]
[2019.12.02-17.54.26:171][  0]LogConfig: Setting CVar [[s.UnregisterComponentsTimeLimit:1.0]]
[2019.12.02-17.54.26:171][  0]LogConfig: Setting CVar [[s.LevelStreamingComponentsUnregistrationGranularity:5]]
[2019.12.02-17.54.26:171][  0]LogConfig: Applying CVar settings from Section [/Script/Engine.GarbageCollectionSettings] File [C:/Users/smdex/Documents/GitHub/beatRush/beatRush/Saved/Config/Windows/Engine.ini]
[2019.12.02-17.54.26:171][  0]LogConfig: Setting CVar [[gc.MaxObjectsNotConsideredByGC:1]]
[2019.12.02-17.54.26:171][  0]LogConfig: Setting CVar [[gc.SizeOfPermanentObjectPool:0]]
[2019.12.02-17.54.26:171][  0]LogConfig: Setting CVar [[gc.FlushStreamingOnGC:0]]
[2019.12.02-17.54.26:171][  0]LogConfig: Setting CVar [[gc.NumRetriesBeforeForcingGC:10]]
[2019.12.02-17.54.26:171][  0]LogConfig: Setting CVar [[gc.AllowParallelGC:1]]
[2019.12.02-17.54.26:171][  0]LogConfig: Setting CVar [[gc.TimeBetweenPurgingPendingKillObjects:61.1]]
[2019.12.02-17.54.26:171][  0]LogConfig: Setting CVar [[gc.MaxObjectsInEditor:16777216]]
[2019.12.02-17.54.26:171][  0]LogConfig: Setting CVar [[gc.IncrementalBeginDestroyEnabled:1]]
[2019.12.02-17.54.26:171][  0]LogConfig: Setting CVar [[gc.CreateGCClusters:1]]
[2019.12.02-17.54.26:171][  0]LogConfig: Setting CVar [[gc.MinGCClusterSize:5]]
[2019.12.02-17.54.26:171][  0]LogConfig: Setting CVar [[gc.ActorClusteringEnabled:0]]
[2019.12.02-17.54.26:171][  0]LogConfig: Setting CVar [[gc.BlueprintClusteringEnabled:0]]
[2019.12.02-17.54.26:171][  0]LogConfig: Setting CVar [[gc.UseDisregardForGCOnDedicatedServers:0]]
[2019.12.02-17.54.26:171][  0]LogConfig: Applying CVar settings from Section [/Script/Engine.NetworkSettings] File [C:/Users/smdex/Documents/GitHub/beatRush/beatRush/Saved/Config/Windows/Engine.ini]
[2019.12.02-17.54.26:171][  0]LogConfig: Applying CVar settings from Section [/Script/UnrealEd.CookerSettings] File [C:/Users/smdex/Documents/GitHub/beatRush/beatRush/Saved/Config/Windows/Engine.ini]
[2019.12.02-17.54.26:175][  0]LogConfig: Applying CVar settings from Section [ViewDistanceQuality@3] File [C:/Users/smdex/Documents/GitHub/beatRush/beatRush/Saved/Config/Windows/Scalability.ini]
[2019.12.02-17.54.26:175][  0]LogConfig: Setting CVar [[r.SkeletalMeshLODBias:0]]
[2019.12.02-17.54.26:175][  0]LogConfig: Setting CVar [[r.ViewDistanceScale:1.0]]
[2019.12.02-17.54.26:175][  0]LogConfig: Applying CVar settings from Section [AntiAliasingQuality@3] File [C:/Users/smdex/Documents/GitHub/beatRush/beatRush/Saved/Config/Windows/Scalability.ini]
[2019.12.02-17.54.26:175][  0]LogConfig: Setting CVar [[r.PostProcessAAQuality:4]]
[2019.12.02-17.54.26:175][  0]LogConfig: Applying CVar settings from Section [ShadowQuality@3] File [C:/Users/smdex/Documents/GitHub/beatRush/beatRush/Saved/Config/Windows/Scalability.ini]
[2019.12.02-17.54.26:175][  0]LogConfig: Setting CVar [[r.LightFunctionQuality:1]]
[2019.12.02-17.54.26:175][  0]LogConfig: Setting CVar [[r.ShadowQuality:5]]
[2019.12.02-17.54.26:175][  0]LogConfig: Setting CVar [[r.Shadow.CSM.MaxCascades:10]]
[2019.12.02-17.54.26:175][  0]LogConfig: Setting CVar [[r.Shadow.MaxResolution:2048]]
[2019.12.02-17.54.26:175][  0]LogConfig: Setting CVar [[r.Shadow.MaxCSMResolution:2048]]
[2019.12.02-17.54.26:175][  0]LogConfig: Setting CVar [[r.Shadow.RadiusThreshold:0.01]]
[2019.12.02-17.54.26:175][  0]LogConfig: Setting CVar [[r.Shadow.DistanceScale:1.0]]
[2019.12.02-17.54.26:175][  0]LogConfig: Setting CVar [[r.Shadow.CSM.TransitionScale:1.0]]
[2019.12.02-17.54.26:175][  0]LogConfig: Setting CVar [[r.Shadow.PreShadowResolutionFactor:1.0]]
[2019.12.02-17.54.26:175][  0]LogConfig: Setting CVar [[r.DistanceFieldShadowing:1]]
[2019.12.02-17.54.26:175][  0]LogConfig: Setting CVar [[r.DistanceFieldAO:1]]
[2019.12.02-17.54.26:175][  0]LogConfig: Setting CVar [[r.AOQuality:2]]
[2019.12.02-17.54.26:175][  0]LogConfig: Setting CVar [[r.VolumetricFog:1]]
[2019.12.02-17.54.26:175][  0]LogConfig: Setting CVar [[r.VolumetricFog.GridPixelSize:8]]
[2019.12.02-17.54.26:175][  0]LogConfig: Setting CVar [[r.VolumetricFog.GridSizeZ:128]]
[2019.12.02-17.54.26:175][  0]LogConfig: Setting CVar [[r.VolumetricFog.HistoryMissSupersampleCount:4]]
[2019.12.02-17.54.26:175][  0]LogConfig: Setting CVar [[r.LightMaxDrawDistanceScale:1]]
[2019.12.02-17.54.26:175][  0]LogConfig: Setting CVar [[r.CapsuleShadows:1]]
[2019.12.02-17.54.26:175][  0]LogConfig: Applying CVar settings from Section [PostProcessQuality@3] File [C:/Users/smdex/Documents/GitHub/beatRush/beatRush/Saved/Config/Windows/Scalability.ini]
[2019.12.02-17.54.26:175][  0]LogConfig: Setting CVar [[r.MotionBlurQuality:4]]
[2019.12.02-17.54.26:175][  0]LogConfig: Setting CVar [[r.AmbientOcclusionMipLevelFactor:0.4]]
[2019.12.02-17.54.26:175][  0]LogConfig: Setting CVar [[r.AmbientOcclusionMaxQuality:100]]
[2019.12.02-17.54.26:175][  0]LogConfig: Setting CVar [[r.AmbientOcclusionLevels:-1]]
[2019.12.02-17.54.26:175][  0]LogConfig: Setting CVar [[r.AmbientOcclusionRadiusScale:1.0]]
[2019.12.02-17.54.26:175][  0]LogConfig: Setting CVar [[r.DepthOfFieldQuality:2]]
[2019.12.02-17.54.26:175][  0]LogConfig: Setting CVar [[r.RenderTargetPoolMin:400]]
[2019.12.02-17.54.26:175][  0]LogConfig: Setting CVar [[r.LensFlareQuality:2]]
[2019.12.02-17.54.26:175][  0]LogConfig: Setting CVar [[r.SceneColorFringeQuality:1]]
[2019.12.02-17.54.26:175][  0]LogConfig: Setting CVar [[r.EyeAdaptationQuality:2]]
[2019.12.02-17.54.26:175][  0]LogConfig: Setting CVar [[r.BloomQuality:5]]
[2019.12.02-17.54.26:176][  0]LogConfig: Setting CVar [[r.FastBlurThreshold:100]]
[2019.12.02-17.54.26:176][  0]LogConfig: Setting CVar [[r.Upscale.Quality:3]]
[2019.12.02-17.54.26:176][  0]LogConfig: Setting CVar [[r.Tonemapper.GrainQuantization:1]]
[2019.12.02-17.54.26:176][  0]LogConfig: Setting CVar [[r.LightShaftQuality:1]]
[2019.12.02-17.54.26:176][  0]LogConfig: Setting CVar [[r.Filter.SizeScale:1]]
[2019.12.02-17.54.26:176][  0]LogConfig: Setting CVar [[r.Tonemapper.Quality:5]]
[2019.12.02-17.54.26:176][  0]LogConfig: Setting CVar [[r.DOF.Gather.AccumulatorQuality:1        ; higher gathering accumulator quality]]
[2019.12.02-17.54.26:176][  0]LogConfig: Setting CVar [[r.DOF.Gather.PostfilterMethod:1          ; Median3x3 postfilering method]]
[2019.12.02-17.54.26:176][  0]LogConfig: Setting CVar [[r.DOF.Gather.EnableBokehSettings:0       ; no bokeh simulation when gathering]]
[2019.12.02-17.54.26:176][  0]LogConfig: Setting CVar [[r.DOF.Gather.RingCount:4                 ; medium number of samples when gathering]]
[2019.12.02-17.54.26:176][  0]LogConfig: Setting CVar [[r.DOF.Scatter.ForegroundCompositing:1    ; additive foreground scattering]]
[2019.12.02-17.54.26:176][  0]LogConfig: Setting CVar [[r.DOF.Scatter.BackgroundCompositing:2    ; additive background scattering]]
[2019.12.02-17.54.26:176][  0]LogConfig: Setting CVar [[r.DOF.Scatter.EnableBokehSettings:1      ; bokeh simulation when scattering]]
[2019.12.02-17.54.26:176][  0]LogConfig: Setting CVar [[r.DOF.Scatter.MaxSpriteRatio:0.1         ; only a maximum of 10% of scattered bokeh]]
[2019.12.02-17.54.26:176][  0]LogConfig: Setting CVar [[r.DOF.Recombine.Quality:1                ; cheap slight out of focus]]
[2019.12.02-17.54.26:176][  0]LogConfig: Setting CVar [[r.DOF.Recombine.EnableBokehSettings:0    ; no bokeh simulation on slight out of focus]]
[2019.12.02-17.54.26:176][  0]LogConfig: Setting CVar [[r.DOF.TemporalAAQuality:1                ; more stable temporal accumulation]]
[2019.12.02-17.54.26:176][  0]LogConfig: Setting CVar [[r.DOF.Kernel.MaxForegroundRadius:0.025]]
[2019.12.02-17.54.26:176][  0]LogConfig: Setting CVar [[r.DOF.Kernel.MaxBackgroundRadius:0.025]]
[2019.12.02-17.54.26:176][  0]LogConfig: Applying CVar settings from Section [TextureQuality@3] File [C:/Users/smdex/Documents/GitHub/beatRush/beatRush/Saved/Config/Windows/Scalability.ini]
[2019.12.02-17.54.26:176][  0]LogConfig: Setting CVar [[r.Streaming.MipBias:0]]
[2019.12.02-17.54.26:176][  0]LogConfig: Setting CVar [[r.Streaming.AmortizeCPUToGPUCopy:0]]
[2019.12.02-17.54.26:176][  0]LogConfig: Setting CVar [[r.Streaming.MaxNumTexturesToStreamPerFrame:0]]
[2019.12.02-17.54.26:176][  0]LogConfig: Setting CVar [[r.Streaming.Boost:1]]
[2019.12.02-17.54.26:176][  0]LogConfig: Setting CVar [[r.MaxAnisotropy:8]]
[2019.12.02-17.54.26:176][  0]LogConfig: Setting CVar [[r.Streaming.LimitPoolSizeToVRAM:0]]
[2019.12.02-17.54.26:176][  0]LogConfig: Setting CVar [[r.Streaming.PoolSize:1000]]
[2019.12.02-17.54.26:176][  0]LogConfig: Setting CVar [[r.Streaming.MaxEffectiveScreenSize:0]]
[2019.12.02-17.54.26:176][  0]LogConfig: Applying CVar settings from Section [EffectsQuality@3] File [C:/Users/smdex/Documents/GitHub/beatRush/beatRush/Saved/Config/Windows/Scalability.ini]
[2019.12.02-17.54.26:176][  0]LogConfig: Setting CVar [[r.TranslucencyLightingVolumeDim:64]]
[2019.12.02-17.54.26:176][  0]LogConfig: Setting CVar [[r.RefractionQuality:2]]
[2019.12.02-17.54.26:176][  0]LogConfig: Setting CVar [[r.SSR.Quality:3]]
[2019.12.02-17.54.26:176][  0]LogConfig: Setting CVar [[r.SceneColorFormat:4]]
[2019.12.02-17.54.26:176][  0]LogConfig: Setting CVar [[r.DetailMode:2]]
[2019.12.02-17.54.26:176][  0]LogConfig: Setting CVar [[r.TranslucencyVolumeBlur:1]]
[2019.12.02-17.54.26:176][  0]LogConfig: Setting CVar [[r.MaterialQualityLevel:1 ; High quality]]
[2019.12.02-17.54.26:176][  0]LogConfig: Setting CVar [[r.SSS.Scale:1]]
[2019.12.02-17.54.26:177][  0]LogConfig: Setting CVar [[r.SSS.SampleSet:2]]
[2019.12.02-17.54.26:177][  0]LogConfig: Setting CVar [[r.SSS.Quality:1]]
[2019.12.02-17.54.26:177][  0]LogConfig: Setting CVar [[r.SSS.HalfRes:1]]
[2019.12.02-17.54.26:177][  0]LogConfig: Setting CVar [[r.EmitterSpawnRateScale:1.0]]
[2019.12.02-17.54.26:177][  0]LogConfig: Setting CVar [[r.ParticleLightQuality:2]]
[2019.12.02-17.54.26:177][  0]LogConfig: Applying CVar settings from Section [FoliageQuality@3] File [C:/Users/smdex/Documents/GitHub/beatRush/beatRush/Saved/Config/Windows/Scalability.ini]
[2019.12.02-17.54.26:177][  0]LogConfig: Setting CVar [[foliage.DensityScale:1.0]]
[2019.12.02-17.54.26:177][  0]LogConfig: Setting CVar [[grass.DensityScale:1.0]]
[2019.12.02-17.54.26:177][  0]LogInit: Selected Device Profile: [Windows]
[2019.12.02-17.54.26:177][  0]LogInit: Applying CVar settings loaded from the selected device profile: [Windows]
[2019.12.02-17.54.26:200][  0]LogHAL: Display: Platform has ~ 32 GB [34222620672 / 34359738368 / 32], which maps to Largest [LargestMinGB=32, LargerMinGB=12, DefaultMinGB=8, SmallerMinGB=6, SmallestMinGB=0)
[2019.12.02-17.54.26:200][  0]LogConfig: Setting CVar [[r.Vulkan.UseRealUBs:0		; Required until we fix HLR fall-out]]
[2019.12.02-17.54.26:200][  0]LogInit: Going up to parent DeviceProfile []
[2019.12.02-17.54.26:200][  0]LogConfig: Applying CVar settings from Section [ViewDistanceQuality@2] File [C:/Users/smdex/Documents/GitHub/beatRush/beatRush/Saved/Config/Windows/Scalability.ini]
[2019.12.02-17.54.26:200][  0]LogConfig: Setting CVar [[r.SkeletalMeshLODBias:0]]
[2019.12.02-17.54.26:200][  0]LogConfig: Setting CVar [[r.ViewDistanceScale:0.8]]
[2019.12.02-17.54.26:200][  0]LogConfig: Applying CVar settings from Section [AntiAliasingQuality@2] File [C:/Users/smdex/Documents/GitHub/beatRush/beatRush/Saved/Config/Windows/Scalability.ini]
[2019.12.02-17.54.26:200][  0]LogConfig: Setting CVar [[r.PostProcessAAQuality:3]]
[2019.12.02-17.54.26:200][  0]LogConfig: Applying CVar settings from Section [ShadowQuality@2] File [C:/Users/smdex/Documents/GitHub/beatRush/beatRush/Saved/Config/Windows/Scalability.ini]
[2019.12.02-17.54.26:200][  0]LogConfig: Setting CVar [[r.LightFunctionQuality:1]]
[2019.12.02-17.54.26:200][  0]LogConfig: Setting CVar [[r.ShadowQuality:5]]
[2019.12.02-17.54.26:200][  0]LogConfig: Setting CVar [[r.Shadow.CSM.MaxCascades:4]]
[2019.12.02-17.54.26:200][  0]LogConfig: Setting CVar [[r.Shadow.MaxResolution:1024]]
[2019.12.02-17.54.26:200][  0]LogConfig: Setting CVar [[r.Shadow.MaxCSMResolution:2048]]
[2019.12.02-17.54.26:200][  0]LogConfig: Setting CVar [[r.Shadow.RadiusThreshold:0.04]]
[2019.12.02-17.54.26:200][  0]LogConfig: Setting CVar [[r.Shadow.DistanceScale:0.85]]
[2019.12.02-17.54.26:200][  0]LogConfig: Setting CVar [[r.Shadow.CSM.TransitionScale:0.8]]
[2019.12.02-17.54.26:200][  0]LogConfig: Setting CVar [[r.Shadow.PreShadowResolutionFactor:0.5]]
[2019.12.02-17.54.26:200][  0]LogConfig: Setting CVar [[r.DistanceFieldShadowing:1]]
[2019.12.02-17.54.26:200][  0]LogConfig: Setting CVar [[r.DistanceFieldAO:1]]
[2019.12.02-17.54.26:200][  0]LogConfig: Setting CVar [[r.AOQuality:1]]
[2019.12.02-17.54.26:200][  0]LogConfig: Setting CVar [[r.VolumetricFog:1]]
[2019.12.02-17.54.26:200][  0]LogConfig: Setting CVar [[r.VolumetricFog.GridPixelSize:16]]
[2019.12.02-17.54.26:200][  0]LogConfig: Setting CVar [[r.VolumetricFog.GridSizeZ:64]]
[2019.12.02-17.54.26:200][  0]LogConfig: Setting CVar [[r.VolumetricFog.HistoryMissSupersampleCount:4]]
[2019.12.02-17.54.26:200][  0]LogConfig: Setting CVar [[r.LightMaxDrawDistanceScale:1]]
[2019.12.02-17.54.26:200][  0]LogConfig: Setting CVar [[r.CapsuleShadows:1]]
[2019.12.02-17.54.26:200][  0]LogConfig: Applying CVar settings from Section [PostProcessQuality@2] File [C:/Users/smdex/Documents/GitHub/beatRush/beatRush/Saved/Config/Windows/Scalability.ini]
[2019.12.02-17.54.26:200][  0]LogConfig: Setting CVar [[r.MotionBlurQuality:3]]
[2019.12.02-17.54.26:200][  0]LogConfig: Setting CVar [[r.AmbientOcclusionMipLevelFactor:0.6]]
[2019.12.02-17.54.26:200][  0]LogConfig: Setting CVar [[r.AmbientOcclusionMaxQuality:100]]
[2019.12.02-17.54.26:200][  0]LogConfig: Setting CVar [[r.AmbientOcclusionLevels:-1]]
[2019.12.02-17.54.26:200][  0]LogConfig: Setting CVar [[r.AmbientOcclusionRadiusScale:1.5]]
[2019.12.02-17.54.26:200][  0]LogConfig: Setting CVar [[r.DepthOfFieldQuality:2]]
[2019.12.02-17.54.26:200][  0]LogConfig: Setting CVar [[r.RenderTargetPoolMin:400]]
[2019.12.02-17.54.26:200][  0]LogConfig: Setting CVar [[r.LensFlareQuality:2]]
[2019.12.02-17.54.26:200][  0]LogConfig: Setting CVar [[r.SceneColorFringeQuality:1]]
[2019.12.02-17.54.26:200][  0]LogConfig: Setting CVar [[r.EyeAdaptationQuality:2]]
[2019.12.02-17.54.26:200][  0]LogConfig: Setting CVar [[r.BloomQuality:5]]
[2019.12.02-17.54.26:200][  0]LogConfig: Setting CVar [[r.FastBlurThreshold:3]]
[2019.12.02-17.54.26:200][  0]LogConfig: Setting CVar [[r.Upscale.Quality:2]]
[2019.12.02-17.54.26:201][  0]LogConfig: Setting CVar [[r.Tonemapper.GrainQuantization:1]]
[2019.12.02-17.54.26:201][  0]LogConfig: Setting CVar [[r.LightShaftQuality:1]]
[2019.12.02-17.54.26:201][  0]LogConfig: Setting CVar [[r.Filter.SizeScale:0.8]]
[2019.12.02-17.54.26:201][  0]LogConfig: Setting CVar [[r.Tonemapper.Quality:5]]
[2019.12.02-17.54.26:201][  0]LogConfig: Setting CVar [[r.DOF.Gather.AccumulatorQuality:0        ; lower gathering accumulator quality]]
[2019.12.02-17.54.26:201][  0]LogConfig: Setting CVar [[r.DOF.Gather.PostfilterMethod:2          ; Max3x3 postfilering method]]
[2019.12.02-17.54.26:201][  0]LogConfig: Setting CVar [[r.DOF.Gather.EnableBokehSettings:0       ; no bokeh simulation when gathering]]
[2019.12.02-17.54.26:201][  0]LogConfig: Setting CVar [[r.DOF.Gather.RingCount:4                 ; medium number of samples when gathering]]
[2019.12.02-17.54.26:201][  0]LogConfig: Setting CVar [[r.DOF.Scatter.ForegroundCompositing:1    ; additive foreground scattering]]
[2019.12.02-17.54.26:201][  0]LogConfig: Setting CVar [[r.DOF.Scatter.BackgroundCompositing:1    ; no background occlusion]]
[2019.12.02-17.54.26:201][  0]LogConfig: Setting CVar [[r.DOF.Scatter.EnableBokehSettings:0      ; no bokeh simulation when scattering]]
[2019.12.02-17.54.26:201][  0]LogConfig: Setting CVar [[r.DOF.Scatter.MaxSpriteRatio:0.04        ; only a maximum of 4% of scattered bokeh]]
[2019.12.02-17.54.26:201][  0]LogConfig: Setting CVar [[r.DOF.Recombine.Quality:0                ; no slight out of focus]]
[2019.12.02-17.54.26:201][  0]LogConfig: Setting CVar [[r.DOF.TemporalAAQuality:0                ; faster temporal accumulation]]
[2019.12.02-17.54.26:201][  0]LogConfig: Setting CVar [[r.DOF.Kernel.MaxForegroundRadius:0.012   ; required because of AccumulatorQuality=0]]
[2019.12.02-17.54.26:201][  0]LogConfig: Setting CVar [[r.DOF.Kernel.MaxBackgroundRadius:0.012   ; required because of AccumulatorQuality=0]]
[2019.12.02-17.54.26:201][  0]LogConfig: Applying CVar settings from Section [TextureQuality@2] File [C:/Users/smdex/Documents/GitHub/beatRush/beatRush/Saved/Config/Windows/Scalability.ini]
[2019.12.02-17.54.26:201][  0]LogConfig: Setting CVar [[r.Streaming.MipBias:0]]
[2019.12.02-17.54.26:201][  0]LogConfig: Setting CVar [[r.Streaming.AmortizeCPUToGPUCopy:0]]
[2019.12.02-17.54.26:201][  0]LogConfig: Setting CVar [[r.Streaming.MaxNumTexturesToStreamPerFrame:0]]
[2019.12.02-17.54.26:201][  0]LogConfig: Setting CVar [[r.Streaming.Boost:1]]
[2019.12.02-17.54.26:201][  0]LogConfig: Setting CVar [[r.MaxAnisotropy:4]]
[2019.12.02-17.54.26:201][  0]LogConfig: Setting CVar [[r.Streaming.LimitPoolSizeToVRAM:1]]
[2019.12.02-17.54.26:201][  0]LogConfig: Setting CVar [[r.Streaming.PoolSize:800]]
[2019.12.02-17.54.26:201][  0]LogConfig: Setting CVar [[r.Streaming.MaxEffectiveScreenSize:0]]
[2019.12.02-17.54.26:201][  0]LogConfig: Applying CVar settings from Section [EffectsQuality@2] File [C:/Users/smdex/Documents/GitHub/beatRush/beatRush/Saved/Config/Windows/Scalability.ini]
[2019.12.02-17.54.26:201][  0]LogConfig: Setting CVar [[r.TranslucencyLightingVolumeDim:48]]
[2019.12.02-17.54.26:201][  0]LogConfig: Setting CVar [[r.RefractionQuality:2]]
[2019.12.02-17.54.26:201][  0]LogConfig: Setting CVar [[r.SSR.Quality:2]]
[2019.12.02-17.54.26:201][  0]LogConfig: Setting CVar [[r.SceneColorFormat:3]]
[2019.12.02-17.54.26:201][  0]LogConfig: Setting CVar [[r.DetailMode:1]]
[2019.12.02-17.54.26:201][  0]LogConfig: Setting CVar [[r.TranslucencyVolumeBlur:1]]
[2019.12.02-17.54.26:201][  0]LogConfig: Setting CVar [[r.MaterialQualityLevel:1 ; High quality]]
[2019.12.02-17.54.26:201][  0]LogConfig: Setting CVar [[r.SSS.Scale:1]]
[2019.12.02-17.54.26:201][  0]LogConfig: Setting CVar [[r.SSS.SampleSet:1]]
[2019.12.02-17.54.26:201][  0]LogConfig: Setting CVar [[r.SSS.Quality:-1]]
[2019.12.02-17.54.26:201][  0]LogConfig: Setting CVar [[r.SSS.HalfRes:1]]
[2019.12.02-17.54.26:201][  0]LogConfig: Setting CVar [[r.EmitterSpawnRateScale:0.5]]
[2019.12.02-17.54.26:201][  0]LogConfig: Setting CVar [[r.ParticleLightQuality:1]]
[2019.12.02-17.54.26:202][  0]LogConfig: Applying CVar settings from Section [FoliageQuality@2] File [C:/Users/smdex/Documents/GitHub/beatRush/beatRush/Saved/Config/Windows/Scalability.ini]
[2019.12.02-17.54.26:202][  0]LogConfig: Setting CVar [[foliage.DensityScale:0.8]]
[2019.12.02-17.54.26:202][  0]LogConfig: Setting CVar [[grass.DensityScale:0.8]]
[2019.12.02-17.54.26:202][  0]LogConfig: Applying CVar settings from Section [Startup] File [../../../Engine/Config/ConsoleVariables.ini]
[2019.12.02-17.54.26:202][  0]LogConfig: Setting CVar [[net.UseAdaptiveNetUpdateFrequency:0]]
[2019.12.02-17.54.26:202][  0]LogConfig: Setting CVar [[p.chaos.AllowCreatePhysxBodies:1]]
[2019.12.02-17.54.26:202][  0]LogConfig: Applying CVar settings from Section [ConsoleVariables] File [C:/Users/smdex/Documents/GitHub/beatRush/beatRush/Saved/Config/Windows/Engine.ini]
[2019.12.02-17.54.26:202][  0]LogInit: Computer: SMDTECHSLOVAKIA
[2019.12.02-17.54.26:202][  0]LogInit: User: smdex
[2019.12.02-17.54.26:202][  0]LogInit: CPU Page size=4096, Cores=4
[2019.12.02-17.54.26:202][  0]LogInit: High frequency timer resolution =10.000000 MHz
[2019.12.02-17.54.26:203][  0]LogMemory: Memory total: Physical=31.9GB (32GB approx)
[2019.12.02-17.54.26:203][  0]LogMemory: Platform Memory Stats for Windows
[2019.12.02-17.54.26:203][  0]LogMemory: Process Physical Memory: 100.80 MB used, 100.81 MB peak
[2019.12.02-17.54.26:203][  0]LogMemory: Process Virtual Memory: 89.00 MB used, 89.00 MB peak
[2019.12.02-17.54.26:203][  0]LogMemory: Physical Memory: 14781.91 MB used,  17855.32 MB free, 32637.23 MB total
[2019.12.02-17.54.26:203][  0]LogMemory: Virtual Memory: 4643.17 MB used,  134213088.00 MB free, 134217728.00 MB total
[2019.12.02-17.54.26:901][  0]LogInit: Using OS detected language (en-US).
[2019.12.02-17.54.26:901][  0]LogInit: Using OS detected locale (en-US).
[2019.12.02-17.54.26:902][  0]LogTextLocalizationManager: No specific localization for 'en-US' exists, so the 'en' localization will be used.
[2019.12.02-17.54.27:337][  0]LogInit: Setting process to per monitor DPI aware
[2019.12.02-17.54.27:448][  0]LogSlate: New Slate User Created.  User Index 0, Is Virtual User: 0
[2019.12.02-17.54.27:448][  0]LogSlate: Slate User Registered.  User Index 0, Is Virtual User: 0
[2019.12.02-17.54.31:515][  0]LogHMD: Failed to initialize OpenVR with code 126
[2019.12.02-17.54.31:515][  0]LogD3D11RHI: D3D11 adapters:
[2019.12.02-17.54.32:021][  0]LogD3D11RHI:    0. 'NVIDIA GeForce GTX 1070' (Feature Level 11_0)
[2019.12.02-17.54.32:021][  0]LogD3D11RHI:       8081/0/16318 MB DedicatedVideo/DedicatedSystem/SharedSystem, Outputs:1, VendorId:0x10de
[2019.12.02-17.54.32:045][  0]LogD3D11RHI:    1. 'Intel(R) HD Graphics 630' (Feature Level 11_0)
[2019.12.02-17.54.32:045][  0]LogD3D11RHI:       128/0/16318 MB DedicatedVideo/DedicatedSystem/SharedSystem, Outputs:0, VendorId:0x8086
[2019.12.02-17.54.32:049][  0]LogD3D11RHI:    2. 'Microsoft Basic Render Driver' (Feature Level 11_0)
[2019.12.02-17.54.32:049][  0]LogD3D11RHI:       0/0/16318 MB DedicatedVideo/DedicatedSystem/SharedSystem, Outputs:0, VendorId:0x1414
[2019.12.02-17.54.32:049][  0]LogD3D11RHI: Chosen D3D11 Adapter: 0
[2019.12.02-17.54.32:093][  0]LogD3D11RHI: Creating new Direct3DDevice
[2019.12.02-17.54.32:094][  0]LogD3D11RHI:     GPU DeviceId: 0x1ba1 (for the marketing name, search the web for "GPU Device Id")
[2019.12.02-17.54.32:094][  0]LogWindows: EnumDisplayDevices:
[2019.12.02-17.54.32:094][  0]LogWindows:    0. 'Intel(R) HD Graphics 630' (P:1 D:1)
[2019.12.02-17.54.32:094][  0]LogWindows:    1. 'Intel(R) HD Graphics 630' (P:0 D:0)
[2019.12.02-17.54.32:095][  0]LogWindows:    2. 'Intel(R) HD Graphics 630' (P:0 D:0)
[2019.12.02-17.54.32:095][  0]LogWindows:    3. 'NVIDIA GeForce GTX 1070' (P:0 D:0)
[2019.12.02-17.54.32:096][  0]LogWindows:    4. 'NVIDIA GeForce GTX 1070' (P:0 D:0)
[2019.12.02-17.54.32:096][  0]LogWindows:    5. 'NVIDIA GeForce GTX 1070' (P:0 D:0)
[2019.12.02-17.54.32:096][  0]LogWindows:    6. 'NVIDIA GeForce GTX 1070' (P:0 D:0)
[2019.12.02-17.54.32:096][  0]LogWindows: DebugString: PrimaryIsNotTheChoosenAdapter PrimaryIsNotTheChoosenAdapter PrimaryIsNotTheChoosenAdapter FoundDriverCount:4 
[2019.12.02-17.54.32:097][  0]LogD3D11RHI:     Adapter Name: NVIDIA GeForce GTX 1070
[2019.12.02-17.54.32:097][  0]LogD3D11RHI:   Driver Version: 441.41 (internal:26.21.14.4141, unified:441.41)
[2019.12.02-17.54.32:097][  0]LogD3D11RHI:      Driver Date: 11-20-2019
[2019.12.02-17.54.32:097][  0]LogRHI: Texture pool is 5656 MB (70% of 8081 MB)
[2019.12.02-17.54.32:163][  0]LogD3D11RHI: Async texture creation enabled
[2019.12.02-17.54.32:169][  0]LogRendererCore: FGlobalReadBuffer::InitRHI
[2019.12.02-17.54.32:170][  0]LogRendererCore: FGlobalReadBuffer::InitRHI
[2019.12.02-17.54.32:170][  0]LogRendererCore: FGlobalReadBuffer::InitRHI
[2019.12.02-17.54.32:180][  0]LogD3D11RHI: GPU Timing Frequency: 1000.000000 (Debug: 2 1)
[2019.12.02-17.54.32:869][  0]LogTemp: Display: Module 'AllDesktopTargetPlatform' loaded TargetPlatform 'AllDesktop'
[2019.12.02-17.54.32:895][  0]LogTemp: Display: Module 'MacClientTargetPlatform' loaded TargetPlatform 'MacClient'
[2019.12.02-17.54.32:922][  0]LogTemp: Display: Module 'MacNoEditorTargetPlatform' loaded TargetPlatform 'MacNoEditor'
[2019.12.02-17.54.32:947][  0]LogTemp: Display: Module 'MacServerTargetPlatform' loaded TargetPlatform 'MacServer'
[2019.12.02-17.54.32:978][  0]LogTemp: Display: Module 'MacTargetPlatform' loaded TargetPlatform 'Mac'
[2019.12.02-17.54.33:004][  0]LogTemp: Display: Module 'WindowsClientTargetPlatform' loaded TargetPlatform 'WindowsClient'
[2019.12.02-17.54.33:028][  0]LogTemp: Display: Module 'WindowsNoEditorTargetPlatform' loaded TargetPlatform 'WindowsNoEditor'
[2019.12.02-17.54.33:054][  0]LogTemp: Display: Module 'WindowsServerTargetPlatform' loaded TargetPlatform 'WindowsServer'
[2019.12.02-17.54.33:065][  0]LogTemp: Display: Module 'WindowsTargetPlatform' loaded TargetPlatform 'Windows'
[2019.12.02-17.54.33:215][  0]LogTemp: Display: Module 'AndroidTargetPlatform' loaded TargetPlatform 'Android'
[2019.12.02-17.54.33:215][  0]LogTemp: Display: Module 'AndroidTargetPlatform' loaded TargetPlatform 'Android_ASTC'
[2019.12.02-17.54.33:215][  0]LogTemp: Display: Module 'AndroidTargetPlatform' loaded TargetPlatform 'Android_ATC'
[2019.12.02-17.54.33:215][  0]LogTemp: Display: Module 'AndroidTargetPlatform' loaded TargetPlatform 'Android_DXT'
[2019.12.02-17.54.33:215][  0]LogTemp: Display: Module 'AndroidTargetPlatform' loaded TargetPlatform 'Android_ETC1'
[2019.12.02-17.54.33:215][  0]LogTemp: Display: Module 'AndroidTargetPlatform' loaded TargetPlatform 'Android_ETC1a'
[2019.12.02-17.54.33:215][  0]LogTemp: Display: Module 'AndroidTargetPlatform' loaded TargetPlatform 'Android_ETC2'
[2019.12.02-17.54.33:215][  0]LogTemp: Display: Module 'AndroidTargetPlatform' loaded TargetPlatform 'Android_PVRTC'
[2019.12.02-17.54.33:215][  0]LogTemp: Display: Module 'AndroidTargetPlatform' loaded TargetPlatform 'AndroidClient'
[2019.12.02-17.54.33:215][  0]LogTemp: Display: Module 'AndroidTargetPlatform' loaded TargetPlatform 'Android_ASTCClient'
[2019.12.02-17.54.33:215][  0]LogTemp: Display: Module 'AndroidTargetPlatform' loaded TargetPlatform 'Android_ATCClient'
[2019.12.02-17.54.33:215][  0]LogTemp: Display: Module 'AndroidTargetPlatform' loaded TargetPlatform 'Android_DXTClient'
[2019.12.02-17.54.33:215][  0]LogTemp: Display: Module 'AndroidTargetPlatform' loaded TargetPlatform 'Android_ETC1Client'
[2019.12.02-17.54.33:215][  0]LogTemp: Display: Module 'AndroidTargetPlatform' loaded TargetPlatform 'Android_ETC1aClient'
[2019.12.02-17.54.33:215][  0]LogTemp: Display: Module 'AndroidTargetPlatform' loaded TargetPlatform 'Android_ETC2Client'
[2019.12.02-17.54.33:215][  0]LogTemp: Display: Module 'AndroidTargetPlatform' loaded TargetPlatform 'Android_PVRTCClient'
[2019.12.02-17.54.33:215][  0]LogTemp: Display: Module 'AndroidTargetPlatform' loaded TargetPlatform 'Android_Multi'
[2019.12.02-17.54.33:215][  0]LogTemp: Display: Module 'AndroidTargetPlatform' loaded TargetPlatform 'Android_MultiClient'
[2019.12.02-17.54.33:218][  0]LogTemp: Display: Module 'HTML5TargetPlatform' loaded TargetPlatform 'HTML5'
[2019.12.02-17.54.33:293][  0]LogTemp: Display: Module 'IOSTargetPlatform' loaded TargetPlatform 'IOSClient'
[2019.12.02-17.54.33:293][  0]LogTemp: Display: Module 'IOSTargetPlatform' loaded TargetPlatform 'IOS'
[2019.12.02-17.54.33:331][  0]LogTemp: Display: Module 'TVOSTargetPlatform' loaded TargetPlatform 'TVOSClient'
[2019.12.02-17.54.33:331][  0]LogTemp: Display: Module 'TVOSTargetPlatform' loaded TargetPlatform 'TVOS'
[2019.12.02-17.54.33:352][  0]LogTemp: Display: Module 'LinuxClientTargetPlatform' loaded TargetPlatform 'LinuxClient'
[2019.12.02-17.54.33:373][  0]LogTemp: Display: Module 'LinuxNoEditorTargetPlatform' loaded TargetPlatform 'LinuxNoEditor'
[2019.12.02-17.54.33:394][  0]LogTemp: Display: Module 'LinuxServerTargetPlatform' loaded TargetPlatform 'LinuxServer'
[2019.12.02-17.54.33:425][  0]LogTemp: Display: Module 'LinuxTargetPlatform' loaded TargetPlatform 'Linux'
[2019.12.02-17.54.33:508][  0]LogTemp: Display: Module 'LuminTargetPlatform' loaded TargetPlatform 'Lumin'
[2019.12.02-17.54.33:508][  0]LogTemp: Display: Module 'LuminTargetPlatform' loaded TargetPlatform 'LuminClient'
[2019.12.02-17.54.33:509][  0]LogTargetPlatformManager: Display: Building Assets For Windows
[2019.12.02-17.54.33:574][  0]LogAudioDebug: Display: Lib vorbis DLL was dynamically loaded.
[2019.12.02-17.54.33:700][  0]LogShaderCompilers: Guid format shader working directory is -19 characters bigger than the processId version (../../../../../../Users/smdex/Documents/GitHub/beatRush/beatRush/Intermediate/Shaders/WorkingDirectory/18876/).
[2019.12.02-17.54.33:700][  0]LogShaderCompilers: Cleaned the shader compiler working directory 'C:/Users/smdex/AppData/Local/Temp/UnrealShaderWorkingDir/4851B90A4F4E300C784866A7AE0AFF49/'.
[2019.12.02-17.54.33:716][  0]LogShaderCompilers: Display: Using XGE Shader Compiler (Interception Interface).
[2019.12.02-17.54.37:533][  0]LogDerivedDataCache: Display: Max Cache Size: 512 MB
[2019.12.02-17.54.37:727][  0]LogDerivedDataCache: Loaded boot cache 0.19s 252MB C:/Users/smdex/AppData/Local/UnrealEngine/4.22/DerivedDataCache/Boot.ddc.
[2019.12.02-17.54.37:727][  0]LogDerivedDataCache: Display: Loaded Boot cache: C:/Users/smdex/AppData/Local/UnrealEngine/4.22/DerivedDataCache/Boot.ddc
[2019.12.02-17.54.37:728][  0]LogDerivedDataCache: FDerivedDataBackendGraph:  Pak pak cache file ../../../../../../Users/smdex/Documents/GitHub/beatRush/beatRush/DerivedDataCache/DDC.ddp not found, will not use a pak cache.
[2019.12.02-17.54.37:728][  0]LogDerivedDataCache: Unable to find inner node Pak for hierarchical cache Hierarchy.
[2019.12.02-17.54.37:728][  0]LogDerivedDataCache: FDerivedDataBackendGraph:  CompressedPak pak cache file ../../../../../../Users/smdex/Documents/GitHub/beatRush/beatRush/DerivedDataCache/Compressed.ddp not found, will not use a pak cache.
[2019.12.02-17.54.37:728][  0]LogDerivedDataCache: Unable to find inner node CompressedPak for hierarchical cache Hierarchy.
[2019.12.02-17.54.37:751][  0]LogDerivedDataCache: Display: Pak cache opened for reading ../../../Engine/DerivedDataCache/Compressed.ddp.
[2019.12.02-17.54.37:751][  0]LogDerivedDataCache: FDerivedDataBackendGraph:  EnterprisePak pak cache file ../../../Enterprise/DerivedDataCache/Compressed.ddp not found, will not use a pak cache.
[2019.12.02-17.54.37:751][  0]LogDerivedDataCache: Unable to find inner node EnterprisePak for hierarchical cache Hierarchy.
[2019.12.02-17.54.37:764][  0]LogDerivedDataCache: Using Local data cache path C:/Users/smdex/AppData/Local/UnrealEngine/Common/DerivedDataCache: Writable
[2019.12.02-17.54.37:764][  0]LogDerivedDataCache: Shared data cache path not found in *engine.ini, will not use an Shared cache.
[2019.12.02-17.54.37:764][  0]LogDerivedDataCache: Unable to find inner node Shared for hierarchical cache Hierarchy.
[2019.12.02-17.54.37:803][  0]LogMaterial: Verifying Global Shaders for PCD3D_SM5
[2019.12.02-17.54.37:804][  0]LogSlate: Using FreeType 2.6.0
[2019.12.02-17.54.37:829][  0]LogSlate: SlateFontServices - WITH_FREETYPE: 1, WITH_HARFBUZZ: 1
[2019.12.02-17.54.38:170][  0]LogAssetRegistry: FAssetRegistry took 0.0390 seconds to start up
[2019.12.02-17.54.38:732][  0]LogInit: Selected Device Profile: [Windows]
[2019.12.02-17.54.39:069][  0]LogMeshReduction: Using QuadricMeshReduction for automatic static mesh reduction
[2019.12.02-17.54.39:070][  0]LogMeshReduction: Using SimplygonMeshReduction for automatic skeletal mesh reduction
[2019.12.02-17.54.39:070][  0]LogMeshReduction: Using ProxyLODMeshReduction for automatic mesh merging
[2019.12.02-17.54.39:070][  0]LogMeshReduction: No distributed automatic mesh merging module available
[2019.12.02-17.54.39:070][  0]LogMeshMerging: No distributed automatic mesh merging module available
[2019.12.02-17.54.39:111][  0]LogNetVersion: beatRush 1.0.0, NetCL: 5660361, EngineNetVer: 10, GameNetVer: 0 (Checksum: 794459514)
[2019.12.02-17.54.39:623][  0]LogMaterial: Display: Missing cached shader map for material Widget3DPassThrough, compiling. 
[2019.12.02-17.54.39:671][  0]LogMaterial: Display: Missing cached shader map for material Widget3DPassThrough, compiling. 
[2019.12.02-17.54.39:719][  0]LogMaterial: Display: Missing cached shader map for material Widget3DPassThrough, compiling. 
[2019.12.02-17.54.39:750][  0]LogMaterial: Display: Missing cached shader map for material Widget3DPassThrough, compiling. 
[2019.12.02-17.54.39:772][  0]LogMaterial: Display: Missing cached shader map for material Widget3DPassThrough, compiling. 
[2019.12.02-17.54.39:807][  0]LogMaterial: Display: Missing cached shader map for material Widget3DPassThrough, compiling. 
[2019.12.02-17.54.40:625][  0]LogPackageLocalizationCache: Processed 10 localized package path(s) for 1 prioritized culture(s) in 0.071562 seconds
[2019.12.02-17.54.40:637][  0]LogUObjectArray: 42206 objects as part of root set at end of initial load.
[2019.12.02-17.54.40:637][  0]LogUObjectAllocator: 7325272 out of 0 bytes used by permanent object pool.
[2019.12.02-17.54.40:637][  0]LogUObjectArray: CloseDisregardForGC: 0/0 objects in disregard for GC pool
[2019.12.02-17.54.44:964][  0]LogTcpMessaging: Initializing TcpMessaging bridge
[2019.12.02-17.54.45:010][  0]LogUdpMessaging: Initializing bridge on interface 0.0.0.0:0 to multicast group 230.0.0.1:6666.
[2019.12.02-17.54.45:288][  0]SourceControl: Source control is disabled
[2019.12.02-17.54.45:288][  0]SourceControl: Source control is disabled
[2019.12.02-17.54.45:291][  0]SourceControl: Source control is disabled
[2019.12.02-17.54.45:293][  0]SourceControl: Source control is disabled
[2019.12.02-17.54.45:457][  0]LogAndroidPermission: UAndroidPermissionCallbackProxy::GetInstance
[2019.12.02-17.54.45:646][  0]LogOcInput: OculusInput pre-init called
[2019.12.02-17.54.46:829][  0]LogEngine: Initializing Engine...
[2019.12.02-17.54.46:886][  0]LogHMD: Failed to initialize OpenVR with code 126
[2019.12.02-17.54.46:888][  0]LogStats: UGameplayTagsManager::InitializeManager -  0.000 s
[2019.12.02-17.54.47:358][  0]LogInit: Initializing FReadOnlyCVARCache
[2019.12.02-17.54.47:383][  0]LogAIModule: Creating AISystem for world Untitled
[2019.12.02-17.54.47:435][  0]LogInit: XAudio2 using 'Speakers / Headphones (Realtek Audio)' : 6 channels at 48 kHz using 32 bits per sample (channel mask 0x3f)
[2019.12.02-17.54.47:469][  0]LogInit: FAudioDevice initialized.
[2019.12.02-17.54.47:469][  0]LogNetVersion: Set ProjectVersion to 1.0.0.0. Version Checksum will be recalculated on next use.
[2019.12.02-17.54.47:684][  0]LogDerivedDataCache: Saved boot cache 0.22s 267MB C:/Users/smdex/AppData/Local/UnrealEngine/4.22/DerivedDataCache/Boot.ddc.
[2019.12.02-17.54.47:707][  0]LogInit: Texture streaming: Enabled
[2019.12.02-17.54.47:740][  0]LogEngineSessionManager: EngineSessionManager initialized
[2019.12.02-17.54.47:804][  0]LogInit: Transaction tracking system initialized
[2019.12.02-17.54.47:848][  0]BlueprintLog: New page: Editor Load
[2019.12.02-17.54.48:000][  0]LogInit: Warning: CVar named 'r.MobileHDR' marked up in RendererSettings was not found or is set to read-only
[2019.12.02-17.54.48:282][  0]LocalizationService: Localization service is disabled
[2019.12.02-17.54.48:576][  0]LogLinker: Warning: Can't find file '/Game/PointCloudsMorphing/TutorialPointClouds'
[2019.12.02-17.54.48:576][  0]LogLinker: Warning: Can't find file '/Game/PointCloudsMorphing/TutorialPointClouds'
[2019.12.02-17.54.48:577][  0]LogUObjectGlobals: Warning: Failed to find object 'Class /Game/PointCloudsMorphing/TutorialPointClouds.TutorialPointClouds_C'
[2019.12.02-17.54.48:980][  0]LogFileCache: Scanning file cache for directory 'C:/Users/smdex/Documents/GitHub/beatRush/beatRush/Content/' took 0.01s
[2019.12.02-17.54.48:980][  0]LogCook: Display: Max memory allowance for cook 16384mb min free memory 0mb
[2019.12.02-17.54.48:980][  0]LogCook: Display: Mobile HDR setting 0
[2019.12.02-17.54.49:493][  0]SourceControl: Source control is disabled
[2019.12.02-17.54.49:493][  0]Cmd: MAP LOAD FILE="../../../../../../Users/smdex/Documents/GitHub/beatRush/beatRush/Content/FlyingCPP/Maps/FlyingExampleMap.umap" TEMPLATE=0 SHOWPROGRESS=1 FEATURELEVEL=3
[2019.12.02-17.54.49:500][  0]LightingResults: New page: Lighting Build
[2019.12.02-17.54.49:506][  0]MapCheck: New page: Map Check
[2019.12.02-17.54.49:506][  0]LightingResults: New page: Lighting Build
[2019.12.02-17.54.49:548][  0]LogUObjectHash: Compacting FUObjectHashTables data took   3.13ms
[2019.12.02-17.54.49:889][  0]LogTexture: Display: Building textures: HQ_Lightmap0_10 (AutoDXT, 64X64)
[2019.12.02-17.54.49:889][  0]LogTexture: Display: Building textures: HQ_Lightmap0_1 (AutoDXT, 1024X1024)
[2019.12.02-17.54.49:889][  0]LogTexture: Display: Building textures: HQ_Lightmap0_2 (AutoDXT, 1024X1024)
[2019.12.02-17.54.49:889][  0]LogTexture: Display: Building textures: HQ_Lightmap0_5 (AutoDXT, 1024X1024)
[2019.12.02-17.54.49:889][  0]LogTexture: Display: Building textures: HQ_Lightmap0_4 (AutoDXT, 1024X1024)
[2019.12.02-17.54.49:889][  0]LogTexture: Display: Building textures: HQ_Lightmap0_3 (AutoDXT, 1024X1024)
[2019.12.02-17.54.49:889][  0]LogTexture: Display: Building textures: HQ_Lightmap0_6 (AutoDXT, 1024X1024)
[2019.12.02-17.54.49:889][  0]LogMaterial: Display: Missing cached shader map for material CubeMaterial, compiling. 
[2019.12.02-17.54.53:537][  0]LogTexture: Display: Building textures: HQ_Lightmap0_7 (AutoDXT, 1024X1024)
[2019.12.02-17.54.53:537][  0]LogTexture: Display: Building textures: HQ_Lightmap0_9 (AutoDXT, 256X256)
[2019.12.02-17.54.53:537][  0]LogTexture: Display: Building textures: HQ_Lightmap0_8 (AutoDXT, 512X512)
[2019.12.02-17.54.53:537][  0]LogTexture: Display: Building textures: LQ_Lightmap_0_1 (DXT1, 1024X1024)
[2019.12.02-17.54.53:537][  0]LogTexture: Display: Building textures: LQ_Lightmap_0_10 (DXT1, 64X64)
[2019.12.02-17.54.53:537][  0]LogTexture: Display: Building textures: LQ_Lightmap_0_2 (DXT1, 1024X1024)
[2019.12.02-17.54.53:537][  0]LogTexture: Display: Building textures: LQ_Lightmap_0_4 (DXT1, 1024X1024)
[2019.12.02-17.54.53:537][  0]LogTexture: Display: Building textures: LQ_Lightmap_0_3 (DXT1, 1024X1024)
[2019.12.02-17.54.53:537][  0]LogTexture: Display: Building textures: LQ_Lightmap_0_5 (DXT1, 1024X1024)
[2019.12.02-17.54.53:537][  0]LogTexture: Display: Building textures: LQ_Lightmap_0_6 (DXT1, 1024X1024)
[2019.12.02-17.54.53:537][  0]LogTexture: Display: Building textures: LQ_Lightmap_0_7 (DXT1, 1024X1024)
[2019.12.02-17.54.53:537][  0]LogTexture: Display: Building textures: LQ_Lightmap_0_8 (DXT1, 512X512)
[2019.12.02-17.54.53:537][  0]LogTexture: Display: Building textures: LQ_Lightmap_0_9 (DXT1, 256X256)
[2019.12.02-17.54.53:537][  0]LogTexture: Display: Building textures: SkyOcclusion0_1 (AutoDXT, 1024X512)
[2019.12.02-17.54.53:537][  0]LogTexture: Display: Building textures: SkyOcclusion0_10 (AutoDXT, 64X32)
[2019.12.02-17.54.53:537][  0]LogTexture: Display: Building textures: SkyOcclusion0_2 (AutoDXT, 1024X512)
[2019.12.02-17.54.53:537][  0]LogTexture: Display: Building textures: SkyOcclusion0_3 (AutoDXT, 1024X512)
[2019.12.02-17.54.53:538][  0]LogTexture: Display: Building textures: SkyOcclusion0_4 (AutoDXT, 1024X512)
[2019.12.02-17.54.53:538][  0]LogTexture: Display: Building textures: SkyOcclusion0_9 (AutoDXT, 256X128)
[2019.12.02-17.54.53:538][  0]LogTexture: Display: Building textures: SkyOcclusion0_8 (AutoDXT, 512X256)
[2019.12.02-17.54.53:538][  0]LogTexture: Display: Building textures: SkyOcclusion0_7 (AutoDXT, 1024X512)
[2019.12.02-17.54.53:538][  0]LogTexture: Display: Building textures: SkyOcclusion0_5 (AutoDXT, 1024X512)
[2019.12.02-17.54.53:538][  0]LogTexture: Display: Building textures: SkyOcclusion0_6 (AutoDXT, 1024X512)
[2019.12.02-17.54.53:538][  0]LogTexture: Display: Building textures: ShadowMapTexture2D_0 (G8, 2048X1024)
[2019.12.02-17.54.53:538][  0]LogTexture: Display: Building textures: ShadowMapTexture2D_1 (G8, 2048X1024)
[2019.12.02-17.54.53:538][  0]LogTexture: Display: Building textures: ShadowMapTexture2D_2 (G8, 2048X1024)
[2019.12.02-17.54.53:538][  0]LogTexture: Display: Building textures: ShadowMapTexture2D_3 (G8, 1024X512)
[2019.12.02-17.54.53:538][  0]LogTexture: Display: Building textures: ShadowMapTexture2D_5 (G8, 64X32)
[2019.12.02-17.54.53:538][  0]LogTexture: Display: Building textures: ShadowMapTexture2D_4 (G8, 512X256)
[2019.12.02-17.54.53:564][  0]LogAIModule: Creating AISystem for world FlyingExampleMap
[2019.12.02-17.54.53:615][  0]LogEditorServer: Finished looking for orphan Actors (0.000 secs)
[2019.12.02-17.54.53:685][  0]LogUObjectHash: Compacting FUObjectHashTables data took   3.36ms
[2019.12.02-17.54.53:686][  0]Cmd: MAP CHECKDEP NOCLEARLOG
[2019.12.02-17.54.53:686][  0]MapCheck: Map check complete: 0 Error(s), 0 Warning(s), took 0.223ms to complete.
[2019.12.02-17.54.53:686][  0]LogFileHelpers: Loading map 'FlyingExampleMap' took 4.193
[2019.12.02-17.54.53:905][  0]LogSlate: Updating window title bar state: overlay mode, drag disabled, window buttons hidden, title bar hidden
[2019.12.02-17.54.53:921][  0]LogSlate: Updating window title bar state: overlay mode, drag disabled, window buttons hidden, title bar hidden
[2019.12.02-17.54.53:936][  0]LogSlate: Updating window title bar state: overlay mode, drag disabled, window buttons hidden, title bar hidden
[2019.12.02-17.54.53:952][  0]LogSlate: Updating window title bar state: overlay mode, drag disabled, window buttons hidden, title bar hidden
[2019.12.02-17.54.53:973][  0]LogCollectionManager: Loaded 0 collections in 0.003115 seconds
[2019.12.02-17.54.54:050][  0]LogFileCache: Scanning file cache for directory 'C:/Users/smdex/Documents/GitHub/beatRush/beatRush/Saved/Collections/' took 0.02s
[2019.12.02-17.54.54:050][  0]LogFileCache: Scanning file cache for directory 'C:/Users/smdex/Documents/GitHub/beatRush/beatRush/Content/Developers/smdex/Collections/' took 0.04s
[2019.12.02-17.54.54:050][  0]LogFileCache: Scanning file cache for directory 'C:/Users/smdex/Documents/GitHub/beatRush/beatRush/Content/Collections/' took 0.02s
[2019.12.02-17.54.54:050][  0]LogCollectionManager: Rebuilt the GUID cache for 0 collections in 0.000001 seconds
[2019.12.02-17.54.54:072][  0]LogContentBrowser: Native class hierarchy populated in 0.0216 seconds. Added 2734 classes and 661 folders.
[2019.12.02-17.54.54:087][  0]LogContentBrowser: Native class hierarchy updated for 'WidgetCarousel' in 0.0005 seconds. Added 0 classes and 0 folders.
[2019.12.02-17.54.54:102][  0]LogPakFile: Registered encryption key '00000000000000000000000000000000': 0 pak files mounted, 0 remain pending
[2019.12.02-17.54.54:114][  0]LogPakFile: Registered encryption key '00000000000000000000000000000000': 0 pak files mounted, 0 remain pending
[2019.12.02-17.54.54:145][  0]LogPakFile: Registered encryption key '00000000000000000000000000000000': 0 pak files mounted, 0 remain pending
[2019.12.02-17.54.54:153][  0]LogPakFile: Registered encryption key '00000000000000000000000000000000': 0 pak files mounted, 0 remain pending
[2019.12.02-17.54.54:162][  0]LogPakFile: Registered encryption key '00000000000000000000000000000000': 0 pak files mounted, 0 remain pending
[2019.12.02-17.54.54:172][  0]LogPakFile: Registered encryption key '00000000000000000000000000000000': 0 pak files mounted, 0 remain pending
[2019.12.02-17.54.54:181][  0]LogPakFile: Registered encryption key '00000000000000000000000000000000': 0 pak files mounted, 0 remain pending
[2019.12.02-17.54.54:191][  0]LogPakFile: Registered encryption key '00000000000000000000000000000000': 0 pak files mounted, 0 remain pending
[2019.12.02-17.54.54:201][  0]LogPakFile: Registered encryption key '00000000000000000000000000000000': 0 pak files mounted, 0 remain pending
[2019.12.02-17.54.54:213][  0]LogPakFile: Registered encryption key '00000000000000000000000000000000': 0 pak files mounted, 0 remain pending
[2019.12.02-17.54.54:223][  0]LogPakFile: Registered encryption key '00000000000000000000000000000000': 0 pak files mounted, 0 remain pending
[2019.12.02-17.54.54:233][  0]LogPakFile: Registered encryption key '00000000000000000000000000000000': 0 pak files mounted, 0 remain pending
[2019.12.02-17.54.54:243][  0]LogPakFile: Registered encryption key '00000000000000000000000000000000': 0 pak files mounted, 0 remain pending
[2019.12.02-17.54.54:253][  0]LogPakFile: Registered encryption key '00000000000000000000000000000000': 0 pak files mounted, 0 remain pending
[2019.12.02-17.54.54:263][  0]LogPakFile: Registered encryption key '00000000000000000000000000000000': 0 pak files mounted, 0 remain pending
[2019.12.02-17.54.54:273][  0]LogPakFile: Registered encryption key '00000000000000000000000000000000': 0 pak files mounted, 0 remain pending
[2019.12.02-17.54.54:330][  0]LogPakFile: Registered encryption key '00000000000000000000000000000000': 0 pak files mounted, 0 remain pending
[2019.12.02-17.54.54:340][  0]LogPakFile: Registered encryption key '00000000000000000000000000000000': 0 pak files mounted, 0 remain pending
[2019.12.02-17.54.54:350][  0]LogPakFile: Registered encryption key '00000000000000000000000000000000': 0 pak files mounted, 0 remain pending
[2019.12.02-17.54.54:359][  0]LogPakFile: Registered encryption key '00000000000000000000000000000000': 0 pak files mounted, 0 remain pending
[2019.12.02-17.54.54:369][  0]LogPakFile: Registered encryption key '00000000000000000000000000000000': 0 pak files mounted, 0 remain pending
[2019.12.02-17.54.54:379][  0]LogPakFile: Registered encryption key '00000000000000000000000000000000': 0 pak files mounted, 0 remain pending
[2019.12.02-17.54.54:389][  0]LogPakFile: Registered encryption key '00000000000000000000000000000000': 0 pak files mounted, 0 remain pending
[2019.12.02-17.54.54:399][  0]LogPakFile: Registered encryption key '00000000000000000000000000000000': 0 pak files mounted, 0 remain pending
[2019.12.02-17.54.54:408][  0]LogPakFile: Registered encryption key '00000000000000000000000000000000': 0 pak files mounted, 0 remain pending
[2019.12.02-17.54.54:416][  0]LogPakFile: Registered encryption key '00000000000000000000000000000000': 0 pak files mounted, 0 remain pending
[2019.12.02-17.54.54:714][  0]LogContentBrowser: Native class hierarchy updated for 'AddContentDialog' in 0.0006 seconds. Added 0 classes and 0 folders.
[2019.12.02-17.54.54:728][  0]LogContentBrowser: Native class hierarchy updated for 'SceneOutliner' in 0.0010 seconds. Added 1 classes and 2 folders.
[2019.12.02-17.54.54:914][  0]LogSlate: Took 0.007455 seconds to synchronously load lazily loaded font '../../../Engine/Content/Slate/Fonts/Roboto-Regular.ttf' (155K)
[2019.12.02-17.54.54:928][  0]LogSlate: Took 0.008539 seconds to synchronously load lazily loaded font '../../../Engine/Content/Slate/Fonts/Roboto-Bold.ttf' (160K)
[2019.12.02-17.54.54:946][  0]LogSlate: Took 0.008741 seconds to synchronously load lazily loaded font '../../../Engine/Content/Editor/Slate/Fonts/FontAwesome.ttf' (139K)
[2019.12.02-17.54.55:130][  0]LogRenderer: Reallocating scene render targets to support 1452x712 Format 9 NumSamples 1 (Frame:1).
[2019.12.02-17.54.55:469][  0]LogContentBrowser: Native class hierarchy updated for 'HierarchicalLODOutliner' in 0.0006 seconds. Added 0 classes and 0 folders.
[2019.12.02-17.54.55:470][  0]LogLoad: (Engine Initialization) Total time: 32.28 seconds
[2019.12.02-17.54.55:470][  0]LogLoad: (Engine Initialization) Total Blueprint compile time: 0.00 seconds
[2019.12.02-17.54.55:559][  0]LogContentStreaming: Texture pool size now 800 MB
[2019.12.02-17.55.00:814][237]LogAssetRegistry: Asset discovery search completed in 22.6657 seconds
[2019.12.02-17.55.00:818][237]LogCollectionManager: Rebuilt the object cache for 0 collections in 0.000000 seconds (found 0 objects)
[2019.12.02-17.55.00:818][237]LogCollectionManager: Fixed up redirectors for 0 collections in 0.000114 seconds (updated 0 objects)
[2019.12.02-17.55.03:069][355]LogSlate: FSceneViewport::OnFocusLost() reason 0
[2019.12.02-17.55.15:769][962]LogSlate: Window 'Plugins' being destroyed
[2019.12.02-17.55.15:787][962]LogSlate: Window 'Plugins' being destroyed
[2019.12.02-17.55.15:787][962]LogDirectoryWatcher: A directory notification for '../../../Engine/Plugins/' was aborted.
[2019.12.02-17.56.23:446][954]LogSlate: FSceneViewport::OnFocusLost() reason 0
[2019.12.02-17.56.23:513][958]LogTemp: Repeating last play command: Selected Viewport
[2019.12.02-17.56.23:529][958]LogBlueprintUserMessages: Early PlayInEditor Detection: Level '/Game/FlyingCPP/Maps/FlyingExampleMap.FlyingExampleMap:PersistentLevel' has LevelScriptBlueprint '/Game/FlyingCPP/Maps/FlyingExampleMap.FlyingExampleMap:PersistentLevel.FlyingExampleMap' with GeneratedClass '/Game/FlyingCPP/Maps/FlyingExampleMap.FlyingExampleMap_C' with ClassGeneratedBy '/Game/FlyingCPP/Maps/FlyingExampleMap.FlyingExampleMap:PersistentLevel.FlyingExampleMap'
[2019.12.02-17.56.23:529][958]LogPlayLevel: PlayLevel: No blueprints needed recompiling
[2019.12.02-17.56.23:531][958]PIE: New page: PIE session: FlyingExampleMap (Dec 2, 2019, 7:56:23 PM)
[2019.12.02-17.56.23:544][958]LogPlayLevel: Creating play world package: /Game/FlyingCPP/Maps/UEDPIE_0_FlyingExampleMap
[2019.12.02-17.56.23:573][958]LogPlayLevel: PIE: StaticDuplicateObject took: (0.028171s)
[2019.12.02-17.56.23:574][958]LogAIModule: Creating AISystem for world FlyingExampleMap
[2019.12.02-17.56.23:574][958]LogPlayLevel: PIE: World Init took: (0.001241s)
[2019.12.02-17.56.23:574][958]LogPlayLevel: PIE: Created PIE world by copying editor world from /Game/FlyingCPP/Maps/FlyingExampleMap.FlyingExampleMap to /Game/FlyingCPP/Maps/UEDPIE_0_FlyingExampleMap.FlyingExampleMap (0.030061s)
[2019.12.02-17.56.23:603][958]LogUObjectHash: Compacting FUObjectHashTables data took   1.58ms
[2019.12.02-17.56.23:640][958]LogInit: XAudio2 using 'Speakers / Headphones (Realtek Audio)' : 6 channels at 48 kHz using 32 bits per sample (channel mask 0x3f)
[2019.12.02-17.56.23:657][958]LogInit: FAudioDevice initialized.
[2019.12.02-17.56.23:704][958]LogLoad: Game class is 'beatRushGameMode'
[2019.12.02-17.56.23:713][958]LogWorld: Bringing World /Game/FlyingCPP/Maps/UEDPIE_0_FlyingExampleMap.FlyingExampleMap up for play (max tick rate 60) at 2019.12.02-18.56.23
[2019.12.02-17.56.23:714][958]LogWorld: Bringing up level for play took: 0.008177
[2019.12.02-17.56.23:739][958]LogContentBrowser: Native class hierarchy updated for 'MovieSceneCapture' in 0.0008 seconds. Added 20 classes and 0 folders.
[2019.12.02-17.56.23:740][958]PIE: Play in editor start time for /Game/FlyingCPP/Maps/UEDPIE_0_FlyingExampleMap 0.292
[2019.12.02-17.56.23:741][958]LogBlueprintUserMessages: Late PlayInEditor Detection: Level '/Game/FlyingCPP/Maps/FlyingExampleMap.FlyingExampleMap:PersistentLevel' has LevelScriptBlueprint '/Game/FlyingCPP/Maps/FlyingExampleMap.FlyingExampleMap:PersistentLevel.FlyingExampleMap' with GeneratedClass '/Game/FlyingCPP/Maps/FlyingExampleMap.FlyingExampleMap_C' with ClassGeneratedBy '/Game/FlyingCPP/Maps/FlyingExampleMap.FlyingExampleMap:PersistentLevel.FlyingExampleMap'
[2019.12.02-17.56.41:865][ 43]LogBlueprintUserMessages: Early EndPlayMap Detection: Level '/Game/FlyingCPP/Maps/FlyingExampleMap.FlyingExampleMap:PersistentLevel' has LevelScriptBlueprint '/Game/FlyingCPP/Maps/FlyingExampleMap.FlyingExampleMap:PersistentLevel.FlyingExampleMap' with GeneratedClass '/Game/FlyingCPP/Maps/FlyingExampleMap.FlyingExampleMap_C' with ClassGeneratedBy '/Game/FlyingCPP/Maps/FlyingExampleMap.FlyingExampleMap:PersistentLevel.FlyingExampleMap'
[2019.12.02-17.56.41:866][ 43]LogSlate: Updating window title bar state: overlay mode, drag disabled, window buttons hidden, title bar hidden
[2019.12.02-17.56.41:900][ 43]LogPlayLevel: Display: Shutting down PIE online subsystems
[2019.12.02-17.56.41:900][ 43]LogBlueprintUserMessages: Late EndPlayMap Detection: Level '/Game/FlyingCPP/Maps/FlyingExampleMap.FlyingExampleMap:PersistentLevel' has LevelScriptBlueprint '/Game/FlyingCPP/Maps/FlyingExampleMap.FlyingExampleMap:PersistentLevel.FlyingExampleMap' with GeneratedClass '/Game/FlyingCPP/Maps/FlyingExampleMap.FlyingExampleMap_C' with ClassGeneratedBy '/Game/FlyingCPP/Maps/FlyingExampleMap.FlyingExampleMap:PersistentLevel.FlyingExampleMap'
[2019.12.02-17.56.41:926][ 43]LogSlate: Updating window title bar state: overlay mode, drag disabled, window buttons hidden, title bar hidden
[2019.12.02-17.56.41:931][ 43]LogUObjectHash: Compacting FUObjectHashTables data took   1.56ms
[2019.12.02-17.56.41:967][ 44]LogPlayLevel: Display: Destroying online subsystem :Context_1
[2019.12.02-17.56.43:358][125]LogSlate: Took 0.008765 seconds to synchronously load lazily loaded font '../../../Engine/Content/Slate/Fonts/Roboto-Light.ttf' (167K)
[2019.12.02-17.56.45:181][232]LogUObjectHash: Compacting FUObjectHashTables data took   0.74ms
[2019.12.02-17.56.49:245][398]LogSlate: FSceneViewport::OnFocusLost() reason 0
[2019.12.02-17.56.49:308][400]LogUObjectHash: Compacting FUObjectHashTables data took   1.04ms
[2019.12.02-17.56.49:379][400]LogSlate: Window 'beatRush - Unreal Editor' being destroyed
[2019.12.02-17.56.49:380][400]LogWindowsTextInputMethodSystem: Display: IME system now deactivated.
[2019.12.02-17.56.49:732][401]Cmd: QUIT_EDITOR
[2019.12.02-17.56.50:627][401]LogExit: Preparing to exit.
[2019.12.02-17.56.51:123][401]LogExit: Editor shut down
[2019.12.02-17.56.51:123][401]LogExit: Transaction tracking system shut down
[2019.12.02-17.56.51:329][401]LogExit: Object subsystem successfully closed.
[2019.12.02-17.56.51:358][401]LogShaderCompilers: Display: Shaders left to compile 0
[2019.12.02-17.56.51:362][401]LogD3D11RHI: Shutdown
[2019.12.02-17.56.51:362][401]LogD3D11RHI: CleanupD3DDevice
[2019.12.02-17.56.51:363][401]LogRendererCore: FGlobalReadBuffer::ReleaseRHI
[2019.12.02-17.56.51:363][401]LogRendererCore: FGlobalDynamicReadBuffer::Cleanup()
[2019.12.02-17.56.51:363][401]LogRendererCore: FGlobalReadBuffer::ReleaseRHI
[2019.12.02-17.56.51:363][401]LogRendererCore: FGlobalDynamicReadBuffer::Cleanup()
[2019.12.02-17.56.51:363][401]LogRendererCore: FGlobalReadBuffer::ReleaseRHI
[2019.12.02-17.56.51:363][401]LogRendererCore: FGlobalDynamicReadBuffer::Cleanup()
[2019.12.02-17.56.51:498][401]LogD3D11RHI: ~FD3D11DynamicRHI
[2019.12.02-17.56.51:614][401]LogModuleManager: Shutting down and abandoning module MovieSceneCapture (648)
[2019.12.02-17.56.51:614][401]LogModuleManager: Shutting down and abandoning module Voice (646)
[2019.12.02-17.56.51:614][401]LogModuleManager: Shutting down and abandoning module HierarchicalLODOutliner (644)
[2019.12.02-17.56.51:614][401]LogModuleManager: Shutting down and abandoning module SceneOutliner (642)
[2019.12.02-17.56.51:614][401]LogModuleManager: Shutting down and abandoning module AddContentDialog (640)
[2019.12.02-17.56.51:615][401]LogModuleManager: Shutting down and abandoning module WidgetCarousel (639)
[2019.12.02-17.56.51:616][401]LogModuleManager: Shutting down and abandoning module EditorWidgets (636)
[2019.12.02-17.56.51:616][401]LogModuleManager: Shutting down and abandoning module CollectionManager (634)
[2019.12.02-17.56.51:617][401]LogModuleManager: Shutting down and abandoning module StatsViewer (632)
[2019.12.02-17.56.51:617][401]LogModuleManager: Shutting down and abandoning module FoliageEdit (630)
[2019.12.02-17.56.51:617][401]LogModuleManager: Shutting down and abandoning module LandscapeEditor (628)
[2019.12.02-17.56.51:617][401]LogModuleManager: Shutting down and abandoning module MeshPaintMode (626)
[2019.12.02-17.56.51:617][401]LogModuleManager: Shutting down and abandoning module SceneDepthPickerMode (624)
[2019.12.02-17.56.51:617][401]LogModuleManager: Shutting down and abandoning module ActorPickerMode (622)
[2019.12.02-17.56.51:617][401]LogModuleManager: Shutting down and abandoning module GeometryMode (620)
[2019.12.02-17.56.51:617][401]LogModuleManager: Shutting down and abandoning module TextureAlignMode (618)
[2019.12.02-17.56.51:618][401]LogModuleManager: Shutting down and abandoning module BspMode (616)
[2019.12.02-17.56.51:618][401]LogModuleManager: Shutting down and abandoning module PIEPreviewDeviceProfileSelector (614)
[2019.12.02-17.56.51:619][401]LogModuleManager: Shutting down and abandoning module SequenceRecorderSections (612)
[2019.12.02-17.56.51:619][401]LogModuleManager: Shutting down and abandoning module AutomationWorker (610)
[2019.12.02-17.56.51:619][401]LogModuleManager: Shutting down and abandoning module OculusMR (608)
[2019.12.02-17.56.51:619][401]LogModuleManager: Shutting down and abandoning module AudioCaptureEditor (606)
[2019.12.02-17.56.51:619][401]LogModuleManager: Shutting down and abandoning module MatineeToLevelSequence (604)
[2019.12.02-17.56.51:620][401]LogModuleManager: Shutting down and abandoning module LevelSequenceEditor (602)
[2019.12.02-17.56.51:620][401]LogModuleManager: Shutting down and abandoning module PlacementMode (601)
[2019.12.02-17.56.51:620][401]LogModuleManager: Shutting down and abandoning module MaterialEditor (600)
[2019.12.02-17.56.51:620][401]LogModuleManager: Shutting down and abandoning module ActorSequenceEditor (596)
[2019.12.02-17.56.51:620][401]LogModuleManager: Shutting down and abandoning module WmfMediaFactory (594)
[2019.12.02-17.56.51:620][401]LogModuleManager: Shutting down and abandoning module WmfMediaEditor (592)
[2019.12.02-17.56.51:620][401]LogModuleManager: Shutting down and abandoning module WebMMediaFactory (590)
[2019.12.02-17.56.51:620][401]LogModuleManager: Shutting down and abandoning module WebMMediaEditor (588)
[2019.12.02-17.56.51:620][401]LogModuleManager: Shutting down and abandoning module WebMMedia (586)
[2019.12.02-17.56.51:620][401]LogModuleManager: Shutting down and abandoning module MediaPlayerEditor (584)
[2019.12.02-17.56.51:620][401]LogModuleManager: Shutting down and abandoning module MediaCompositingEditor (582)
[2019.12.02-17.56.51:620][401]LogModuleManager: Shutting down and abandoning module SequenceRecorder (581)
[2019.12.02-17.56.51:620][401]LogModuleManager: Shutting down and abandoning module OpenExrWrapper (578)
[2019.12.02-17.56.51:620][401]LogModuleManager: Shutting down and abandoning module ImgMediaFactory (576)
[2019.12.02-17.56.51:621][401]LogModuleManager: Shutting down and abandoning module ImgMediaEditor (574)
[2019.12.02-17.56.51:621][401]LogModuleManager: Shutting down and abandoning module AvfMediaFactory (572)
[2019.12.02-17.56.51:621][401]LogModuleManager: Shutting down and abandoning module AvfMediaEditor (570)
[2019.12.02-17.56.51:621][401]LogModuleManager: Shutting down and abandoning module AndroidMediaFactory (568)
[2019.12.02-17.56.51:621][401]LogModuleManager: Shutting down and abandoning module AndroidMediaEditor (566)
[2019.12.02-17.56.51:621][401]LogModuleManager: Shutting down and abandoning module MagicLeapCameraPreviewFactory (564)
[2019.12.02-17.56.51:621][401]LogModuleManager: Shutting down and abandoning module MagicLeapMediaCodecFactory (562)
[2019.12.02-17.56.51:621][401]LogModuleManager: Shutting down and abandoning module MagicLeapMediaFactory (560)
[2019.12.02-17.56.51:621][401]LogModuleManager: Shutting down and abandoning module MagicLeapMediaEditor (558)
[2019.12.02-17.56.51:621][401]LogModuleManager: Shutting down and abandoning module CharacterAI (556)
[2019.12.02-17.56.51:621][401]LogModuleManager: Shutting down and abandoning module SmartSnapping (554)
[2019.12.02-17.56.51:621][401]LogModuleManager: Shutting down and abandoning module SessionServices (552)
[2019.12.02-17.56.51:621][401]LogModuleManager: Shutting down and abandoning module MeshPaint (550)
[2019.12.02-17.56.51:621][401]LogModuleManager: Shutting down and abandoning module ViewportSnapping (548)
[2019.12.02-17.56.51:621][401]LogModuleManager: Shutting down and abandoning module ViewportInteraction (546)
[2019.12.02-17.56.51:621][401]LogModuleManager: Shutting down and abandoning module ClothPainter (544)
[2019.12.02-17.56.51:621][401]LogModuleManager: Shutting down and abandoning module SkeletalMeshEditor (543)
[2019.12.02-17.56.51:621][401]LogModuleManager: Shutting down and abandoning module LogVisualizer (540)
[2019.12.02-17.56.51:621][401]LogModuleManager: Shutting down and abandoning module IntroTutorials (538)
[2019.12.02-17.56.51:621][401]LogModuleManager: Shutting down and abandoning module GameProjectGeneration (537)
[2019.12.02-17.56.51:621][401]LogModuleManager: Shutting down and abandoning module LuminPlatformEditor (534)
[2019.12.02-17.56.51:621][401]LogModuleManager: Shutting down and abandoning module IOSPlatformEditor (532)
[2019.12.02-17.56.51:621][401]LogModuleManager: Shutting down and abandoning module HTML5PlatformEditor (530)
[2019.12.02-17.56.51:621][401]LogModuleManager: Shutting down and abandoning module AndroidPlatformEditor (528)
[2019.12.02-17.56.51:622][401]LogModuleManager: Shutting down and abandoning module AndroidDeviceDetection (527)
[2019.12.02-17.56.52:525][401]LogModuleManager: Shutting down and abandoning module WindowsPlatformEditor (524)
[2019.12.02-17.56.52:525][401]LogModuleManager: Shutting down and abandoning module LuminRuntimeSettings (522)
[2019.12.02-17.56.52:525][401]LogModuleManager: Shutting down and abandoning module IOSRuntimeSettings (520)
[2019.12.02-17.56.52:525][401]LogModuleManager: Shutting down and abandoning module AndroidRuntimeSettings (518)
[2019.12.02-17.56.52:525][401]LogModuleManager: Shutting down and abandoning module TimeManagementEditor (516)
[2019.12.02-17.56.52:525][401]LogModuleManager: Shutting down and abandoning module InputBindingEditor (514)
[2019.12.02-17.56.52:525][401]LogModuleManager: Shutting down and abandoning module MergeActors (512)
[2019.12.02-17.56.52:525][401]LogModuleManager: Shutting down and abandoning module LocalizationDashboard (510)
[2019.12.02-17.56.52:526][401]LogModuleManager: Shutting down and abandoning module LocalizationService (509)
[2019.12.02-17.56.52:526][401]LogModuleManager: Shutting down and abandoning module HardwareTargeting (506)
[2019.12.02-17.56.52:526][401]LogModuleManager: Shutting down and abandoning module DeviceProfileEditor (504)
[2019.12.02-17.56.52:526][401]LogModuleManager: Shutting down and abandoning module UndoHistory (502)
[2019.12.02-17.56.52:526][401]LogModuleManager: Shutting down and abandoning module XmlParser (500)
[2019.12.02-17.56.52:526][401]LogModuleManager: Shutting down and abandoning module Blutility (498)
[2019.12.02-17.56.52:526][401]LogModuleManager: Shutting down and abandoning module ProjectSettingsViewer (496)
[2019.12.02-17.56.52:526][401]LogModuleManager: Shutting down and abandoning module ProjectTargetPlatformEditor (495)
[2019.12.02-17.56.52:526][401]LogModuleManager: Shutting down and abandoning module EditorSettingsViewer (492)
[2019.12.02-17.56.52:526][401]LogModuleManager: Shutting down and abandoning module SettingsEditor (490)
[2019.12.02-17.56.52:526][401]LogModuleManager: Shutting down and abandoning module ProjectLauncher (488)
[2019.12.02-17.56.52:526][401]LogModuleManager: Shutting down and abandoning module SessionFrontend (486)
[2019.12.02-17.56.52:526][401]LogModuleManager: Shutting down and abandoning module ProfilerClient (484)
[2019.12.02-17.56.52:526][401]LogModuleManager: Shutting down and abandoning module DeviceManager (482)
[2019.12.02-17.56.52:526][401]LogModuleManager: Shutting down and abandoning module TargetDeviceServices (481)
[2019.12.02-17.56.52:570][401]LogModuleManager: Shutting down and abandoning module AutomationController (478)
[2019.12.02-17.56.52:570][401]LogModuleManager: Shutting down and abandoning module AutomationWindow (476)
[2019.12.02-17.56.52:570][401]LogModuleManager: Shutting down and abandoning module Layers (474)
[2019.12.02-17.56.52:570][401]LogModuleManager: Shutting down and abandoning module ComponentVisualizers (472)
[2019.12.02-17.56.52:570][401]LogModuleManager: Shutting down and abandoning module DetailCustomizations (470)
[2019.12.02-17.56.52:570][401]LogModuleManager: Shutting down and abandoning module PackagesDialog (468)
[2019.12.02-17.56.52:570][401]LogModuleManager: Shutting down and abandoning module AnimationBlueprintEditor (466)
[2019.12.02-17.56.52:570][401]LogModuleManager: Shutting down and abandoning module Persona (464)
[2019.12.02-17.56.52:570][401]LogModuleManager: Shutting down and abandoning module AdvancedPreviewScene (463)
[2019.12.02-17.56.52:570][401]LogModuleManager: Shutting down and abandoning module AnimGraph (461)
[2019.12.02-17.56.52:570][401]LogModuleManager: Shutting down and abandoning module Kismet (458)
[2019.12.02-17.56.52:570][401]LogModuleManager: Shutting down and abandoning module GraphEditor (456)
[2019.12.02-17.56.52:571][401]LogModuleManager: Shutting down and abandoning module ClassViewer (454)
[2019.12.02-17.56.52:571][401]LogModuleManager: Shutting down and abandoning module Toolbox (452)
[2019.12.02-17.56.52:571][401]LogModuleManager: Shutting down and abandoning module DesktopPlatform (451)
[2019.12.02-17.56.52:571][401]LogModuleManager: Shutting down and abandoning module ModuleUI (448)
[2019.12.02-17.56.52:571][401]LogModuleManager: Shutting down and abandoning module MovieSceneTools (446)
[2019.12.02-17.56.52:571][401]LogModuleManager: Shutting down and abandoning module OutputLog (444)
[2019.12.02-17.56.52:571][401]LogModuleManager: Shutting down and abandoning module GammaUI (442)
[2019.12.02-17.56.52:571][401]LogModuleManager: Shutting down and abandoning module Documentation (440)
[2019.12.02-17.56.52:571][401]LogModuleManager: Shutting down and abandoning module LiveCoding (438)
[2019.12.02-17.56.52:571][401]LogModuleManager: Shutting down and abandoning module LevelSequence (436)
[2019.12.02-17.56.52:571][401]LogModuleManager: Shutting down and abandoning module MovieSceneTracks (434)
[2019.12.02-17.56.52:571][401]LogModuleManager: Shutting down and abandoning module MovieScene (432)
[2019.12.02-17.56.52:571][401]LogModuleManager: Shutting down and abandoning module StreamingPauseRendering (430)
[2019.12.02-17.56.52:571][401]LogModuleManager: Shutting down and abandoning module LauncherPlatform (428)
[2019.12.02-17.56.52:571][401]LogModuleManager: Shutting down and abandoning module AnalyticsET (426)
[2019.12.02-17.56.52:571][401]LogModuleManager: Shutting down and abandoning module PortalServices (424)
[2019.12.02-17.56.52:571][401]LogModuleManager: Shutting down and abandoning module PortalRpc (422)
[2019.12.02-17.56.52:571][401]LogModuleManager: Shutting down and abandoning module MessagingRpc (420)
[2019.12.02-17.56.52:571][401]LogModuleManager: Shutting down and abandoning module AIModule (418)
[2019.12.02-17.56.52:571][401]LogModuleManager: Shutting down and abandoning module GameplayDebugger (417)
[2019.12.02-17.56.52:571][401]LogModuleManager: Shutting down and abandoning module AITestSuite (415)
[2019.12.02-17.56.52:571][401]LogModuleManager: Shutting down and abandoning module NavigationSystem (413)
[2019.12.02-17.56.52:571][401]LogModuleManager: Shutting down and abandoning module ImageWriteQueue (410)
[2019.12.02-17.56.52:577][401]LogModuleManager: Shutting down and abandoning module ProfilerService (408)
[2019.12.02-17.56.52:650][401]LogModuleManager: Shutting down and abandoning module TaskGraph (406)
[2019.12.02-17.56.52:650][401]LogModuleManager: Shutting down and abandoning module SteamVRController (404)
[2019.12.02-17.56.52:650][401]LogModuleManager: Shutting down and abandoning module ProceduralMeshComponentEditor (402)
[2019.12.02-17.56.52:650][401]LogModuleManager: Shutting down and abandoning module ProceduralMeshComponent (400)
[2019.12.02-17.56.52:650][401]LogModuleManager: Shutting down and abandoning module OculusEditor (398)
[2019.12.02-17.56.52:650][401]LogModuleManager: Shutting down and abandoning module OculusInput (396)
[2019.12.02-17.56.52:650][401]LogModuleManager: Shutting down and abandoning module MobilePatchingUtils (394)
[2019.12.02-17.56.52:650][401]LogModuleManager: Shutting down and abandoning module EditableMesh (392)
[2019.12.02-17.56.52:650][401]LogModuleManager: Shutting down and abandoning module CustomMeshComponent (390)
[2019.12.02-17.56.52:650][401]LogModuleManager: Shutting down and abandoning module CableComponent (388)
[2019.12.02-17.56.52:650][401]LogModuleManager: Shutting down and abandoning module AudioCapture (386)
[2019.12.02-17.56.52:650][401]LogModuleManager: Shutting down and abandoning module ArchVisCharacter (384)
[2019.12.02-17.56.52:651][401]LogModuleManager: Shutting down and abandoning module AndroidPermission (382)
[2019.12.02-17.56.52:651][401]LogModuleManager: Shutting down and abandoning module NUTUnrealEngine4 (380)
[2019.12.02-17.56.52:651][401]LogModuleManager: Shutting down and abandoning module NetcodeUnitTest (378)
[2019.12.02-17.56.52:651][401]LogModuleManager: Shutting down and abandoning module MediaCompositing (376)
[2019.12.02-17.56.52:651][401]LogModuleManager: Shutting down and abandoning module LinearTimecode (374)
[2019.12.02-17.56.52:651][401]LogModuleManager: Shutting down and abandoning module ImgMedia (372)
[2019.12.02-17.56.52:651][401]LogModuleManager: Shutting down and abandoning module MagicLeapHelperVulkan (370)
[2019.12.02-17.56.52:651][401]LogModuleManager: Shutting down and abandoning module MagicLeapHelperOpenGL (368)
[2019.12.02-17.56.52:651][401]LogModuleManager: Shutting down and abandoning module MagicLeapAudio (366)
[2019.12.02-17.56.52:651][401]LogModuleManager: Shutting down and abandoning module HTML5Networking (364)
[2019.12.02-17.56.52:651][401]LogModuleManager: Shutting down and abandoning module GeometryCacheTracks (362)
[2019.12.02-17.56.52:651][401]LogModuleManager: Shutting down and abandoning module GeometryCacheSequencer (360)
[2019.12.02-17.56.52:651][401]LogModuleManager: Shutting down and abandoning module BackChannel (358)
[2019.12.02-17.56.52:651][401]LogModuleManager: Shutting down and abandoning module AppleVision (356)
[2019.12.02-17.56.52:651][401]LogModuleManager: Shutting down and abandoning module AppleImageUtilsBlueprintSupport (354)
[2019.12.02-17.56.52:651][401]LogModuleManager: Shutting down and abandoning module AppleImageUtils (352)
[2019.12.02-17.56.52:651][401]LogModuleManager: Shutting down and abandoning module AlembicImporter (350)
[2019.12.02-17.56.52:651][401]LogModuleManager: Shutting down and abandoning module AlembicLibrary (349)
[2019.12.02-17.56.52:651][401]LogModuleManager: Shutting down and abandoning module GeometryCache (348)
[2019.12.02-17.56.52:651][401]LogModuleManager: Shutting down and abandoning module GeometryCacheEd (347)
[2019.12.02-17.56.52:651][401]LogModuleManager: Shutting down and abandoning module VariantManagerContent (342)
[2019.12.02-17.56.52:651][401]LogModuleManager: Shutting down and abandoning module DatasmithContentEditor (340)
[2019.12.02-17.56.52:651][401]LogModuleManager: Shutting down and abandoning module SpeedTreeImporter (338)
[2019.12.02-17.56.52:651][401]LogModuleManager: Shutting down and abandoning module PluginBrowser (336)
[2019.12.02-17.56.52:651][401]LogModuleManager: Shutting down and abandoning module MobileLauncherProfileWizard (334)
[2019.12.02-17.56.52:651][401]LogModuleManager: Shutting down and abandoning module MaterialAnalyzer (332)
[2019.12.02-17.56.52:651][401]LogModuleManager: Shutting down and abandoning module CryptoKeysOpenSSL (330)
[2019.12.02-17.56.52:651][401]LogModuleManager: Shutting down and abandoning module CryptoKeys (328)
[2019.12.02-17.56.52:651][401]LogModuleManager: Shutting down and abandoning module VisualStudioSourceCodeAccess (326)
[2019.12.02-17.56.52:651][401]LogModuleManager: Shutting down and abandoning module VisualStudioCodeSourceCodeAccess (324)
[2019.12.02-17.56.52:651][401]LogModuleManager: Shutting down and abandoning module UObjectPlugin (322)
[2019.12.02-17.56.52:651][401]LogModuleManager: Shutting down and abandoning module SubversionSourceControl (320)
[2019.12.02-17.56.52:651][401]LogModuleManager: Shutting down and abandoning module PerforceSourceControl (318)
[2019.12.02-17.56.52:652][401]LogModuleManager: Shutting down and abandoning module GitSourceControl (316)
[2019.12.02-17.56.52:652][401]LogModuleManager: Shutting down and abandoning module SourceControl (315)
[2019.12.02-17.56.52:652][401]LogModuleManager: Shutting down and abandoning module CLionSourceCodeAccess (312)
[2019.12.02-17.56.52:652][401]LogModuleManager: Shutting down and abandoning module AnimationSharingEd (310)
[2019.12.02-17.56.52:652][401]LogModuleManager: Shutting down and abandoning module ActorLayerUtilitiesEditor (308)
[2019.12.02-17.56.52:652][401]LogModuleManager: Shutting down and abandoning module ActorLayerUtilities (306)
[2019.12.02-17.56.52:652][401]LogModuleManager: Shutting down and abandoning module LightPropagationVolumeEditor (304)
[2019.12.02-17.56.52:652][401]LogModuleManager: Shutting down and abandoning module PaperTiledImporter (302)
[2019.12.02-17.56.52:652][401]LogModuleManager: Shutting down and abandoning module PaperSpriteSheetImporter (300)
[2019.12.02-17.56.52:652][401]LogModuleManager: Shutting down and abandoning module Paper2DEditor (298)
[2019.12.02-17.56.52:652][401]LogModuleManager: Shutting down and abandoning module beatRush (296)
[2019.12.02-17.56.52:652][401]LogModuleManager: Shutting down and abandoning module SignificanceManager (294)
[2019.12.02-17.56.52:652][401]LogModuleManager: Shutting down and abandoning module RuntimePhysXCooking (292)
[2019.12.02-17.56.52:652][401]LogModuleManager: Shutting down and abandoning module PhysXVehiclesEditor (290)
[2019.12.02-17.56.52:652][401]LogModuleManager: Shutting down and abandoning module PhysXVehicles (288)
[2019.12.02-17.56.52:652][401]LogModuleManager: Shutting down and abandoning module LocationServicesBPLibrary (286)
[2019.12.02-17.56.52:652][401]LogModuleManager: Shutting down and abandoning module ActorSequence (284)
[2019.12.02-17.56.52:652][401]LogModuleManager: Shutting down and abandoning module UdpMessaging (282)
[2019.12.02-17.56.52:753][401]LogModuleManager: Shutting down and abandoning module TcpMessaging (280)
[2019.12.02-17.56.52:854][401]LogModuleManager: Shutting down and abandoning module MagicLeapIdentity (278)
[2019.12.02-17.56.52:854][401]LogModuleManager: Shutting down and abandoning module MagicLeapSecureStorage (276)
[2019.12.02-17.56.52:854][401]LogModuleManager: Shutting down and abandoning module MagicLeapHandTracking (274)
[2019.12.02-17.56.52:854][401]LogModuleManager: Shutting down and abandoning module MagicLeapEyeTracker (272)
[2019.12.02-17.56.52:854][401]LogModuleManager: Shutting down and abandoning module MagicLeapController (270)
[2019.12.02-17.56.52:854][401]LogSlate: Slate User Destroyed.  User Index 0, Is Virtual User: 0
[2019.12.02-17.56.52:854][401]LogModuleManager: Shutting down and abandoning module MagicLeapAR (268)
[2019.12.02-17.56.52:854][401]LogModuleManager: Shutting down and abandoning module AugmentedReality (267)
[2019.12.02-17.56.52:854][401]LogModuleManager: Shutting down and abandoning module GameplayTagsEditor (264)
[2019.12.02-17.56.52:854][401]LogModuleManager: Shutting down and abandoning module FacialAnimationEditor (262)
[2019.12.02-17.56.52:854][401]LogModuleManager: Shutting down and abandoning module FacialAnimation (260)
[2019.12.02-17.56.52:854][401]LogModuleManager: Shutting down and abandoning module DataValidation (258)
[2019.12.02-17.56.52:854][401]LogModuleManager: Shutting down and abandoning module AssetManagerEditor (256)
[2019.12.02-17.56.52:854][401]LogModuleManager: Shutting down and abandoning module LevelEditor (255)
[2019.12.02-17.56.52:855][401]LogModuleManager: Shutting down and abandoning module PixelInspectorModule (254)
[2019.12.02-17.56.52:855][401]LogModuleManager: Shutting down and abandoning module CommonMenuExtensions (252)
[2019.12.02-17.56.52:855][401]LogModuleManager: Shutting down and abandoning module MainFrame (250)
[2019.12.02-17.56.52:855][401]LogModuleManager: Shutting down and abandoning module HotReload (249)
[2019.12.02-17.56.52:856][401]LogModuleManager: Shutting down and abandoning module ContentBrowser (245)
[2019.12.02-17.56.52:857][401]LogModuleManager: Shutting down and abandoning module TreeMap (243)
[2019.12.02-17.56.52:857][401]LogModuleManager: Shutting down and abandoning module AnimationSharing (240)
[2019.12.02-17.56.52:857][401]LogModuleManager: Shutting down and abandoning module LightPropagationVolumeRuntime (238)
[2019.12.02-17.56.52:857][401]LogModuleManager: Shutting down and abandoning module AISupportModule (236)
[2019.12.02-17.56.52:857][401]LogModuleManager: Shutting down and abandoning module Paper2D (234)
[2019.12.02-17.56.52:857][401]LogModuleManager: Shutting down and abandoning module WindowsMoviePlayer (232)
[2019.12.02-17.56.52:857][401]LogModuleManager: Shutting down and abandoning module WebMMoviePlayer (230)
[2019.12.02-17.56.52:857][401]LogModuleManager: Shutting down and abandoning module PacketHandler (228)
[2019.12.02-17.56.52:857][401]LogModuleManager: Shutting down and abandoning module ClothingSystemEditor (226)
[2019.12.02-17.56.52:857][401]LogModuleManager: Shutting down and abandoning module ClothingSystemRuntime (224)
[2019.12.02-17.56.52:857][401]LogModuleManager: Shutting down and abandoning module MediaAssets (222)
[2019.12.02-17.56.52:857][401]LogModuleManager: Shutting down and abandoning module Overlay (220)
[2019.12.02-17.56.52:857][401]LogModuleManager: Shutting down and abandoning module OverlayEditor (219)
[2019.12.02-17.56.52:857][401]LogModuleManager: Shutting down and abandoning module VREditor (216)
[2019.12.02-17.56.52:858][401]LogModuleManager: Shutting down and abandoning module StringTableEditor (214)
[2019.12.02-17.56.52:858][401]LogModuleManager: Shutting down and abandoning module GameplayTasksEditor (212)
[2019.12.02-17.56.52:858][401]LogModuleManager: Shutting down and abandoning module BehaviorTreeEditor (210)
[2019.12.02-17.56.52:858][401]LogModuleManager: Shutting down and abandoning module FunctionalTesting (208)
[2019.12.02-17.56.52:858][401]LogModuleManager: Shutting down and abandoning module CollisionAnalyzer (206)
[2019.12.02-17.56.52:858][401]LogModuleManager: Shutting down and abandoning module WorkspaceMenuStructure (205)
[2019.12.02-17.56.52:858][401]LogModuleManager: Shutting down and abandoning module UMG (202)
[2019.12.02-17.56.52:858][401]LogModuleManager: Shutting down and abandoning module UMGEditor (201)
[2019.12.02-17.56.52:858][401]LogModuleManager: Shutting down and abandoning module Sequencer (200)
[2019.12.02-17.56.52:858][401]LogModuleManager: Shutting down and abandoning module MessageLog (197)
[2019.12.02-17.56.52:858][401]LogModuleManager: Shutting down and abandoning module SlateReflector (192)
[2019.12.02-17.56.52:858][401]LogModuleManager: Shutting down and abandoning module Slate (190)
[2019.12.02-17.56.52:858][401]LogModuleManager: Shutting down and abandoning module EditorStyle (188)
[2019.12.02-17.56.52:860][401]LogModuleManager: Shutting down and abandoning module UnrealEd (186)
[2019.12.02-17.56.52:860][401]LogModuleManager: Shutting down and abandoning module MRMesh (184)
[2019.12.02-17.56.52:860][401]LogModuleManager: Shutting down and abandoning module SourceCodeAccess (182)
[2019.12.02-17.56.52:860][401]LogModuleManager: Shutting down and abandoning module HeadMountedDisplay (180)
[2019.12.02-17.56.52:860][401]LogModuleManager: Shutting down and abandoning module XAudio2 (178)
[2019.12.02-17.56.52:860][401]LogModuleManager: Shutting down and abandoning module Networking (176)
[2019.12.02-17.56.52:860][401]LogModuleManager: Shutting down and abandoning module Core (174)
[2019.12.02-17.56.52:861][401]LogModuleManager: Shutting down and abandoning module KismetCompiler (172)
[2019.12.02-17.56.52:861][401]LogModuleManager: Shutting down and abandoning module MeshUtilities (170)
[2019.12.02-17.56.52:861][401]LogModuleManager: Shutting down and abandoning module MeshMergeUtilities (169)
[2019.12.02-17.56.52:861][401]LogModuleManager: Shutting down and abandoning module MeshReductionInterface (168)
[2019.12.02-17.56.52:861][401]LogModuleManager: Shutting down and abandoning module SkeletalMeshReduction (167)
[2019.12.02-17.56.52:861][401]LogModuleManager: Shutting down and abandoning module ProxyLODMeshReduction (165)
[2019.12.02-17.56.52:861][401]LogModuleManager: Shutting down and abandoning module QuadricMeshReduction (163)
[2019.12.02-17.56.52:861][401]LogModuleManager: Shutting down and abandoning module MaterialBaking (159)
[2019.12.02-17.56.52:861][401]LogModuleManager: Shutting down and abandoning module DerivedDataCache (154)
[2019.12.02-17.56.52:875][401]LogDerivedDataCache: Shutdown
[2019.12.02-17.56.52:875][401]LogModuleManager: Shutting down and abandoning module XGEController (152)
[2019.12.02-17.56.52:875][401]LogModuleManager: Shutting down and abandoning module TargetPlatform (150)
[2019.12.02-17.56.52:876][401]LogModuleManager: Shutting down and abandoning module VulkanShaderFormat (149)
[2019.12.02-17.56.52:876][401]LogModuleManager: Shutting down and abandoning module ShaderFormatVectorVM (147)
[2019.12.02-17.56.52:876][401]LogModuleManager: Shutting down and abandoning module ShaderFormatOpenGL (145)
[2019.12.02-17.56.52:876][401]LogModuleManager: Shutting down and abandoning module ShaderFormatD3D (143)
[2019.12.02-17.56.52:876][401]LogModuleManager: Shutting down and abandoning module MetalShaderFormat (141)
[2019.12.02-17.56.52:876][401]LogModuleManager: Shutting down and abandoning module TextureFormatUncompressed (139)
[2019.12.02-17.56.52:876][401]LogModuleManager: Shutting down and abandoning module TextureFormatPVR (137)
[2019.12.02-17.56.52:876][401]LogModuleManager: Shutting down and abandoning module TextureFormatDXT (135)
[2019.12.02-17.56.52:876][401]LogModuleManager: Shutting down and abandoning module TextureFormatIntelISPCTexComp (133)
[2019.12.02-17.56.52:876][401]LogModuleManager: Shutting down and abandoning module TextureFormatASTC (131)
[2019.12.02-17.56.52:876][401]LogModuleManager: Shutting down and abandoning module ImageWrapper (130)
[2019.12.02-17.56.52:876][401]LogModuleManager: Shutting down and abandoning module TextureFormatAndroid (127)
[2019.12.02-17.56.52:876][401]LogModuleManager: Shutting down and abandoning module AudioFormatOpus (125)
[2019.12.02-17.56.52:876][401]LogModuleManager: Shutting down and abandoning module AudioFormatOgg (123)
[2019.12.02-17.56.52:876][401]LogModuleManager: Shutting down and abandoning module AudioFormatADPCM (121)
[2019.12.02-17.56.52:876][401]LogModuleManager: Shutting down and abandoning module LuminTargetPlatform (119)
[2019.12.02-17.56.52:877][401]LogModuleManager: Shutting down and abandoning module LinuxTargetPlatform (117)
[2019.12.02-17.56.52:877][401]LogModuleManager: Shutting down and abandoning module LinuxServerTargetPlatform (115)
[2019.12.02-17.56.52:877][401]LogModuleManager: Shutting down and abandoning module LinuxNoEditorTargetPlatform (113)
[2019.12.02-17.56.52:877][401]LogModuleManager: Shutting down and abandoning module LinuxClientTargetPlatform (111)
[2019.12.02-17.56.52:877][401]LogModuleManager: Shutting down and abandoning module TVOSTargetPlatform (109)
[2019.12.02-17.56.52:878][401]LogModuleManager: Shutting down and abandoning module Messaging (107)
[2019.12.02-17.56.52:878][401]LogModuleManager: Shutting down and abandoning module IOSTargetPlatform (105)
[2019.12.02-17.56.52:879][401]LogModuleManager: Shutting down and abandoning module HTML5TargetPlatform (103)
[2019.12.02-17.56.52:879][401]LogModuleManager: Shutting down and abandoning module AndroidTargetPlatform (101)
[2019.12.02-17.56.52:886][401]LogModuleManager: Shutting down and abandoning module WindowsTargetPlatform (99)
[2019.12.02-17.56.52:886][401]LogModuleManager: Shutting down and abandoning module WindowsServerTargetPlatform (97)
[2019.12.02-17.56.52:886][401]LogModuleManager: Shutting down and abandoning module WindowsNoEditorTargetPlatform (95)
[2019.12.02-17.56.52:886][401]LogModuleManager: Shutting down and abandoning module WindowsClientTargetPlatform (93)
[2019.12.02-17.56.52:886][401]LogModuleManager: Shutting down and abandoning module MacTargetPlatform (91)
[2019.12.02-17.56.52:886][401]LogModuleManager: Shutting down and abandoning module MacServerTargetPlatform (89)
[2019.12.02-17.56.52:886][401]LogModuleManager: Shutting down and abandoning module MacNoEditorTargetPlatform (87)
[2019.12.02-17.56.52:886][401]LogModuleManager: Shutting down and abandoning module MacClientTargetPlatform (85)
[2019.12.02-17.56.52:886][401]LogModuleManager: Shutting down and abandoning module AllDesktopTargetPlatform (83)
[2019.12.02-17.56.52:886][401]LogModuleManager: Shutting down and abandoning module InputCore (80)
[2019.12.02-17.56.52:886][401]LogModuleManager: Shutting down and abandoning module Settings (78)
[2019.12.02-17.56.52:886][401]LogModuleManager: Shutting down and abandoning module DirectoryWatcher (76)
[2019.12.02-17.56.52:886][401]LogModuleManager: Shutting down and abandoning module PhysXCooking (74)
[2019.12.02-17.56.52:886][401]LogModuleManager: Shutting down and abandoning module SteamVR (72)
[2019.12.02-17.56.52:886][401]LogHMD: Freeing OpenVRDLLHandle.
[2019.12.02-17.56.52:886][401]LogModuleManager: Shutting down and abandoning module OculusHMD (70)
[2019.12.02-17.56.52:886][401]LogModuleManager: Shutting down and abandoning module ExampleDeviceProfileSelector (68)
[2019.12.02-17.56.52:886][401]LogModuleManager: Shutting down and abandoning module LauncherChunkInstaller (66)
[2019.12.02-17.56.52:886][401]LogModuleManager: Shutting down and abandoning module OnlineBlueprintSupport (64)
[2019.12.02-17.56.52:886][401]LogModuleManager: Shutting down and abandoning module OnlineSubsystem (60)
[2019.12.02-17.56.52:888][401]LogModuleManager: Shutting down and abandoning module XMPP (55)
[2019.12.02-17.56.52:888][401]LogModuleManager: Shutting down and abandoning module WebSockets (54)
[2019.12.02-17.56.52:918][401]LogModuleManager: Shutting down and abandoning module HTTP (51)
[2019.12.02-17.56.52:918][401]LogHttp: Display: Http module shutting down, but needs to wait on 1 outstanding Http requests:
[2019.12.02-17.56.52:918][401]LogHttp: Display: 	verb=[POST] url=[https://datarouter.ol.epicgames.com/datarouter/api/v1/public/data?SessionID=%7BE3219179-40E0-5879-7FB1-288B4BB6CC0B%7D&AppID=UEEditor.Rocket.Release&AppVersion=4.22.3-7053642%2B%2B%2BUE4%2BRelease-4.22&UserID=8f2e55df4b4f9eb809a9ff8839c90ea6%7Cf1c526514f664455ab69f3c909a19601%7C1f2ffaa8-ee1c-425e-a7bf-96510a6d1af8&AppEnvironment=datacollector-binary&UploadType=eteventstream] status=Processing
[2019.12.02-17.56.52:937][401]LogModuleManager: Shutting down and abandoning module SSL (50)
[2019.12.02-17.56.52:938][401]LogModuleManager: Shutting down and abandoning module WmfMedia (46)
[2019.12.02-17.56.52:940][401]LogModuleManager: Shutting down and abandoning module Media (45)
[2019.12.02-17.56.52:946][401]LogModuleManager: Shutting down and abandoning module MagicLeap (42)
[2019.12.02-17.56.52:946][401]LogModuleManager: Shutting down and abandoning module DatasmithContent (40)
[2019.12.02-17.56.52:947][401]LogModuleManager: Shutting down and abandoning module AnimationModifiers (38)
[2019.12.02-17.56.52:947][401]LogModuleManager: Shutting down and abandoning module PropertyEditor (37)
[2019.12.02-17.56.52:947][401]LogModuleManager: Shutting down and abandoning module AudioEditor (34)
[2019.12.02-17.56.52:948][401]LogModuleManager: Shutting down and abandoning module TextureCompressor (32)
[2019.12.02-17.56.52:948][401]LogModuleManager: Shutting down and abandoning module RenderCore (30)
[2019.12.02-17.56.52:948][401]LogModuleManager: Shutting down and abandoning module Landscape (28)
[2019.12.02-17.56.52:948][401]LogModuleManager: Shutting down and abandoning module SlateRHIRenderer (26)
[2019.12.02-17.56.52:948][401]LogModuleManager: Shutting down and abandoning module OpenGLDrv (24)
[2019.12.02-17.56.52:948][401]LogModuleManager: Shutting down and abandoning module D3D11RHI (22)
[2019.12.02-17.56.52:948][401]LogModuleManager: Shutting down and abandoning module AnimGraphRuntime (20)
[2019.12.02-17.56.52:948][401]LogModuleManager: Shutting down and abandoning module Renderer (18)
[2019.12.02-17.56.52:948][401]LogModuleManager: Shutting down and abandoning module Engine (16)
[2019.12.02-17.56.52:948][401]LogModuleManager: Shutting down and abandoning module CoreUObject (14)
[2019.12.02-17.56.52:948][401]LogModuleManager: Shutting down and abandoning module NetworkFile (12)
[2019.12.02-17.56.52:948][401]LogModuleManager: Shutting down and abandoning module CookedIterativeFile (10)
[2019.12.02-17.56.52:948][401]LogModuleManager: Shutting down and abandoning module StreamingFile (8)
[2019.12.02-17.56.52:948][401]LogModuleManager: Shutting down and abandoning module SandboxFile (6)
[2019.12.02-17.56.52:948][401]LogModuleManager: Shutting down and abandoning module PakFile (4)
[2019.12.02-17.56.52:948][401]LogModuleManager: Shutting down and abandoning module RSA (3)
[2019.12.02-17.56.52:964][401]LogExit: Exiting.
[2019.12.02-17.56.52:997][401]Log file closed, 12/02/19 18:56:52
