Log file open, 01/20/20 18:28:46
LogWindows: Failed to load 'aqProf.dll' (GetLastError=126)
LogWindows: File 'aqProf.dll' does not exist
LogWindows: Failed to load 'VtuneApi.dll' (GetLastError=126)
LogWindows: File 'VtuneApi.dll' does not exist
LogWindows: Failed to load 'VtuneApi32e.dll' (GetLastError=126)
LogWindows: File 'VtuneApi32e.dll' does not exist
LogConsoleResponse: Display: Failed to find resolution value strings in scalability ini. Falling back to default.
LogInit: Display: Running engine for game: beatRush
LogPakFile: Registered encryption key '00000000000000000000000000000000': 0 pak files mounted, 0 remain pending
LogPlatformFile: Not using cached read wrapper
LogTaskGraph: Started task graph with 5 named threads and 23 total threads with 3 sets of task threads.
LogStats: Stats thread started at 0.376792
LogD3D11RHI: Loaded GFSDK_Aftermath_Lib.x64.dll
LogICUInternationalization: ICU TimeZone Detection - Raw Offset: +1:00, Platform Override: ''
LogPluginManager: Mounting plugin Paper2D
LogPluginManager: Mounting plugin LightPropagationVolume
LogPluginManager: Mounting plugin ActorLayerUtilities
LogPluginManager: Mounting plugin VisualStudioSourceCodeAccess
LogPluginManager: Mounting plugin AssetManagerEditor
LogPluginManager: Mounting plugin DataValidation
LogPluginManager: Mounting plugin FacialAnimation
LogPluginManager: Mounting plugin GameplayTagsEditor
LogPluginManager: Mounting plugin MaterialAnalyzer
LogPluginManager: Mounting plugin MobileLauncherProfileWizard
LogPluginManager: Mounting plugin PluginBrowser
LogPluginManager: Mounting plugin SpeedTreeImporter
LogPluginManager: Mounting plugin GeometryCache
LogPluginManager: Mounting plugin ProxyLODPlugin
LogPluginManager: Mounting plugin SkeletalReduction
LogPluginManager: Mounting plugin MagicLeap
LogPluginManager: Mounting plugin EasyAds
LogPluginManager: Mounting plugin ImgMedia
LogPluginManager: Mounting plugin LinearTimecode
LogPluginManager: Mounting plugin MediaCompositing
LogPluginManager: Mounting plugin MediaPlayerEditor
LogPluginManager: Mounting plugin ActorSequence
LogPluginManager: Mounting plugin LevelSequenceEditor
LogPluginManager: Mounting plugin MatineeToLevelSequence
LogPluginManager: Mounting plugin OnlineSubsystemGooglePlay
LogPluginManager: Mounting plugin OnlineFramework
LogPluginManager: Mounting plugin OnlineSubsystem
LogPluginManager: Mounting plugin OnlineSubsystemGoogle
LogPluginManager: Mounting plugin OnlineSubsystemUtils
LogPluginManager: Mounting plugin LauncherChunkInstaller
LogPluginManager: Mounting plugin AndroidDeviceProfileSelector
LogPluginManager: Mounting plugin AndroidPermission
LogPluginManager: Mounting plugin EditableMesh
LogPluginManager: Mounting plugin ExampleDeviceProfileSelector
LogPluginManager: Mounting plugin IOSDeviceProfileSelector
LogPluginManager: Mounting plugin LinuxDeviceProfileSelector
LogPluginManager: Mounting plugin LocationServicesBPLibrary
LogPluginManager: Mounting plugin ProceduralMeshComponent
LogPluginManager: Mounting plugin RuntimePhysXCooking
LogInit: Using libcurl 7.55.1-DEV
LogInit:  - built for x86_64-pc-win32
LogInit:  - supports SSL with OpenSSL/1.1.1
LogInit:  - supports HTTP deflate (compression) using libz 1.2.8
LogInit:  - other features:
LogInit:      CURL_VERSION_SSL
LogInit:      CURL_VERSION_LIBZ
LogInit:      CURL_VERSION_IPV6
LogInit:      CURL_VERSION_ASYNCHDNS
LogInit:      CURL_VERSION_LARGEFILE
LogInit:      CURL_VERSION_IDN
LogInit:  CurlRequestOptions (configurable via config and command line):
LogInit:  - bVerifyPeer = true  - Libcurl will verify peer certificate
LogInit:  - bUseHttpProxy = false  - Libcurl will NOT use HTTP proxy
LogInit:  - bDontReuseConnections = false  - Libcurl will reuse connections
LogInit:  - MaxHostConnections = 16  - Libcurl will limit the number of connections to a host
LogInit:  - LocalHostAddr = Default
LogInit:  - BufferSize = 65536
LogModuleManager: Warning: ModuleManager: Unable to load module 'OnlineSubsystemNULL'  - 0 instances of that module name found.
LogOnline: OSS: Failed to load any Online Subsystem Modules
LogInit: Build: ++UE4+Release-4.22-CL-7053642
LogInit: Engine Version: 4.22.3-7053642+++UE4+Release-4.22
LogInit: Compatible Engine Version: 4.22.0-5660361+++UE4+Release-4.22
LogInit: Net CL: 5660361
LogInit: OS: Windows 10 (Release 1903) (), CPU: Intel(R) Core(TM) i7-7700HQ CPU @ 2.80GHz, GPU: Intel(R) HD Graphics 630
LogInit: Compiled (64-bit): Jun 18 2019 03:09:11
LogInit: Compiled with Visual C++: 19.16.27025.01
LogInit: Build Configuration: Development
LogInit: Branch Name: ++UE4+Release-4.22
LogInit: Command Line:  /Game/Levels/gameplay -game -PIEVIACONSOLE -ResX=1280 -ResY=720 -Multiprocess -messaging -SessionName="Play in Standalone Game" -featureleveles2 -faketouches -MultiprocessSaveConfig -windowed
LogInit: Base Directory: C:/Program Files/Epic Games/UE_4.22/Engine/Binaries/Win64/
LogInit: Installed Engine Build: 1
LogDevObjectVersion: Number of dev versions registered: 23
LogDevObjectVersion:   Dev-Blueprints (B0D832E4-1F89-4F0D-ACCF-7EB736FD4AA2): 10
LogDevObjectVersion:   Dev-Build (E1C64328-A22C-4D53-A36C-8E866417BD8C): 0
LogDevObjectVersion:   Dev-Core (375EC13C-06E4-48FB-B500-84F0262A717E): 3
LogDevObjectVersion:   Dev-Editor (E4B068ED-F494-42E9-A231-DA0B2E46BB41): 30
LogDevObjectVersion:   Dev-Framework (CFFC743F-43B0-4480-9391-14DF171D2073): 35
LogDevObjectVersion:   Dev-Mobile (B02B49B5-BB20-44E9-A304-32B752E40360): 2
LogDevObjectVersion:   Dev-Networking (A4E4105C-59A1-49B5-A7C5-40C4547EDFEE): 0
LogDevObjectVersion:   Dev-Online (39C831C9-5AE6-47DC-9A44-9C173E1C8E7C): 0
LogDevObjectVersion:   Dev-Physics (78F01B33-EBEA-4F98-B9B4-84EACCB95AA2): 0
LogDevObjectVersion:   Dev-Platform (6631380F-2D4D-43E0-8009-CF276956A95A): 0
LogDevObjectVersion:   Dev-Rendering (12F88B9F-8875-4AFC-A67C-D90C383ABD29): 28
LogDevObjectVersion:   Dev-Sequencer (7B5AE74C-D270-4C10-A958-57980B212A5A): 11
LogDevObjectVersion:   Dev-VR (D7296918-1DD6-4BDD-9DE2-64A83CC13884): 2
LogDevObjectVersion:   Dev-LoadTimes (C2A15278-BFE7-4AFE-6C17-90FF531DF755): 1
LogDevObjectVersion:   Private-Geometry (6EACA3D4-40EC-4CC1-B786-8BED09428FC5): 3
LogDevObjectVersion:   Dev-AnimPhys (29E575DD-E0A3-4627-9D10-D276232CDCEA): 17
LogDevObjectVersion:   Dev-Anim (AF43A65D-7FD3-4947-9873-3E8ED9C1BB05): 2
LogDevObjectVersion:   Dev-ReflectionCapture (6B266CEC-1EC7-4B8F-A30B-E4D90942FC07): 1
LogDevObjectVersion:   Dev-Automation (0DF73D61-A23F-47EA-B727-89E90C41499A): 1
LogDevObjectVersion:   FortniteMain (601D1886-AC64-4F84-AA16-D3DE0DEAC7D6): 25
LogDevObjectVersion:   Dev-Enterprise (9DFFBCD6-494F-0158-E221-12823C92A888): 6
LogDevObjectVersion:   Dev-Niagara (F2AED0AC-9AFE-416F-8664-AA7FFA26D6FC): 1
LogDevObjectVersion:   Dev-Destruction (174F1F0B-B4C6-45A5-B13F-2EE8D0FB917D): 2
LogInit: Presizing for max 16777216 objects, including 0 objects not considered by GC, pre-allocating 0 bytes for permanent pool.
LogInit: Object subsystem initialized
LogConfig: Setting CVar [[con.DebugEarlyDefault:1]]
LogConfig: Setting CVar [[r.setres:1280x720]]
[2020.01.20-17.28.47:052][  0]LogConfig: Setting CVar [[con.DebugEarlyDefault:1]]
[2020.01.20-17.28.47:052][  0]LogConfig: Setting CVar [[r.setres:1280x720]]
[2020.01.20-17.28.47:052][  0]LogConfig: Applying CVar settings from Section [/Script/Engine.RendererSettings] File [C:/Users/smdex/Documents/GitHub/beatRush/beatRush/Saved/Config/Windows/Engine.ini]
[2020.01.20-17.28.47:052][  0]LogConfig: Setting CVar [[r.GPUCrashDebugging:0]]
[2020.01.20-17.28.47:052][  0]LogConfig: Setting CVar [[r.MobileHDR:1]]
[2020.01.20-17.28.47:052][  0]LogConfig: Setting CVar [[r.Mobile.DisableVertexFog:0]]
[2020.01.20-17.28.47:052][  0]LogConfig: Setting CVar [[r.Shadow.CSM.MaxMobileCascades:2]]
[2020.01.20-17.28.47:052][  0]LogConfig: Setting CVar [[r.MobileMSAA:1]]
[2020.01.20-17.28.47:053][  0]LogConfig: Setting CVar [[r.Mobile.UseLegacyShadingModel:0]]
[2020.01.20-17.28.47:053][  0]LogConfig: Setting CVar [[r.Mobile.UseHWsRGBEncoding:0]]
[2020.01.20-17.28.47:053][  0]LogConfig: Setting CVar [[r.Mobile.AllowDitheredLODTransition:0]]
[2020.01.20-17.28.47:053][  0]LogConfig: Setting CVar [[r.Mobile.AllowSoftwareOcclusion:0]]
[2020.01.20-17.28.47:053][  0]LogConfig: Setting CVar [[r.DiscardUnusedQuality:0]]
[2020.01.20-17.28.47:053][  0]LogConfig: Setting CVar [[r.AllowOcclusionQueries:1]]
[2020.01.20-17.28.47:053][  0]LogConfig: Setting CVar [[r.MinScreenRadiusForLights:0.030000]]
[2020.01.20-17.28.47:053][  0]LogConfig: Setting CVar [[r.MinScreenRadiusForDepthPrepass:0.030000]]
[2020.01.20-17.28.47:053][  0]LogConfig: Setting CVar [[r.MinScreenRadiusForCSMDepth:0.010000]]
[2020.01.20-17.28.47:053][  0]LogConfig: Setting CVar [[r.PrecomputedVisibilityWarning:0]]
[2020.01.20-17.28.47:053][  0]LogConfig: Setting CVar [[r.TextureStreaming:1]]
[2020.01.20-17.28.47:053][  0]LogConfig: Setting CVar [[Compat.UseDXT5NormalMaps:0]]
[2020.01.20-17.28.47:053][  0]LogConfig: Setting CVar [[r.ClearCoatNormal:0]]
[2020.01.20-17.28.47:053][  0]LogConfig: Setting CVar [[r.ReflectionCaptureResolution:128]]
[2020.01.20-17.28.47:053][  0]LogConfig: Setting CVar [[r.ReflectionEnvironmentLightmapMixBasedOnRoughness:1]]
[2020.01.20-17.28.47:053][  0]LogConfig: Setting CVar [[r.ForwardShading:0]]
[2020.01.20-17.28.47:053][  0]LogConfig: Setting CVar [[r.VertexFoggingForOpaque:1]]
[2020.01.20-17.28.47:053][  0]LogConfig: Setting CVar [[r.AllowStaticLighting:1]]
[2020.01.20-17.28.47:053][  0]LogConfig: Setting CVar [[r.NormalMapsForStaticLighting:0]]
[2020.01.20-17.28.47:053][  0]LogConfig: Setting CVar [[r.GenerateMeshDistanceFields:0]]
[2020.01.20-17.28.47:053][  0]LogConfig: Setting CVar [[r.DistanceFieldBuild.EightBit:0]]
[2020.01.20-17.28.47:053][  0]LogConfig: Setting CVar [[r.GenerateLandscapeGIData:0]]
[2020.01.20-17.28.47:053][  0]LogConfig: Setting CVar [[r.DistanceFieldBuild.Compress:0]]
[2020.01.20-17.28.47:053][  0]LogConfig: Setting CVar [[r.TessellationAdaptivePixelsPerTriangle:48.000000]]
[2020.01.20-17.28.47:053][  0]LogConfig: Setting CVar [[r.SeparateTranslucency:0]]
[2020.01.20-17.28.47:053][  0]LogConfig: Setting CVar [[r.TranslucentSortPolicy:0]]
[2020.01.20-17.28.47:053][  0]LogConfig: Setting CVar [[r.CustomDepth:1]]
[2020.01.20-17.28.47:053][  0]LogConfig: Setting CVar [[r.CustomDepthTemporalAAJitter:1]]
[2020.01.20-17.28.47:053][  0]LogConfig: Setting CVar [[r.PostProcessing.PropagateAlpha:0]]
[2020.01.20-17.28.47:053][  0]LogConfig: Setting CVar [[r.DOF.Algorithm:1]]
[2020.01.20-17.28.47:053][  0]LogConfig: Setting CVar [[r.DefaultFeature.Bloom:1]]
[2020.01.20-17.28.47:053][  0]LogConfig: Setting CVar [[r.DefaultFeature.AmbientOcclusion:0]]
[2020.01.20-17.28.47:053][  0]LogConfig: Setting CVar [[r.DefaultFeature.AmbientOcclusionStaticFraction:1]]
[2020.01.20-17.28.47:053][  0]LogConfig: Setting CVar [[r.DefaultFeature.AutoExposure:0]]
[2020.01.20-17.28.47:053][  0]LogConfig: Setting CVar [[r.DefaultFeature.AutoExposure.Method:0]]
[2020.01.20-17.28.47:053][  0]LogConfig: Setting CVar [[r.DefaultFeature.AutoExposure.ExtendDefaultLuminanceRange:0]]
[2020.01.20-17.28.47:053][  0]LogConfig: Setting CVar [[r.UsePreExposure:0]]
[2020.01.20-17.28.47:053][  0]LogConfig: Setting CVar [[r.DefaultFeature.MotionBlur:0]]
[2020.01.20-17.28.47:053][  0]LogConfig: Setting CVar [[r.DefaultFeature.LensFlare:0]]
[2020.01.20-17.28.47:053][  0]LogConfig: Setting CVar [[r.TemporalAA.Upsampling:0]]
[2020.01.20-17.28.47:053][  0]LogConfig: Setting CVar [[r.DefaultFeature.AntiAliasing:0]]
[2020.01.20-17.28.47:053][  0]LogConfig: Setting CVar [[r.DefaultFeature.LightUnits:1]]
[2020.01.20-17.28.47:053][  0]LogConfig: Setting CVar [[r.DefaultBackBufferPixelFormat:4]]
[2020.01.20-17.28.47:053][  0]LogConfig: Setting CVar [[r.Shadow.UnbuiltPreviewInGame:1]]
[2020.01.20-17.28.47:053][  0]LogConfig: Setting CVar [[r.StencilForLODDither:0]]
[2020.01.20-17.28.47:053][  0]LogConfig: Setting CVar [[r.EarlyZPass:3]]
[2020.01.20-17.28.47:053][  0]LogConfig: Setting CVar [[r.EarlyZPassOnlyMaterialMasking:0]]
[2020.01.20-17.28.47:053][  0]LogConfig: Setting CVar [[r.DBuffer:1]]
[2020.01.20-17.28.47:053][  0]LogConfig: Setting CVar [[r.ClearSceneMethod:1]]
[2020.01.20-17.28.47:053][  0]LogConfig: Setting CVar [[r.BasePassOutputsVelocity:0]]
[2020.01.20-17.28.47:053][  0]LogConfig: Setting CVar [[r.SelectiveBasePassOutputs:0]]
[2020.01.20-17.28.47:053][  0]LogConfig: Setting CVar [[fx.GPUSimulationTextureSizeX:1024]]
[2020.01.20-17.28.47:053][  0]LogConfig: Setting CVar [[fx.GPUSimulationTextureSizeY:1024]]
[2020.01.20-17.28.47:053][  0]LogConfig: Setting CVar [[r.AllowGlobalClipPlane:0]]
[2020.01.20-17.28.47:053][  0]LogConfig: Setting CVar [[r.GBufferFormat:1]]
[2020.01.20-17.28.47:054][  0]LogConfig: Setting CVar [[r.MorphTarget.Mode:1]]
[2020.01.20-17.28.47:054][  0]LogConfig: Setting CVar [[vr.InstancedStereo:0]]
[2020.01.20-17.28.47:054][  0]LogConfig: Setting CVar [[vr.MultiView:0]]
[2020.01.20-17.28.47:054][  0]LogConfig: Setting CVar [[vr.MobileMultiView:0]]
[2020.01.20-17.28.47:054][  0]LogConfig: Setting CVar [[vr.MobileMultiView.Direct:0]]
[2020.01.20-17.28.47:054][  0]LogConfig: Setting CVar [[vr.RoundRobinOcclusion:0]]
[2020.01.20-17.28.47:054][  0]LogConfig: Setting CVar [[vr.ODSCapture:0]]
[2020.01.20-17.28.47:054][  0]LogConfig: Setting CVar [[r.WireframeCullThreshold:5.000000]]
[2020.01.20-17.28.47:054][  0]LogConfig: Setting CVar [[r.RayTracing:0]]
[2020.01.20-17.28.47:054][  0]LogConfig: Setting CVar [[r.SupportStationarySkylight:1]]
[2020.01.20-17.28.47:054][  0]LogConfig: Setting CVar [[r.SupportLowQualityLightmaps:1]]
[2020.01.20-17.28.47:054][  0]LogConfig: Setting CVar [[r.SupportPointLightWholeSceneShadows:1]]
[2020.01.20-17.28.47:054][  0]LogConfig: Setting CVar [[r.SupportAtmosphericFog:1]]
[2020.01.20-17.28.47:054][  0]LogConfig: Setting CVar [[r.SkinCache.CompileShaders:0]]
[2020.01.20-17.28.47:054][  0]LogConfig: Setting CVar [[r.Mobile.EnableStaticAndCSMShadowReceivers:1]]
[2020.01.20-17.28.47:054][  0]LogConfig: Setting CVar [[r.Mobile.EnableMovableLightCSMShaderCulling:1]]
[2020.01.20-17.28.47:054][  0]LogConfig: Setting CVar [[r.Mobile.AllowDistanceFieldShadows:1]]
[2020.01.20-17.28.47:054][  0]LogConfig: Setting CVar [[r.Mobile.AllowMovableDirectionalLights:1]]
[2020.01.20-17.28.47:054][  0]LogConfig: Setting CVar [[r.MobileNumDynamicPointLights:4]]
[2020.01.20-17.28.47:054][  0]LogConfig: Setting CVar [[r.MobileDynamicPointLightsUseStaticBranch:1]]
[2020.01.20-17.28.47:054][  0]LogConfig: Setting CVar [[r.Mobile.EnableMovableSpotlights:0]]
[2020.01.20-17.28.47:054][  0]LogConfig: Setting CVar [[r.SkinCache.SceneMemoryLimitInMB:128.000000]]
[2020.01.20-17.28.47:054][  0]LogConfig: Setting CVar [[r.GPUSkin.Limit2BoneInfluences:0]]
[2020.01.20-17.28.47:054][  0]LogConfig: Setting CVar [[r.SupportDepthOnlyIndexBuffers:1]]
[2020.01.20-17.28.47:054][  0]LogConfig: Setting CVar [[r.SupportReversedIndexBuffers:1]]
[2020.01.20-17.28.47:054][  0]LogConfig: Setting CVar [[r.SupportMaterialLayers:0]]
[2020.01.20-17.28.47:054][  0]LogConfig: Applying CVar settings from Section [/Script/Engine.RendererOverrideSettings] File [C:/Users/smdex/Documents/GitHub/beatRush/beatRush/Saved/Config/Windows/Engine.ini]
[2020.01.20-17.28.47:054][  0]LogConfig: Applying CVar settings from Section [/Script/Engine.StreamingSettings] File [C:/Users/smdex/Documents/GitHub/beatRush/beatRush/Saved/Config/Windows/Engine.ini]
[2020.01.20-17.28.47:054][  0]LogConfig: Setting CVar [[s.MinBulkDataSizeForAsyncLoading:131072]]
[2020.01.20-17.28.47:054][  0]LogConfig: Setting CVar [[s.AsyncLoadingThreadEnabled:0]]
[2020.01.20-17.28.47:054][  0]LogConfig: Setting CVar [[s.EventDrivenLoaderEnabled:1]]
[2020.01.20-17.28.47:054][  0]LogConfig: Setting CVar [[s.WarnIfTimeLimitExceeded:0]]
[2020.01.20-17.28.47:054][  0]LogConfig: Setting CVar [[s.TimeLimitExceededMultiplier:1.5]]
[2020.01.20-17.28.47:054][  0]LogConfig: Setting CVar [[s.TimeLimitExceededMinTime:0.005]]
[2020.01.20-17.28.47:054][  0]LogConfig: Setting CVar [[s.UseBackgroundLevelStreaming:1]]
[2020.01.20-17.28.47:054][  0]LogConfig: Setting CVar [[s.PriorityAsyncLoadingExtraTime:15.0]]
[2020.01.20-17.28.47:054][  0]LogConfig: Setting CVar [[s.LevelStreamingActorsUpdateTimeLimit:5.0]]
[2020.01.20-17.28.47:054][  0]LogConfig: Setting CVar [[s.PriorityLevelStreamingActorsUpdateExtraTime:5.0]]
[2020.01.20-17.28.47:054][  0]LogConfig: Setting CVar [[s.LevelStreamingComponentsRegistrationGranularity:10]]
[2020.01.20-17.28.47:054][  0]LogConfig: Setting CVar [[s.UnregisterComponentsTimeLimit:1.0]]
[2020.01.20-17.28.47:054][  0]LogConfig: Setting CVar [[s.LevelStreamingComponentsUnregistrationGranularity:5]]
[2020.01.20-17.28.47:054][  0]LogConfig: Applying CVar settings from Section [/Script/Engine.GarbageCollectionSettings] File [C:/Users/smdex/Documents/GitHub/beatRush/beatRush/Saved/Config/Windows/Engine.ini]
[2020.01.20-17.28.47:054][  0]LogConfig: Setting CVar [[gc.MaxObjectsNotConsideredByGC:1]]
[2020.01.20-17.28.47:054][  0]LogConfig: Setting CVar [[gc.SizeOfPermanentObjectPool:0]]
[2020.01.20-17.28.47:054][  0]LogConfig: Setting CVar [[gc.FlushStreamingOnGC:0]]
[2020.01.20-17.28.47:054][  0]LogConfig: Setting CVar [[gc.NumRetriesBeforeForcingGC:10]]
[2020.01.20-17.28.47:054][  0]LogConfig: Setting CVar [[gc.AllowParallelGC:1]]
[2020.01.20-17.28.47:054][  0]LogConfig: Setting CVar [[gc.TimeBetweenPurgingPendingKillObjects:61.1]]
[2020.01.20-17.28.47:054][  0]LogConfig: Setting CVar [[gc.MaxObjectsInEditor:16777216]]
[2020.01.20-17.28.47:054][  0]LogConfig: Setting CVar [[gc.IncrementalBeginDestroyEnabled:1]]
[2020.01.20-17.28.47:054][  0]LogConfig: Setting CVar [[gc.CreateGCClusters:1]]
[2020.01.20-17.28.47:054][  0]LogConfig: Setting CVar [[gc.MinGCClusterSize:5]]
[2020.01.20-17.28.47:054][  0]LogConfig: Setting CVar [[gc.ActorClusteringEnabled:0]]
[2020.01.20-17.28.47:054][  0]LogConfig: Setting CVar [[gc.BlueprintClusteringEnabled:0]]
[2020.01.20-17.28.47:054][  0]LogConfig: Setting CVar [[gc.UseDisregardForGCOnDedicatedServers:0]]
[2020.01.20-17.28.47:054][  0]LogConfig: Applying CVar settings from Section [/Script/Engine.NetworkSettings] File [C:/Users/smdex/Documents/GitHub/beatRush/beatRush/Saved/Config/Windows/Engine.ini]
[2020.01.20-17.28.47:055][  0]LogConfig: Applying CVar settings from Section [/Script/UnrealEd.CookerSettings] File [C:/Users/smdex/Documents/GitHub/beatRush/beatRush/Saved/Config/Windows/Engine.ini]
[2020.01.20-17.28.47:060][  0]LogConfig: Applying CVar settings from Section [ViewDistanceQuality@3] File [C:/Users/smdex/Documents/GitHub/beatRush/beatRush/Saved/Config/Windows/Scalability.ini]
[2020.01.20-17.28.47:060][  0]LogConfig: Setting CVar [[r.SkeletalMeshLODBias:0]]
[2020.01.20-17.28.47:061][  0]LogConfig: Setting CVar [[r.ViewDistanceScale:1.0]]
[2020.01.20-17.28.47:061][  0]LogConfig: Applying CVar settings from Section [AntiAliasingQuality@3] File [C:/Users/smdex/Documents/GitHub/beatRush/beatRush/Saved/Config/Windows/Scalability.ini]
[2020.01.20-17.28.47:061][  0]LogConfig: Setting CVar [[r.PostProcessAAQuality:4]]
[2020.01.20-17.28.47:061][  0]LogConfig: Applying CVar settings from Section [ShadowQuality@3] File [C:/Users/smdex/Documents/GitHub/beatRush/beatRush/Saved/Config/Windows/Scalability.ini]
[2020.01.20-17.28.47:061][  0]LogConfig: Setting CVar [[r.LightFunctionQuality:1]]
[2020.01.20-17.28.47:061][  0]LogConfig: Setting CVar [[r.ShadowQuality:5]]
[2020.01.20-17.28.47:061][  0]LogConfig: Setting CVar [[r.Shadow.CSM.MaxCascades:10]]
[2020.01.20-17.28.47:061][  0]LogConfig: Setting CVar [[r.Shadow.MaxResolution:2048]]
[2020.01.20-17.28.47:061][  0]LogConfig: Setting CVar [[r.Shadow.MaxCSMResolution:2048]]
[2020.01.20-17.28.47:061][  0]LogConfig: Setting CVar [[r.Shadow.RadiusThreshold:0.01]]
[2020.01.20-17.28.47:061][  0]LogConfig: Setting CVar [[r.Shadow.DistanceScale:1.0]]
[2020.01.20-17.28.47:061][  0]LogConfig: Setting CVar [[r.Shadow.CSM.TransitionScale:1.0]]
[2020.01.20-17.28.47:061][  0]LogConfig: Setting CVar [[r.Shadow.PreShadowResolutionFactor:1.0]]
[2020.01.20-17.28.47:061][  0]LogConfig: Setting CVar [[r.DistanceFieldShadowing:1]]
[2020.01.20-17.28.47:061][  0]LogConfig: Setting CVar [[r.DistanceFieldAO:1]]
[2020.01.20-17.28.47:061][  0]LogConfig: Setting CVar [[r.AOQuality:2]]
[2020.01.20-17.28.47:061][  0]LogConfig: Setting CVar [[r.VolumetricFog:1]]
[2020.01.20-17.28.47:061][  0]LogConfig: Setting CVar [[r.VolumetricFog.GridPixelSize:8]]
[2020.01.20-17.28.47:061][  0]LogConfig: Setting CVar [[r.VolumetricFog.GridSizeZ:128]]
[2020.01.20-17.28.47:061][  0]LogConfig: Setting CVar [[r.VolumetricFog.HistoryMissSupersampleCount:4]]
[2020.01.20-17.28.47:061][  0]LogConfig: Setting CVar [[r.LightMaxDrawDistanceScale:1]]
[2020.01.20-17.28.47:061][  0]LogConfig: Setting CVar [[r.CapsuleShadows:1]]
[2020.01.20-17.28.47:061][  0]LogConfig: Applying CVar settings from Section [PostProcessQuality@3] File [C:/Users/smdex/Documents/GitHub/beatRush/beatRush/Saved/Config/Windows/Scalability.ini]
[2020.01.20-17.28.47:061][  0]LogConfig: Setting CVar [[r.MotionBlurQuality:4]]
[2020.01.20-17.28.47:061][  0]LogConfig: Setting CVar [[r.AmbientOcclusionMipLevelFactor:0.4]]
[2020.01.20-17.28.47:061][  0]LogConfig: Setting CVar [[r.AmbientOcclusionMaxQuality:100]]
[2020.01.20-17.28.47:061][  0]LogConfig: Setting CVar [[r.AmbientOcclusionLevels:-1]]
[2020.01.20-17.28.47:061][  0]LogConfig: Setting CVar [[r.AmbientOcclusionRadiusScale:1.0]]
[2020.01.20-17.28.47:061][  0]LogConfig: Setting CVar [[r.DepthOfFieldQuality:2]]
[2020.01.20-17.28.47:062][  0]LogConfig: Setting CVar [[r.RenderTargetPoolMin:400]]
[2020.01.20-17.28.47:062][  0]LogConfig: Setting CVar [[r.LensFlareQuality:2]]
[2020.01.20-17.28.47:062][  0]LogConfig: Setting CVar [[r.SceneColorFringeQuality:1]]
[2020.01.20-17.28.47:062][  0]LogConfig: Setting CVar [[r.EyeAdaptationQuality:2]]
[2020.01.20-17.28.47:062][  0]LogConfig: Setting CVar [[r.BloomQuality:5]]
[2020.01.20-17.28.47:062][  0]LogConfig: Setting CVar [[r.FastBlurThreshold:100]]
[2020.01.20-17.28.47:062][  0]LogConfig: Setting CVar [[r.Upscale.Quality:3]]
[2020.01.20-17.28.47:062][  0]LogConfig: Setting CVar [[r.Tonemapper.GrainQuantization:1]]
[2020.01.20-17.28.47:062][  0]LogConfig: Setting CVar [[r.LightShaftQuality:1]]
[2020.01.20-17.28.47:062][  0]LogConfig: Setting CVar [[r.Filter.SizeScale:1]]
[2020.01.20-17.28.47:062][  0]LogConfig: Setting CVar [[r.Tonemapper.Quality:5]]
[2020.01.20-17.28.47:062][  0]LogConfig: Setting CVar [[r.DOF.Gather.AccumulatorQuality:1        ; higher gathering accumulator quality]]
[2020.01.20-17.28.47:062][  0]LogConfig: Setting CVar [[r.DOF.Gather.PostfilterMethod:1          ; Median3x3 postfilering method]]
[2020.01.20-17.28.47:062][  0]LogConfig: Setting CVar [[r.DOF.Gather.EnableBokehSettings:0       ; no bokeh simulation when gathering]]
[2020.01.20-17.28.47:062][  0]LogConfig: Setting CVar [[r.DOF.Gather.RingCount:4                 ; medium number of samples when gathering]]
[2020.01.20-17.28.47:062][  0]LogConfig: Setting CVar [[r.DOF.Scatter.ForegroundCompositing:1    ; additive foreground scattering]]
[2020.01.20-17.28.47:062][  0]LogConfig: Setting CVar [[r.DOF.Scatter.BackgroundCompositing:2    ; additive background scattering]]
[2020.01.20-17.28.47:062][  0]LogConfig: Setting CVar [[r.DOF.Scatter.EnableBokehSettings:1      ; bokeh simulation when scattering]]
[2020.01.20-17.28.47:062][  0]LogConfig: Setting CVar [[r.DOF.Scatter.MaxSpriteRatio:0.1         ; only a maximum of 10% of scattered bokeh]]
[2020.01.20-17.28.47:062][  0]LogConfig: Setting CVar [[r.DOF.Recombine.Quality:1                ; cheap slight out of focus]]
[2020.01.20-17.28.47:062][  0]LogConfig: Setting CVar [[r.DOF.Recombine.EnableBokehSettings:0    ; no bokeh simulation on slight out of focus]]
[2020.01.20-17.28.47:062][  0]LogConfig: Setting CVar [[r.DOF.TemporalAAQuality:1                ; more stable temporal accumulation]]
[2020.01.20-17.28.47:062][  0]LogConfig: Setting CVar [[r.DOF.Kernel.MaxForegroundRadius:0.025]]
[2020.01.20-17.28.47:062][  0]LogConfig: Setting CVar [[r.DOF.Kernel.MaxBackgroundRadius:0.025]]
[2020.01.20-17.28.47:062][  0]LogConfig: Applying CVar settings from Section [TextureQuality@3] File [C:/Users/smdex/Documents/GitHub/beatRush/beatRush/Saved/Config/Windows/Scalability.ini]
[2020.01.20-17.28.47:062][  0]LogConfig: Setting CVar [[r.Streaming.MipBias:0]]
[2020.01.20-17.28.47:062][  0]LogConfig: Setting CVar [[r.Streaming.AmortizeCPUToGPUCopy:0]]
[2020.01.20-17.28.47:062][  0]LogConfig: Setting CVar [[r.Streaming.MaxNumTexturesToStreamPerFrame:0]]
[2020.01.20-17.28.47:062][  0]LogConfig: Setting CVar [[r.Streaming.Boost:1]]
[2020.01.20-17.28.47:062][  0]LogConfig: Setting CVar [[r.MaxAnisotropy:8]]
[2020.01.20-17.28.47:062][  0]LogConfig: Setting CVar [[r.Streaming.LimitPoolSizeToVRAM:0]]
[2020.01.20-17.28.47:062][  0]LogConfig: Setting CVar [[r.Streaming.PoolSize:1000]]
[2020.01.20-17.28.47:062][  0]LogConfig: Setting CVar [[r.Streaming.MaxEffectiveScreenSize:0]]
[2020.01.20-17.28.47:062][  0]LogConfig: Applying CVar settings from Section [EffectsQuality@3] File [C:/Users/smdex/Documents/GitHub/beatRush/beatRush/Saved/Config/Windows/Scalability.ini]
[2020.01.20-17.28.47:062][  0]LogConfig: Setting CVar [[r.TranslucencyLightingVolumeDim:64]]
[2020.01.20-17.28.47:062][  0]LogConfig: Setting CVar [[r.RefractionQuality:2]]
[2020.01.20-17.28.47:062][  0]LogConfig: Setting CVar [[r.SSR.Quality:3]]
[2020.01.20-17.28.47:062][  0]LogConfig: Setting CVar [[r.SceneColorFormat:4]]
[2020.01.20-17.28.47:062][  0]LogConfig: Setting CVar [[r.DetailMode:2]]
[2020.01.20-17.28.47:062][  0]LogConfig: Setting CVar [[r.TranslucencyVolumeBlur:1]]
[2020.01.20-17.28.47:062][  0]LogConfig: Setting CVar [[r.MaterialQualityLevel:1 ; High quality]]
[2020.01.20-17.28.47:062][  0]LogConfig: Setting CVar [[r.SSS.Scale:1]]
[2020.01.20-17.28.47:062][  0]LogConfig: Setting CVar [[r.SSS.SampleSet:2]]
[2020.01.20-17.28.47:062][  0]LogConfig: Setting CVar [[r.SSS.Quality:1]]
[2020.01.20-17.28.47:063][  0]LogConfig: Setting CVar [[r.SSS.HalfRes:1]]
[2020.01.20-17.28.47:063][  0]LogConfig: Setting CVar [[r.EmitterSpawnRateScale:1.0]]
[2020.01.20-17.28.47:063][  0]LogConfig: Setting CVar [[r.ParticleLightQuality:2]]
[2020.01.20-17.28.47:063][  0]LogConfig: Applying CVar settings from Section [FoliageQuality@3] File [C:/Users/smdex/Documents/GitHub/beatRush/beatRush/Saved/Config/Windows/Scalability.ini]
[2020.01.20-17.28.47:063][  0]LogConfig: Setting CVar [[foliage.DensityScale:1.0]]
[2020.01.20-17.28.47:063][  0]LogConfig: Setting CVar [[grass.DensityScale:1.0]]
[2020.01.20-17.28.47:063][  0]LogInit: Selected Device Profile: [Windows]
[2020.01.20-17.28.47:063][  0]LogInit: Applying CVar settings loaded from the selected device profile: [Windows]
[2020.01.20-17.28.47:071][  0]LogHAL: Display: Platform has ~ 32 GB [34222620672 / 34359738368 / 32], which maps to Largest [LargestMinGB=32, LargerMinGB=12, DefaultMinGB=8, SmallerMinGB=6, SmallestMinGB=0)
[2020.01.20-17.28.47:071][  0]LogConfig: Setting CVar [[r.Vulkan.UseRealUBs:0		; Required until we fix HLR fall-out]]
[2020.01.20-17.28.47:071][  0]LogInit: Going up to parent DeviceProfile []
[2020.01.20-17.28.47:071][  0]LogConfig: Applying CVar settings from Section [ViewDistanceQuality@3] File [C:/Users/smdex/Documents/GitHub/beatRush/beatRush/Saved/Config/Windows/Scalability.ini]
[2020.01.20-17.28.47:071][  0]LogConfig: Setting CVar [[r.SkeletalMeshLODBias:0]]
[2020.01.20-17.28.47:071][  0]LogConfig: Setting CVar [[r.ViewDistanceScale:1.0]]
[2020.01.20-17.28.47:071][  0]LogConfig: Applying CVar settings from Section [AntiAliasingQuality@3] File [C:/Users/smdex/Documents/GitHub/beatRush/beatRush/Saved/Config/Windows/Scalability.ini]
[2020.01.20-17.28.47:071][  0]LogConfig: Setting CVar [[r.PostProcessAAQuality:4]]
[2020.01.20-17.28.47:071][  0]LogConfig: Applying CVar settings from Section [ShadowQuality@3] File [C:/Users/smdex/Documents/GitHub/beatRush/beatRush/Saved/Config/Windows/Scalability.ini]
[2020.01.20-17.28.47:071][  0]LogConfig: Setting CVar [[r.LightFunctionQuality:1]]
[2020.01.20-17.28.47:071][  0]LogConfig: Setting CVar [[r.ShadowQuality:5]]
[2020.01.20-17.28.47:071][  0]LogConfig: Setting CVar [[r.Shadow.CSM.MaxCascades:10]]
[2020.01.20-17.28.47:071][  0]LogConfig: Setting CVar [[r.Shadow.MaxResolution:2048]]
[2020.01.20-17.28.47:071][  0]LogConfig: Setting CVar [[r.Shadow.MaxCSMResolution:2048]]
[2020.01.20-17.28.47:071][  0]LogConfig: Setting CVar [[r.Shadow.RadiusThreshold:0.01]]
[2020.01.20-17.28.47:071][  0]LogConfig: Setting CVar [[r.Shadow.DistanceScale:1.0]]
[2020.01.20-17.28.47:071][  0]LogConfig: Setting CVar [[r.Shadow.CSM.TransitionScale:1.0]]
[2020.01.20-17.28.47:071][  0]LogConfig: Setting CVar [[r.Shadow.PreShadowResolutionFactor:1.0]]
[2020.01.20-17.28.47:072][  0]LogConfig: Setting CVar [[r.DistanceFieldShadowing:1]]
[2020.01.20-17.28.47:072][  0]LogConfig: Setting CVar [[r.DistanceFieldAO:1]]
[2020.01.20-17.28.47:072][  0]LogConfig: Setting CVar [[r.AOQuality:2]]
[2020.01.20-17.28.47:072][  0]LogConfig: Setting CVar [[r.VolumetricFog:1]]
[2020.01.20-17.28.47:072][  0]LogConfig: Setting CVar [[r.VolumetricFog.GridPixelSize:8]]
[2020.01.20-17.28.47:072][  0]LogConfig: Setting CVar [[r.VolumetricFog.GridSizeZ:128]]
[2020.01.20-17.28.47:072][  0]LogConfig: Setting CVar [[r.VolumetricFog.HistoryMissSupersampleCount:4]]
[2020.01.20-17.28.47:072][  0]LogConfig: Setting CVar [[r.LightMaxDrawDistanceScale:1]]
[2020.01.20-17.28.47:072][  0]LogConfig: Setting CVar [[r.CapsuleShadows:1]]
[2020.01.20-17.28.47:072][  0]LogConfig: Applying CVar settings from Section [PostProcessQuality@3] File [C:/Users/smdex/Documents/GitHub/beatRush/beatRush/Saved/Config/Windows/Scalability.ini]
[2020.01.20-17.28.47:072][  0]LogConfig: Setting CVar [[r.MotionBlurQuality:4]]
[2020.01.20-17.28.47:072][  0]LogConfig: Setting CVar [[r.AmbientOcclusionMipLevelFactor:0.4]]
[2020.01.20-17.28.47:072][  0]LogConfig: Setting CVar [[r.AmbientOcclusionMaxQuality:100]]
[2020.01.20-17.28.47:072][  0]LogConfig: Setting CVar [[r.AmbientOcclusionLevels:-1]]
[2020.01.20-17.28.47:072][  0]LogConfig: Setting CVar [[r.AmbientOcclusionRadiusScale:1.0]]
[2020.01.20-17.28.47:072][  0]LogConfig: Setting CVar [[r.DepthOfFieldQuality:2]]
[2020.01.20-17.28.47:072][  0]LogConfig: Setting CVar [[r.RenderTargetPoolMin:400]]
[2020.01.20-17.28.47:072][  0]LogConfig: Setting CVar [[r.LensFlareQuality:2]]
[2020.01.20-17.28.47:072][  0]LogConfig: Setting CVar [[r.SceneColorFringeQuality:1]]
[2020.01.20-17.28.47:072][  0]LogConfig: Setting CVar [[r.EyeAdaptationQuality:2]]
[2020.01.20-17.28.47:072][  0]LogConfig: Setting CVar [[r.BloomQuality:5]]
[2020.01.20-17.28.47:072][  0]LogConfig: Setting CVar [[r.FastBlurThreshold:100]]
[2020.01.20-17.28.47:072][  0]LogConfig: Setting CVar [[r.Upscale.Quality:3]]
[2020.01.20-17.28.47:072][  0]LogConfig: Setting CVar [[r.Tonemapper.GrainQuantization:1]]
[2020.01.20-17.28.47:072][  0]LogConfig: Setting CVar [[r.LightShaftQuality:1]]
[2020.01.20-17.28.47:072][  0]LogConfig: Setting CVar [[r.Filter.SizeScale:1]]
[2020.01.20-17.28.47:072][  0]LogConfig: Setting CVar [[r.Tonemapper.Quality:5]]
[2020.01.20-17.28.47:072][  0]LogConfig: Setting CVar [[r.DOF.Gather.AccumulatorQuality:1        ; higher gathering accumulator quality]]
[2020.01.20-17.28.47:072][  0]LogConfig: Setting CVar [[r.DOF.Gather.PostfilterMethod:1          ; Median3x3 postfilering method]]
[2020.01.20-17.28.47:072][  0]LogConfig: Setting CVar [[r.DOF.Gather.EnableBokehSettings:0       ; no bokeh simulation when gathering]]
[2020.01.20-17.28.47:072][  0]LogConfig: Setting CVar [[r.DOF.Gather.RingCount:4                 ; medium number of samples when gathering]]
[2020.01.20-17.28.47:072][  0]LogConfig: Setting CVar [[r.DOF.Scatter.ForegroundCompositing:1    ; additive foreground scattering]]
[2020.01.20-17.28.47:072][  0]LogConfig: Setting CVar [[r.DOF.Scatter.BackgroundCompositing:2    ; additive background scattering]]
[2020.01.20-17.28.47:072][  0]LogConfig: Setting CVar [[r.DOF.Scatter.EnableBokehSettings:1      ; bokeh simulation when scattering]]
[2020.01.20-17.28.47:072][  0]LogConfig: Setting CVar [[r.DOF.Scatter.MaxSpriteRatio:0.1         ; only a maximum of 10% of scattered bokeh]]
[2020.01.20-17.28.47:072][  0]LogConfig: Setting CVar [[r.DOF.Recombine.Quality:1                ; cheap slight out of focus]]
[2020.01.20-17.28.47:072][  0]LogConfig: Setting CVar [[r.DOF.Recombine.EnableBokehSettings:0    ; no bokeh simulation on slight out of focus]]
[2020.01.20-17.28.47:072][  0]LogConfig: Setting CVar [[r.DOF.TemporalAAQuality:1                ; more stable temporal accumulation]]
[2020.01.20-17.28.47:072][  0]LogConfig: Setting CVar [[r.DOF.Kernel.MaxForegroundRadius:0.025]]
[2020.01.20-17.28.47:072][  0]LogConfig: Setting CVar [[r.DOF.Kernel.MaxBackgroundRadius:0.025]]
[2020.01.20-17.28.47:072][  0]LogConfig: Applying CVar settings from Section [TextureQuality@3] File [C:/Users/smdex/Documents/GitHub/beatRush/beatRush/Saved/Config/Windows/Scalability.ini]
[2020.01.20-17.28.47:072][  0]LogConfig: Setting CVar [[r.Streaming.MipBias:0]]
[2020.01.20-17.28.47:072][  0]LogConfig: Setting CVar [[r.Streaming.AmortizeCPUToGPUCopy:0]]
[2020.01.20-17.28.47:072][  0]LogConfig: Setting CVar [[r.Streaming.MaxNumTexturesToStreamPerFrame:0]]
[2020.01.20-17.28.47:072][  0]LogConfig: Setting CVar [[r.Streaming.Boost:1]]
[2020.01.20-17.28.47:072][  0]LogConfig: Setting CVar [[r.MaxAnisotropy:8]]
[2020.01.20-17.28.47:072][  0]LogConfig: Setting CVar [[r.Streaming.LimitPoolSizeToVRAM:0]]
[2020.01.20-17.28.47:072][  0]LogConfig: Setting CVar [[r.Streaming.PoolSize:1000]]
[2020.01.20-17.28.47:072][  0]LogConfig: Setting CVar [[r.Streaming.MaxEffectiveScreenSize:0]]
[2020.01.20-17.28.47:072][  0]LogConfig: Applying CVar settings from Section [EffectsQuality@3] File [C:/Users/smdex/Documents/GitHub/beatRush/beatRush/Saved/Config/Windows/Scalability.ini]
[2020.01.20-17.28.47:072][  0]LogConfig: Setting CVar [[r.TranslucencyLightingVolumeDim:64]]
[2020.01.20-17.28.47:072][  0]LogConfig: Setting CVar [[r.RefractionQuality:2]]
[2020.01.20-17.28.47:072][  0]LogConfig: Setting CVar [[r.SSR.Quality:3]]
[2020.01.20-17.28.47:072][  0]LogConfig: Setting CVar [[r.SceneColorFormat:4]]
[2020.01.20-17.28.47:072][  0]LogConfig: Setting CVar [[r.DetailMode:2]]
[2020.01.20-17.28.47:072][  0]LogConfig: Setting CVar [[r.TranslucencyVolumeBlur:1]]
[2020.01.20-17.28.47:072][  0]LogConfig: Setting CVar [[r.MaterialQualityLevel:1 ; High quality]]
[2020.01.20-17.28.47:072][  0]LogConfig: Setting CVar [[r.SSS.Scale:1]]
[2020.01.20-17.28.47:072][  0]LogConfig: Setting CVar [[r.SSS.SampleSet:2]]
[2020.01.20-17.28.47:072][  0]LogConfig: Setting CVar [[r.SSS.Quality:1]]
[2020.01.20-17.28.47:072][  0]LogConfig: Setting CVar [[r.SSS.HalfRes:1]]
[2020.01.20-17.28.47:072][  0]LogConfig: Setting CVar [[r.EmitterSpawnRateScale:1.0]]
[2020.01.20-17.28.47:072][  0]LogConfig: Setting CVar [[r.ParticleLightQuality:2]]
[2020.01.20-17.28.47:072][  0]LogConfig: Applying CVar settings from Section [FoliageQuality@3] File [C:/Users/smdex/Documents/GitHub/beatRush/beatRush/Saved/Config/Windows/Scalability.ini]
[2020.01.20-17.28.47:072][  0]LogConfig: Setting CVar [[foliage.DensityScale:1.0]]
[2020.01.20-17.28.47:072][  0]LogConfig: Setting CVar [[grass.DensityScale:1.0]]
[2020.01.20-17.28.47:072][  0]LogConfig: Applying CVar settings from Section [Startup] File [../../../Engine/Config/ConsoleVariables.ini]
[2020.01.20-17.28.47:073][  0]LogConfig: Setting CVar [[net.UseAdaptiveNetUpdateFrequency:0]]
[2020.01.20-17.28.47:073][  0]LogConfig: Setting CVar [[p.chaos.AllowCreatePhysxBodies:1]]
[2020.01.20-17.28.47:073][  0]LogConfig: Applying CVar settings from Section [ConsoleVariables] File [C:/Users/smdex/Documents/GitHub/beatRush/beatRush/Saved/Config/Windows/Engine.ini]
[2020.01.20-17.28.47:073][  0]LogInit: Computer: SMDTECHSLOVAKIA
[2020.01.20-17.28.47:073][  0]LogInit: User: smdex
[2020.01.20-17.28.47:073][  0]LogInit: CPU Page size=4096, Cores=4
[2020.01.20-17.28.47:073][  0]LogInit: High frequency timer resolution =10.000000 MHz
[2020.01.20-17.28.47:073][  0]LogMemory: Memory total: Physical=31.9GB (32GB approx)
[2020.01.20-17.28.47:073][  0]LogMemory: Platform Memory Stats for Windows
[2020.01.20-17.28.47:073][  0]LogMemory: Process Physical Memory: 95.83 MB used, 95.84 MB peak
[2020.01.20-17.28.47:073][  0]LogMemory: Process Virtual Memory: 96.50 MB used, 96.50 MB peak
[2020.01.20-17.28.47:073][  0]LogMemory: Physical Memory: 9641.04 MB used,  22996.20 MB free, 32637.23 MB total
[2020.01.20-17.28.47:073][  0]LogMemory: Virtual Memory: 4638.61 MB used,  134213088.00 MB free, 134217728.00 MB total
[2020.01.20-17.28.47:115][  0]LogInit: Using OS detected language (en-US).
[2020.01.20-17.28.47:115][  0]LogInit: Using OS detected locale (en-US).
[2020.01.20-17.28.47:117][  0]LogTextLocalizationManager: No specific localization for 'en-US' exists, so the 'en' localization will be used.
[2020.01.20-17.28.47:607][  0]LogSlate: New Slate User Created.  User Index 0, Is Virtual User: 0
[2020.01.20-17.28.47:607][  0]LogSlate: Slate User Registered.  User Index 0, Is Virtual User: 0
[2020.01.20-17.28.47:655][  0]LogD3D11RHI: D3D11 adapters:
[2020.01.20-17.28.47:734][  0]LogD3D11RHI:    0. 'NVIDIA GeForce GTX 1070' (Feature Level 11_0)
[2020.01.20-17.28.47:734][  0]LogD3D11RHI:       8081/0/16318 MB DedicatedVideo/DedicatedSystem/SharedSystem, Outputs:1, VendorId:0x10de
[2020.01.20-17.28.47:750][  0]LogD3D11RHI:    1. 'Intel(R) HD Graphics 630' (Feature Level 11_0)
[2020.01.20-17.28.47:750][  0]LogD3D11RHI:       128/0/16318 MB DedicatedVideo/DedicatedSystem/SharedSystem, Outputs:0, VendorId:0x8086
[2020.01.20-17.28.47:753][  0]LogD3D11RHI:    2. 'Microsoft Basic Render Driver' (Feature Level 11_0)
[2020.01.20-17.28.47:753][  0]LogD3D11RHI:       0/0/16318 MB DedicatedVideo/DedicatedSystem/SharedSystem, Outputs:0, VendorId:0x1414
[2020.01.20-17.28.47:753][  0]LogD3D11RHI: Chosen D3D11 Adapter: 0
[2020.01.20-17.28.47:789][  0]LogD3D11RHI: Creating new Direct3DDevice
[2020.01.20-17.28.47:789][  0]LogD3D11RHI:     GPU DeviceId: 0x1ba1 (for the marketing name, search the web for "GPU Device Id")
[2020.01.20-17.28.47:789][  0]LogWindows: EnumDisplayDevices:
[2020.01.20-17.28.47:790][  0]LogWindows:    0. 'Intel(R) HD Graphics 630' (P:1 D:1)
[2020.01.20-17.28.47:790][  0]LogWindows:    1. 'Intel(R) HD Graphics 630' (P:0 D:0)
[2020.01.20-17.28.47:790][  0]LogWindows:    2. 'Intel(R) HD Graphics 630' (P:0 D:0)
[2020.01.20-17.28.47:791][  0]LogWindows:    3. 'NVIDIA GeForce GTX 1070' (P:0 D:0)
[2020.01.20-17.28.47:791][  0]LogWindows:    4. 'NVIDIA GeForce GTX 1070' (P:0 D:0)
[2020.01.20-17.28.47:792][  0]LogWindows:    5. 'NVIDIA GeForce GTX 1070' (P:0 D:0)
[2020.01.20-17.28.47:792][  0]LogWindows:    6. 'NVIDIA GeForce GTX 1070' (P:0 D:0)
[2020.01.20-17.28.47:792][  0]LogWindows: DebugString: PrimaryIsNotTheChoosenAdapter PrimaryIsNotTheChoosenAdapter PrimaryIsNotTheChoosenAdapter FoundDriverCount:4 
[2020.01.20-17.28.47:792][  0]LogD3D11RHI:     Adapter Name: NVIDIA GeForce GTX 1070
[2020.01.20-17.28.47:793][  0]LogD3D11RHI:   Driver Version: 441.87 (internal:26.21.14.4187, unified:441.87)
[2020.01.20-17.28.47:793][  0]LogD3D11RHI:      Driver Date: 12-24-2019
[2020.01.20-17.28.47:793][  0]LogRHI: Texture pool is 5656 MB (70% of 8081 MB)
[2020.01.20-17.28.47:842][  0]LogD3D11RHI: Async texture creation enabled
[2020.01.20-17.28.47:851][  0]LogRendererCore: FGlobalReadBuffer::InitRHI
[2020.01.20-17.28.47:852][  0]LogRendererCore: FGlobalReadBuffer::InitRHI
[2020.01.20-17.28.47:852][  0]LogRendererCore: FGlobalReadBuffer::InitRHI
[2020.01.20-17.28.47:860][  0]LogD3D11RHI: GPU Timing Frequency: 1000.000000 (Debug: 2 1)
[2020.01.20-17.28.48:230][  0]LogTemp: Display: Module 'WindowsClientTargetPlatform' loaded TargetPlatform 'WindowsClient'
[2020.01.20-17.28.48:251][  0]LogTemp: Display: Module 'WindowsNoEditorTargetPlatform' loaded TargetPlatform 'WindowsNoEditor'
[2020.01.20-17.28.48:270][  0]LogTemp: Display: Module 'WindowsServerTargetPlatform' loaded TargetPlatform 'WindowsServer'
[2020.01.20-17.28.48:279][  0]LogTemp: Display: Module 'WindowsTargetPlatform' loaded TargetPlatform 'Windows'
[2020.01.20-17.28.48:279][  0]LogTargetPlatformManager: Display: Building Assets For Windows
[2020.01.20-17.28.48:287][  0]LogAudioDebug: Display: Lib vorbis DLL was dynamically loaded.
[2020.01.20-17.28.48:341][  0]LogShaderCompilers: Guid format shader working directory is -18 characters bigger than the processId version (../../../../../../Users/smdex/Documents/GitHub/beatRush/beatRush/Intermediate/Shaders/WorkingDirectory/6244/).
[2020.01.20-17.28.48:341][  0]LogShaderCompilers: Cleaned the shader compiler working directory 'C:/Users/smdex/AppData/Local/Temp/UnrealShaderWorkingDir/38F3D2754EBF7250008C6F97EB7FE18F/'.
[2020.01.20-17.28.48:355][  0]LogShaderCompilers: Display: Using XGE Shader Compiler (Interception Interface).
[2020.01.20-17.28.48:920][  0]LogDerivedDataCache: Display: Max Cache Size: 512 MB
[2020.01.20-17.28.48:987][  0]LogDerivedDataCache: Loaded boot cache 0.07s 68MB C:/Users/smdex/AppData/Local/UnrealEngine/4.22/DerivedDataCache/Boot.ddc.
[2020.01.20-17.28.48:987][  0]LogDerivedDataCache: Display: Loaded Boot cache: C:/Users/smdex/AppData/Local/UnrealEngine/4.22/DerivedDataCache/Boot.ddc
[2020.01.20-17.28.48:987][  0]LogDerivedDataCache: FDerivedDataBackendGraph:  Pak pak cache file ../../../../../../Users/smdex/Documents/GitHub/beatRush/beatRush/DerivedDataCache/DDC.ddp not found, will not use a pak cache.
[2020.01.20-17.28.48:987][  0]LogDerivedDataCache: Unable to find inner node Pak for hierarchical cache Hierarchy.
[2020.01.20-17.28.48:987][  0]LogDerivedDataCache: FDerivedDataBackendGraph:  CompressedPak pak cache file ../../../../../../Users/smdex/Documents/GitHub/beatRush/beatRush/DerivedDataCache/Compressed.ddp not found, will not use a pak cache.
[2020.01.20-17.28.48:987][  0]LogDerivedDataCache: Unable to find inner node CompressedPak for hierarchical cache Hierarchy.
[2020.01.20-17.28.49:002][  0]LogDerivedDataCache: Display: Pak cache opened for reading ../../../Engine/DerivedDataCache/Compressed.ddp.
[2020.01.20-17.28.49:002][  0]LogDerivedDataCache: FDerivedDataBackendGraph:  EnterprisePak pak cache file ../../../Enterprise/DerivedDataCache/Compressed.ddp not found, will not use a pak cache.
[2020.01.20-17.28.49:002][  0]LogDerivedDataCache: Unable to find inner node EnterprisePak for hierarchical cache Hierarchy.
[2020.01.20-17.28.49:015][  0]LogDerivedDataCache: Using Local data cache path C:/Users/smdex/AppData/Local/UnrealEngine/Common/DerivedDataCache: Writable
[2020.01.20-17.28.49:015][  0]LogDerivedDataCache: Shared data cache path not found in *engine.ini, will not use an Shared cache.
[2020.01.20-17.28.49:015][  0]LogDerivedDataCache: Unable to find inner node Shared for hierarchical cache Hierarchy.
[2020.01.20-17.28.49:024][  0]LogMaterial: Verifying Global Shaders for PCD3D_ES2
[2020.01.20-17.28.49:026][  0]LogSlate: Using FreeType 2.6.0
[2020.01.20-17.28.49:026][  0]LogSlate: SlateFontServices - WITH_FREETYPE: 1, WITH_HARFBUZZ: 1
[2020.01.20-17.28.49:141][  0]LogInit: Using OS detected language (en-US).
[2020.01.20-17.28.49:141][  0]LogInit: Using OS detected locale (en-US).
[2020.01.20-17.28.49:142][  0]LogTextLocalizationManager: No localization for 'en-US' exists, so 'en' will be used for the language.
[2020.01.20-17.28.49:142][  0]LogTextLocalizationManager: No localization for 'en-US' exists, so 'en' will be used for the locale.
[2020.01.20-17.28.49:142][  0]LogSlate: FontCache flush requested. Reason: Culture for localization was changed
[2020.01.20-17.28.49:142][  0]LogSlate: FontCache flush requested. Reason: Culture for localization was changed
[2020.01.20-17.28.49:145][  0]LogTextLocalizationManager: Compacting localization data took   0.01ms
[2020.01.20-17.28.49:154][  0]LogAssetRegistry: FAssetRegistry took 0.0053 seconds to start up
[2020.01.20-17.28.49:443][  0]LogPackageLocalizationCache: Processed 6 localized package path(s) for 1 prioritized culture(s) in 0.000586 seconds
[2020.01.20-17.28.49:604][  0]LogInit: Selected Device Profile: [Windows]
[2020.01.20-17.28.49:753][  0]LogMeshReduction: Using QuadricMeshReduction for automatic static mesh reduction
[2020.01.20-17.28.49:753][  0]LogMeshReduction: Using SimplygonMeshReduction for automatic skeletal mesh reduction
[2020.01.20-17.28.49:753][  0]LogMeshReduction: Using ProxyLODMeshReduction for automatic mesh merging
[2020.01.20-17.28.49:753][  0]LogMeshReduction: No distributed automatic mesh merging module available
[2020.01.20-17.28.49:753][  0]LogMeshMerging: No distributed automatic mesh merging module available
[2020.01.20-17.28.49:767][  0]LogNetVersion: beatRush 1.0.0, NetCL: 5660361, EngineNetVer: 10, GameNetVer: 0 (Checksum: 794459514)
[2020.01.20-17.28.50:189][  0]LogInit: WinSock: version 1.1 (2.2), MaxSocks=32767, MaxUdp=65467
[2020.01.20-17.28.50:386][  0]LogMoviePlayer: Initializing movie player
[2020.01.20-17.28.50:561][  0]LogOnline: Google: Google Startup!
[2020.01.20-17.28.50:562][  0]LogAndroidPermission: UAndroidPermissionCallbackProxy::GetInstance
[2020.01.20-17.28.50:588][  0]LogUObjectArray: 45222 objects as part of root set at end of initial load.
[2020.01.20-17.28.50:588][  0]LogUObjectAllocator: 7879712 out of 0 bytes used by permanent object pool.
[2020.01.20-17.28.50:588][  0]LogUObjectArray: CloseDisregardForGC: 0/0 objects in disregard for GC pool
[2020.01.20-17.28.50:744][  0]LogEngine: Initializing Engine...
[2020.01.20-17.28.50:757][  0]LogStats: UGameplayTagsManager::InitializeManager -  0.000 s
[2020.01.20-17.28.50:954][  0]LogInit: Initializing FReadOnlyCVARCache
[2020.01.20-17.28.51:009][  0]LogInit: XAudio2 using 'Speakers / Headphones (Realtek Audio)' : 2 channels at 48 kHz using 32 bits per sample (channel mask 0x3)
[2020.01.20-17.28.51:029][  0]LogInit: FAudioDevice initialized.
[2020.01.20-17.28.51:040][  0]LogNetVersion: Set ProjectVersion to 0.39. Version Checksum will be recalculated on next use.
[2020.01.20-17.28.51:048][  0]LogInit: Texture streaming: Enabled
[2020.01.20-17.28.51:208][  0]LogSlate: Updating window title bar state: overlay mode, drag disabled, window buttons hidden, title bar hidden
[2020.01.20-17.28.51:209][  0]LogInit: Display: Game Engine Initialized.
[2020.01.20-17.28.51:232][  0]LogInit: Display: Starting Game.
[2020.01.20-17.28.51:232][  0]LogNet: Browse: /Game/Levels/gameplay?Name=Player
[2020.01.20-17.28.51:233][  0]LogLoad: LoadMap: /Game/Levels/gameplay?Name=Player
[2020.01.20-17.28.51:260][  0]LogUObjectHash: Compacting FUObjectHashTables data took   2.02ms
[2020.01.20-17.28.51:737][  0]LogAIModule: Creating AISystem for world gameplay
[2020.01.20-17.28.51:739][  0]LogLinker: Warning: Can't find file '/Script/beatRush'
[2020.01.20-17.28.51:739][  0]LogUObjectGlobals: Warning: Failed to load '/Script/beatRush': Can't find file '/Script/beatRush'
[2020.01.20-17.28.51:740][  0]LogLinker: Warning: Can't find file '/Script/beatRush'
[2020.01.20-17.28.51:740][  0]LogUObjectGlobals: Warning: Failed to load '/Script/beatRush': Can't find file '/Script/beatRush'
[2020.01.20-17.28.51:740][  0]LogUObjectGlobals: Warning: Failed to find object 'Class /Script/beatRush.beatRushGameMode'
[2020.01.20-17.28.51:740][  0]LogLoad: Game class is 'GameModeBase'
[2020.01.20-17.28.51:758][  0]LogWorld: Bringing World /Game/Levels/gameplay.gameplay up for play (max tick rate 0) at 2020.01.20-18.28.51
[2020.01.20-17.28.51:760][  0]LogWorld: Bringing up level for play took: 0.018966
[2020.01.20-17.28.51:761][  0]LogGameMode: FindPlayerStart: PATHS NOT DEFINED or NO PLAYERSTART with positive rating
[2020.01.20-17.28.51:764][  0]LogStreaming: Warning: Failed to read file '../../../../../../Users/smdex/Documents/GitHub/beatRush/beatRush/Saved/SaveGames/1.sav' error.
[2020.01.20-17.28.51:769][  0]LogLoad: Took 0.535610 seconds to LoadMap(/Game/Levels/gameplay)
[2020.01.20-17.28.51:830][  0]LogRenderer: Reallocating scene render targets to support 1280x720 Format 10 NumSamples 1 (Frame:1).
[2020.01.20-17.28.51:830][  0]LogLoad: (Engine Initialization) Total time: 7.22 seconds
[2020.01.20-17.28.51:830][  0]LogLoad: (Engine Initialization) Total Blueprint compile time: 0.00 seconds
[2020.01.20-17.28.51:850][  0]LogContentStreaming: Texture pool size now 1000 MB
[2020.01.20-17.29.40:906][ 41]LogSlate: FSceneViewport::OnFocusLost() reason 0
[2020.01.20-17.29.43:664][212]LogBlueprintUserMessages: [playerCharacter_BP_2] 1
[2020.01.20-17.29.43:680][213]LogBlueprintUserMessages: [playerCharacter_BP_2] 2
[2020.01.20-17.29.44:793][282]LogBlueprintUserMessages: [playerCharacter_BP_2] 3
[2020.01.20-17.29.47:293][437]LogBlueprintUserMessages: [playerCharacter_BP_2] 1
[2020.01.20-17.29.48:922][538]LogBlueprintUserMessages: [playerCharacter_BP_2] 4
[2020.01.20-17.29.50:100][611]LogBlueprintUserMessages: [playerCharacter_BP_2] 5
[2020.01.20-17.29.51:229][681]LogSlate: FSceneViewport::OnFocusLost() reason 0
[2020.01.20-17.29.52:133][737]Closing by request
[2020.01.20-17.29.52:133][737]LogWindows: FPlatformMisc::RequestExit(0)
[2020.01.20-17.29.52:812][738]LogSlate: Window 'Beat Rush BR - DEBUG ' being destroyed
[2020.01.20-17.29.52:814][738]LogWindowsTextInputMethodSystem: Display: IME system now deactivated.
[2020.01.20-17.29.52:844][738]LogExit: Preparing to exit.
[2020.01.20-17.29.52:844][738]LogMoviePlayer: Shutting down movie player
[2020.01.20-17.29.52:861][738]LogSlate: Updating window title bar state: overlay mode, drag disabled, window buttons hidden, title bar hidden
[2020.01.20-17.29.52:877][738]LogExit: Game engine shut down
[2020.01.20-17.29.52:959][738]LogExit: Object subsystem successfully closed.
[2020.01.20-17.29.52:990][738]LogShaderCompilers: Display: Shaders left to compile 0
[2020.01.20-17.29.52:993][738]LogD3D11RHI: Shutdown
[2020.01.20-17.29.52:993][738]LogD3D11RHI: CleanupD3DDevice
[2020.01.20-17.29.52:993][738]LogRendererCore: FGlobalReadBuffer::ReleaseRHI
[2020.01.20-17.29.52:993][738]LogRendererCore: FGlobalDynamicReadBuffer::Cleanup()
[2020.01.20-17.29.52:993][738]LogRendererCore: FGlobalReadBuffer::ReleaseRHI
[2020.01.20-17.29.52:993][738]LogRendererCore: FGlobalDynamicReadBuffer::Cleanup()
[2020.01.20-17.29.52:993][738]LogRendererCore: FGlobalReadBuffer::ReleaseRHI
[2020.01.20-17.29.52:993][738]LogRendererCore: FGlobalDynamicReadBuffer::Cleanup()
[2020.01.20-17.29.53:044][738]LogD3D11RHI: ~FD3D11DynamicRHI
[2020.01.20-17.29.53:057][738]LogModuleManager: Shutting down and abandoning module SequenceRecorderSections (325)
[2020.01.20-17.29.53:057][738]LogModuleManager: Shutting down and abandoning module SequenceRecorder (323)
[2020.01.20-17.29.53:057][738]LogModuleManager: Shutting down and abandoning module AutomationController (321)
[2020.01.20-17.29.53:058][738]LogModuleManager: Shutting down and abandoning module AutomationWorker (319)
[2020.01.20-17.29.53:058][738]LogModuleManager: Shutting down and abandoning module AIModule (317)
[2020.01.20-17.29.53:058][738]LogModuleManager: Shutting down and abandoning module GameplayDebugger (316)
[2020.01.20-17.29.53:058][738]LogModuleManager: Shutting down and abandoning module AITestSuite (314)
[2020.01.20-17.29.53:058][738]LogModuleManager: Shutting down and abandoning module NavigationSystem (312)
[2020.01.20-17.29.53:058][738]LogModuleManager: Shutting down and abandoning module OpenExrWrapper (309)
[2020.01.20-17.29.53:058][738]LogModuleManager: Shutting down and abandoning module ImgMediaFactory (307)
[2020.01.20-17.29.53:058][738]LogModuleManager: Shutting down and abandoning module Media (306)
[2020.01.20-17.29.53:065][738]LogModuleManager: Shutting down and abandoning module SessionServices (303)
[2020.01.20-17.29.53:065][738]LogModuleManager: Shutting down and abandoning module MovieSceneCapture (301)
[2020.01.20-17.29.53:065][738]LogModuleManager: Shutting down and abandoning module LiveCoding (299)
[2020.01.20-17.29.53:065][738]LogModuleManager: Shutting down and abandoning module LevelSequence (297)
[2020.01.20-17.29.53:065][738]LogModuleManager: Shutting down and abandoning module MovieSceneTracks (295)
[2020.01.20-17.29.53:065][738]LogModuleManager: Shutting down and abandoning module MovieScene (293)
[2020.01.20-17.29.53:065][738]LogModuleManager: Shutting down and abandoning module StreamingPauseRendering (291)
[2020.01.20-17.29.53:065][738]LogModuleManager: Shutting down and abandoning module PortalServices (289)
[2020.01.20-17.29.53:065][738]LogModuleManager: Shutting down and abandoning module PortalRpc (287)
[2020.01.20-17.29.53:065][738]LogModuleManager: Shutting down and abandoning module MessagingRpc (285)
[2020.01.20-17.29.53:065][738]LogModuleManager: Shutting down and abandoning module ImageWriteQueue (283)
[2020.01.20-17.29.53:068][738]LogModuleManager: Shutting down and abandoning module ProfilerService (281)
[2020.01.20-17.29.53:216][738]LogModuleManager: Shutting down and abandoning module TaskGraph (279)
[2020.01.20-17.29.53:216][738]LogModuleManager: Shutting down and abandoning module ProceduralMeshComponent (277)
[2020.01.20-17.29.53:216][738]LogModuleManager: Shutting down and abandoning module EditableMesh (275)
[2020.01.20-17.29.53:216][738]LogModuleManager: Shutting down and abandoning module AndroidPermission (273)
[2020.01.20-17.29.53:216][738]LogModuleManager: Shutting down and abandoning module LoginFlow (269)
[2020.01.20-17.29.53:216][738]LogModuleManager: Shutting down and abandoning module PlayTimeLimit (267)
[2020.01.20-17.29.53:216][738]LogModuleManager: Shutting down and abandoning module Rejoin (265)
[2020.01.20-17.29.53:216][738]LogModuleManager: Shutting down and abandoning module Hotfix (263)
[2020.01.20-17.29.53:216][738]LogModuleManager: Shutting down and abandoning module Lobby (261)
[2020.01.20-17.29.53:216][738]LogModuleManager: Shutting down and abandoning module Party (259)
[2020.01.20-17.29.53:216][738]LogModuleManager: Shutting down and abandoning module Qos (257)
[2020.01.20-17.29.53:216][738]LogModuleManager: Shutting down and abandoning module MediaCompositing (255)
[2020.01.20-17.29.53:216][738]LogModuleManager: Shutting down and abandoning module LinearTimecode (253)
[2020.01.20-17.29.53:216][738]LogModuleManager: Shutting down and abandoning module ImgMedia (251)
[2020.01.20-17.29.53:216][738]LogModuleManager: Shutting down and abandoning module EasyAds (249)
[2020.01.20-17.29.53:216][738]LogModuleManager: Shutting down and abandoning module MagicLeapHelperVulkan (247)
[2020.01.20-17.29.53:216][738]LogModuleManager: Shutting down and abandoning module MagicLeapHelperOpenGL (245)
[2020.01.20-17.29.53:216][738]LogModuleManager: Shutting down and abandoning module MagicLeapAudio (243)
[2020.01.20-17.29.53:216][738]LogModuleManager: Shutting down and abandoning module GeometryCacheTracks (241)
[2020.01.20-17.29.53:217][738]LogModuleManager: Shutting down and abandoning module GeometryCacheSequencer (240)
[2020.01.20-17.29.53:217][738]LogModuleManager: Shutting down and abandoning module GeometryCache (237)
[2020.01.20-17.29.53:217][738]LogModuleManager: Shutting down and abandoning module GeometryCacheEd (236)
[2020.01.20-17.29.53:217][738]LogModuleManager: Shutting down and abandoning module VisualStudioSourceCodeAccess (233)
[2020.01.20-17.29.53:217][738]LogModuleManager: Shutting down and abandoning module HotReload (232)
[2020.01.20-17.29.53:217][738]LogModuleManager: Shutting down and abandoning module DirectoryWatcher (231)
[2020.01.20-17.29.53:217][738]LogModuleManager: Shutting down and abandoning module ActorLayerUtilities (227)
[2020.01.20-17.29.53:217][738]LogModuleManager: Shutting down and abandoning module beatRush (225)
[2020.01.20-17.29.53:217][738]LogModuleManager: Shutting down and abandoning module RuntimePhysXCooking (223)
[2020.01.20-17.29.53:217][738]LogModuleManager: Shutting down and abandoning module LocationServicesBPLibrary (221)
[2020.01.20-17.29.53:217][738]LogModuleManager: Shutting down and abandoning module ActorSequence (219)
[2020.01.20-17.29.53:217][738]LogModuleManager: Shutting down and abandoning module MagicLeapIdentity (217)
[2020.01.20-17.29.53:217][738]LogModuleManager: Shutting down and abandoning module MagicLeapSecureStorage (215)
[2020.01.20-17.29.53:217][738]LogModuleManager: Shutting down and abandoning module MagicLeapHandTracking (213)
[2020.01.20-17.29.53:217][738]LogModuleManager: Shutting down and abandoning module MagicLeapEyeTracker (211)
[2020.01.20-17.29.53:217][738]LogModuleManager: Shutting down and abandoning module MagicLeapController (209)
[2020.01.20-17.29.53:217][738]LogSlate: Slate User Destroyed.  User Index 0, Is Virtual User: 0
[2020.01.20-17.29.53:217][738]LogModuleManager: Shutting down and abandoning module MagicLeapAR (207)
[2020.01.20-17.29.53:217][738]LogModuleManager: Shutting down and abandoning module AugmentedReality (206)
[2020.01.20-17.29.53:217][738]LogModuleManager: Shutting down and abandoning module GameplayTagsEditor (203)
[2020.01.20-17.29.53:217][738]LogModuleManager: Shutting down and abandoning module FacialAnimation (201)
[2020.01.20-17.29.53:217][738]LogModuleManager: Shutting down and abandoning module DataValidation (199)
[2020.01.20-17.29.53:218][738]LogModuleManager: Shutting down and abandoning module AssetManagerEditor (197)
[2020.01.20-17.29.53:218][738]LogModuleManager: Shutting down and abandoning module TreeMap (196)
[2020.01.20-17.29.53:218][738]LogModuleManager: Shutting down and abandoning module LightPropagationVolumeRuntime (193)
[2020.01.20-17.29.53:218][738]LogModuleManager: Shutting down and abandoning module Paper2D (191)
[2020.01.20-17.29.53:218][738]LogModuleManager: Shutting down and abandoning module PacketHandler (189)
[2020.01.20-17.29.53:218][738]LogModuleManager: Shutting down and abandoning module ClothingSystemEditor (187)
[2020.01.20-17.29.53:218][738]LogModuleManager: Shutting down and abandoning module ClothingSystemRuntime (185)
[2020.01.20-17.29.53:218][738]LogModuleManager: Shutting down and abandoning module MediaAssets (183)
[2020.01.20-17.29.53:218][738]LogModuleManager: Shutting down and abandoning module Overlay (181)
[2020.01.20-17.29.53:218][738]LogModuleManager: Shutting down and abandoning module OverlayEditor (180)
[2020.01.20-17.29.53:218][738]LogModuleManager: Shutting down and abandoning module VREditor (177)
[2020.01.20-17.29.53:218][738]LogModuleManager: Shutting down and abandoning module StringTableEditor (175)
[2020.01.20-17.29.53:218][738]LogModuleManager: Shutting down and abandoning module GameplayTasksEditor (173)
[2020.01.20-17.29.53:218][738]LogModuleManager: Shutting down and abandoning module BehaviorTreeEditor (171)
[2020.01.20-17.29.53:218][738]LogModuleManager: Shutting down and abandoning module FunctionalTesting (169)
[2020.01.20-17.29.53:218][738]LogModuleManager: Shutting down and abandoning module CollisionAnalyzer (167)
[2020.01.20-17.29.53:218][738]LogModuleManager: Shutting down and abandoning module WorkspaceMenuStructure (166)
[2020.01.20-17.29.53:218][738]LogModuleManager: Shutting down and abandoning module UMG (163)
[2020.01.20-17.29.53:218][738]LogModuleManager: Shutting down and abandoning module UMGEditor (162)
[2020.01.20-17.29.53:218][738]LogModuleManager: Shutting down and abandoning module Sequencer (161)
[2020.01.20-17.29.53:218][738]LogModuleManager: Shutting down and abandoning module MessageLog (158)
[2020.01.20-17.29.53:218][738]LogModuleManager: Shutting down and abandoning module SlateReflector (153)
[2020.01.20-17.29.53:218][738]LogModuleManager: Shutting down and abandoning module Slate (151)
[2020.01.20-17.29.53:218][738]LogModuleManager: Shutting down and abandoning module EditorStyle (149)
[2020.01.20-17.29.53:219][738]LogModuleManager: Shutting down and abandoning module UnrealEd (147)
[2020.01.20-17.29.53:219][738]LogModuleManager: Shutting down and abandoning module MRMesh (145)
[2020.01.20-17.29.53:219][738]LogModuleManager: Shutting down and abandoning module Messaging (143)
[2020.01.20-17.29.53:219][738]LogModuleManager: Shutting down and abandoning module SourceCodeAccess (141)
[2020.01.20-17.29.53:219][738]LogModuleManager: Shutting down and abandoning module HeadMountedDisplay (139)
[2020.01.20-17.29.53:219][738]LogModuleManager: Shutting down and abandoning module XAudio2 (137)
[2020.01.20-17.29.53:219][738]LogModuleManager: Shutting down and abandoning module Networking (135)
[2020.01.20-17.29.53:220][738]LogModuleManager: Shutting down and abandoning module Core (131)
[2020.01.20-17.29.53:220][738]LogModuleManager: Shutting down and abandoning module KismetCompiler (129)
[2020.01.20-17.29.53:220][738]LogModuleManager: Shutting down and abandoning module MeshUtilities (127)
[2020.01.20-17.29.53:220][738]LogModuleManager: Shutting down and abandoning module MeshMergeUtilities (126)
[2020.01.20-17.29.53:220][738]LogModuleManager: Shutting down and abandoning module MeshReductionInterface (125)
[2020.01.20-17.29.53:220][738]LogModuleManager: Shutting down and abandoning module SkeletalMeshReduction (124)
[2020.01.20-17.29.53:220][738]LogModuleManager: Shutting down and abandoning module ProxyLODMeshReduction (122)
[2020.01.20-17.29.53:220][738]LogModuleManager: Shutting down and abandoning module QuadricMeshReduction (120)
[2020.01.20-17.29.53:220][738]LogModuleManager: Shutting down and abandoning module MaterialBaking (116)
[2020.01.20-17.29.53:220][738]LogModuleManager: Shutting down and abandoning module PIEPreviewDeviceProfileSelector (111)
[2020.01.20-17.29.53:220][738]LogModuleManager: Shutting down and abandoning module DerivedDataCache (109)
[2020.01.20-17.29.53:577][738]LogDerivedDataCache: Shutdown
[2020.01.20-17.29.53:577][738]LogModuleManager: Shutting down and abandoning module XGEController (107)
[2020.01.20-17.29.53:577][738]LogModuleManager: Shutting down and abandoning module TargetPlatform (105)
[2020.01.20-17.29.53:577][738]LogModuleManager: Shutting down and abandoning module VulkanShaderFormat (104)
[2020.01.20-17.29.53:577][738]LogModuleManager: Shutting down and abandoning module ShaderFormatVectorVM (102)
[2020.01.20-17.29.53:577][738]LogModuleManager: Shutting down and abandoning module ShaderFormatOpenGL (100)
[2020.01.20-17.29.53:577][738]LogModuleManager: Shutting down and abandoning module ShaderFormatD3D (98)
[2020.01.20-17.29.53:577][738]LogModuleManager: Shutting down and abandoning module MetalShaderFormat (96)
[2020.01.20-17.29.53:577][738]LogModuleManager: Shutting down and abandoning module TextureFormatUncompressed (94)
[2020.01.20-17.29.53:577][738]LogModuleManager: Shutting down and abandoning module TextureFormatPVR (92)
[2020.01.20-17.29.53:577][738]LogModuleManager: Shutting down and abandoning module TextureFormatDXT (90)
[2020.01.20-17.29.53:577][738]LogModuleManager: Shutting down and abandoning module TextureFormatIntelISPCTexComp (88)
[2020.01.20-17.29.53:577][738]LogModuleManager: Shutting down and abandoning module TextureFormatASTC (86)
[2020.01.20-17.29.53:577][738]LogModuleManager: Shutting down and abandoning module ImageWrapper (85)
[2020.01.20-17.29.53:577][738]LogModuleManager: Shutting down and abandoning module TextureFormatAndroid (82)
[2020.01.20-17.29.53:577][738]LogModuleManager: Shutting down and abandoning module AudioFormatOpus (80)
[2020.01.20-17.29.53:577][738]LogModuleManager: Shutting down and abandoning module AudioFormatOgg (78)
[2020.01.20-17.29.53:577][738]LogModuleManager: Shutting down and abandoning module AudioFormatADPCM (76)
[2020.01.20-17.29.53:577][738]LogModuleManager: Shutting down and abandoning module WindowsTargetPlatform (74)
[2020.01.20-17.29.53:577][738]LogModuleManager: Shutting down and abandoning module WindowsServerTargetPlatform (72)
[2020.01.20-17.29.53:577][738]LogModuleManager: Shutting down and abandoning module WindowsNoEditorTargetPlatform (70)
[2020.01.20-17.29.53:577][738]LogModuleManager: Shutting down and abandoning module WindowsClientTargetPlatform (68)
[2020.01.20-17.29.53:577][738]LogModuleManager: Shutting down and abandoning module InputCore (65)
[2020.01.20-17.29.53:577][738]LogModuleManager: Shutting down and abandoning module Settings (63)
[2020.01.20-17.29.53:577][738]LogModuleManager: Shutting down and abandoning module PhysXCooking (61)
[2020.01.20-17.29.53:577][738]LogModuleManager: Shutting down and abandoning module ExampleDeviceProfileSelector (59)
[2020.01.20-17.29.53:577][738]LogModuleManager: Shutting down and abandoning module LauncherChunkInstaller (57)
[2020.01.20-17.29.53:577][738]LogModuleManager: Shutting down and abandoning module OnlineBlueprintSupport (55)
[2020.01.20-17.29.53:577][738]LogModuleManager: Shutting down and abandoning module OnlineSubsystem (51)
[2020.01.20-17.29.53:578][738]LogOnline: Google: Google Shutdown!
[2020.01.20-17.29.53:578][738]LogModuleManager: Shutting down and abandoning module XMPP (49)
[2020.01.20-17.29.53:578][738]LogModuleManager: Shutting down and abandoning module WebSockets (48)
[2020.01.20-17.29.53:605][738]LogModuleManager: Shutting down and abandoning module HTTP (45)
[2020.01.20-17.29.53:615][738]LogModuleManager: Shutting down and abandoning module SSL (44)
[2020.01.20-17.29.53:617][738]LogModuleManager: Shutting down and abandoning module MagicLeap (40)
[2020.01.20-17.29.53:617][738]LogModuleManager: Shutting down and abandoning module AnimationModifiers (38)
[2020.01.20-17.29.53:617][738]LogModuleManager: Shutting down and abandoning module PropertyEditor (37)
[2020.01.20-17.29.53:617][738]LogModuleManager: Shutting down and abandoning module AudioEditor (34)
[2020.01.20-17.29.53:617][738]LogModuleManager: Shutting down and abandoning module TextureCompressor (32)
[2020.01.20-17.29.53:617][738]LogModuleManager: Shutting down and abandoning module RenderCore (30)
[2020.01.20-17.29.53:617][738]LogModuleManager: Shutting down and abandoning module Landscape (28)
[2020.01.20-17.29.53:617][738]LogModuleManager: Shutting down and abandoning module SlateRHIRenderer (26)
[2020.01.20-17.29.53:617][738]LogModuleManager: Shutting down and abandoning module OpenGLDrv (24)
[2020.01.20-17.29.53:617][738]LogModuleManager: Shutting down and abandoning module D3D11RHI (22)
[2020.01.20-17.29.53:617][738]LogModuleManager: Shutting down and abandoning module AnimGraphRuntime (20)
[2020.01.20-17.29.53:617][738]LogModuleManager: Shutting down and abandoning module Renderer (18)
[2020.01.20-17.29.53:618][738]LogModuleManager: Shutting down and abandoning module Engine (16)
[2020.01.20-17.29.53:618][738]LogModuleManager: Shutting down and abandoning module CoreUObject (14)
[2020.01.20-17.29.53:618][738]LogModuleManager: Shutting down and abandoning module NetworkFile (12)
[2020.01.20-17.29.53:618][738]LogModuleManager: Shutting down and abandoning module CookedIterativeFile (10)
[2020.01.20-17.29.53:618][738]LogModuleManager: Shutting down and abandoning module StreamingFile (8)
[2020.01.20-17.29.53:618][738]LogModuleManager: Shutting down and abandoning module SandboxFile (6)
[2020.01.20-17.29.53:618][738]LogModuleManager: Shutting down and abandoning module PakFile (4)
[2020.01.20-17.29.53:618][738]LogModuleManager: Shutting down and abandoning module RSA (3)
[2020.01.20-17.29.53:623][738]LogExit: Exiting.
[2020.01.20-17.29.53:639][738]Log file closed, 01/20/20 18:29:53
