"D:/Unreal Projects/beatRush/beatRush/Content/EasySpaceVFX/Textures/T_Aurora.uasset" 0
"D:/Unreal Projects/beatRush/beatRush/Content/EasySpaceVFX/Aurora/Materials/M_Aurora.uasset" 1
"D:/Unreal Projects/beatRush/beatRush/Content/EasySpaceVFX/Aurora/Materials/M_Aurora_Inst.uasset" 2
"D:/Unreal Projects/beatRush/beatRush/Content/EasySpaceVFX/Aurora/Meshes/AuroraPlane.uasset" 3
"../../../Engine/Content/Functions/Engine_MaterialFunctions01/Density/ExponentialDensity.uasset" 4
"../../../Engine/Content/Functions/Engine_MaterialFunctions01/Gradient/RadialGradientExponential.uasset" 5
"../../../Engine/Content/Functions/Engine_MaterialFunctions02/Math/Pi.uasset" 6
"../../../Engine/Content/Functions/Engine_MaterialFunctions02/Utility/MakeFloat3.uasset" 7
"D:/Unreal Projects/beatRush/beatRush/Content/EasySpaceVFX/ParticleSea/Materials/MaterialFunctions/MF_Wave.uasset" 8
"D:/Unreal Projects/beatRush/beatRush/Content/EasySpaceVFX/ParticleSea/Materials/M_ParticleSeaMaster.uasset" 9
"D:/Unreal Projects/beatRush/beatRush/Content/EasySpaceVFX/ParticleSea/Materials/MaterialInstances/M_ParticleSea_Inst_01.uasset" 10
"D:/Unreal Projects/beatRush/beatRush/Content/EasySpaceVFX/ParticleSea/Particles/P_Grid.uasset" 11
"D:/Unreal Projects/beatRush/beatRush/Content/EasySpaceVFX/ParticleSea/Blueprints/BP_ParticleSea.uasset" 12
"D:/Unreal Projects/beatRush/beatRush/Content/EasySpaceVFX/ParticleSea/Materials/MaterialInstances/M_ParticleSea_Inst_02.uasset" 13
"D:/Unreal Projects/beatRush/beatRush/Content/EasySpaceVFX/ParticleSea/Materials/MaterialInstances/M_ParticleSea_Inst_03.uasset" 14
"D:/Unreal Projects/beatRush/beatRush/Content/EasySpaceVFX/ParticleSea/Materials/MaterialInstances/M_ParticleSea_Inst_04.uasset" 15
"D:/Unreal Projects/beatRush/beatRush/Content/EasySpaceVFX/SpaceDust/Materials/M_MovableStarMaster.uasset" 16
"D:/Unreal Projects/beatRush/beatRush/Content/EasySpaceVFX/SpaceDust/P_SpaceDust.uasset" 17
"D:/Unreal Projects/beatRush/beatRush/Content/EasySpaceVFX/WarpParticles/Materials/M_Warp.uasset" 18
"D:/Unreal Projects/beatRush/beatRush/Content/EasySpaceVFX/WarpParticles/Particles/P_Warp.uasset" 19
"D:/Unreal Projects/beatRush/beatRush/Content/EasySpaceVFX/WarpParticles/Blueprints/BP_Warp.uasset" 20
"D:/Unreal Projects/beatRush/beatRush/Content/EasySpaceVFX/WarpParticles/Particles/P_Warp1.uasset" 21
"D:/Unreal Projects/beatRush/beatRush/Content/EasySpaceVFX/WarpParticles/Particles/P_Warp2.uasset" 22
"D:/Unreal Projects/beatRush/beatRush/Content/EasySpaceVFX/WarpParticles/Particles/P_Warp3.uasset" 23
"D:/Unreal Projects/beatRush/beatRush/Content/EasySpaceVFX/WarpParticles/Particles/P_Warp4.uasset" 24
"D:/Unreal Projects/beatRush/beatRush/Content/EasySpaceVFX/Textures/T_Caustic.uasset" 25
"D:/Unreal Projects/beatRush/beatRush/Content/EasySpaceVFX/WarpTube/Materials/M_WarpMaster.uasset" 26
"D:/Unreal Projects/beatRush/beatRush/Content/EasySpaceVFX/Textures/T_Noise.uasset" 27
"D:/Unreal Projects/beatRush/beatRush/Content/EasySpaceVFX/WarpTube/Materials/M_WarpMaster_Inst.uasset" 28
"D:/Unreal Projects/beatRush/beatRush/Content/EasySpaceVFX/WarpTube/Materials/M_WarpMaster_Inst_Inst.uasset" 29
"D:/Unreal Projects/beatRush/beatRush/Content/EasySpaceVFX/WarpTube/Materials/M_WarpMaster_Inst_Inst_Inst.uasset" 30
"D:/Unreal Projects/beatRush/beatRush/Content/EasySpaceVFX/WarpTube/Meshes/cylinder.uasset" 31
"D:/Unreal Projects/beatRush/beatRush/Content/Flying/Meshes/BaseMaterial.uasset" 32
"D:/Unreal Projects/beatRush/beatRush/Content/Flying/Meshes/UFOMaterial.uasset" 33
"D:/Unreal Projects/beatRush/beatRush/Content/Flying/Meshes/UFO.uasset" 34
"D:/Unreal Projects/beatRush/beatRush/Content/Geometry/Meshes/CubeMaterial.uasset" 35
"D:/Unreal Projects/beatRush/beatRush/Content/Geometry/Meshes/1M_Cube.uasset" 36
"D:/Unreal Projects/beatRush/beatRush/Content/Meshes/env/body.uasset" 37
"D:/Unreal Projects/beatRush/beatRush/Content/Meshes/env/light.uasset" 38
"D:/Unreal Projects/beatRush/beatRush/Content/Meshes/env/barrier_tower.uasset" 39
"D:/Unreal Projects/beatRush/beatRush/Content/Meshes/env/cone2.uasset" 40
"D:/Unreal Projects/beatRush/beatRush/Content/Meshes/env/cone1.uasset" 41
"D:/Unreal Projects/beatRush/beatRush/Content/Meshes/env/cone4.uasset" 42
"D:/Unreal Projects/beatRush/beatRush/Content/Meshes/env/cone3.uasset" 43
"D:/Unreal Projects/beatRush/beatRush/Content/Meshes/env/table-in.uasset" 44
"D:/Unreal Projects/beatRush/beatRush/Content/Meshes/env/table.uasset" 45
"D:/Unreal Projects/beatRush/beatRush/Content/Meshes/env/table2.uasset" 46
"D:/Unreal Projects/beatRush/beatRush/Content/Meshes/env/table1.uasset" 47
"D:/Unreal Projects/beatRush/beatRush/Content/Meshes/env/table4.uasset" 48
"D:/Unreal Projects/beatRush/beatRush/Content/Meshes/env/table3.uasset" 49
"D:/Unreal Projects/beatRush/beatRush/Content/Meshes/vessel/black-parts.uasset" 50
"D:/Unreal Projects/beatRush/beatRush/Content/Meshes/vessel/body.uasset" 51
"D:/Unreal Projects/beatRush/beatRush/Content/Meshes/vessel/Material.uasset" 52
"D:/Unreal Projects/beatRush/beatRush/Content/Meshes/vessel/Material_001.uasset" 53
"D:/Unreal Projects/beatRush/beatRush/Content/Meshes/vessel/ship_Cube.uasset" 54
"D:/Unreal Projects/beatRush/beatRush/Content/Meshes/vessel/ship_Cube_001.uasset" 55
"D:/Unreal Projects/beatRush/beatRush/Content/Meshes/vessel/ship_Cube_002.uasset" 56
"D:/Unreal Projects/beatRush/beatRush/Content/Meshes/vessel/ship_Cube_003.uasset" 57
"D:/Unreal Projects/beatRush/beatRush/Content/MobileStarterContent/Materials/M_Basic_Floor.uasset" 58
"D:/Unreal Projects/beatRush/beatRush/Content/MobileStarterContent/Textures/T_Brick_Clay_Beveled_D.uasset" 59
"D:/Unreal Projects/beatRush/beatRush/Content/MobileStarterContent/Textures/T_Brick_Clay_Beveled_M.uasset" 60
"D:/Unreal Projects/beatRush/beatRush/Content/MobileStarterContent/Textures/T_Brick_Clay_Beveled_N.uasset" 61
"D:/Unreal Projects/beatRush/beatRush/Content/MobileStarterContent/Materials/M_Brick_Clay_Beveled.uasset" 62
"D:/Unreal Projects/beatRush/beatRush/Content/MobileStarterContent/Textures/T_Brick_Clay_New_D.uasset" 63
"D:/Unreal Projects/beatRush/beatRush/Content/MobileStarterContent/Textures/T_Brick_Clay_New_M.uasset" 64
"D:/Unreal Projects/beatRush/beatRush/Content/MobileStarterContent/Textures/T_Brick_Clay_New_N.uasset" 65
"D:/Unreal Projects/beatRush/beatRush/Content/MobileStarterContent/Materials/M_Brick_Clay_New.uasset" 66
"D:/Unreal Projects/beatRush/beatRush/Content/MobileStarterContent/Textures/T_Brick_Clay_Old_D.uasset" 67
"D:/Unreal Projects/beatRush/beatRush/Content/MobileStarterContent/Textures/T_Brick_Clay_Old_N.uasset" 68
"D:/Unreal Projects/beatRush/beatRush/Content/MobileStarterContent/Materials/M_Brick_Clay_Old.uasset" 69
"D:/Unreal Projects/beatRush/beatRush/Content/MobileStarterContent/Textures/T_Brick_Cut_Stone_D.uasset" 70
"D:/Unreal Projects/beatRush/beatRush/Content/MobileStarterContent/Textures/T_Brick_Cut_Stone_N.uasset" 71
"D:/Unreal Projects/beatRush/beatRush/Content/MobileStarterContent/Materials/M_Brick_Cut_Stone.uasset" 72
"D:/Unreal Projects/beatRush/beatRush/Content/MobileStarterContent/Textures/T_Brick_Hewn_Stone_D.uasset" 73
"D:/Unreal Projects/beatRush/beatRush/Content/MobileStarterContent/Textures/T_Brick_Hewn_Stone_M.uasset" 74
"D:/Unreal Projects/beatRush/beatRush/Content/MobileStarterContent/Textures/T_Brick_Hewn_Stone_N.uasset" 75
"D:/Unreal Projects/beatRush/beatRush/Content/MobileStarterContent/Materials/M_Brick_Hewn_Stone.uasset" 76
"D:/Unreal Projects/beatRush/beatRush/Content/MobileStarterContent/Textures/T_Ceramic_Tile_M.uasset" 77
"D:/Unreal Projects/beatRush/beatRush/Content/MobileStarterContent/Textures/T_Ceramic_Tile_N.uasset" 78
"D:/Unreal Projects/beatRush/beatRush/Content/MobileStarterContent/Textures/T_Rock_Marble_Polished_D.uasset" 79
"D:/Unreal Projects/beatRush/beatRush/Content/MobileStarterContent/Materials/M_Ceramic_Tile_Checker.uasset" 80
"D:/Unreal Projects/beatRush/beatRush/Content/MobileStarterContent/Textures/T_CobbleStone_Pebble_D.uasset" 81
"D:/Unreal Projects/beatRush/beatRush/Content/MobileStarterContent/Textures/T_CobbleStone_Pebble_N.uasset" 82
"D:/Unreal Projects/beatRush/beatRush/Content/MobileStarterContent/Materials/M_CobbleStone_Pebble.uasset" 83
"D:/Unreal Projects/beatRush/beatRush/Content/MobileStarterContent/Textures/T_CobbleStone_Rough_D.uasset" 84
"D:/Unreal Projects/beatRush/beatRush/Content/MobileStarterContent/Textures/T_CobbleStone_Rough_N.uasset" 85
"D:/Unreal Projects/beatRush/beatRush/Content/MobileStarterContent/Materials/M_CobbleStone_Rough.uasset" 86
"D:/Unreal Projects/beatRush/beatRush/Content/MobileStarterContent/Textures/T_CobbleStone_Smooth_D.uasset" 87
"D:/Unreal Projects/beatRush/beatRush/Content/MobileStarterContent/Textures/T_CobbleStone_Smooth_M.uasset" 88
"D:/Unreal Projects/beatRush/beatRush/Content/MobileStarterContent/Textures/T_CobbleStone_Smooth_N.uasset" 89
"D:/Unreal Projects/beatRush/beatRush/Content/MobileStarterContent/Materials/M_CobbleStone_Smooth.uasset" 90
"D:/Unreal Projects/beatRush/beatRush/Content/MobileStarterContent/Textures/T_Concrete_Grime_D.uasset" 91
"D:/Unreal Projects/beatRush/beatRush/Content/MobileStarterContent/Textures/T_Metal_Rust_N.uasset" 92
"D:/Unreal Projects/beatRush/beatRush/Content/MobileStarterContent/Materials/M_Concrete_Grime.uasset" 93
"D:/Unreal Projects/beatRush/beatRush/Content/MobileStarterContent/Textures/T_Concrete_Panels_D.uasset" 94
"D:/Unreal Projects/beatRush/beatRush/Content/MobileStarterContent/Textures/T_Concrete_Panels_N.uasset" 95
"D:/Unreal Projects/beatRush/beatRush/Content/MobileStarterContent/Materials/M_Concrete_Panels.uasset" 96
"D:/Unreal Projects/beatRush/beatRush/Content/MobileStarterContent/Textures/T_Concrete_Poured_D.uasset" 97
"D:/Unreal Projects/beatRush/beatRush/Content/MobileStarterContent/Textures/T_Concrete_Poured_N.uasset" 98
"D:/Unreal Projects/beatRush/beatRush/Content/MobileStarterContent/Materials/M_Concrete_Poured.uasset" 99
"D:/Unreal Projects/beatRush/beatRush/Content/MobileStarterContent/Textures/T_Concrete_Tiles_D.uasset" 100
"D:/Unreal Projects/beatRush/beatRush/Content/MobileStarterContent/Textures/T_Concrete_Tiles_M.uasset" 101
"D:/Unreal Projects/beatRush/beatRush/Content/MobileStarterContent/Textures/T_Concrete_Tiles_N.uasset" 102
"D:/Unreal Projects/beatRush/beatRush/Content/MobileStarterContent/Materials/M_Concrete_Tiles.uasset" 103
"D:/Unreal Projects/beatRush/beatRush/Content/MobileStarterContent/Textures/T_Ground_Grass_D.uasset" 104
"D:/Unreal Projects/beatRush/beatRush/Content/MobileStarterContent/Textures/T_Ground_Grass_N.uasset" 105
"D:/Unreal Projects/beatRush/beatRush/Content/MobileStarterContent/Materials/M_Ground_Grass.uasset" 106
"D:/Unreal Projects/beatRush/beatRush/Content/MobileStarterContent/Textures/T_Ground_Gravel_D.uasset" 107
"D:/Unreal Projects/beatRush/beatRush/Content/MobileStarterContent/Textures/T_Ground_Gravel_N.uasset" 108
"D:/Unreal Projects/beatRush/beatRush/Content/MobileStarterContent/Materials/M_Ground_Gravel.uasset" 109
"D:/Unreal Projects/beatRush/beatRush/Content/MobileStarterContent/Textures/T_ground_Moss_D.uasset" 110
"D:/Unreal Projects/beatRush/beatRush/Content/MobileStarterContent/Textures/T_Ground_Moss_N.uasset" 111
"D:/Unreal Projects/beatRush/beatRush/Content/MobileStarterContent/Materials/M_Ground_Moss.uasset" 112
"D:/Unreal Projects/beatRush/beatRush/Content/MobileStarterContent/Textures/T_MacroVariation.uasset" 113
"D:/Unreal Projects/beatRush/beatRush/Content/MobileStarterContent/Materials/M_Metal_Brushed_Nickel.uasset" 114
"D:/Unreal Projects/beatRush/beatRush/Content/MobileStarterContent/Textures/T_Metal_Aluminum_D.uasset" 115
"D:/Unreal Projects/beatRush/beatRush/Content/MobileStarterContent/Textures/T_Metal_Gold_N.uasset" 116
"D:/Unreal Projects/beatRush/beatRush/Content/MobileStarterContent/Materials/M_Metal_Burnished_Steel.uasset" 117
"D:/Unreal Projects/beatRush/beatRush/Content/MobileStarterContent/Materials/M_Metal_Chrome.uasset" 118
"D:/Unreal Projects/beatRush/beatRush/Content/MobileStarterContent/Textures/T_Metal_Copper_D.uasset" 119
"D:/Unreal Projects/beatRush/beatRush/Content/MobileStarterContent/Materials/M_Metal_Copper.uasset" 120
"D:/Unreal Projects/beatRush/beatRush/Content/MobileStarterContent/Textures/T_Metal_Gold_D.uasset" 121
"D:/Unreal Projects/beatRush/beatRush/Content/MobileStarterContent/Materials/M_Metal_Gold.uasset" 122
"D:/Unreal Projects/beatRush/beatRush/Content/MobileStarterContent/Textures/T_Metal_Rust_D.uasset" 123
"D:/Unreal Projects/beatRush/beatRush/Content/MobileStarterContent/Materials/M_Metal_Rust.uasset" 124
"D:/Unreal Projects/beatRush/beatRush/Content/MobileStarterContent/Textures/T_Metal_Steel_D.uasset" 125
"D:/Unreal Projects/beatRush/beatRush/Content/MobileStarterContent/Textures/T_Metal_Steel_N.uasset" 126
"D:/Unreal Projects/beatRush/beatRush/Content/MobileStarterContent/Materials/M_Metal_Steel.uasset" 127
"D:/Unreal Projects/beatRush/beatRush/Content/MobileStarterContent/Textures/T_Rock_Basalt_D.uasset" 128
"D:/Unreal Projects/beatRush/beatRush/Content/MobileStarterContent/Textures/T_Rock_Basalt_N.uasset" 129
"D:/Unreal Projects/beatRush/beatRush/Content/MobileStarterContent/Materials/M_Rock_Basalt.uasset" 130
"D:/Unreal Projects/beatRush/beatRush/Content/MobileStarterContent/Materials/M_Rock_Marble_Polished.uasset" 131
"D:/Unreal Projects/beatRush/beatRush/Content/MobileStarterContent/Textures/T_Rock_Sandstone_D.uasset" 132
"D:/Unreal Projects/beatRush/beatRush/Content/MobileStarterContent/Textures/T_Rock_Sandstone_N.uasset" 133
"D:/Unreal Projects/beatRush/beatRush/Content/MobileStarterContent/Materials/M_Rock_Sandstone.uasset" 134
"D:/Unreal Projects/beatRush/beatRush/Content/MobileStarterContent/Textures/T_Rock_Slate_D.uasset" 135
"D:/Unreal Projects/beatRush/beatRush/Content/MobileStarterContent/Textures/T_Rock_Slate_N.uasset" 136
"D:/Unreal Projects/beatRush/beatRush/Content/MobileStarterContent/Materials/M_Rock_Slate.uasset" 137
"../../../Engine/Content/Functions/Engine_MaterialFunctions01/Opacity/CameraDepthFade.uasset" 138
"D:/Unreal Projects/beatRush/beatRush/Content/MobileStarterContent/Textures/T_Checker_Noise_M.uasset" 139
"D:/Unreal Projects/beatRush/beatRush/Content/MobileStarterContent/Textures/T_Single_Tile_N.uasset" 140
"D:/Unreal Projects/beatRush/beatRush/Content/MobileStarterContent/Textures/T_Tech_Dot_M.uasset" 141
"D:/Unreal Projects/beatRush/beatRush/Content/MobileStarterContent/Textures/T_Tech_Dot_N.uasset" 142
"D:/Unreal Projects/beatRush/beatRush/Content/MobileStarterContent/Materials/M_Tech_Checker_Dot.uasset" 143
"D:/Unreal Projects/beatRush/beatRush/Content/MobileStarterContent/Textures/T_Tech_Hex_Tile_M.uasset" 144
"D:/Unreal Projects/beatRush/beatRush/Content/MobileStarterContent/Textures/T_Tech_Hex_Tile_N.uasset" 145
"D:/Unreal Projects/beatRush/beatRush/Content/MobileStarterContent/Materials/M_Tech_Hex_Tile.uasset" 146
"D:/Unreal Projects/beatRush/beatRush/Content/MobileStarterContent/Materials/M_Tech_Hex_Tile_Pulse.uasset" 147
"D:/Unreal Projects/beatRush/beatRush/Content/MobileStarterContent/Textures/T_Tech_Panel_M.uasset" 148
"D:/Unreal Projects/beatRush/beatRush/Content/MobileStarterContent/Textures/T_Tech_Panel_N.uasset" 149
"D:/Unreal Projects/beatRush/beatRush/Content/MobileStarterContent/Materials/M_Tech_Panel.uasset" 150
"D:/Unreal Projects/beatRush/beatRush/Content/MobileStarterContent/Textures/T_Water_N.uasset" 151
"D:/Unreal Projects/beatRush/beatRush/Content/MobileStarterContent/Materials/M_Water_Lake.uasset" 152
"D:/Unreal Projects/beatRush/beatRush/Content/MobileStarterContent/Textures/T_Wood_Floor_Walnut_D.uasset" 153
"D:/Unreal Projects/beatRush/beatRush/Content/MobileStarterContent/Textures/T_Wood_Floor_Walnut_M.uasset" 154
"D:/Unreal Projects/beatRush/beatRush/Content/MobileStarterContent/Textures/T_Wood_Floor_Walnut_N.uasset" 155
"D:/Unreal Projects/beatRush/beatRush/Content/MobileStarterContent/Materials/M_Wood_Floor_Walnut_Polished.uasset" 156
"D:/Unreal Projects/beatRush/beatRush/Content/MobileStarterContent/Materials/M_Wood_Floor_Walnut_Worn.uasset" 157
"D:/Unreal Projects/beatRush/beatRush/Content/MobileStarterContent/Textures/T_Wood_Oak_D.uasset" 158
"D:/Unreal Projects/beatRush/beatRush/Content/MobileStarterContent/Textures/T_Wood_Oak_N.uasset" 159
"D:/Unreal Projects/beatRush/beatRush/Content/MobileStarterContent/Materials/M_Wood_Oak.uasset" 160
"D:/Unreal Projects/beatRush/beatRush/Content/MobileStarterContent/Textures/T_Wood_Pine_D.uasset" 161
"D:/Unreal Projects/beatRush/beatRush/Content/MobileStarterContent/Textures/T_Wood_Pine_N.uasset" 162
"D:/Unreal Projects/beatRush/beatRush/Content/MobileStarterContent/Materials/M_Wood_Pine.uasset" 163
"D:/Unreal Projects/beatRush/beatRush/Content/MobileStarterContent/Textures/T_Wood_Walnut_D.uasset" 164
"D:/Unreal Projects/beatRush/beatRush/Content/MobileStarterContent/Textures/T_Wood_Walnut_N.uasset" 165
"D:/Unreal Projects/beatRush/beatRush/Content/MobileStarterContent/Materials/M_Wood_Walnut.uasset" 166
"D:/Unreal Projects/beatRush/beatRush/Content/MobileStarterContent/Textures/T_Dust_Particle_D.uasset" 167
"D:/Unreal Projects/beatRush/beatRush/Content/MobileStarterContent/Particles/Materials/M_Dust_Particle.uasset" 168
"D:/Unreal Projects/beatRush/beatRush/Content/MobileStarterContent/Particles/P_Ambient_Dust.uasset" 169
"D:/Unreal Projects/beatRush/beatRush/Content/MobileStarterContent/Textures/T_Burst_M.uasset" 170
"D:/Unreal Projects/beatRush/beatRush/Content/MobileStarterContent/Particles/Materials/M_Burst.uasset" 171
"D:/Unreal Projects/beatRush/beatRush/Content/MobileStarterContent/Textures/T_Explosion_SubUV.uasset" 172
"D:/Unreal Projects/beatRush/beatRush/Content/MobileStarterContent/Particles/Materials/M_explosion_subUV.uasset" 173
"D:/Unreal Projects/beatRush/beatRush/Content/MobileStarterContent/Particles/Materials/m_flare_01.uasset" 174
"../../../Engine/Content/Functions/Engine_MaterialFunctions01/Gradient/RadialGradient.uasset" 175
"D:/Unreal Projects/beatRush/beatRush/Content/MobileStarterContent/Particles/Materials/M_radial_ramp.uasset" 176
"D:/Unreal Projects/beatRush/beatRush/Content/MobileStarterContent/Textures/T_Smoke_SubUV.uasset" 177
"D:/Unreal Projects/beatRush/beatRush/Content/MobileStarterContent/Textures/T_Smoke_Tiled_D.uasset" 178
"D:/Unreal Projects/beatRush/beatRush/Content/MobileStarterContent/Particles/Materials/M_smoke_subUV.uasset" 179
"D:/Unreal Projects/beatRush/beatRush/Content/MobileStarterContent/Particles/P_Explosion.uasset" 180
"D:/Unreal Projects/beatRush/beatRush/Content/MobileStarterContent/Textures/T_Fire_SubUV.uasset" 181
"D:/Unreal Projects/beatRush/beatRush/Content/MobileStarterContent/Textures/T_Fire_Tiled_D.uasset" 182
"D:/Unreal Projects/beatRush/beatRush/Content/MobileStarterContent/Particles/Materials/M_Fire_SubUV.uasset" 183
"D:/Unreal Projects/beatRush/beatRush/Content/MobileStarterContent/Particles/Materials/M_Radial_Gradient.uasset" 184
"D:/Unreal Projects/beatRush/beatRush/Content/MobileStarterContent/Particles/P_Fire.uasset" 185
"D:/Unreal Projects/beatRush/beatRush/Content/MobileStarterContent/Particles/P_Smoke.uasset" 186
"D:/Unreal Projects/beatRush/beatRush/Content/MobileStarterContent/Textures/T_Spark_Core.uasset" 187
"D:/Unreal Projects/beatRush/beatRush/Content/MobileStarterContent/Particles/Materials/M_Spark.uasset" 188
"D:/Unreal Projects/beatRush/beatRush/Content/MobileStarterContent/Particles/P_Sparks.uasset" 189
"../../../Engine/Content/EngineMaterials/T_Default_Material_Grid_M.uasset" 190
"../../../Engine/Content/EngineMaterials/T_Default_Material_Grid_N.uasset" 191
"../../../Engine/Content/EngineMaterials/WorldGridMaterial.uasset" 192
"D:/Unreal Projects/beatRush/beatRush/Content/MobileStarterContent/Props/MaterialSphere.uasset" 193
"D:/Unreal Projects/beatRush/beatRush/Content/MobileStarterContent/Textures/T_Bush_D.uasset" 194
"D:/Unreal Projects/beatRush/beatRush/Content/MobileStarterContent/Textures/T_Bush_N.uasset" 195
"D:/Unreal Projects/beatRush/beatRush/Content/MobileStarterContent/Props/Materials/M_Bush.uasset" 196
"D:/Unreal Projects/beatRush/beatRush/Content/MobileStarterContent/Props/SM_Bush.uasset" 197
"D:/Unreal Projects/beatRush/beatRush/Content/MobileStarterContent/Textures/T_Chair_M.uasset" 198
"D:/Unreal Projects/beatRush/beatRush/Content/MobileStarterContent/Textures/T_Chair_N.uasset" 199
"D:/Unreal Projects/beatRush/beatRush/Content/MobileStarterContent/Props/Materials/M_Chair.uasset" 200
"D:/Unreal Projects/beatRush/beatRush/Content/MobileStarterContent/Props/SM_Chair.uasset" 201
"D:/Unreal Projects/beatRush/beatRush/Content/MobileStarterContent/Textures/T_Frame_M.uasset" 202
"D:/Unreal Projects/beatRush/beatRush/Content/MobileStarterContent/Textures/T_Frame_N.uasset" 203
"D:/Unreal Projects/beatRush/beatRush/Content/MobileStarterContent/Props/Materials/M_Frame.uasset" 204
"D:/Unreal Projects/beatRush/beatRush/Content/MobileStarterContent/Props/SM_CornerFrame.uasset" 205
"D:/Unreal Projects/beatRush/beatRush/Content/MobileStarterContent/Props/SM_Couch.uasset" 206
"D:/Unreal Projects/beatRush/beatRush/Content/MobileStarterContent/Materials/M_Glass.uasset" 207
"D:/Unreal Projects/beatRush/beatRush/Content/MobileStarterContent/Textures/T_Door_M.uasset" 208
"D:/Unreal Projects/beatRush/beatRush/Content/MobileStarterContent/Textures/T_Door_N.uasset" 209
"D:/Unreal Projects/beatRush/beatRush/Content/MobileStarterContent/Props/Materials/M_Door.uasset" 210
"D:/Unreal Projects/beatRush/beatRush/Content/MobileStarterContent/Props/SM_Door.uasset" 211
"D:/Unreal Projects/beatRush/beatRush/Content/MobileStarterContent/Props/SM_DoorFrame.uasset" 212
"D:/Unreal Projects/beatRush/beatRush/Content/MobileStarterContent/Props/SM_GlassWindow.uasset" 213
"D:/Unreal Projects/beatRush/beatRush/Content/MobileStarterContent/Textures/T_Lamp_M.uasset" 214
"D:/Unreal Projects/beatRush/beatRush/Content/MobileStarterContent/Textures/T_Lamp_N.uasset" 215
"D:/Unreal Projects/beatRush/beatRush/Content/MobileStarterContent/Props/Materials/M_Lamp.uasset" 216
"D:/Unreal Projects/beatRush/beatRush/Content/MobileStarterContent/Props/SM_Lamp_Ceiling.uasset" 217
"D:/Unreal Projects/beatRush/beatRush/Content/MobileStarterContent/Props/SM_Lamp_Wall.uasset" 218
"D:/Unreal Projects/beatRush/beatRush/Content/MobileStarterContent/Props/Materials/M_MaterialSphere.uasset" 219
"D:/Unreal Projects/beatRush/beatRush/Content/MobileStarterContent/Props/Materials/M_MaterialSphere_Plain.uasset" 220
"D:/Unreal Projects/beatRush/beatRush/Content/MobileStarterContent/Props/SM_MatPreviewMesh_02.uasset" 221
"D:/Unreal Projects/beatRush/beatRush/Content/MobileStarterContent/Props/SM_PillarFrame.uasset" 222
"D:/Unreal Projects/beatRush/beatRush/Content/MobileStarterContent/Props/SM_PillarFrame300.uasset" 223
"D:/Unreal Projects/beatRush/beatRush/Content/MobileStarterContent/Textures/T_RockMesh_M.uasset" 224
"D:/Unreal Projects/beatRush/beatRush/Content/MobileStarterContent/Textures/T_RockMesh_N.uasset" 225
"D:/Unreal Projects/beatRush/beatRush/Content/MobileStarterContent/Props/Materials/M_Rock.uasset" 226
"D:/Unreal Projects/beatRush/beatRush/Content/MobileStarterContent/Props/SM_Rock.uasset" 227
"D:/Unreal Projects/beatRush/beatRush/Content/MobileStarterContent/Textures/T_Shelf_M.uasset" 228
"D:/Unreal Projects/beatRush/beatRush/Content/MobileStarterContent/Textures/T_Shelf_N.uasset" 229
"D:/Unreal Projects/beatRush/beatRush/Content/MobileStarterContent/Props/Materials/M_Shelf.uasset" 230
"D:/Unreal Projects/beatRush/beatRush/Content/MobileStarterContent/Props/SM_Shelf.uasset" 231
"D:/Unreal Projects/beatRush/beatRush/Content/MobileStarterContent/Props/SM_Stairs.uasset" 232
"D:/Unreal Projects/beatRush/beatRush/Content/MobileStarterContent/Textures/T_Statue_M.uasset" 233
"D:/Unreal Projects/beatRush/beatRush/Content/MobileStarterContent/Textures/T_Statue_N.uasset" 234
"D:/Unreal Projects/beatRush/beatRush/Content/MobileStarterContent/Props/Materials/M_Statue.uasset" 235
"D:/Unreal Projects/beatRush/beatRush/Content/MobileStarterContent/Props/Materials/M_StatueGlass.uasset" 236
"D:/Unreal Projects/beatRush/beatRush/Content/MobileStarterContent/Props/SM_Statue.uasset" 237
"D:/Unreal Projects/beatRush/beatRush/Content/MobileStarterContent/Textures/T_TableRound_M.uasset" 238
"D:/Unreal Projects/beatRush/beatRush/Content/MobileStarterContent/Textures/T_TableRound_N.uasset" 239
"D:/Unreal Projects/beatRush/beatRush/Content/MobileStarterContent/Props/Materials/M_TableRound.uasset" 240
"D:/Unreal Projects/beatRush/beatRush/Content/MobileStarterContent/Props/SM_TableRound.uasset" 241
"D:/Unreal Projects/beatRush/beatRush/Content/MobileStarterContent/Props/SM_WindowFrame.uasset" 242
"D:/Unreal Projects/beatRush/beatRush/Content/MobileStarterContent/Materials/M_Basic_Wall.uasset" 243
"D:/Unreal Projects/beatRush/beatRush/Content/MobileStarterContent/Shapes/Shape_Cone.uasset" 244
"D:/Unreal Projects/beatRush/beatRush/Content/MobileStarterContent/Shapes/Shape_Cube.uasset" 245
"D:/Unreal Projects/beatRush/beatRush/Content/MobileStarterContent/Shapes/Shape_Cylinder.uasset" 246
"D:/Unreal Projects/beatRush/beatRush/Content/MobileStarterContent/Shapes/Shape_NarrowCapsule.uasset" 247
"D:/Unreal Projects/beatRush/beatRush/Content/MobileStarterContent/Shapes/Shape_Pipe.uasset" 248
"D:/Unreal Projects/beatRush/beatRush/Content/MobileStarterContent/Shapes/Shape_Pipe_180.uasset" 249
"D:/Unreal Projects/beatRush/beatRush/Content/MobileStarterContent/Shapes/Shape_Pipe_90.uasset" 250
"D:/Unreal Projects/beatRush/beatRush/Content/MobileStarterContent/Shapes/Shape_Plane.uasset" 251
"D:/Unreal Projects/beatRush/beatRush/Content/MobileStarterContent/Shapes/Shape_QuadPyramid.uasset" 252
"D:/Unreal Projects/beatRush/beatRush/Content/MobileStarterContent/Shapes/Shape_Sphere.uasset" 253
"D:/Unreal Projects/beatRush/beatRush/Content/MobileStarterContent/Shapes/Shape_Torus.uasset" 254
"D:/Unreal Projects/beatRush/beatRush/Content/MobileStarterContent/Shapes/Shape_Trim.uasset" 255
"D:/Unreal Projects/beatRush/beatRush/Content/MobileStarterContent/Shapes/Shape_Trim_90_In.uasset" 256
"D:/Unreal Projects/beatRush/beatRush/Content/MobileStarterContent/Shapes/Shape_Trim_90_Out.uasset" 257
"D:/Unreal Projects/beatRush/beatRush/Content/MobileStarterContent/Shapes/Shape_TriPyramid.uasset" 258
"D:/Unreal Projects/beatRush/beatRush/Content/MobileStarterContent/Shapes/Shape_Tube.uasset" 259
"D:/Unreal Projects/beatRush/beatRush/Content/MobileStarterContent/Shapes/Shape_Wedge_A.uasset" 260
"D:/Unreal Projects/beatRush/beatRush/Content/MobileStarterContent/Shapes/Shape_Wedge_B.uasset" 261
"D:/Unreal Projects/beatRush/beatRush/Content/MobileStarterContent/Shapes/Shape_WideCapsule.uasset" 262
"D:/Unreal Projects/beatRush/beatRush/Content/MobileStarterContent/Textures/T_CobbleStone_Pebble_M.uasset" 263
"D:/Unreal Projects/beatRush/beatRush/Content/MobileStarterContent/Textures/T_Concrete_Tiles_Variation_M.uasset" 264
"D:/Unreal Projects/beatRush/beatRush/Content/MobileStarterContent/Textures/T_Detail_Rocky_N.uasset" 265
"D:/Unreal Projects/beatRush/beatRush/Content/MobileStarterContent/Textures/T_Gradinet_01.uasset" 266
"D:/Unreal Projects/beatRush/beatRush/Content/MobileStarterContent/Textures/T_Perlin_Noise_M.uasset" 267
"D:/Unreal Projects/beatRush/beatRush/Content/MobileStarterContent/Textures/T_Rock_Smooth_Granite_D.uasset" 268
"../../../Engine/Content/EditorBlueprintResources/StandardMacros.uasset" 269
"D:/Unreal Projects/beatRush/beatRush/Content/PointCloudsMorphing/Blueprints/S_PointCloudsInt.uasset" 270
"D:/Unreal Projects/beatRush/beatRush/Content/PointCloudsMorphing/Blueprints/S_PointCloudsDataAdv.uasset" 271
"D:/Unreal Projects/beatRush/beatRush/Content/PointCloudsMorphing/Materials/M_PointCloudsCapture.uasset" 272
"../../../Engine/Content/Functions/Engine_MaterialFunctions01/Gradient/SphereGradient-2D.uasset" 273
"../../../Engine/Content/Functions/Engine_MaterialFunctions02/Utility/BreakOutFloat3Components.uasset" 274
"../../../Engine/Content/Functions/Engine_MaterialFunctions02/Utility/MakeFloat2.uasset" 275
"D:/Unreal Projects/beatRush/beatRush/Content/PointCloudsMorphing/Textures/DemoClouds/T_CloudCar.uasset" 276
"D:/Unreal Projects/beatRush/beatRush/Content/PointCloudsMorphing/Materials/M_PointCloudsRenderAdv.uasset" 277
"D:/Unreal Projects/beatRush/beatRush/Content/PointCloudsMorphing/Materials/M_Yellow.uasset" 278
"D:/Unreal Projects/beatRush/beatRush/Content/PointCloudsMorphing/Blueprints/E_PointCloudsState.uasset" 279
"D:/Unreal Projects/beatRush/beatRush/Content/PointCloudsMorphing/Meshes/SM_MorphCapturePlane.uasset" 280
"D:/Unreal Projects/beatRush/beatRush/Content/PointCloudsMorphing/Materials/M_PointCloudsRender.uasset" 281
"D:/Unreal Projects/beatRush/beatRush/Content/PointCloudsMorphing/Meshes/SM_MorphPlane.uasset" 282
"D:/Unreal Projects/beatRush/beatRush/Content/PointCloudsMorphing/Textures/RT_CloudTexture.uasset" 283
"D:/Unreal Projects/beatRush/beatRush/Content/PointCloudsMorphing/Blueprints/BP_PointCloudsMorphingAdv.uasset" 284
"D:/Unreal Projects/beatRush/beatRush/Content/PointCloudsMorphing/Blueprints/S_PointCloudsData.uasset" 285
"D:/Unreal Projects/beatRush/beatRush/Content/PointCloudsMorphing/Blueprints/BP_PointCloudsMorphing.uasset" 286
"D:/Unreal Projects/beatRush/beatRush/Content/PointCloudsMorphing/Blueprints/BP_DemoControls.uasset" 287
"D:/Unreal Projects/beatRush/beatRush/Content/PointCloudsMorphing/Blueprints/PointClouds_PlayerController.uasset" 288
"../../../Engine/Content/EngineFonts/Faces/RobotoBold.uasset" 289
"../../../Engine/Content/EngineFonts/Faces/RobotoBoldItalic.uasset" 290
"../../../Engine/Content/EngineFonts/Faces/RobotoItalic.uasset" 291
"../../../Engine/Content/EngineFonts/Faces/RobotoLight.uasset" 292
"../../../Engine/Content/EngineFonts/Faces/RobotoRegular.uasset" 293
"../../../Engine/Content/EngineFonts/Roboto.uasset" 294
"D:/Unreal Projects/beatRush/beatRush/Content/PointCloudsMorphing/Blueprints/PointClouds_HUD.uasset" 295
"D:/Unreal Projects/beatRush/beatRush/Content/PointCloudsMorphing/Blueprints/PointClouds_GameMode.uasset" 296
"D:/Unreal Projects/beatRush/beatRush/Content/PointCloudsMorphing/Materials/M_Floor.uasset" 297
"D:/Unreal Projects/beatRush/beatRush/Content/PointCloudsMorphing/Meshes/DemoMeshes/SM_DemoArrow.uasset" 298
"D:/Unreal Projects/beatRush/beatRush/Content/PointCloudsMorphing/Meshes/DemoMeshes/SM_DemoBox.uasset" 299
"D:/Unreal Projects/beatRush/beatRush/Content/PointCloudsMorphing/Meshes/DemoMeshes/SM_DemoCar.uasset" 300
"D:/Unreal Projects/beatRush/beatRush/Content/PointCloudsMorphing/Meshes/DemoMeshes/SM_DemoCosmo.uasset" 301
"D:/Unreal Projects/beatRush/beatRush/Content/PointCloudsMorphing/Meshes/DemoMeshes/SM_DemoGun.uasset" 302
"D:/Unreal Projects/beatRush/beatRush/Content/PointCloudsMorphing/Meshes/DemoMeshes/SM_DemoHead.uasset" 303
"D:/Unreal Projects/beatRush/beatRush/Content/PointCloudsMorphing/Meshes/DemoMeshes/SM_DemoMorphText.uasset" 304
"D:/Unreal Projects/beatRush/beatRush/Content/PointCloudsMorphing/Meshes/DemoMeshes/SM_DemoPointsBox.uasset" 305
"D:/Unreal Projects/beatRush/beatRush/Content/PointCloudsMorphing/Textures/RT_CloudTexture_Tex.uasset" 306
"D:/Unreal Projects/beatRush/beatRush/Content/PointCloudsMorphing/Textures/DemoClouds/T_CloudAstronaut.uasset" 307
"D:/Unreal Projects/beatRush/beatRush/Content/PointCloudsMorphing/Textures/DemoClouds/T_CloudBox.uasset" 308
"D:/Unreal Projects/beatRush/beatRush/Content/PointCloudsMorphing/Textures/DemoClouds/T_CloudCosmo.uasset" 309
"D:/Unreal Projects/beatRush/beatRush/Content/PointCloudsMorphing/Textures/DemoClouds/T_CloudGun.uasset" 310
"D:/Unreal Projects/beatRush/beatRush/Content/PointCloudsMorphing/Textures/DemoClouds/T_CloudHead.uasset" 311
"D:/Unreal Projects/beatRush/beatRush/Content/PointCloudsMorphing/Textures/DemoClouds/T_CloudText.uasset" 312
"D:/Unreal Projects/beatRush/beatRush/Content/SpaceBox_Color/Textures/HD/Angitor/Back.uasset" 313
"D:/Unreal Projects/beatRush/beatRush/Content/SpaceBox_Color/Materials/HD/Angitor/Mat_HD_Angitor_Back.uasset" 314
"D:/Unreal Projects/beatRush/beatRush/Content/SpaceBox_Color/Textures/HD/Angitor/Down.uasset" 315
"D:/Unreal Projects/beatRush/beatRush/Content/SpaceBox_Color/Materials/HD/Angitor/Mat_HD_Angitor_Down.uasset" 316
"D:/Unreal Projects/beatRush/beatRush/Content/SpaceBox_Color/Textures/HD/Angitor/Front.uasset" 317
"D:/Unreal Projects/beatRush/beatRush/Content/SpaceBox_Color/Materials/HD/Angitor/Mat_HD_Angitor_Front.uasset" 318
"D:/Unreal Projects/beatRush/beatRush/Content/SpaceBox_Color/Textures/HD/Angitor/Left.uasset" 319
"D:/Unreal Projects/beatRush/beatRush/Content/SpaceBox_Color/Materials/HD/Angitor/Mat_HD_Angitor_Left.uasset" 320
"D:/Unreal Projects/beatRush/beatRush/Content/SpaceBox_Color/Textures/HD/Angitor/Right.uasset" 321
"D:/Unreal Projects/beatRush/beatRush/Content/SpaceBox_Color/Materials/HD/Angitor/Mat_HD_Angitor_Right.uasset" 322
"D:/Unreal Projects/beatRush/beatRush/Content/SpaceBox_Color/Textures/HD/Angitor/Up.uasset" 323
"D:/Unreal Projects/beatRush/beatRush/Content/SpaceBox_Color/Materials/HD/Angitor/Mat_HD_Angitor_Up.uasset" 324
"D:/Unreal Projects/beatRush/beatRush/Content/SpaceBox_Color/Meshes/HD/Back.uasset" 325
"D:/Unreal Projects/beatRush/beatRush/Content/SpaceBox_Color/Meshes/HD/Down.uasset" 326
"D:/Unreal Projects/beatRush/beatRush/Content/SpaceBox_Color/Meshes/HD/Front.uasset" 327
"D:/Unreal Projects/beatRush/beatRush/Content/SpaceBox_Color/Meshes/HD/Left.uasset" 328
"D:/Unreal Projects/beatRush/beatRush/Content/SpaceBox_Color/Meshes/HD/Right.uasset" 329
"D:/Unreal Projects/beatRush/beatRush/Content/SpaceBox_Color/Meshes/HD/Up.uasset" 330
"D:/Unreal Projects/beatRush/beatRush/Content/SpaceBox_Color/Blueprints/HD/BP_SB4K_HD_Angitor.uasset" 331
"D:/Unreal Projects/beatRush/beatRush/Content/SpaceBox_Color/Textures/HD/Arothe/Back.uasset" 332
"D:/Unreal Projects/beatRush/beatRush/Content/SpaceBox_Color/Materials/HD/Arothe/Mat_HD_Arothe_Back.uasset" 333
"D:/Unreal Projects/beatRush/beatRush/Content/SpaceBox_Color/Textures/HD/Arothe/Down.uasset" 334
"D:/Unreal Projects/beatRush/beatRush/Content/SpaceBox_Color/Materials/HD/Arothe/Mat_HD_Arothe_Down.uasset" 335
"D:/Unreal Projects/beatRush/beatRush/Content/SpaceBox_Color/Textures/HD/Arothe/Front.uasset" 336
"D:/Unreal Projects/beatRush/beatRush/Content/SpaceBox_Color/Materials/HD/Arothe/Mat_HD_Arothe_Front.uasset" 337
"D:/Unreal Projects/beatRush/beatRush/Content/SpaceBox_Color/Textures/HD/Arothe/Left.uasset" 338
"D:/Unreal Projects/beatRush/beatRush/Content/SpaceBox_Color/Materials/HD/Arothe/Mat_HD_Arothe_Left.uasset" 339
"D:/Unreal Projects/beatRush/beatRush/Content/SpaceBox_Color/Textures/HD/Arothe/Right.uasset" 340
"D:/Unreal Projects/beatRush/beatRush/Content/SpaceBox_Color/Materials/HD/Arothe/Mat_HD_Arothe_Right.uasset" 341
"D:/Unreal Projects/beatRush/beatRush/Content/SpaceBox_Color/Textures/HD/Arothe/Up.uasset" 342
"D:/Unreal Projects/beatRush/beatRush/Content/SpaceBox_Color/Materials/HD/Arothe/Mat_HD_Arothe_Up.uasset" 343
"D:/Unreal Projects/beatRush/beatRush/Content/SpaceBox_Color/Blueprints/HD/BP_SB4K_HD_Arothe.uasset" 344
"D:/Unreal Projects/beatRush/beatRush/Content/SpaceBox_Color/Textures/HD/Echvora/Back.uasset" 345
"D:/Unreal Projects/beatRush/beatRush/Content/SpaceBox_Color/Materials/HD/Echvora/Mat_HD_Echvora_Back.uasset" 346
"D:/Unreal Projects/beatRush/beatRush/Content/SpaceBox_Color/Textures/HD/Echvora/Down.uasset" 347
"D:/Unreal Projects/beatRush/beatRush/Content/SpaceBox_Color/Materials/HD/Echvora/Mat_HD_Echvora_Down.uasset" 348
"D:/Unreal Projects/beatRush/beatRush/Content/SpaceBox_Color/Textures/HD/Echvora/Front.uasset" 349
"D:/Unreal Projects/beatRush/beatRush/Content/SpaceBox_Color/Materials/HD/Echvora/Mat_HD_Echvora_Front.uasset" 350
"D:/Unreal Projects/beatRush/beatRush/Content/SpaceBox_Color/Textures/HD/Echvora/Left.uasset" 351
"D:/Unreal Projects/beatRush/beatRush/Content/SpaceBox_Color/Materials/HD/Echvora/Mat_HD_Echvora_Left.uasset" 352
"D:/Unreal Projects/beatRush/beatRush/Content/SpaceBox_Color/Textures/HD/Echvora/Right.uasset" 353
"D:/Unreal Projects/beatRush/beatRush/Content/SpaceBox_Color/Materials/HD/Echvora/Mat_HD_Echvora_Right.uasset" 354
"D:/Unreal Projects/beatRush/beatRush/Content/SpaceBox_Color/Textures/HD/Echvora/Up.uasset" 355
"D:/Unreal Projects/beatRush/beatRush/Content/SpaceBox_Color/Materials/HD/Echvora/Mat_HD_Echvora_Up.uasset" 356
"D:/Unreal Projects/beatRush/beatRush/Content/SpaceBox_Color/Blueprints/HD/BP_SB4K_HD_Echvora.uasset" 357
"D:/Unreal Projects/beatRush/beatRush/Content/SpaceBox_Color/Textures/HD/Lerendo/Back.uasset" 358
"D:/Unreal Projects/beatRush/beatRush/Content/SpaceBox_Color/Materials/HD/Lerendo/Mat_HD_Lerendo_Back.uasset" 359
"D:/Unreal Projects/beatRush/beatRush/Content/SpaceBox_Color/Textures/HD/Lerendo/Down.uasset" 360
"D:/Unreal Projects/beatRush/beatRush/Content/SpaceBox_Color/Materials/HD/Lerendo/Mat_HD_Lerendo_Down.uasset" 361
"D:/Unreal Projects/beatRush/beatRush/Content/SpaceBox_Color/Textures/HD/Lerendo/Front.uasset" 362
"D:/Unreal Projects/beatRush/beatRush/Content/SpaceBox_Color/Materials/HD/Lerendo/Mat_HD_Lerendo_Front.uasset" 363
"D:/Unreal Projects/beatRush/beatRush/Content/SpaceBox_Color/Textures/HD/Lerendo/Left.uasset" 364
"D:/Unreal Projects/beatRush/beatRush/Content/SpaceBox_Color/Materials/HD/Lerendo/Mat_HD_Lerendo_Left.uasset" 365
"D:/Unreal Projects/beatRush/beatRush/Content/SpaceBox_Color/Textures/HD/Lerendo/Right.uasset" 366
"D:/Unreal Projects/beatRush/beatRush/Content/SpaceBox_Color/Materials/HD/Lerendo/Mat_HD_Lerendo_Right.uasset" 367
"D:/Unreal Projects/beatRush/beatRush/Content/SpaceBox_Color/Textures/HD/Lerendo/Up.uasset" 368
"D:/Unreal Projects/beatRush/beatRush/Content/SpaceBox_Color/Materials/HD/Lerendo/Mat_HD_Lerendo_Up.uasset" 369
"D:/Unreal Projects/beatRush/beatRush/Content/SpaceBox_Color/Blueprints/HD/BP_SB4K_HD_Lerendo.uasset" 370
"D:/Unreal Projects/beatRush/beatRush/Content/SpaceBox_Color/Textures/HD/Mortino/Back.uasset" 371
"D:/Unreal Projects/beatRush/beatRush/Content/SpaceBox_Color/Materials/HD/Mortino/Mat_HD_Mortino_Back.uasset" 372
"D:/Unreal Projects/beatRush/beatRush/Content/SpaceBox_Color/Textures/HD/Mortino/Down.uasset" 373
"D:/Unreal Projects/beatRush/beatRush/Content/SpaceBox_Color/Materials/HD/Mortino/Mat_HD_Mortino_Down.uasset" 374
"D:/Unreal Projects/beatRush/beatRush/Content/SpaceBox_Color/Textures/HD/Mortino/Front.uasset" 375
"D:/Unreal Projects/beatRush/beatRush/Content/SpaceBox_Color/Materials/HD/Mortino/Mat_HD_Mortino_Front.uasset" 376
"D:/Unreal Projects/beatRush/beatRush/Content/SpaceBox_Color/Textures/HD/Mortino/Left.uasset" 377
"D:/Unreal Projects/beatRush/beatRush/Content/SpaceBox_Color/Materials/HD/Mortino/Mat_HD_Mortino_Left.uasset" 378
"D:/Unreal Projects/beatRush/beatRush/Content/SpaceBox_Color/Textures/HD/Mortino/Right.uasset" 379
"D:/Unreal Projects/beatRush/beatRush/Content/SpaceBox_Color/Materials/HD/Mortino/Mat_HD_Mortino_Right.uasset" 380
"D:/Unreal Projects/beatRush/beatRush/Content/SpaceBox_Color/Textures/HD/Mortino/Up.uasset" 381
"D:/Unreal Projects/beatRush/beatRush/Content/SpaceBox_Color/Materials/HD/Mortino/Mat_HD_Mortino_Up.uasset" 382
"D:/Unreal Projects/beatRush/beatRush/Content/SpaceBox_Color/Blueprints/HD/BP_SB4K_HD_Mortino.uasset" 383
"D:/Unreal Projects/beatRush/beatRush/Content/SpaceBox_Color/Textures/HD/Nysech/Back.uasset" 384
"D:/Unreal Projects/beatRush/beatRush/Content/SpaceBox_Color/Materials/HD/Nysech/Mat_HD_Nysech_Back.uasset" 385
"D:/Unreal Projects/beatRush/beatRush/Content/SpaceBox_Color/Textures/HD/Nysech/Down.uasset" 386
"D:/Unreal Projects/beatRush/beatRush/Content/SpaceBox_Color/Materials/HD/Nysech/Mat_HD_Nysech_Down.uasset" 387
"D:/Unreal Projects/beatRush/beatRush/Content/SpaceBox_Color/Textures/HD/Nysech/Front.uasset" 388
"D:/Unreal Projects/beatRush/beatRush/Content/SpaceBox_Color/Materials/HD/Nysech/Mat_HD_Nysech_Front.uasset" 389
"D:/Unreal Projects/beatRush/beatRush/Content/SpaceBox_Color/Textures/HD/Nysech/Left.uasset" 390
"D:/Unreal Projects/beatRush/beatRush/Content/SpaceBox_Color/Materials/HD/Nysech/Mat_HD_Nysech_Left.uasset" 391
"D:/Unreal Projects/beatRush/beatRush/Content/SpaceBox_Color/Textures/HD/Nysech/Right.uasset" 392
"D:/Unreal Projects/beatRush/beatRush/Content/SpaceBox_Color/Materials/HD/Nysech/Mat_HD_Nysech_Right.uasset" 393
"D:/Unreal Projects/beatRush/beatRush/Content/SpaceBox_Color/Textures/HD/Nysech/Up.uasset" 394
"D:/Unreal Projects/beatRush/beatRush/Content/SpaceBox_Color/Materials/HD/Nysech/Mat_HD_Nysech_Up.uasset" 395
"D:/Unreal Projects/beatRush/beatRush/Content/SpaceBox_Color/Blueprints/HD/BP_SB4K_HD_Nysech.uasset" 396
"D:/Unreal Projects/beatRush/beatRush/Content/SpaceBox_Color/Textures/HD/Ryrak/Back.uasset" 397
"D:/Unreal Projects/beatRush/beatRush/Content/SpaceBox_Color/Materials/HD/Ryrak/Mat_HD_Ryrak_Back.uasset" 398
"D:/Unreal Projects/beatRush/beatRush/Content/SpaceBox_Color/Textures/HD/Ryrak/Down.uasset" 399
"D:/Unreal Projects/beatRush/beatRush/Content/SpaceBox_Color/Materials/HD/Ryrak/Mat_HD_Ryrak_Down.uasset" 400
"D:/Unreal Projects/beatRush/beatRush/Content/SpaceBox_Color/Textures/HD/Ryrak/Front.uasset" 401
"D:/Unreal Projects/beatRush/beatRush/Content/SpaceBox_Color/Materials/HD/Ryrak/Mat_HD_Ryrak_Front.uasset" 402
"D:/Unreal Projects/beatRush/beatRush/Content/SpaceBox_Color/Textures/HD/Ryrak/Left.uasset" 403
"D:/Unreal Projects/beatRush/beatRush/Content/SpaceBox_Color/Materials/HD/Ryrak/Mat_HD_Ryrak_Left.uasset" 404
"D:/Unreal Projects/beatRush/beatRush/Content/SpaceBox_Color/Textures/HD/Ryrak/Right.uasset" 405
"D:/Unreal Projects/beatRush/beatRush/Content/SpaceBox_Color/Materials/HD/Ryrak/Mat_HD_Ryrak_Right.uasset" 406
"D:/Unreal Projects/beatRush/beatRush/Content/SpaceBox_Color/Textures/HD/Ryrak/Up.uasset" 407
"D:/Unreal Projects/beatRush/beatRush/Content/SpaceBox_Color/Materials/HD/Ryrak/Mat_HD_Ryrak_Up.uasset" 408
"D:/Unreal Projects/beatRush/beatRush/Content/SpaceBox_Color/Blueprints/HD/BP_SB4K_HD_Ryrak.uasset" 409
"D:/Unreal Projects/beatRush/beatRush/Content/SpaceBox_Color/Textures/ST/SpaceBoxST_Angitor.uasset" 410
"D:/Unreal Projects/beatRush/beatRush/Content/SpaceBox_Color/Materials/ST/Mat_ST_Angitor.uasset" 411
"D:/Unreal Projects/beatRush/beatRush/Content/SpaceBox_Color/Meshes/ST/SpaceBoxST.uasset" 412
"D:/Unreal Projects/beatRush/beatRush/Content/SpaceBox_Color/Blueprints/ST/BP_SB4K_ST_Angitor.uasset" 413
"D:/Unreal Projects/beatRush/beatRush/Content/SpaceBox_Color/Textures/ST/SpaceBoxST_Arothe.uasset" 414
"D:/Unreal Projects/beatRush/beatRush/Content/SpaceBox_Color/Materials/ST/Mat_ST_Arothe.uasset" 415
"D:/Unreal Projects/beatRush/beatRush/Content/SpaceBox_Color/Blueprints/ST/BP_SB4K_ST_Arothe.uasset" 416
"D:/Unreal Projects/beatRush/beatRush/Content/SpaceBox_Color/Textures/ST/SpaceBoxST_Echvora.uasset" 417
"D:/Unreal Projects/beatRush/beatRush/Content/SpaceBox_Color/Materials/ST/Mat_ST_Echvora.uasset" 418
"D:/Unreal Projects/beatRush/beatRush/Content/SpaceBox_Color/Blueprints/ST/BP_SB4K_ST_Echvora.uasset" 419
"D:/Unreal Projects/beatRush/beatRush/Content/SpaceBox_Color/Textures/ST/SpaceBoxST_Kaldar.uasset" 420
"D:/Unreal Projects/beatRush/beatRush/Content/SpaceBox_Color/Materials/ST/Mat_ST_Kaldar.uasset" 421
"D:/Unreal Projects/beatRush/beatRush/Content/SpaceBox_Color/Blueprints/ST/BP_SB4K_ST_Kaldar.uasset" 422
"D:/Unreal Projects/beatRush/beatRush/Content/SpaceBox_Color/Textures/ST/SpaceBoxST_Lerendo.uasset" 423
"D:/Unreal Projects/beatRush/beatRush/Content/SpaceBox_Color/Materials/ST/Mat_ST_Lerendo.uasset" 424
"D:/Unreal Projects/beatRush/beatRush/Content/SpaceBox_Color/Blueprints/ST/BP_SB4K_ST_Lerendo.uasset" 425
"D:/Unreal Projects/beatRush/beatRush/Content/SpaceBox_Color/Textures/ST/SpaceBoxST_Mortino.uasset" 426
"D:/Unreal Projects/beatRush/beatRush/Content/SpaceBox_Color/Materials/ST/Mat_ST_Mortino.uasset" 427
"D:/Unreal Projects/beatRush/beatRush/Content/SpaceBox_Color/Blueprints/ST/BP_SB4K_ST_Mortino.uasset" 428
"D:/Unreal Projects/beatRush/beatRush/Content/SpaceBox_Color/Textures/ST/SpaceBoxST_Nysech.uasset" 429
"D:/Unreal Projects/beatRush/beatRush/Content/SpaceBox_Color/Materials/ST/Mat_ST_Nysech.uasset" 430
"D:/Unreal Projects/beatRush/beatRush/Content/SpaceBox_Color/Blueprints/ST/BP_SB4K_ST_Nysech.uasset" 431
"D:/Unreal Projects/beatRush/beatRush/Content/SpaceBox_Color/Textures/ST/SpaceBoxST_Ryrak.uasset" 432
"D:/Unreal Projects/beatRush/beatRush/Content/SpaceBox_Color/Materials/ST/Mat_ST_Ryrak.uasset" 433
"D:/Unreal Projects/beatRush/beatRush/Content/SpaceBox_Color/Blueprints/ST/BP_SB4K_ST_Ryrak.uasset" 434
"D:/Unreal Projects/beatRush/beatRush/Content/VFXSeries1/Blueprints/BP_ParticlePReview.uasset" 435
"../../../Engine/Content/Functions/Engine_MaterialFunctions02/Texturing/CustomRotator.uasset" 436
"D:/Unreal Projects/beatRush/beatRush/Content/VFXSeries1/Textures/Decals/T_N_C_burn01.uasset" 437
"D:/Unreal Projects/beatRush/beatRush/Content/VFXSeries1/Textures/Decals/T_Plasmaimpact.uasset" 438
"D:/Unreal Projects/beatRush/beatRush/Content/VFXSeries1/Textures/Decals/T_Spark_Core.uasset" 439
"D:/Unreal Projects/beatRush/beatRush/Content/VFXSeries1/Materials/Energy/Plasma/M_PlasmaBlueDecal.uasset" 440
"D:/Unreal Projects/beatRush/beatRush/Content/VFXSeries1/Textures/Decals/T_C_burn01.uasset" 441
"D:/Unreal Projects/beatRush/beatRush/Content/VFXSeries1/Textures/Decals/T_C_Burn02.uasset" 442
"D:/Unreal Projects/beatRush/beatRush/Content/VFXSeries1/Textures/Decals/T_C_Burn03.uasset" 443
"D:/Unreal Projects/beatRush/beatRush/Content/VFXSeries1/Textures/Decals/T_C_Burn04.uasset" 444
"D:/Unreal Projects/beatRush/beatRush/Content/VFXSeries1/Textures/Decals/T_N_C_Burn02.uasset" 445
"D:/Unreal Projects/beatRush/beatRush/Content/VFXSeries1/Textures/Decals/T_N_C_Burn03.uasset" 446
"D:/Unreal Projects/beatRush/beatRush/Content/VFXSeries1/Textures/Decals/T_N_C_Burn04.uasset" 447
"D:/Unreal Projects/beatRush/beatRush/Content/VFXSeries1/Textures/Decals/T_PlasmaDecalNorm.uasset" 448
"D:/Unreal Projects/beatRush/beatRush/Content/VFXSeries1/Blueprints/BP_BaseDecal.uasset" 449
"D:/Unreal Projects/beatRush/beatRush/Content/VFXSeries1/Textures/Flares/T_Lensflare_02.uasset" 450
"D:/Unreal Projects/beatRush/beatRush/Content/VFXSeries1/Materials/Energy/Plasma/M_Flare.uasset" 451
"D:/Unreal Projects/beatRush/beatRush/Content/VFXSeries1/Blueprints/Enums/Projectiles/Enum_ProjectileType.uasset" 452
"D:/Unreal Projects/beatRush/beatRush/Content/VFXSeries1/Textures/Energy/T_Burst_M.uasset" 453
"D:/Unreal Projects/beatRush/beatRush/Content/VFXSeries1/Materials/Energy/M_Burst.uasset" 454
"D:/Unreal Projects/beatRush/beatRush/Content/VFXSeries1/Textures/Energy/T_GreyPlasma.uasset" 455
"D:/Unreal Projects/beatRush/beatRush/Content/VFXSeries1/Materials/Energy/Plasma/M_PlasmaImpact.uasset" 456
"D:/Unreal Projects/beatRush/beatRush/Content/VFXSeries1/Textures/Decals/T_sunflare.uasset" 457
"D:/Unreal Projects/beatRush/beatRush/Content/VFXSeries1/Materials/LensFlare/m_flare_03.uasset" 458
"../../../Engine/Content/Functions/Engine_MaterialFunctions01/Gradient/LinearGradient.uasset" 459
"D:/Unreal Projects/beatRush/beatRush/Content/VFXSeries1/Materials/ParentMaterials/M_Sparks.uasset" 460
"D:/Unreal Projects/beatRush/beatRush/Content/VFXSeries1/Particles/Energy/P_LaserImpact.uasset" 461
"D:/Unreal Projects/beatRush/beatRush/Content/VFXSeries1/Textures/T_Smoke_Tiled_D.uasset" 462
"D:/Unreal Projects/beatRush/beatRush/Content/VFXSeries1/Textures/T_TeleportParticle.uasset" 463
"D:/Unreal Projects/beatRush/beatRush/Content/VFXSeries1/Materials/Energy/Plasma/M_PlasmablueSpark.uasset" 464
"D:/Unreal Projects/beatRush/beatRush/Content/VFXSeries1/Particles/Energy/P_Plasmabolt01.uasset" 465
"D:/Unreal Projects/beatRush/beatRush/Content/VFXSeries1/Particles/Energy/P_PlasmaPistolImpact.uasset" 466
"D:/Unreal Projects/beatRush/beatRush/Content/VFXSeries1/Textures/Energy/T_Bluebeam.uasset" 467
"D:/Unreal Projects/beatRush/beatRush/Content/VFXSeries1/Materials/Energy/Beam/M_Plasma_Tracer.uasset" 468
"D:/Unreal Projects/beatRush/beatRush/Content/VFXSeries1/Particles/Energy/P_PoweredBeam.uasset" 469
"D:/Unreal Projects/beatRush/beatRush/Content/VFXSeries1/Particles/Tails/P_LaserTrail.uasset" 470
"D:/Unreal Projects/beatRush/beatRush/Content/VFXSeries1/Blueprints/BP_BaseProjectile.uasset" 471
"D:/Unreal Projects/beatRush/beatRush/Content/VFXSeries1/Particles/Tails/P_tracerTail.uasset" 472
"D:/Unreal Projects/beatRush/beatRush/Content/VFXSeries1/Blueprints/BP_ParticleSpawner.uasset" 473
"D:/Unreal Projects/beatRush/beatRush/Content/VFXSeries1/Blueprints/Enums/Projectiles/Enum_UserSetProjectileType.uasset" 474
"../../../Engine/Content/EngineFonts/RobotoDistanceField.uasset" 475
"../../../Engine/Content/EngineMaterials/DefaultTextMaterialOpaque.uasset" 476
"D:/Unreal Projects/beatRush/beatRush/Content/VFXSeries1/Materials/ParentMaterials/DefaultTextMaterialTranslucentUnlit.uasset" 477
"D:/Unreal Projects/beatRush/beatRush/Content/VFXSeries1/Materials/ParentMaterials/M_DemoWall.uasset" 478
"D:/Unreal Projects/beatRush/beatRush/Content/VFXSeries1/Materials/ParentMaterials/M_DemoWall_Inst.uasset" 479
"D:/Unreal Projects/beatRush/beatRush/Content/VFXSeries1/Materials/ParentMaterials/M_DemoWall_Inst_3.uasset" 480
"D:/Unreal Projects/beatRush/beatRush/Content/VFXSeries1/Materials/ParentMaterials/M_DemoWall_Inst_NamePlate.uasset" 481
"D:/Unreal Projects/beatRush/beatRush/Content/VFXSeries1/Materials/ParentMaterials/M_DemoWall_Inst_BaseFloor_Inst.uasset" 482
"D:/Unreal Projects/beatRush/beatRush/Content/VFXSeries1/Blueprints/Enums/BP_DemoDisplay_Enum.uasset" 483
"D:/Unreal Projects/beatRush/beatRush/Content/VFXSeries1/Materials/ParentMaterials/M_DemoWall_Inst2.uasset" 484
"D:/Unreal Projects/beatRush/beatRush/Content/VFXSeries1/Meshes/Environment/SM_Base.uasset" 485
"D:/Unreal Projects/beatRush/beatRush/Content/VFXSeries1/Meshes/Environment/SM_Base2.uasset" 486
"D:/Unreal Projects/beatRush/beatRush/Content/VFXSeries1/Meshes/Environment/SM_Base_FlatWall.uasset" 487
"D:/Unreal Projects/beatRush/beatRush/Content/VFXSeries1/Meshes/Environment/SM_BaseRoom.uasset" 488
"D:/Unreal Projects/beatRush/beatRush/Content/VFXSeries1/Meshes/Environment/SM_NamePlate.uasset" 489
"D:/Unreal Projects/beatRush/beatRush/Content/VFXSeries1/Blueprints/Environment/BP_DemoDisplay.uasset" 490
"D:/Unreal Projects/beatRush/beatRush/Content/VFXSeries1/Blueprints/Enums/BP_DemoRoom_Enum.uasset" 491
"D:/Unreal Projects/beatRush/beatRush/Content/VFXSeries1/Blueprints/Environment/DemoRoomStruct.uasset" 492
"D:/Unreal Projects/beatRush/beatRush/Content/VFXSeries1/Textures/T_UnrealEngineDecal.uasset" 493
"D:/Unreal Projects/beatRush/beatRush/Content/VFXSeries1/Materials/ParentMaterials/M_Glass.uasset" 494
"D:/Unreal Projects/beatRush/beatRush/Content/VFXSeries1/Textures/T_RoomTiles_M.uasset" 495
"D:/Unreal Projects/beatRush/beatRush/Content/VFXSeries1/Textures/T_RoomTiles_N.uasset" 496
"D:/Unreal Projects/beatRush/beatRush/Content/VFXSeries1/Materials/ParentMaterials/M_DemoRoomTiles.uasset" 497
"D:/Unreal Projects/beatRush/beatRush/Content/VFXSeries1/Materials/ParentMaterials/M_DemoRoomTiles_Inst.uasset" 498
"D:/Unreal Projects/beatRush/beatRush/Content/VFXSeries1/Textures/T_Pattern_M.uasset" 499
"D:/Unreal Projects/beatRush/beatRush/Content/VFXSeries1/Materials/ParentMaterials/M_DemoWallPattern.uasset" 500
"D:/Unreal Projects/beatRush/beatRush/Content/VFXSeries1/Materials/ParentMaterials/M_DemoWallPattern_Inst.uasset" 501
"D:/Unreal Projects/beatRush/beatRush/Content/VFXSeries1/Materials/ParentMaterials/M_DemoWallPattern_Inst_Mirrored.uasset" 502
"D:/Unreal Projects/beatRush/beatRush/Content/VFXSeries1/Materials/ParentMaterials/M_DemoWallPattern_NoText.uasset" 503
"D:/Unreal Projects/beatRush/beatRush/Content/VFXSeries1/Materials/ParentMaterials/M_Glass_Inst.uasset" 504
"D:/Unreal Projects/beatRush/beatRush/Content/VFXSeries1/Meshes/Environment/SM_DemoDivider_1.uasset" 505
"D:/Unreal Projects/beatRush/beatRush/Content/VFXSeries1/Meshes/Environment/SM_DemoDivider_2.uasset" 506
"D:/Unreal Projects/beatRush/beatRush/Content/VFXSeries1/Meshes/Environment/SM_DemoRoomBackWall.uasset" 507
"D:/Unreal Projects/beatRush/beatRush/Content/VFXSeries1/Materials/ParentMaterials/M_DemoWall_MattPlastic.uasset" 508
"D:/Unreal Projects/beatRush/beatRush/Content/VFXSeries1/Meshes/Environment/SM_DemoRoomBackWall2.uasset" 509
"D:/Unreal Projects/beatRush/beatRush/Content/VFXSeries1/Materials/ParentMaterials/M_LightTube.uasset" 510
"D:/Unreal Projects/beatRush/beatRush/Content/VFXSeries1/Materials/ParentMaterials/M_LightTube_Inst.uasset" 511
"D:/Unreal Projects/beatRush/beatRush/Content/VFXSeries1/Meshes/Environment/SM_DemoRoomClamp.uasset" 512
"D:/Unreal Projects/beatRush/beatRush/Content/VFXSeries1/Meshes/Environment/SM_DemoRoomClamp2.uasset" 513
"D:/Unreal Projects/beatRush/beatRush/Content/VFXSeries1/Meshes/Environment/SM_DemoRoomL.uasset" 514
"D:/Unreal Projects/beatRush/beatRush/Content/VFXSeries1/Meshes/Environment/SM_DemoRoomLTrim.uasset" 515
"D:/Unreal Projects/beatRush/beatRush/Content/VFXSeries1/Meshes/Environment/SM_DemoRoomTrim.uasset" 516
"D:/Unreal Projects/beatRush/beatRush/Content/VFXSeries1/Meshes/Environment/SM_DemoRoomTrim2.uasset" 517
"D:/Unreal Projects/beatRush/beatRush/Content/VFXSeries1/Meshes/Environment/SM_DemoRoomTrimAdd.uasset" 518
"D:/Unreal Projects/beatRush/beatRush/Content/VFXSeries1/Meshes/Environment/SM_DemoRoomU.uasset" 519
"D:/Unreal Projects/beatRush/beatRush/Content/VFXSeries1/Meshes/Environment/SM_DemoRoomU2.uasset" 520
"D:/Unreal Projects/beatRush/beatRush/Content/VFXSeries1/Meshes/Environment/SM_DemoRoomU_Hole.uasset" 521
"D:/Unreal Projects/beatRush/beatRush/Content/VFXSeries1/Meshes/Environment/SM_URoom_Wall.uasset" 522
"D:/Unreal Projects/beatRush/beatRush/Content/VFXSeries1/Meshes/Environment/SM_URoom_Wall2.uasset" 523
"D:/Unreal Projects/beatRush/beatRush/Content/VFXSeries1/Blueprints/Environment/BP_DemoRoom.uasset" 524
"D:/Unreal Projects/beatRush/beatRush/Content/VFXSeries1/Blueprints/BP_FirstPersonCharacterRayCast.uasset" 525
"D:/Unreal Projects/beatRush/beatRush/Content/VFXSeries1/Blueprints/Environment/BP_FirstPersonGameMode.uasset" 526
"D:/Unreal Projects/beatRush/beatRush/Content/VFXSeries1/Textures/T_RoundCeilingLight_AO.uasset" 527
"D:/Unreal Projects/beatRush/beatRush/Content/VFXSeries1/Textures/T_RoundCeilingLight_M.uasset" 528
"D:/Unreal Projects/beatRush/beatRush/Content/VFXSeries1/Textures/T_RoundCeilingLight_N.uasset" 529
"D:/Unreal Projects/beatRush/beatRush/Content/VFXSeries1/Materials/ParentMaterials/M_RoundCeilingLight_Mat.uasset" 530
"D:/Unreal Projects/beatRush/beatRush/Content/VFXSeries1/Meshes/Environment/SM_RoundCeilingLight.uasset" 531
"D:/Unreal Projects/beatRush/beatRush/Content/VFXSeries1/Blueprints/Environment/BP_RoundCeilingLight.uasset" 532
"D:/Unreal Projects/beatRush/beatRush/Content/VFXSeries1/Materials/ParentMaterials/Mat_BlankMetal.uasset" 533
"D:/Unreal Projects/beatRush/beatRush/Content/VFXSeries1/Materials/Energy/M_InnerGlow.uasset" 534
"D:/Unreal Projects/beatRush/beatRush/Content/VFXSeries1/Meshes/SM_TargetButton.uasset" 535
"D:/Unreal Projects/beatRush/beatRush/Content/VFXSeries1/Blueprints/Environment/BP_Target.uasset" 536
"D:/Unreal Projects/beatRush/beatRush/Content/VFXSeries1/Blueprints/Structs/Struct_BeamBaseValues.uasset" 537
"D:/Unreal Projects/beatRush/beatRush/Content/VFXSeries1/Blueprints/Structs/Struct_KineticBaseValues.uasset" 538
"D:/Unreal Projects/beatRush/beatRush/Content/VFXSeries1/Blueprints/Structs/Struct_PlasmaBaseValues.uasset" 539
"../../../Engine/Content/EngineMaterials/DefaultMaterial.uasset" 540
"../../../Engine/Content/BasicShapes/Sphere.uasset" 541
"D:/Unreal Projects/beatRush/beatRush/Content/VFXSeries1/Blueprints/Enums/Projectiles/Enum_UserSetBeamProjectile.uasset" 542
"D:/Unreal Projects/beatRush/beatRush/Content/VFXSeries1/Blueprints/Enums/Projectiles/Enum_UserSetKineticProjectile.uasset" 543
"D:/Unreal Projects/beatRush/beatRush/Content/VFXSeries1/Blueprints/Enums/Projectiles/Enum_UserSetPlasmaProjectile.uasset" 544
"D:/Unreal Projects/beatRush/beatRush/Content/VFXSeries1/Particles/Energy/P_WeaponGlow.uasset" 545
"D:/Unreal Projects/beatRush/beatRush/Content/VFXSeries1/Blueprints/Environment/BP_WeaponTest.uasset" 546
"D:/Unreal Projects/beatRush/beatRush/Content/VFXSeries1/Textures/Decals/T_Stripednormal.uasset" 547
"D:/Unreal Projects/beatRush/beatRush/Content/VFXSeries1/Textures/Decals/T_Stripes.uasset" 548
"D:/Unreal Projects/beatRush/beatRush/Content/VFXSeries1/Materials/Energy/Beam/M_LaserBeamBlue2.uasset" 549
"D:/Unreal Projects/beatRush/beatRush/Content/VFXSeries1/Blueprints/Environment/BP_Switch.uasset" 550
"D:/Unreal Projects/beatRush/beatRush/Content/VFXSeries1/Textures/T_smoketrail_01.uasset" 551
"D:/Unreal Projects/beatRush/beatRush/Content/VFXSeries1/Materials/MaterialFunctions/MFUN_DynRing.uasset" 552
"D:/Unreal Projects/beatRush/beatRush/Content/VFXSeries1/Materials/MaterialFunctions/MFUN_UVSplit.uasset" 553
"D:/Unreal Projects/beatRush/beatRush/Content/VFXSeries1/Materials/MaterialFunctions/MFUN_PolarCoord.uasset" 554
"D:/Unreal Projects/beatRush/beatRush/Content/VFXSeries1/Materials/MAT_HaloGlow.uasset" 555
"D:/Unreal Projects/beatRush/beatRush/Content/VFXSeries1/Textures/T_Caustics_2.uasset" 556
"D:/Unreal Projects/beatRush/beatRush/Content/VFXSeries1/Textures/T_DireNoise_01.uasset" 557
"D:/Unreal Projects/beatRush/beatRush/Content/VFXSeries1/Textures/T_Smoke2_Tile.uasset" 558
"D:/Unreal Projects/beatRush/beatRush/Content/VFXSeries1/Materials/M_ShieldMasterMaterial.uasset" 559
"D:/Unreal Projects/beatRush/beatRush/Content/VFXSeries1/Materials/Energy/M_attentuation_sphere_01.uasset" 560
"D:/Unreal Projects/beatRush/beatRush/Content/VFXSeries1/Materials/Energy/M_FragShock2.uasset" 561
"D:/Unreal Projects/beatRush/beatRush/Content/VFXSeries1/Materials/Energy/M_NeutralSparks.uasset" 562
"D:/Unreal Projects/beatRush/beatRush/Content/VFXSeries1/Materials/Energy/Beam/M_LaserBeamBlue.uasset" 563
"D:/Unreal Projects/beatRush/beatRush/Content/VFXSeries1/Textures/T_LightningCircle.uasset" 564
"D:/Unreal Projects/beatRush/beatRush/Content/VFXSeries1/Textures/T_PlasmaClouds.uasset" 565
"D:/Unreal Projects/beatRush/beatRush/Content/VFXSeries1/Materials/Energy/Plasma/M_Burst2.uasset" 566
"D:/Unreal Projects/beatRush/beatRush/Content/VFXSeries1/Textures/T_PlasFlare.uasset" 567
"D:/Unreal Projects/beatRush/beatRush/Content/VFXSeries1/Materials/Energy/Plasma/M_Plasmaclouds2.uasset" 568
"D:/Unreal Projects/beatRush/beatRush/Content/VFXSeries1/Materials/Energy/Plasma/M_PlasmaGreenDecal.uasset" 569
"D:/Unreal Projects/beatRush/beatRush/Content/VFXSeries1/Textures/Noise/T_GenericLightning01.uasset" 570
"D:/Unreal Projects/beatRush/beatRush/Content/VFXSeries1/Materials/Lightning/M_LightningX01.uasset" 571
"D:/Unreal Projects/beatRush/beatRush/Content/VFXSeries1/Materials/ParentMaterials/Mat_BaseMaterial.uasset" 572
"D:/Unreal Projects/beatRush/beatRush/Content/VFXSeries1/Materials/ParentMaterials/Mat_PortalSurface.uasset" 573
"D:/Unreal Projects/beatRush/beatRush/Content/VFXSeries1/Materials/ParentMaterials/Mat_Refractive.uasset" 574
"D:/Unreal Projects/beatRush/beatRush/Content/VFXSeries1/Materials/ParentMaterials/M_Refraction.uasset" 575
"D:/Unreal Projects/beatRush/beatRush/Content/VFXSeries1/Materials/ParentMaterials/MaterialFunctions/AlphaFade.uasset" 576
"D:/Unreal Projects/beatRush/beatRush/Content/VFXSeries1/Materials/ParticleMaterials/M_SingleChannelParticle.uasset" 577
"D:/Unreal Projects/beatRush/beatRush/Content/VFXSeries1/Materials/ParentMaterials/M_SingleChannelParticle_Inst.uasset" 578
"../../../Engine/Content/Functions/Engine_MaterialFunctions02/ExampleContent/Textures/flipbook.uasset" 579
"../../../Engine/Content/Functions/Engine_MaterialFunctions02/Texturing/FlipBook.uasset" 580
"../../../Engine/Content/Functions/Engine_MaterialFunctions02/Utility/Sign.uasset" 581
"../../../Engine/Content/Functions/Engine_MaterialFunctions02/Utility/Round.uasset" 582
"D:/Unreal Projects/beatRush/beatRush/Content/VFXSeries1/Materials/ParticleMaterials/M_SmokeTrail.uasset" 583
"D:/Unreal Projects/beatRush/beatRush/Content/VFXSeries1/Meshes/SM_Attenuation_sphere_03.uasset" 584
"D:/Unreal Projects/beatRush/beatRush/Content/VFXSeries1/Meshes/OvalPortal_fbm/PortalRefractionNormal.uasset" 585
"D:/Unreal Projects/beatRush/beatRush/Content/VFXSeries1/Textures/Energy/T_PlasmaExplosion.uasset" 586
"D:/Unreal Projects/beatRush/beatRush/Content/VFXSeries1/Materials/M_Plasmaclouds.uasset" 587
"D:/Unreal Projects/beatRush/beatRush/Content/VFXSeries1/Particles/P_PlasmaGrenadeExplosion.uasset" 588
"../../../Engine/Content/Functions/Engine_MaterialFunctions01/ImageAdjustment/CheapContrast.uasset" 589
"D:/Unreal Projects/beatRush/beatRush/Content/VFXSeries1/Materials/Energy/Shield/M_DepthShield.uasset" 590
"D:/Unreal Projects/beatRush/beatRush/Content/VFXSeries1/Textures/T_Lensflare_01.uasset" 591
"D:/Unreal Projects/beatRush/beatRush/Content/VFXSeries1/Materials/LensFlare/M_LensFlare02.uasset" 592
"D:/Unreal Projects/beatRush/beatRush/Content/VFXSeries1/Materials/LensFlare/M_Lensflare_01.uasset" 593
"D:/Unreal Projects/beatRush/beatRush/Content/VFXSeries1/Meshes/SM_Attenuation_sphere_01.uasset" 594
"D:/Unreal Projects/beatRush/beatRush/Content/VFXSeries1/Particles/Energy/P_Atom.uasset" 595
"D:/Unreal Projects/beatRush/beatRush/Content/VFXSeries1/Textures/T_Horizontal_Glow.uasset" 596
"D:/Unreal Projects/beatRush/beatRush/Content/VFXSeries1/Materials/Energy/M_PlasmaTrailHeat.uasset" 597
"D:/Unreal Projects/beatRush/beatRush/Content/VFXSeries1/Textures/T_Vertical_Glow.uasset" 598
"D:/Unreal Projects/beatRush/beatRush/Content/VFXSeries1/Materials/Energy/M_PlasmaTrailHeat2.uasset" 599
"D:/Unreal Projects/beatRush/beatRush/Content/VFXSeries1/Materials/ParticleMaterials/M_Beam.uasset" 600
"D:/Unreal Projects/beatRush/beatRush/Content/VFXSeries1/Materials/ParticleMaterials/M_RadialGradient.uasset" 601
"D:/Unreal Projects/beatRush/beatRush/Content/VFXSeries1/Particles/Energy/P_ChargedPlasma.uasset" 602
"D:/Unreal Projects/beatRush/beatRush/Content/VFXSeries1/Textures/T_FireTile_01.uasset" 603
"D:/Unreal Projects/beatRush/beatRush/Content/VFXSeries1/Materials/Energy/M_FireParticle_02.uasset" 604
"D:/Unreal Projects/beatRush/beatRush/Content/VFXSeries1/Materials/Energy/M_FragShock.uasset" 605
"D:/Unreal Projects/beatRush/beatRush/Content/VFXSeries1/Materials/LensFlare/m_flare_01.uasset" 606
"D:/Unreal Projects/beatRush/beatRush/Content/VFXSeries1/Textures/T_Explosion_SubUV.uasset" 607
"D:/Unreal Projects/beatRush/beatRush/Content/VFXSeries1/Materials/M_explosion_subUV.uasset" 608
"D:/Unreal Projects/beatRush/beatRush/Content/VFXSeries1/Materials/M_FireParticle.uasset" 609
"D:/Unreal Projects/beatRush/beatRush/Content/VFXSeries1/Materials/M_Spark.uasset" 610
"D:/Unreal Projects/beatRush/beatRush/Content/VFXSeries1/Particles/Energy/P_Frag_Explosion.uasset" 611
"D:/Unreal Projects/beatRush/beatRush/Content/VFXSeries1/Particles/Energy/P_LaserExplosion_Red.uasset" 612
"D:/Unreal Projects/beatRush/beatRush/Content/VFXSeries1/Textures/Energy/T_LightningCircle01.uasset" 613
"D:/Unreal Projects/beatRush/beatRush/Content/VFXSeries1/Materials/Energy/M_LightningCircle01.uasset" 614
"D:/Unreal Projects/beatRush/beatRush/Content/VFXSeries1/Particles/Energy/P_LightningCircle01.uasset" 615
"D:/Unreal Projects/beatRush/beatRush/Content/VFXSeries1/Materials/Energy/Plasma/M_ShockwaveWind.uasset" 616
"D:/Unreal Projects/beatRush/beatRush/Content/VFXSeries1/Materials/LensFlare/M_LensFlare02Animated.uasset" 617
"D:/Unreal Projects/beatRush/beatRush/Content/VFXSeries1/Materials/LensFlare/M_Lensflare_02.uasset" 618
"D:/Unreal Projects/beatRush/beatRush/Content/VFXSeries1/Materials/Lightning/M_Lightning01.uasset" 619
"D:/Unreal Projects/beatRush/beatRush/Content/VFXSeries1/Materials/Lightning/M_LightningRing01.uasset" 620
"D:/Unreal Projects/beatRush/beatRush/Content/VFXSeries1/Meshes/SM_Plane.uasset" 621
"D:/Unreal Projects/beatRush/beatRush/Content/VFXSeries1/Meshes/SM_WindMesh.uasset" 622
"D:/Unreal Projects/beatRush/beatRush/Content/VFXSeries1/Particles/Energy/P_OrbitalLaser.uasset" 623
"D:/Unreal Projects/beatRush/beatRush/Content/VFXSeries1/Materials/ParticleMaterials/M_Healing.uasset" 624
"D:/Unreal Projects/beatRush/beatRush/Content/VFXSeries1/Particles/Energy/P_PlasmaBolt02.uasset" 625
"D:/Unreal Projects/beatRush/beatRush/Content/VFXSeries1/Materials/Energy/M_ParticleAttractorSimple.uasset" 626
"D:/Unreal Projects/beatRush/beatRush/Content/VFXSeries1/Particles/Energy/P_PlasmaCharge.uasset" 627
"D:/Unreal Projects/beatRush/beatRush/Content/VFXSeries1/Materials/M_Plasmaclouds3.uasset" 628
"D:/Unreal Projects/beatRush/beatRush/Content/VFXSeries1/Particles/Energy/P_PlasmaPistolImpact01.uasset" 629
"D:/Unreal Projects/beatRush/beatRush/Content/VFXSeries1/Materials/Energy/M_SmokeParticle.uasset" 630
"D:/Unreal Projects/beatRush/beatRush/Content/VFXSeries1/Materials/Energy/M_SparksBlue.uasset" 631
"D:/Unreal Projects/beatRush/beatRush/Content/VFXSeries1/Materials/M_FireBlueParticle.uasset" 632
"D:/Unreal Projects/beatRush/beatRush/Content/VFXSeries1/Particles/Energy/P_Plasma_Explosion.uasset" 633
"D:/Unreal Projects/beatRush/beatRush/Content/VFXSeries1/Particles/Energy/P_PoweredBeamTypeB.uasset" 634
"D:/Unreal Projects/beatRush/beatRush/Content/VFXSeries1/Particles/Energy/P_SpartanLaserCharging.uasset" 635
"D:/Unreal Projects/beatRush/beatRush/Content/VFXSeries1/Particles/Energy/Lightning/P_Lightning01.uasset" 636
"D:/Unreal Projects/beatRush/beatRush/Content/VFXSeries1/Particles/Energy/Lightning/P_Lightning02.uasset" 637
"D:/Unreal Projects/beatRush/beatRush/Content/VFXSeries1/Particles/Energy/Lightning/P_LightningImpact.uasset" 638
"D:/Unreal Projects/beatRush/beatRush/Content/VFXSeries1/Materials/Energy/M_Singularity01.uasset" 639
"D:/Unreal Projects/beatRush/beatRush/Content/VFXSeries1/Particles/Energy/Lightning/P_LightningImpacto02.uasset" 640
"D:/Unreal Projects/beatRush/beatRush/Content/VFXSeries1/Materials/Energy/M_InnerGlow2.uasset" 641
"D:/Unreal Projects/beatRush/beatRush/Content/VFXSeries1/Particles/Energy/Wormhole/P_RingedWarp.uasset" 642
"D:/Unreal Projects/beatRush/beatRush/Content/VFXSeries1/Textures/T_SphericalGradient.uasset" 643
"D:/Unreal Projects/beatRush/beatRush/Content/VFXSeries1/Materials/Energy/Plasma/Wormhole/M_WormholeRed.uasset" 644
"D:/Unreal Projects/beatRush/beatRush/Content/VFXSeries1/Textures/Energy/T_Tear01.uasset" 645
"D:/Unreal Projects/beatRush/beatRush/Content/VFXSeries1/Textures/Energy/T_Tear02.uasset" 646
"D:/Unreal Projects/beatRush/beatRush/Content/VFXSeries1/Textures/RenderCameras/RT_RenderTargetPortal01.uasset" 647
"D:/Unreal Projects/beatRush/beatRush/Content/VFXSeries1/Materials/Lightning/M_PortalTear01.uasset" 648
"D:/Unreal Projects/beatRush/beatRush/Content/VFXSeries1/Particles/Energy/Wormhole/P_TearPurple.uasset" 649
"D:/Unreal Projects/beatRush/beatRush/Content/VFXSeries1/Textures/Energy/T_JaggedTear01.uasset" 650
"D:/Unreal Projects/beatRush/beatRush/Content/VFXSeries1/Textures/Energy/T_JaggedTear02.uasset" 651
"D:/Unreal Projects/beatRush/beatRush/Content/VFXSeries1/Textures/RenderCameras/RT_RenderTargetPortal02.uasset" 652
"D:/Unreal Projects/beatRush/beatRush/Content/VFXSeries1/Materials/Lightning/M_PortalTear02.uasset" 653
"D:/Unreal Projects/beatRush/beatRush/Content/VFXSeries1/Particles/Energy/Wormhole/P_TearTeal.uasset" 654
"D:/Unreal Projects/beatRush/beatRush/Content/VFXSeries1/Textures/Flares/T_muzzle_flashes.uasset" 655
"D:/Unreal Projects/beatRush/beatRush/Content/VFXSeries1/Materials/M_muzzle_flash_subUV.uasset" 656
"D:/Unreal Projects/beatRush/beatRush/Content/VFXSeries1/Particles/Kinetic/P_BulletImpact.uasset" 657
"D:/Unreal Projects/beatRush/beatRush/Content/VFXSeries1/Materials/Energy/M_RadialGradient.uasset" 658
"D:/Unreal Projects/beatRush/beatRush/Content/VFXSeries1/Particles/Kinetic/P_BulletTracer.uasset" 659
"D:/Unreal Projects/beatRush/beatRush/Content/VFXSeries1/Textures/T_Smoke_SubUV.uasset" 660
"D:/Unreal Projects/beatRush/beatRush/Content/VFXSeries1/Materials/Energy/M_smoke_subUV.uasset" 661
"D:/Unreal Projects/beatRush/beatRush/Content/VFXSeries1/Particles/Kinetic/P_KineticImpact.uasset" 662
"D:/Unreal Projects/beatRush/beatRush/Content/VFXSeries1/Materials/Energy/M_GreenSparks.uasset" 663
"D:/Unreal Projects/beatRush/beatRush/Content/VFXSeries1/Materials/Energy/M_Healthfresnel.uasset" 664
"D:/Unreal Projects/beatRush/beatRush/Content/VFXSeries1/Meshes/SM_HealthSign.uasset" 665
"D:/Unreal Projects/beatRush/beatRush/Content/VFXSeries1/Particles/Pickups/P_HealthRegen.uasset" 666
"D:/Unreal Projects/beatRush/beatRush/Content/VFXSeries1/Particles/Pickups/P_Miniblast.uasset" 667
"D:/Unreal Projects/beatRush/beatRush/Content/VFXSeries1/Meshes/SM_Questionmark.uasset" 668
"D:/Unreal Projects/beatRush/beatRush/Content/VFXSeries1/Particles/Pickups/P_RandomPickup.uasset" 669
"D:/Unreal Projects/beatRush/beatRush/Content/VFXSeries1/Particles/Tails/P_Plasmatrail01.uasset" 670
"../../../Engine/Content/Tutorial/SubEditors/TutorialAssets/T_SmokeSubUV_8X8.uasset" 671
"../../../Engine/Content/Tutorial/SubEditors/TutorialAssets/T_soft_smoke.uasset" 672
"../../../Engine/Content/Tutorial/SubEditors/TutorialAssets/M_smoke_subUV_blackbody.uasset" 673
"D:/Unreal Projects/beatRush/beatRush/Content/VFXSeries1/Textures/Missile/T_Missile_Control.uasset" 674
"D:/Unreal Projects/beatRush/beatRush/Content/VFXSeries1/Textures/Missile/T_Missile_D.uasset" 675
"D:/Unreal Projects/beatRush/beatRush/Content/VFXSeries1/Textures/Missile/T_Missile_NM.uasset" 676
"D:/Unreal Projects/beatRush/beatRush/Content/VFXSeries1/Materials/M_Missile.uasset" 677
"D:/Unreal Projects/beatRush/beatRush/Content/VFXSeries1/Materials/M_RocketExhaust.uasset" 678
"D:/Unreal Projects/beatRush/beatRush/Content/VFXSeries1/Meshes/Projectile/SM_Missile.uasset" 679
"D:/Unreal Projects/beatRush/beatRush/Content/VFXSeries1/Particles/Tails/P_RocketTypeA.uasset" 680
"D:/Unreal Projects/beatRush/beatRush/Content/VFXSeries1/Materials/M_smoke_subUV.uasset" 681
"D:/Unreal Projects/beatRush/beatRush/Content/VFXSeries1/Particles/Tails/P_RocketTypeB.uasset" 682
"D:/Unreal Projects/beatRush/beatRush/Content/weathereffects/Blueprints/BP_Text.uasset" 683
"D:/Unreal Projects/beatRush/beatRush/Content/WeatherEffects/Materials/M_BaseColour.uasset" 684
"D:/Unreal Projects/beatRush/beatRush/Content/weathereffects/Materials/MIC_BaseColour.uasset" 685
"D:/Unreal Projects/beatRush/beatRush/Content/WeatherEffects/Textures/T_Rain_Drops_Glass.uasset" 686
"D:/Unreal Projects/beatRush/beatRush/Content/WeatherEffects/Textures/T_Rain_Streaks_Glass.uasset" 687
"D:/Unreal Projects/beatRush/beatRush/Content/weathereffects/Materials/M_Rain_Glass.uasset" 688
"../../../Engine/Content/Functions/Engine_MaterialFunctions03/Procedurals/NormalFromHeightmap.uasset" 689
"D:/Unreal Projects/beatRush/beatRush/Content/WeatherEffects/Textures/T_RainRipples_Flipbook.uasset" 690
"D:/Unreal Projects/beatRush/beatRush/Content/weathereffects/Materials/M_Rain_Ripples.uasset" 691
"../../../Engine/Content/Functions/Engine_MaterialFunctions02/Fresnel_Function.uasset" 692
"D:/Unreal Projects/beatRush/beatRush/Content/WeatherEffects/Textures/T_Rainbow.uasset" 693
"D:/Unreal Projects/beatRush/beatRush/Content/WeatherEffects/Textures/T_UV_Dither.uasset" 694
"D:/Unreal Projects/beatRush/beatRush/Content/weathereffects/Materials/M_Rainbow.uasset" 695
"D:/Unreal Projects/beatRush/beatRush/Content/weathereffects/Meshes/Rainbow.uasset" 696
"D:/Unreal Projects/beatRush/beatRush/Content/WeatherEffects/Textures/T_SnowFlake.uasset" 697
"D:/Unreal Projects/beatRush/beatRush/Content/weathereffects/Materials/M_Cloud.uasset" 698
"D:/Unreal Projects/beatRush/beatRush/Content/weathereffects/Particles/P_Ambient_Fog.uasset" 699
"D:/Unreal Projects/beatRush/beatRush/Content/weathereffects/Materials/M_SnowFlake.uasset" 700
"D:/Unreal Projects/beatRush/beatRush/Content/weathereffects/Particles/P_DustMotes.uasset" 701
"D:/Unreal Projects/beatRush/beatRush/Content/WeatherEffects/Textures/T_Leaf.uasset" 702
"D:/Unreal Projects/beatRush/beatRush/Content/WeatherEffects/Textures/T_Leaf_N.uasset" 703
"D:/Unreal Projects/beatRush/beatRush/Content/weathereffects/Materials/M_Leaf.uasset" 704
"D:/Unreal Projects/beatRush/beatRush/Content/WeatherEffects/Textures/T_LeafFlip.uasset" 705
"D:/Unreal Projects/beatRush/beatRush/Content/weathereffects/Materials/M_LeafFlip.uasset" 706
"D:/Unreal Projects/beatRush/beatRush/Content/WeatherEffects/Meshes/LeafMesh.uasset" 707
"D:/Unreal Projects/beatRush/beatRush/Content/weathereffects/Particles/P_Leaves.uasset" 708
"D:/Unreal Projects/beatRush/beatRush/Content/WeatherEffects/Textures/T_FrameClamp.uasset" 709
"D:/Unreal Projects/beatRush/beatRush/Content/WeatherEffects/Textures/T_Lightning.uasset" 710
"D:/Unreal Projects/beatRush/beatRush/Content/WeatherEffects/Textures/T_LightningMasks.uasset" 711
"D:/Unreal Projects/beatRush/beatRush/Content/weathereffects/Materials/M_Lightning.uasset" 712
"D:/Unreal Projects/beatRush/beatRush/Content/weathereffects/Materials/M_Transparent.uasset" 713
"D:/Unreal Projects/beatRush/beatRush/Content/weathereffects/Particles/P_Lightning.uasset" 714
"D:/Unreal Projects/beatRush/beatRush/Content/WeatherEffects/Textures/T_WaterDrop.uasset" 715
"D:/Unreal Projects/beatRush/beatRush/Content/weathereffects/Materials/M_RainDrop.uasset" 716
"D:/Unreal Projects/beatRush/beatRush/Content/WeatherEffects/Textures/T_RainSheet.uasset" 717
"D:/Unreal Projects/beatRush/beatRush/Content/weathereffects/Materials/M_RainSheet.uasset" 718
"D:/Unreal Projects/beatRush/beatRush/Content/WeatherEffects/Textures/T_Ripples.uasset" 719
"D:/Unreal Projects/beatRush/beatRush/Content/WeatherEffects/Textures/T_Ripples_N.uasset" 720
"D:/Unreal Projects/beatRush/beatRush/Content/weathereffects/Materials/M_Ripples.uasset" 721
"D:/Unreal Projects/beatRush/beatRush/Content/weathereffects/Particles/P_Rain.uasset" 722
"D:/Unreal Projects/beatRush/beatRush/Content/weathereffects/Particles/P_Snow_Blizzard.uasset" 723
"D:/Unreal Projects/beatRush/beatRush/Content/weathereffects/Particles/P_Snow_Gentle.uasset" 724
"D:/Unreal Projects/beatRush/beatRush/Content/weathereffects/Materials/M_SnowFlake_GPU.uasset" 725
"D:/Unreal Projects/beatRush/beatRush/Content/WeatherEffects/VectorFields/VF_Turbulence.uasset" 726
"D:/Unreal Projects/beatRush/beatRush/Content/weathereffects/Particles/NewParticles/P_Blizzard_Blowing.uasset" 727
"D:/Unreal Projects/beatRush/beatRush/Content/WeatherEffects/VectorFields/VF_Corner.uasset" 728
"D:/Unreal Projects/beatRush/beatRush/Content/weathereffects/Particles/NewParticles/P_Blizzard_Corner.uasset" 729
"D:/Unreal Projects/beatRush/beatRush/Content/WeatherEffects/VectorFields/VF_Swirl.uasset" 730
"D:/Unreal Projects/beatRush/beatRush/Content/weathereffects/Particles/NewParticles/P_Blizzard_Swirl.uasset" 731
"D:/Unreal Projects/beatRush/beatRush/Content/WeatherEffects/VectorFields/VF_Wall.uasset" 732
"D:/Unreal Projects/beatRush/beatRush/Content/weathereffects/Particles/NewParticles/P_Blizzard_Wall.uasset" 733
"D:/Unreal Projects/beatRush/beatRush/Content/WeatherEffects/Textures/T_Hail_N.uasset" 734
"D:/Unreal Projects/beatRush/beatRush/Content/weathereffects/Materials/M_HailStone.uasset" 735
"D:/Unreal Projects/beatRush/beatRush/Content/WeatherEffects/Meshes/HailStone.uasset" 736
"D:/Unreal Projects/beatRush/beatRush/Content/weathereffects/Particles/NewParticles/P_Hail.uasset" 737
"D:/Unreal Projects/beatRush/beatRush/Content/WeatherEffects/Textures/T_Leaf_Green.uasset" 738
"D:/Unreal Projects/beatRush/beatRush/Content/WeatherEffects/Textures/T_Leaf_Green_N.uasset" 739
"D:/Unreal Projects/beatRush/beatRush/Content/weathereffects/Materials/M_Leaf_Green.uasset" 740
"D:/Unreal Projects/beatRush/beatRush/Content/WeatherEffects/Materials/M_LeafFlip_GPU.uasset" 741
"D:/Unreal Projects/beatRush/beatRush/Content/WeatherEffects/Textures/T_LeafFragFlip.uasset" 742
"D:/Unreal Projects/beatRush/beatRush/Content/weathereffects/Materials/MIC_LeafFrag_GPU.uasset" 743
"D:/Unreal Projects/beatRush/beatRush/Content/WeatherEffects/Textures/T_LeafGreenFlip.uasset" 744
"D:/Unreal Projects/beatRush/beatRush/Content/weathereffects/Materials/MIC_LeafGreenFlip_GPU.uasset" 745
"D:/Unreal Projects/beatRush/beatRush/Content/WeatherEffects/Meshes/LeafGreenMesh.uasset" 746
"D:/Unreal Projects/beatRush/beatRush/Content/weathereffects/Particles/NewParticles/P_Leaves_Blowing.uasset" 747
"D:/Unreal Projects/beatRush/beatRush/Content/weathereffects/Particles/NewParticles/P_Leaves_Corner.uasset" 748
"D:/Unreal Projects/beatRush/beatRush/Content/weathereffects/Particles/NewParticles/P_Leaves_Swirl.uasset" 749
"D:/Unreal Projects/beatRush/beatRush/Content/weathereffects/Particles/NewParticles/P_Leaves_Wall.uasset" 750
"D:/Unreal Projects/beatRush/beatRush/Content/weathereffects/Materials/M_Cloud_Dark.uasset" 751
"D:/Unreal Projects/beatRush/beatRush/Content/weathereffects/Materials/M_Glow.uasset" 752
"D:/Unreal Projects/beatRush/beatRush/Content/WeatherEffects/Textures/T_Lightning_Large.uasset" 753
"D:/Unreal Projects/beatRush/beatRush/Content/weathereffects/Materials/M_Lightning_Large.uasset" 754
"D:/Unreal Projects/beatRush/beatRush/Content/WeatherEffects/Textures/T_Lightning_Zaps.uasset" 755
"D:/Unreal Projects/beatRush/beatRush/Content/weathereffects/Materials/M_Lightning_Zaps.uasset" 756
"D:/Unreal Projects/beatRush/beatRush/Content/weathereffects/Particles/NewParticles/P_Lightning_Storm.uasset" 757
"D:/Unreal Projects/beatRush/beatRush/Content/weathereffects/Particles/NewParticles/P_Rain_Drips_Edge.uasset" 758
"D:/Unreal Projects/beatRush/beatRush/Content/weathereffects/Particles/NewParticles/P_Rain_Drips_Point.uasset" 759
"D:/Unreal Projects/beatRush/beatRush/Content/weathereffects/Particles/NewParticles/P_Snow_Blowing.uasset" 760
"D:/Unreal Projects/beatRush/beatRush/Content/weathereffects/Particles/NewParticles/P_Snow_Corner.uasset" 761
"D:/Unreal Projects/beatRush/beatRush/Content/weathereffects/Particles/NewParticles/P_Snow_Swirl.uasset" 762
"D:/Unreal Projects/beatRush/beatRush/Content/weathereffects/Particles/NewParticles/P_Snow_Wall.uasset" 763
"../../../Engine/Content/Animation/DefaultAnimCurveCompressionSettings.uasset" 764
"../../../Engine/Content/ArtTools/RenderToTexture/Meshes/S_1_Unit_Plane.uasset" 765
"../../../Engine/Content/BasicShapes/Cone.uasset" 766
"../../../Engine/Content/BasicShapes/Cylinder.uasset" 767
"../../../Engine/Content/BasicShapes/Plane.uasset" 768
"../../../Engine/Content/EditorLandscapeResources/DataLayer.uasset" 769
"../../../Engine/Content/EditorMaterials/GizmoMaterial.uasset" 770
"../../../Engine/Content/EditorMaterials/MAT_Groups_Toggle.uasset" 771
"../../../Engine/Content/EditorMaterials/MAT_Groups_Visibility.uasset" 772
"../../../Engine/Content/EditorMaterials/PreviewShadowIndicator.uasset" 773
"../../../Engine/Content/EditorMaterials/PreviewShadowIndicatorMaterial.uasset" 774
"../../../Engine/Content/EditorMaterials/MatineeGroups/MAT_ColorTrack.uasset" 775
"../../../Engine/Content/EditorMaterials/MatineeGroups/MAT_Groups_Anim.uasset" 776
"../../../Engine/Content/EditorMaterials/MatineeGroups/MAT_Groups_AudioMaster.uasset" 777
"../../../Engine/Content/EditorMaterials/MatineeGroups/MAT_Groups_Director.uasset" 778
"../../../Engine/Content/EditorMaterials/MatineeGroups/MAT_Groups_Event.uasset" 779
"../../../Engine/Content/EditorMaterials/MatineeGroups/MAT_Groups_Fade.uasset" 780
"../../../Engine/Content/EditorMaterials/MatineeGroups/MAT_Groups_Float.uasset" 781
"../../../Engine/Content/EditorMaterials/MatineeGroups/MAT_Groups_Move.uasset" 782
"../../../Engine/Content/EditorMaterials/MatineeGroups/MAT_Groups_Slomo.uasset" 783
"../../../Engine/Content/EditorMaterials/MatineeGroups/MAT_Groups_Sound.uasset" 784
"../../../Engine/Content/EditorMaterials/MatineeGroups/MAT_Groups_Vector.uasset" 785
"../../../Engine/Content/EditorMaterials/ParticleSystems/PSysThumbnail_NoImage.uasset" 786
"../../../Engine/Content/EditorMaterials/ParticleSystems/PSysThumbnail_OOD.uasset" 787
"../../../Engine/Content/EditorMaterials/Camera/CineMat.uasset" 788
"../../../Engine/Content/EditorMaterials/Camera/MI_CineMat_Rig.uasset" 789
"../../../Engine/Content/EditorMeshes/Camera/SM_CraneRig_Arm.uasset" 790
"../../../Engine/Content/EditorMeshes/Camera/SM_CraneRig_Base.uasset" 791
"../../../Engine/Content/EditorMeshes/Camera/SM_CraneRig_Body.uasset" 792
"../../../Engine/Content/EditorMeshes/Camera/SM_CraneRig_Mount.uasset" 793
"../../../Engine/Content/EditorMeshes/Camera/SM_RailRig_Mount.uasset" 794
"../../../Engine/Content/EditorMeshes/Camera/SM_RailRig_Track.uasset" 795
"../../../Engine/Content/EditorResources/BSPVertex.uasset" 796
"../../../Engine/Content/EditorResources/EmptyActor.uasset" 797
"../../../Engine/Content/EditorResources/S_Actor.uasset" 798
"../../../Engine/Content/EditorResources/S_Note.uasset" 799
"../../../Engine/Content/EditorResources/S_Trigger.uasset" 800
"../../../Engine/Content/EditorResources/LightIcons/S_LightError.uasset" 801
"../../../Engine/Content/EditorResources/SequenceRecorder/Countdown.uasset" 802
"../../../Engine/Content/EditorResources/SequenceRecorder/RecordingIndicator.uasset" 803
"../../../Engine/Content/EditorSounds/Notifications/CompileFailed.uasset" 804
"../../../Engine/Content/EditorSounds/Notifications/CompileFailed_Cue.uasset" 805
"../../../Engine/Content/EditorSounds/Notifications/CompileSuccess.uasset" 806
"../../../Engine/Content/EditorSounds/Notifications/CompileStart_Cue.uasset" 807
"../../../Engine/Content/EditorSounds/Notifications/CompileSuccess_Cue.uasset" 808
"../../../Engine/Content/EngineDamageTypes/DmgTypeBP_Environmental.uasset" 809
"../../../Engine/Content/EngineDebugMaterials/HeatmapGradient.uasset" 810
"../../../Engine/Content/EngineDebugMaterials/BoneWeightMaterial.uasset" 811
"../../../Engine/Content/EngineDebugMaterials/ClothMaterial.uasset" 812
"../../../Engine/Content/EngineDebugMaterials/ClothMaterial_WF.uasset" 813
"../../../Engine/Content/EngineDebugMaterials/DebugEditorMaterial.uasset" 814
"../../../Engine/Content/EngineDebugMaterials/DebugMeshMaterial.uasset" 815
"../../../Engine/Content/EngineDebugMaterials/GeomMaterial.uasset" 816
"../../../Engine/Content/EngineDebugMaterials/M_SimpleTranslucent.uasset" 817
"../../../Engine/Content/EngineFonts/Faces/RobotoTiny.uasset" 818
"../../../Engine/Content/EngineFonts/RobotoTiny.uasset" 819
"../../../Engine/Content/EngineMaterials/BaseFlattenDiffuseMap.uasset" 820
"../../../Engine/Content/EngineMaterials/BaseFlattenEmissiveMap.uasset" 821
"../../../Engine/Content/EngineMaterials/BaseFlattenGrayscaleMap.uasset" 822
"../../../Engine/Content/EngineMaterials/BaseFlattenNormalMap.uasset" 823
"../../../Engine/Content/EngineMaterials/BaseFlattenMaterial.uasset" 824
"../../../Engine/Content/EngineMaterials/DefaultBloomKernel.uasset" 825
"../../../Engine/Content/EngineMaterials/DefaultBokeh.uasset" 826
"../../../Engine/Content/EngineMaterials/DefaultDiffuse.uasset" 827
"../../../Engine/Content/EngineMaterials/DefaultDeferredDecalMaterial.uasset" 828
"../../../Engine/Content/EngineMaterials/DefaultLightFunctionMaterial.uasset" 829
"../../../Engine/Content/EngineMaterials/DefaultPhysicalMaterial.uasset" 830
"../../../Engine/Content/Functions/Engine_MaterialFunctions02/Utility/BreakOutFloat2Components.uasset" 831
"../../../Engine/Content/EngineMaterials/DefaultPostProcessMaterial.uasset" 832
"../../../Engine/Content/EngineMaterials/DefaultWhiteGrid.uasset" 833
"../../../Engine/Content/EngineMaterials/EditorBrushMaterial.uasset" 834
"../../../Engine/Content/EngineMaterials/Good64x64TilingNoiseHighFreq.uasset" 835
"../../../Engine/Content/EngineMaterials/MiniFont.uasset" 836
"../../../Engine/Content/EngineMaterials/InvalidLightmapSettings.uasset" 837
"../../../Engine/Content/EngineMaterials/M_InvalidLightmapSettings.uasset" 838
"../../../Engine/Content/Functions/Engine_MaterialFunctions02/WorldPositionOffset/CameraOffset.uasset" 839
"../../../Engine/Content/EngineMaterials/PhAT_JointLimitMaterial.uasset" 840
"../../../Engine/Content/EngineMaterials/PreintegratedSkinBRDF.uasset" 841
"../../../Engine/Content/EngineMaterials/RemoveSurfaceMaterial.uasset" 842
"../../../Engine/Content/EngineMaterials/WeightMapPlaceholderTexture.uasset" 843
"../../../Engine/Content/EngineResources/WhiteSquareTexture.uasset" 844
"../../../Engine/Content/EngineMaterials/Widget3DPassThrough.uasset" 845
"../../../Engine/Content/EngineMaterials/Widget3DPassThrough_Masked.uasset" 846
"../../../Engine/Content/EngineMaterials/Widget3DPassThrough_Opaque.uasset" 847
"../../../Engine/Content/EngineMaterials/Widget3DPassThrough_Masked_OneSided.uasset" 848
"../../../Engine/Content/EngineMaterials/Widget3DPassThrough_Opaque_OneSided.uasset" 849
"../../../Engine/Content/EngineMaterials/Widget3DPassThrough_Translucent.uasset" 850
"../../../Engine/Content/EngineMaterials/Widget3DPassThrough_Translucent_OneSided.uasset" 851
"../../../Engine/Content/EngineMeshes/Cylinder.uasset" 852
"../../../Engine/Content/EngineMeshes/Sphere.uasset" 853
"../../../Engine/Content/EngineResources/Black.uasset" 854
"../../../Engine/Content/EngineResources/DefaultTexture.uasset" 855
"../../../Engine/Content/EngineResources/DefaultTextureCube.uasset" 856
"../../../Engine/Content/EngineResources/DefaultVolumeTexture2D.uasset" 857
"../../../Engine/Content/EngineResources/DefaultVolumeTexture.uasset" 858
"../../../Engine/Content/EngineResources/GradientTexture0.uasset" 859
"../../../Engine/Content/EngineSounds/Master.uasset" 860
"../../../Engine/Content/Functions/Engine_MaterialFunctions01/Shading/ConvertFromDiffSpec.uasset" 861
"../../../Engine/Content/Functions/Engine_MaterialFunctions01/Shading/PowerToRoughness.uasset" 862
"../../../Engine/Content/Maps/Templates/Thumbnails/Default.uasset" 863
"../../../Engine/Content/Maps/Templates/Thumbnails/VR-Basic.uasset" 864
"../../../Engine/Content/MobileResources/T_MobileControls_texture.uasset" 865
"../../../Engine/Content/MobileResources/T_MobileMenu2.uasset" 866
"../../../Engine/Content/MobileResources/HUD/AnalogHat.uasset" 867
"../../../Engine/Content/MobileResources/HUD/VirtualJoystick_Background.uasset" 868
"../../../Engine/Content/MobileResources/HUD/VirtualJoystick_Thumb.uasset" 869
"../../../Engine/Content/MobileResources/HUD/DefaultVirtualJoysticks.uasset" 870
"../../../Engine/Content/MobileResources/HUD/LeftVirtualJoystickOnly.uasset" 871
"../../../Engine/Content/MobileResources/HUD/MobileHUDButton1_off.uasset" 872
"../../../Engine/Content/MobileResources/HUD/MobileHUDButton1_on.uasset" 873
"../../../Engine/Content/MobileResources/HUD/MobileHUDButton2_off.uasset" 874
"../../../Engine/Content/MobileResources/HUD/MobileHUDButton2_on.uasset" 875
"../../../Engine/Content/MobileResources/HUD/MobileHUDButton3.uasset" 876
"../../../Engine/Content/MobileResources/HUD/MobileHUDButtonFire.uasset" 877
"../../../Engine/Content/MobileResources/HUD/MobileHUDDirectionPad.uasset" 878
"../../../Engine/Content/MobileResources/HUD/MobileHUDDirectionPad2.uasset" 879
"../../../Engine/Content/MobileResources/HUD/MobileHUDDirectionPad3.uasset" 880
"../../../Engine/Content/MobileResources/HUD/MobileHUDDirectionStick.uasset" 881
"../../../Engine/Content/MobileResources/HUD/T_Castle_ThumbstickInner.uasset" 882
"../../../Engine/Content/MobileResources/HUD/T_Castle_ThumbstickOutter.uasset" 883
"../../../Engine/Content/Tutorial/ContentIntroCurve.uasset" 884
"../../../Engine/Content/Tutorial/Basics/LevelEditorAttract.uasset" 885
"../../../Engine/Content/Tutorial/Basics/TutorialAssets/icon_tab_Levels_40x.uasset" 886
"../../../Engine/Content/Tutorial/Basics/LevelEditorOverview.uasset" 887
"../../../Engine/Content/Tutorial/BlueprintTutorials/TutorialAssets/Blueprint_64x.uasset" 888
"../../../Engine/Content/Tutorial/BlueprintTutorials/BlueprintEditorTutorial.uasset" 889
"../../../Engine/Content/Tutorial/Mobile/TutorialAssets/IOS.uasset" 890
"../../../Engine/Content/Tutorial/Mobile/InstallingiTunesTutorial.uasset" 891
"../../../Engine/Content/Tutorial/Mobile/TutorialAssets/android_Icon.uasset" 892
"../../../Engine/Content/Tutorial/Mobile/SettingUpAndroidTutorial.uasset" 893
"../../../Engine/Content/VREditor/LaserPointer/VR_LaserPower_01.uasset" 894
"../../../Engine/Content/VREditor/TransformGizmo/TransformGizmoMaterial.uasset" 895
"../../../Engine/Content/VREditor/TransformGizmo/TranslucentTransformGizmoMaterial.uasset" 896
"../../../Engine/Content/VREditor/TransformGizmo/BoundingBoxCorner.uasset" 897
"../../../Engine/Content/VREditor/TransformGizmo/BoundingBoxEdge.uasset" 898
"../../../Engine/Content/VREditor/TransformGizmo/PlaneTranslationHandle.uasset" 899
"../../../Engine/Content/VREditor/TransformGizmo/Main.uasset" 900
"../../../Engine/Content/VREditor/TransformGizmo/Xray.uasset" 901
"../../../Engine/Content/VREditor/TransformGizmo/SM_Sequencer_Key.uasset" 902
"../../../Engine/Content/VREditor/TransformGizmo/SM_Sequencer_Node.uasset" 903
"../../Plugins/2D/Paper2D/Content/PlaceholderTextures/DummySpriteTexture.uasset" 904
"../../Plugins/2D/Paper2D/Content/DummySprite.uasset" 905
"../../Plugins/2D/Paper2D/Content/DefaultPaperTerrainMaterial.uasset" 906
"../../Plugins/2D/Paper2D/Content/DummySpriteTexture.uasset" 907
"../../Plugins/2D/Paper2D/Content/DefaultSpriteMaterial.uasset" 908
"../../Plugins/2D/Paper2D/Content/MaskedUnlitSpriteMaterial.uasset" 909
"../../Plugins/2D/Paper2D/Content/OpaqueUnlitSpriteMaterial.uasset" 910
"../../Plugins/Runtime/Oculus/OculusVR/Content/OculusMR_RenderTarget.uasset" 911
"../../../Engine/Content/Functions/Engine_MaterialFunctions02/Utility/BreakOutFloat4Components.uasset" 912
"../../Plugins/Runtime/Oculus/OculusVR/Content/Materials/OculusMR_ChromaKey.uasset" 913
"../../Plugins/Runtime/Oculus/OculusVR/Content/Materials/OculusMR_ChromaKey_Lit.uasset" 914
"../../Plugins/Runtime/Oculus/OculusVR/Content/Materials/OculusMR_OpaqueColoredMaterial.uasset" 915
"../../Plugins/Runtime/Oculus/OculusVR/Content/Materials/OculusMR_WhiteMaterial.uasset" 916
"../../Plugins/Runtime/Oculus/OculusVR/Content/Materials/PokeAHoleMaterial.uasset" 917
"../../Plugins/Runtime/Oculus/OculusVR/Content/Textures/GearVRController_AO.uasset" 918
"../../Plugins/Runtime/Oculus/OculusVR/Content/Textures/GearVRController_Color.uasset" 919
"../../Plugins/Runtime/Oculus/OculusVR/Content/Textures/GearVRController_Normal.uasset" 920
"../../Plugins/Runtime/Oculus/OculusVR/Content/Materials/GearVRControllerMaterial.uasset" 921
"../../Plugins/Runtime/Oculus/OculusVR/Content/Meshes/GearVrController.uasset" 922
"../../Plugins/Runtime/Oculus/OculusVR/Content/Textures/touchController_albedo.uasset" 923
"../../Plugins/Runtime/Oculus/OculusVR/Content/Textures/touchController_controlmap.uasset" 924
"../../Plugins/Runtime/Oculus/OculusVR/Content/Materials/touchController_mat.uasset" 925
"../../Plugins/Runtime/Oculus/OculusVR/Content/Meshes/LeftTouchController.uasset" 926
"../../Plugins/Runtime/Oculus/OculusVR/Content/Meshes/RiftHMD.uasset" 927
"../../Plugins/Runtime/Oculus/OculusVR/Content/Meshes/RightTouchController.uasset" 928
"../../../Engine/Content/EngineSky/C_Sky_Cloud_Color.uasset" 929
"../../../Engine/Content/EngineSky/C_Sky_Horizon_Color.uasset" 930
"../../../Engine/Content/EngineSky/C_Sky_Zenith_Color.uasset" 931
"../../../Engine/Content/EngineSky/T_Sky_Blue.uasset" 932
"../../../Engine/Content/EngineSky/T_Sky_Clouds_M.uasset" 933
"../../../Engine/Content/EngineSky/T_Sky_Stars.uasset" 934
"../../../Engine/Content/EngineSky/M_Sky_Panning_Clouds2.uasset" 935
"../../../Engine/Content/EngineSky/SM_SkySphere.uasset" 936
"../../../Engine/Content/EngineSky/BP_Sky_Sphere.uasset" 937
"D:/Unreal Projects/beatRush/beatRush/Content/FlyingCPP/Maps/FlyingExampleMap_BuiltData.uasset" 938
"D:/Unreal Projects/beatRush/beatRush/Content/Flying/Meshes/GrayMaterial.uasset" 939
"D:/Unreal Projects/beatRush/beatRush/Content/Geometry/Meshes/1M_Cube_Chamfer.uasset" 940
"D:/Unreal Projects/beatRush/beatRush/Content/Geometry/Meshes/TemplateFloor.uasset" 941
"D:/Unreal Projects/beatRush/beatRush/Content/FlyingCPP/Maps/FlyingExampleMap.umap" 942
"D:/Unreal Projects/beatRush/beatRush/Content/SpaceBox_Color/Textures/HD/Kaldar/Back.uasset" 943
"D:/Unreal Projects/beatRush/beatRush/Content/SpaceBox_Color/Materials/HD/Kaldar/Mat_HD_Kaldar_Back.uasset" 944
"D:/Unreal Projects/beatRush/beatRush/Content/SpaceBox_Color/Textures/HD/Kaldar/Down.uasset" 945
"D:/Unreal Projects/beatRush/beatRush/Content/SpaceBox_Color/Materials/HD/Kaldar/Mat_HD_Kaldar_Down.uasset" 946
"D:/Unreal Projects/beatRush/beatRush/Content/SpaceBox_Color/Textures/HD/Kaldar/Front.uasset" 947
"D:/Unreal Projects/beatRush/beatRush/Content/SpaceBox_Color/Materials/HD/Kaldar/Mat_HD_Kaldar_Front.uasset" 948
"D:/Unreal Projects/beatRush/beatRush/Content/SpaceBox_Color/Textures/HD/Kaldar/Left.uasset" 949
"D:/Unreal Projects/beatRush/beatRush/Content/SpaceBox_Color/Materials/HD/Kaldar/Mat_HD_Kaldar_Left.uasset" 950
"D:/Unreal Projects/beatRush/beatRush/Content/SpaceBox_Color/Textures/HD/Kaldar/Right.uasset" 951
"D:/Unreal Projects/beatRush/beatRush/Content/SpaceBox_Color/Materials/HD/Kaldar/Mat_HD_Kaldar_Right.uasset" 952
"D:/Unreal Projects/beatRush/beatRush/Content/SpaceBox_Color/Textures/HD/Kaldar/Up.uasset" 953
"D:/Unreal Projects/beatRush/beatRush/Content/SpaceBox_Color/Materials/HD/Kaldar/Mat_HD_Kaldar_Up.uasset" 954
"D:/Unreal Projects/beatRush/beatRush/Content/SpaceBox_Color/Blueprints/HD/BP_SB4K_HD_Kaldar.uasset" 955
"../../../Engine/Content/Functions/Engine_MaterialFunctions02/Utility/BlendAngleCorrectedNormals.uasset" 956
"D:/Unreal Projects/beatRush/beatRush/Content/MobileStarterContent/Textures/T_Water_M.uasset" 957
"D:/Unreal Projects/beatRush/beatRush/Content/MobileStarterContent/Materials/M_Water_Ocean.uasset" 958
"D:/Unreal Projects/beatRush/beatRush/Content/Materials/roadCorner_emissive.uasset" 959
"D:/Unreal Projects/beatRush/beatRush/Content/Materials/roadCorner_emissive_Inst.uasset" 960
"../../../Engine/Content/BasicShapes/Cube.uasset" 961
"D:/Unreal Projects/beatRush/beatRush/Content/Levels/gameplay.umap" 962
"../../../Engine/Content/Maps/Entry_BuiltData.uasset" 963
"../../../Engine/Content/Maps/Entry.umap" 964
