"../../../../Unreal Projects/beatRush/beatRush 4.25 - 2/Content/touch_input.uasset" 0
"../../../Engine/Content/Animation/DefaultAnimCurveCompressionSettings.uasset" 1
"../../../Engine/Content/Functions/Engine_MaterialFunctions01/Opacity/CameraDepthFade.uasset" 2
"../../../Engine/Content/EngineMaterials/T_Default_Material_Grid_M.uasset" 3
"../../../Engine/Content/EngineMaterials/T_Default_Material_Grid_N.uasset" 4
"../../../Engine/Content/EngineMaterials/WorldGridMaterial.uasset" 5
"../../../Engine/Content/ArtTools/RenderToTexture/Meshes/S_1_Unit_Plane.uasset" 6
"../../../Engine/Content/EngineMaterials/DefaultMaterial.uasset" 7
"../../../Engine/Content/BasicShapes/Cone.uasset" 8
"../../../Engine/Content/BasicShapes/Plane.uasset" 9
"../../../Engine/Content/EditorLandscapeResources/DataLayer.uasset" 10
"../../../Engine/Content/EditorMaterials/MAT_Groups_Toggle.uasset" 11
"../../../Engine/Content/EditorMaterials/MAT_Groups_Visibility.uasset" 12
"../../../Engine/Content/EditorMaterials/PreviewShadowIndicator.uasset" 13
"../../../Engine/Content/EditorMaterials/PreviewShadowIndicatorMaterial.uasset" 14
"../../../Engine/Content/EditorMaterials/MatineeGroups/MAT_ColorTrack.uasset" 15
"../../../Engine/Content/EditorMaterials/MatineeGroups/MAT_Groups_Anim.uasset" 16
"../../../Engine/Content/EditorMaterials/MatineeGroups/MAT_Groups_AudioMaster.uasset" 17
"../../../Engine/Content/EditorMaterials/MatineeGroups/MAT_Groups_Director.uasset" 18
"../../../Engine/Content/EditorMaterials/MatineeGroups/MAT_Groups_Event.uasset" 19
"../../../Engine/Content/EditorMaterials/MatineeGroups/MAT_Groups_Fade.uasset" 20
"../../../Engine/Content/EditorMaterials/MatineeGroups/MAT_Groups_Float.uasset" 21
"../../../Engine/Content/EditorMaterials/MatineeGroups/MAT_Groups_Move.uasset" 22
"../../../Engine/Content/EditorMaterials/MatineeGroups/MAT_Groups_Slomo.uasset" 23
"../../../Engine/Content/EditorMaterials/MatineeGroups/MAT_Groups_Sound.uasset" 24
"../../../Engine/Content/EditorMaterials/MatineeGroups/MAT_Groups_Vector.uasset" 25
"../../../Engine/Content/EditorMaterials/ParticleSystems/PSysThumbnail_NoImage.uasset" 26
"../../../Engine/Content/EditorMaterials/ParticleSystems/PSysThumbnail_OOD.uasset" 27
"../../../Engine/Content/EditorMaterials/Camera/CineMat.uasset" 28
"../../../Engine/Content/EditorMaterials/Camera/MI_CineMat_Rig.uasset" 29
"../../../Engine/Content/EditorMeshes/Camera/SM_CraneRig_Arm.uasset" 30
"../../../Engine/Content/EditorMeshes/Camera/SM_CraneRig_Base.uasset" 31
"../../../Engine/Content/EditorMeshes/Camera/SM_CraneRig_Body.uasset" 32
"../../../Engine/Content/EditorMeshes/Camera/SM_CraneRig_Mount.uasset" 33
"../../../Engine/Content/EditorMeshes/Camera/SM_RailRig_Mount.uasset" 34
"../../../Engine/Content/EditorMeshes/Camera/SM_RailRig_Track.uasset" 35
"../../../Engine/Content/EditorResources/BSPVertex.uasset" 36
"../../../Engine/Content/EditorResources/EmptyActor.uasset" 37
"../../../Engine/Content/EditorResources/S_Actor.uasset" 38
"../../../Engine/Content/EditorResources/S_Note.uasset" 39
"../../../Engine/Content/EditorResources/S_Solver.uasset" 40
"../../../Engine/Content/EditorResources/S_Trigger.uasset" 41
"../../../Engine/Content/EditorResources/AudioIcons/S_AudioComponent_AutoActivate.uasset" 42
"../../../Engine/Content/EditorSounds/Notifications/CompileFailed.uasset" 43
"../../../Engine/Content/EditorSounds/Notifications/CompileFailed_Cue.uasset" 44
"../../../Engine/Content/EditorSounds/Notifications/CompileSuccess.uasset" 45
"../../../Engine/Content/EditorSounds/Notifications/CompileStart_Cue.uasset" 46
"../../../Engine/Content/EditorSounds/Notifications/CompileSuccess_Cue.uasset" 47
"../../../Engine/Content/EngineDamageTypes/DmgTypeBP_Environmental.uasset" 48
"../../../Engine/Content/EngineDebugMaterials/DebugEditorMaterial.uasset" 49
"../../../Engine/Content/EngineDebugMaterials/DebugMeshMaterial.uasset" 50
"../../../Engine/Content/EngineDebugMaterials/M_SimpleUnlitTranslucent.uasset" 51
"../../../Engine/Content/Functions/Engine_MaterialFunctions02/Utility/CameraDirectionVector.uasset" 52
"../../../Engine/Content/EngineDebugMaterials/VolumeToRender.uasset" 53
"../../../Engine/Content/EngineDebugMaterials/M_VolumeRenderSphereTracePP.uasset" 54
"../../../Engine/Content/EngineDebugMaterials/WireframeMaterial.uasset" 55
"../../../Engine/Content/EngineFonts/Faces/DroidSansFallback.uasset" 56
"../../../Engine/Content/EngineFonts/Faces/RobotoBold.uasset" 57
"../../../Engine/Content/EngineFonts/Faces/RobotoBoldItalic.uasset" 58
"../../../Engine/Content/EngineFonts/Faces/RobotoItalic.uasset" 59
"../../../Engine/Content/EngineFonts/Faces/RobotoLight.uasset" 60
"../../../Engine/Content/EngineFonts/Faces/RobotoRegular.uasset" 61
"../../../Engine/Content/EngineFonts/Roboto.uasset" 62
"../../../Engine/Content/EngineMaterials/BaseFlattenDiffuseMap.uasset" 63
"../../../Engine/Content/EngineMaterials/BaseFlattenEmissiveMap.uasset" 64
"../../../Engine/Content/EngineMaterials/BaseFlattenGrayscaleMap.uasset" 65
"../../../Engine/Content/EngineMaterials/BaseFlattenNormalMap.uasset" 66
"../../../Engine/Content/EngineMaterials/BaseFlattenMaterial.uasset" 67
"../../../Engine/Content/EngineMaterials/BlueNoise.uasset" 68
"../../../Engine/Content/EngineMaterials/DefaultBloomKernel.uasset" 69
"../../../Engine/Content/EngineMaterials/DefaultBokeh.uasset" 70
"../../../Engine/Content/EngineMaterials/DefaultDiffuse.uasset" 71
"../../../Engine/Content/EngineMaterials/DefaultDeferredDecalMaterial.uasset" 72
"../../../Engine/Content/EngineMaterials/DefaultLightFunctionMaterial.uasset" 73
"../../../Engine/Content/EngineMaterials/DefaultPhysicalMaterial.uasset" 74
"../../../Engine/Content/Functions/Engine_MaterialFunctions02/Utility/BreakOutFloat2Components.uasset" 75
"../../../Engine/Content/EngineMaterials/DefaultPostProcessMaterial.uasset" 76
"../../../Engine/Content/EngineFonts/RobotoDistanceField.uasset" 77
"../../../Engine/Content/EngineMaterials/DefaultTextMaterialOpaque.uasset" 78
"../../../Engine/Content/EngineMaterials/DefaultWhiteGrid.uasset" 79
"../../../Engine/Content/EngineMaterials/DefaultWhiteGrid_Low.uasset" 80
"../../../Engine/Content/EngineMaterials/EmissiveMeshMaterial.uasset" 81
"../../../Engine/Content/EngineMaterials/GizmoMaterial.uasset" 82
"../../../Engine/Content/EngineMaterials/Good64x64TilingNoiseHighFreq.uasset" 83
"../../../Engine/Content/EngineMaterials/MiniFont.uasset" 84
"../../../Engine/Content/EngineMaterials/InvalidLightmapSettings.uasset" 85
"../../../Engine/Content/EngineMaterials/M_InvalidLightmapSettings.uasset" 86
"../../../Engine/Content/Functions/Engine_MaterialFunctions02/WorldPositionOffset/CameraOffset.uasset" 87
"../../../Engine/Content/EngineMaterials/PhAT_JointLimitMaterial.uasset" 88
"../../../Engine/Content/EngineMaterials/PreintegratedSkinBRDF.uasset" 89
"../../../Engine/Content/EngineMaterials/RemoveSurfaceMaterial.uasset" 90
"../../../Engine/Content/EngineMaterials/WeightMapPlaceholderTexture.uasset" 91
"../../../Engine/Content/EngineResources/WhiteSquareTexture.uasset" 92
"../../../Engine/Content/EngineMaterials/Widget3DPassThrough.uasset" 93
"../../../Engine/Content/EngineMaterials/Widget3DPassThrough_Masked.uasset" 94
"../../../Engine/Content/EngineMaterials/Widget3DPassThrough_Opaque.uasset" 95
"../../../Engine/Content/EngineMaterials/Widget3DPassThrough_Masked_OneSided.uasset" 96
"../../../Engine/Content/EngineMaterials/Widget3DPassThrough_Opaque_OneSided.uasset" 97
"../../../Engine/Content/EngineMaterials/Widget3DPassThrough_Translucent.uasset" 98
"../../../Engine/Content/EngineMaterials/Widget3DPassThrough_Translucent_OneSided.uasset" 99
"../../../Engine/Content/EngineMeshes/Sphere.uasset" 100
"../../../Engine/Content/EngineResources/Black.uasset" 101
"../../../Engine/Content/EngineResources/DefaultTexture.uasset" 102
"../../../Engine/Content/EngineResources/DefaultTextureCube.uasset" 103
"../../../Engine/Content/EngineResources/DefaultVolumeTexture2D.uasset" 104
"../../../Engine/Content/EngineResources/DefaultVolumeTexture.uasset" 105
"../../../Engine/Content/EngineResources/GradientTexture0.uasset" 106
"../../../Engine/Content/EngineSounds/Master.uasset" 107
"../../../Engine/Content/Functions/Engine_MaterialFunctions01/Shading/ConvertFromDiffSpec.uasset" 108
"../../../Engine/Content/Functions/Engine_MaterialFunctions01/Shading/PowerToRoughness.uasset" 109
"../../../Engine/Content/Maps/Templates/Thumbnails/Default.uasset" 110
"../../../Engine/Content/Maps/Templates/Thumbnails/TimeOfDay.uasset" 111
"../../../Engine/Content/Maps/Templates/Thumbnails/VR-Basic.uasset" 112
"../../../Engine/Content/MobileResources/T_MobileControls_texture.uasset" 113
"../../../Engine/Content/MobileResources/T_MobileMenu2.uasset" 114
"../../../Engine/Content/MobileResources/HUD/AnalogHat.uasset" 115
"../../../Engine/Content/MobileResources/HUD/VirtualJoystick_Background.uasset" 116
"../../../Engine/Content/MobileResources/HUD/VirtualJoystick_Thumb.uasset" 117
"../../../Engine/Content/MobileResources/HUD/DefaultVirtualJoysticks.uasset" 118
"../../../Engine/Content/MobileResources/HUD/LeftVirtualJoystickOnly.uasset" 119
"../../../Engine/Content/MobileResources/HUD/MobileHUDButton1_off.uasset" 120
"../../../Engine/Content/MobileResources/HUD/MobileHUDButton1_on.uasset" 121
"../../../Engine/Content/MobileResources/HUD/MobileHUDButton2_off.uasset" 122
"../../../Engine/Content/MobileResources/HUD/MobileHUDButton2_on.uasset" 123
"../../../Engine/Content/MobileResources/HUD/MobileHUDButton3.uasset" 124
"../../../Engine/Content/MobileResources/HUD/MobileHUDButtonFire.uasset" 125
"../../../Engine/Content/MobileResources/HUD/MobileHUDDirectionPad.uasset" 126
"../../../Engine/Content/MobileResources/HUD/MobileHUDDirectionPad2.uasset" 127
"../../../Engine/Content/MobileResources/HUD/MobileHUDDirectionPad3.uasset" 128
"../../../Engine/Content/MobileResources/HUD/MobileHUDDirectionStick.uasset" 129
"../../../Engine/Content/MobileResources/HUD/T_Castle_ThumbstickInner.uasset" 130
"../../../Engine/Content/MobileResources/HUD/T_Castle_ThumbstickOutter.uasset" 131
"../../../Engine/Content/Tutorial/ContentIntroCurve.uasset" 132
"../../../Engine/Content/Tutorial/Basics/LevelEditorAttract.uasset" 133
"../../../Engine/Content/Tutorial/Basics/TutorialAssets/icon_tab_Levels_40x.uasset" 134
"../../../Engine/Content/Tutorial/Basics/LevelEditorOverview.uasset" 135
"../../../Engine/Content/Tutorial/BlueprintTutorials/TutorialAssets/Blueprint_64x.uasset" 136
"../../../Engine/Content/Tutorial/BlueprintTutorials/BlueprintEditorTutorial.uasset" 137
"../../../Engine/Content/Tutorial/Mobile/TutorialAssets/IOS.uasset" 138
"../../../Engine/Content/Tutorial/Mobile/InstallingiTunesTutorial.uasset" 139
"../../../Engine/Content/Tutorial/Mobile/TutorialAssets/android_Icon.uasset" 140
"../../../Engine/Content/Tutorial/Mobile/SettingUpAndroidTutorial.uasset" 141
"../../../Engine/Content/VREditor/LaserPointer/VR_LaserPower_01.uasset" 142
"../../../Engine/Content/VREditor/TransformGizmo/TransformGizmoMaterial.uasset" 143
"../../../Engine/Content/VREditor/TransformGizmo/TranslucentTransformGizmoMaterial.uasset" 144
"../../../Engine/Content/VREditor/TransformGizmo/BoundingBoxCorner.uasset" 145
"../../../Engine/Content/VREditor/TransformGizmo/BoundingBoxEdge.uasset" 146
"../../../Engine/Content/VREditor/TransformGizmo/PlaneTranslationHandle.uasset" 147
"../../../Engine/Content/VREditor/TransformGizmo/Main.uasset" 148
"../../../Engine/Content/VREditor/TransformGizmo/Xray.uasset" 149
"../../../Engine/Content/VREditor/TransformGizmo/SM_Sequencer_Key.uasset" 150
"../../../Engine/Content/VREditor/TransformGizmo/SM_Sequencer_Node.uasset" 151
"../../Plugins/FX/Niagara/Content/Enums/ENiagaraBooleanLogicOps.uasset" 152
"../../Plugins/FX/Niagara/Content/Enums/ENiagaraCoordinateSpace.uasset" 153
"../../Plugins/FX/Niagara/Content/Enums/ENiagaraExpansionMode.uasset" 154
"../../Plugins/FX/Niagara/Content/Enums/ENiagaraOrientationAxis.uasset" 155
"../../Plugins/FX/Niagara/Content/Enums/ENiagaraRandomnessMode.uasset" 156
"../../../Engine/Content/EditorBlueprintResources/StandardMacros.uasset" 157
"../../../Engine/Content/BasicShapes/BasicShapeMaterial.uasset" 158
"../../../Engine/Content/BasicShapes/Sphere.uasset" 159
"../../../../Unreal Projects/beatRush/beatRush 4.25 - 2/Content/audio/SFX/sfx2/sfx2/alien2.uasset" 160
"../../../../Unreal Projects/beatRush/beatRush 4.25 - 2/Content/BP/BP_ballEnemy.uasset" 161
"../../../../Unreal Projects/beatRush/beatRush 4.25 - 2/Content/Meshes/vessel/Material_004.uasset" 162
"../../../../Unreal Projects/beatRush/beatRush 4.25 - 2/Content/Meshes/env/cone4.uasset" 163
"../../../../Unreal Projects/beatRush/beatRush 4.25 - 2/Content/Meshes/env/cone3.uasset" 164
"../../../../Unreal Projects/beatRush/beatRush 4.25 - 2/Content/BP/BP_obstacleVar1.uasset" 165
"../../../../Unreal Projects/beatRush/beatRush 4.25 - 2/Content/Meshes/env/part_glow.uasset" 166
"../../../../Unreal Projects/beatRush/beatRush 4.25 - 2/Content/Meshes/env/tower_body.uasset" 167
"../../../../Unreal Projects/beatRush/beatRush 4.25 - 2/Content/Meshes/env/obstacle_4.uasset" 168
"../../../../Unreal Projects/beatRush/beatRush 4.25 - 2/Content/BP/BP_obstacleVar2.uasset" 169
"../../../../Unreal Projects/beatRush/beatRush 4.25 - 2/Content/Meshes/env/body_001.uasset" 170
"../../../../Unreal Projects/beatRush/beatRush 4.25 - 2/Content/Meshes/env/body_002.uasset" 171
"../../../../Unreal Projects/beatRush/beatRush 4.25 - 2/Content/Meshes/env/body_005.uasset" 172
"../../../../Unreal Projects/beatRush/beatRush 4.25 - 2/Content/Meshes/env/obstacle_3.uasset" 173
"../../../../Unreal Projects/beatRush/beatRush 4.25 - 2/Content/BP/BP_obstacleVar3.uasset" 174
"../../../../Unreal Projects/beatRush/beatRush 4.25 - 2/Content/Meshes/env/rock.uasset" 175
"../../../../Unreal Projects/beatRush/beatRush 4.25 - 2/Content/Meshes/env/mountain.uasset" 176
"../../../../Unreal Projects/beatRush/beatRush 4.25 - 2/Content/BP/mountain_Blueprint.uasset" 177
"../../../../Unreal Projects/beatRush/beatRush 4.25 - 2/Content/Meshes/env/light.uasset" 178
"../../../../Unreal Projects/beatRush/beatRush 4.25 - 2/Content/Meshes/env/light_Inst.uasset" 179
"../../../../Unreal Projects/beatRush/beatRush 4.25 - 2/Content/Meshes/env/cone2.uasset" 180
"../../../../Unreal Projects/beatRush/beatRush 4.25 - 2/Content/Meshes/env/cone1.uasset" 181
"../../../../Unreal Projects/beatRush/beatRush 4.25 - 2/Content/BP/pointBetter_BP.uasset" 182
"../../../../Unreal Projects/beatRush/beatRush 4.25 - 2/Content/Meshes/env/red-emissive_inst.uasset" 183
"../../../../Unreal Projects/beatRush/beatRush 4.25 - 2/Content/BP/pointRegular_BP.uasset" 184
"../../../../Unreal Projects/beatRush/beatRush 4.25 - 2/Content/Meshes/env/simtoonBlue-emissive_Inst.uasset" 185
"../../../../Unreal Projects/beatRush/beatRush 4.25 - 2/Content/BP/pointSimtoon_BP.uasset" 186
"../../../../Unreal Projects/beatRush/beatRush 4.25 - 2/Content/primarySaveObj.uasset" 187
"../../../Engine/Content/BasicShapes/Cylinder.uasset" 188
"../../../../Unreal Projects/beatRush/beatRush 4.25 - 2/Content/audio/OST/animals.uasset" 189
"../../../../Unreal Projects/beatRush/beatRush 4.25 - 2/Content/audio/OST/caffeine.uasset" 190
"../../../../Unreal Projects/beatRush/beatRush 4.25 - 2/Content/audio/OST/ecstatic.uasset" 191
"../../../../Unreal Projects/beatRush/beatRush 4.25 - 2/Content/audio/OST/greatMoments.uasset" 192
"../../../../Unreal Projects/beatRush/beatRush 4.25 - 2/Content/audio/OST/poison.uasset" 193
"../../../../Unreal Projects/beatRush/beatRush 4.25 - 2/Content/audio/OST/proxy.uasset" 194
"../../../../Unreal Projects/beatRush/beatRush 4.25 - 2/Content/audio/OST/virus.uasset" 195
"../../../../Unreal Projects/beatRush/beatRush 4.25 - 2/Content/audio/SFX/sfx2/sfx2/access.uasset" 196
"../../../../Unreal Projects/beatRush/beatRush 4.25 - 2/Content/audio/SFX/sfx2/sfx2/access2.uasset" 197
"../../../../Unreal Projects/beatRush/beatRush 4.25 - 2/Content/audio/SFX/sfx2/sfx2/access3.uasset" 198
"../../../../Unreal Projects/beatRush/beatRush 4.25 - 2/Content/audio/SFX/sfx2/sfx2/accomplished1.uasset" 199
"../../../../Unreal Projects/beatRush/beatRush 4.25 - 2/Content/audio/SFX/sfx2/sfx2/accomplished2.uasset" 200
"../../../../Unreal Projects/beatRush/beatRush 4.25 - 2/Content/audio/SFX/sfx2/sfx2/accomplished3.uasset" 201
"../../../../Unreal Projects/beatRush/beatRush 4.25 - 2/Content/audio/SFX/sfx2/sfx2/crash.uasset" 202
"../../../../Unreal Projects/beatRush/beatRush 4.25 - 2/Content/audio/SFX/sfx2/sfx2/death1.uasset" 203
"../../../../Unreal Projects/beatRush/beatRush 4.25 - 2/Content/audio/SFX/sfx2/sfx2/death2.uasset" 204
"../../../../Unreal Projects/beatRush/beatRush 4.25 - 2/Content/audio/SFX/sfx2/sfx2/explosion2.uasset" 205
"../../../../Unreal Projects/beatRush/beatRush 4.25 - 2/Content/Meshes/vessel/glass.uasset" 206
"../../../../Unreal Projects/beatRush/beatRush 4.25 - 2/Content/Meshes/vessel/part-1.uasset" 207
"../../../../Unreal Projects/beatRush/beatRush 4.25 - 2/Content/Meshes/vessel/turbine.uasset" 208
"../../../../Unreal Projects/beatRush/beatRush 4.25 - 2/Content/Meshes/vessel/body.uasset" 209
"../../../../Unreal Projects/beatRush/beatRush 4.25 - 2/Content/Meshes/vessel/body_NONshielded.uasset" 210
"../../../../Unreal Projects/beatRush/beatRush 4.25 - 2/Content/Meshes/vessel/ship_2.uasset" 211
"../../../../Unreal Projects/beatRush/beatRush 4.25 - 2/Content/Meshes/vessel/body_part.uasset" 212
"../../../../Unreal Projects/beatRush/beatRush 4.25 - 2/Content/Meshes/vessel/body_part_2.uasset" 213
"../../../../Unreal Projects/beatRush/beatRush 4.25 - 2/Content/Meshes/vessel/body_varation.uasset" 214
"../../../../Unreal Projects/beatRush/beatRush 4.25 - 2/Content/Meshes/vessel/glass_black.uasset" 215
"../../../../Unreal Projects/beatRush/beatRush 4.25 - 2/Content/Meshes/vessel/ship_3.uasset" 216
"../../../../Unreal Projects/beatRush/beatRush 4.25 - 2/Content/Meshes/vessel/ship_4.uasset" 217
"../../../../Unreal Projects/beatRush/beatRush 4.25 - 2/Content/Meshes/vessel/Material_001.uasset" 218
"../../../../Unreal Projects/beatRush/beatRush 4.25 - 2/Content/Meshes/vessel/black-parts.uasset" 219
"../../../../Unreal Projects/beatRush/beatRush 4.25 - 2/Content/Meshes/vessel/black-parts_basic.uasset" 220
"../../../../Unreal Projects/beatRush/beatRush 4.25 - 2/Content/Meshes/vessel/body_basic.uasset" 221
"../../../../Unreal Projects/beatRush/beatRush 4.25 - 2/Content/Meshes/vessel/Material.uasset" 222
"../../../../Unreal Projects/beatRush/beatRush 4.25 - 2/Content/Meshes/vessel/Material_grey.uasset" 223
"../../../../Unreal Projects/beatRush/beatRush 4.25 - 2/Content/Meshes/vessel/ship_Cube.uasset" 224
"../../../../Unreal Projects/beatRush/beatRush 4.25 - 2/Content/audio/SFX/sfx2/sfx2/explosion1.uasset" 225
"../../../../Unreal Projects/beatRush/beatRush 4.25 - 2/Content/audio/SFX/sfx2/sfx2/denied1.uasset" 226
"../../../../Unreal Projects/beatRush/beatRush 4.25 - 2/Content/Meshes/env/button_grey.uasset" 227
"../../../../Unreal Projects/beatRush/beatRush 4.25 - 2/Content/Meshes/env/button_purple.uasset" 228
"../../../../Unreal Projects/beatRush/beatRush 4.25 - 2/Content/SpaceBox_Color/Textures/HD/Kaldar/Front.uasset" 229
"../../../../Unreal Projects/beatRush/beatRush 4.25 - 2/Content/UI/level_chooser.uasset" 230
"../../../../Unreal Projects/beatRush/beatRush 4.25 - 2/Content/UI/Screenshot_3.uasset" 231
"../../../../Unreal Projects/beatRush/beatRush 4.25 - 2/Content/audio/SFX/sfx2/sfx2/denied3.uasset" 232
"../../../../Unreal Projects/beatRush/beatRush 4.25 - 2/Content/UI/ship2.uasset" 233
"../../../../Unreal Projects/beatRush/beatRush 4.25 - 2/Content/UI/ship3.uasset" 234
"../../../../Unreal Projects/beatRush/beatRush 4.25 - 2/Content/UI/ship4.uasset" 235
"../../../../Unreal Projects/beatRush/beatRush 4.25 - 2/Content/UI/shop.uasset" 236
"../../../../Unreal Projects/beatRush/beatRush 4.25 - 2/Content/UI/smdLogoSmall.uasset" 237
"../../../../Unreal Projects/beatRush/beatRush 4.25 - 2/Content/UI/main_menu.uasset" 238
"../../../../Unreal Projects/beatRush/beatRush 4.25 - 2/Content/UI/pause_menu.uasset" 239
"../../../../Unreal Projects/beatRush/beatRush 4.25 - 2/Content/UI/Screenshot_1.uasset" 240
"../../../../Unreal Projects/beatRush/beatRush 4.25 - 2/Content/UI/Screenshot_2.uasset" 241
"../../../../Unreal Projects/beatRush/beatRush 4.25 - 2/Content/UI/HUD.uasset" 242
"../../../../Unreal Projects/beatRush/beatRush 4.25 - 2/Content/UI/deathScreen.uasset" 243
"../../../../Unreal Projects/beatRush/beatRush 4.25 - 2/Content/VFXSeries1/Textures/Energy/T_Burst_M.uasset" 244
"../../../../Unreal Projects/beatRush/beatRush 4.25 - 2/Content/VFXSeries1/Materials/Energy/M_Burst.uasset" 245
"../../../../Unreal Projects/beatRush/beatRush 4.25 - 2/Content/VFXSeries1/Textures/T_DireNoise_01.uasset" 246
"../../../../Unreal Projects/beatRush/beatRush 4.25 - 2/Content/VFXSeries1/Textures/T_FireTile_01.uasset" 247
"../../../../Unreal Projects/beatRush/beatRush 4.25 - 2/Content/VFXSeries1/Materials/Energy/M_FireParticle_02.uasset" 248
"../../../../Unreal Projects/beatRush/beatRush 4.25 - 2/Content/VFXSeries1/Textures/Decals/T_C_Burn04.uasset" 249
"../../../../Unreal Projects/beatRush/beatRush 4.25 - 2/Content/VFXSeries1/Materials/Energy/M_SmokeParticle.uasset" 250
"../../../Engine/Content/Functions/Engine_MaterialFunctions01/Gradient/LinearGradient.uasset" 251
"../../../../Unreal Projects/beatRush/beatRush 4.25 - 2/Content/VFXSeries1/Materials/Energy/M_SparksBlue.uasset" 252
"../../../../Unreal Projects/beatRush/beatRush 4.25 - 2/Content/VFXSeries1/Textures/Flares/T_Lensflare_02.uasset" 253
"../../../../Unreal Projects/beatRush/beatRush 4.25 - 2/Content/VFXSeries1/Materials/Energy/Plasma/M_Flare.uasset" 254
"../../../../Unreal Projects/beatRush/beatRush 4.25 - 2/Content/VFXSeries1/Textures/Decals/T_sunflare.uasset" 255
"../../../../Unreal Projects/beatRush/beatRush 4.25 - 2/Content/VFXSeries1/Materials/LensFlare/m_flare_03.uasset" 256
"../../../../Unreal Projects/beatRush/beatRush 4.25 - 2/Content/VFXSeries1/Materials/M_FireBlueParticle.uasset" 257
"../../../../Unreal Projects/beatRush/beatRush 4.25 - 2/Content/VFXSeries1/Materials/M_Plasmaclouds3.uasset" 258
"../../../../Unreal Projects/beatRush/beatRush 4.25 - 2/Content/VFXSeries1/Particles/Energy/P_Plasma_Explosion.uasset" 259
"../../../../Unreal Projects/beatRush/beatRush 4.25 - 2/Content/BP/playerCharacter_BP.uasset" 260
"../../../../Unreal Projects/beatRush/beatRush 4.25 - 2/Content/weathereffects/Materials/M_Transparent.uasset" 261
"../../../Engine/Content/BasicShapes/Cube.uasset" 262
"../../../../Unreal Projects/beatRush/beatRush 4.25 - 2/Content/BP/worldBounds.uasset" 263
"../../../../Unreal Projects/beatRush/beatRush 4.25 - 2/Content/SpaceBox_Color/Textures/HD/Kaldar/Back.uasset" 264
"../../../../Unreal Projects/beatRush/beatRush 4.25 - 2/Content/SpaceBox_Color/Materials/HD/Kaldar/Mat_HD_Kaldar_Back.uasset" 265
"../../../../Unreal Projects/beatRush/beatRush 4.25 - 2/Content/SpaceBox_Color/Textures/HD/Kaldar/Down.uasset" 266
"../../../../Unreal Projects/beatRush/beatRush 4.25 - 2/Content/SpaceBox_Color/Materials/HD/Kaldar/Mat_HD_Kaldar_Down.uasset" 267
"../../../../Unreal Projects/beatRush/beatRush 4.25 - 2/Content/SpaceBox_Color/Materials/HD/Kaldar/Mat_HD_Kaldar_Front.uasset" 268
"../../../../Unreal Projects/beatRush/beatRush 4.25 - 2/Content/SpaceBox_Color/Textures/HD/Kaldar/Left.uasset" 269
"../../../../Unreal Projects/beatRush/beatRush 4.25 - 2/Content/SpaceBox_Color/Materials/HD/Kaldar/Mat_HD_Kaldar_Left.uasset" 270
"../../../../Unreal Projects/beatRush/beatRush 4.25 - 2/Content/SpaceBox_Color/Textures/HD/Kaldar/Right.uasset" 271
"../../../../Unreal Projects/beatRush/beatRush 4.25 - 2/Content/SpaceBox_Color/Materials/HD/Kaldar/Mat_HD_Kaldar_Right.uasset" 272
"../../../../Unreal Projects/beatRush/beatRush 4.25 - 2/Content/SpaceBox_Color/Textures/HD/Kaldar/Up.uasset" 273
"../../../../Unreal Projects/beatRush/beatRush 4.25 - 2/Content/SpaceBox_Color/Materials/HD/Kaldar/Mat_HD_Kaldar_Up.uasset" 274
"../../../../Unreal Projects/beatRush/beatRush 4.25 - 2/Content/SpaceBox_Color/Meshes/HD/Back.uasset" 275
"../../../../Unreal Projects/beatRush/beatRush 4.25 - 2/Content/SpaceBox_Color/Meshes/HD/Down.uasset" 276
"../../../../Unreal Projects/beatRush/beatRush 4.25 - 2/Content/SpaceBox_Color/Meshes/HD/Front.uasset" 277
"../../../../Unreal Projects/beatRush/beatRush 4.25 - 2/Content/SpaceBox_Color/Meshes/HD/Left.uasset" 278
"../../../../Unreal Projects/beatRush/beatRush 4.25 - 2/Content/SpaceBox_Color/Meshes/HD/Right.uasset" 279
"../../../../Unreal Projects/beatRush/beatRush 4.25 - 2/Content/SpaceBox_Color/Meshes/HD/Up.uasset" 280
"../../../../Unreal Projects/beatRush/beatRush 4.25 - 2/Content/SpaceBox_Color/Blueprints/HD/BP_SB4K_HD_Kaldar.uasset" 281
"../../../../Unreal Projects/beatRush/beatRush 4.25 - 2/Content/Levels/gameplay_BuiltData.uasset" 282
"../../../../Unreal Projects/beatRush/beatRush 4.25 - 2/Content/Materials/roadCorner_emissive.uasset" 283
"../../../../Unreal Projects/beatRush/beatRush 4.25 - 2/Content/Materials/roadCorner_emissive_Inst.uasset" 284
"../../../../Unreal Projects/beatRush/beatRush 4.25 - 2/Content/Meshes/env/tower_body_emissive.uasset" 285
"../../../../Unreal Projects/beatRush/beatRush 4.25 - 2/Content/Meshes/env/body.uasset" 286
"../../../../Unreal Projects/beatRush/beatRush 4.25 - 2/Content/Meshes/env/barrier_tower.uasset" 287
"../../../../Unreal Projects/beatRush/beatRush 4.25 - 2/Content/Meshes/env/mountain_2.uasset" 288
"../../../../Unreal Projects/beatRush/beatRush 4.25 - 2/Content/Meshes/env/runway-lvl1.uasset" 289
"../../../../Unreal Projects/beatRush/beatRush 4.25 - 2/Content/Meshes/env/body_003.uasset" 290
"../../../../Unreal Projects/beatRush/beatRush 4.25 - 2/Content/Meshes/env/body_004.uasset" 291
"../../../../Unreal Projects/beatRush/beatRush 4.25 - 2/Content/Meshes/env/tower_1.uasset" 292
"../../../../Unreal Projects/beatRush/beatRush 4.25 - 2/Content/Meshes/env/tower_4.uasset" 293
"../../../../Unreal Projects/beatRush/beatRush 4.25 - 2/Content/Levels/gameplay.umap" 294
"../../../Engine/Content/Maps/Entry_BuiltData.uasset" 295
"../../../Engine/Content/Maps/Entry.umap" 296
