Log file open, 03/11/20 12:55:01
LogWindows: Failed to load 'aqProf.dll' (GetLastError=126)
LogWindows: File 'aqProf.dll' does not exist
LogWindows: Failed to load 'VtuneApi.dll' (GetLastError=126)
LogWindows: File 'VtuneApi.dll' does not exist
LogWindows: Failed to load 'VtuneApi32e.dll' (GetLastError=126)
LogWindows: File 'VtuneApi32e.dll' does not exist
LogConsoleResponse: Display: Failed to find resolution value strings in scalability ini. Falling back to default.
LogInit: Display: Running engine without a game
LogPlatformFile: Not using cached read wrapper
LogInit: Display: Loading recent project file: D:/Unreal Projects/beatRush/beatRush 4.24/beatRush.uproject
LogTaskGraph: Started task graph with 5 named threads and 23 total threads with 3 sets of task threads.
LogStats: Stats thread started at 1.062256
LogD3D11RHI: Loaded GFSDK_Aftermath_Lib.x64.dll
LogICUInternationalization: ICU TimeZone Detection - Raw Offset: +1:00, Platform Override: ''
LogPluginManager: Mounting plugin LightPropagationVolume
LogPluginManager: Mounting plugin ActorLayerUtilities
LogPluginManager: Mounting plugin CLionSourceCodeAccess
LogPluginManager: Mounting plugin CodeLiteSourceCodeAccess
LogPluginManager: Mounting plugin VisualStudioCodeSourceCodeAccess
LogPluginManager: Mounting plugin VisualStudioSourceCodeAccess
LogPluginManager: Mounting plugin AssetManagerEditor
LogPluginManager: Mounting plugin DataValidation
LogPluginManager: Mounting plugin GameplayTagsEditor
LogPluginManager: Mounting plugin MaterialAnalyzer
LogPluginManager: Mounting plugin MobileLauncherProfileWizard
LogPluginManager: Mounting plugin PluginBrowser
LogPluginManager: Mounting plugin MLSDK
LogPluginManager: Mounting plugin EasyAds
LogPluginManager: Mounting plugin LevelSequenceEditor
LogPluginManager: Mounting plugin OnlineSubsystemGooglePlay
LogPluginManager: Mounting plugin OnlineFramework
LogPluginManager: Mounting plugin OnlineSubsystem
LogPluginManager: Mounting plugin OnlineSubsystemGoogle
LogPluginManager: Mounting plugin OnlineSubsystemUtils
LogPluginManager: Mounting plugin LauncherChunkInstaller
LogPluginManager: Mounting plugin AndroidDeviceProfileSelector
LogPluginManager: Mounting plugin AndroidPermission
LogPluginManager: Mounting plugin AssetTags
LogPluginManager: Mounting plugin CustomMeshComponent
LogPluginManager: Mounting plugin PostSplashScreen
LogInit: Using libcurl 7.55.1-DEV
LogInit:  - built for x86_64-pc-win32
LogInit:  - supports SSL with OpenSSL/1.1.1
LogInit:  - supports HTTP deflate (compression) using libz 1.2.8
LogInit:  - other features:
LogInit:      CURL_VERSION_SSL
LogInit:      CURL_VERSION_LIBZ
LogInit:      CURL_VERSION_IPV6
LogInit:      CURL_VERSION_ASYNCHDNS
LogInit:      CURL_VERSION_LARGEFILE
LogInit:      CURL_VERSION_IDN
LogInit:  CurlRequestOptions (configurable via config and command line):
LogInit:  - bVerifyPeer = true  - Libcurl will verify peer certificate
LogInit:  - bUseHttpProxy = false  - Libcurl will NOT use HTTP proxy
LogInit:  - bDontReuseConnections = false  - Libcurl will reuse connections
LogInit:  - MaxHostConnections = 16  - Libcurl will limit the number of connections to a host
LogInit:  - LocalHostAddr = Default
LogInit:  - BufferSize = 65536
LogModuleManager: Warning: ModuleManager: Unable to load module 'OnlineSubsystemNULL'  - 0 instances of that module name found.
LogOnline: Warning: OSS: TryLoadSubsystemAndSetDefault: LoadSubsystemModule([NULL]) failed
LogOnline: OSS: Failed to load any Online Subsystem Modules
LogInit: Build: ++UE4+Release-4.24-CL-11590370
LogInit: Engine Version: 4.24.3-11590370+++UE4+Release-4.24
LogInit: Compatible Engine Version: 4.24.0-10570792+++UE4+Release-4.24
LogInit: Net CL: 10570792
LogInit: OS: Windows 10 (Release 1809) (), CPU: Intel(R) Core(TM) i7-7700K CPU @ 4.20GHz, GPU: NVIDIA GeForce GTX 1060 6GB
LogInit: Compiled (64-bit): Feb 24 2020 15:39:18
LogInit: Compiled with Visual C++: 19.16.27032.01
LogInit: Build Configuration: Development
LogInit: Branch Name: ++UE4+Release-4.24
LogInit: Command Line: 
LogInit: Base Directory: D:/Epic Games/UE_4.24/Engine/Binaries/Win64/
LogInit: Installed Engine Build: 1
LogDevObjectVersion: Number of dev versions registered: 25
LogDevObjectVersion:   Dev-Blueprints (B0D832E4-1F89-4F0D-ACCF-7EB736FD4AA2): 10
LogDevObjectVersion:   Dev-Build (E1C64328-A22C-4D53-A36C-8E866417BD8C): 0
LogDevObjectVersion:   Dev-Core (375EC13C-06E4-48FB-B500-84F0262A717E): 3
LogDevObjectVersion:   Dev-Editor (E4B068ED-F494-42E9-A231-DA0B2E46BB41): 37
LogDevObjectVersion:   Dev-Framework (CFFC743F-43B0-4480-9391-14DF171D2073): 36
LogDevObjectVersion:   Dev-Mobile (B02B49B5-BB20-44E9-A304-32B752E40360): 2
LogDevObjectVersion:   Dev-Networking (A4E4105C-59A1-49B5-A7C5-40C4547EDFEE): 0
LogDevObjectVersion:   Dev-Online (39C831C9-5AE6-47DC-9A44-9C173E1C8E7C): 0
LogDevObjectVersion:   Dev-Physics (78F01B33-EBEA-4F98-B9B4-84EACCB95AA2): 2
LogDevObjectVersion:   Dev-Platform (6631380F-2D4D-43E0-8009-CF276956A95A): 0
LogDevObjectVersion:   Dev-Rendering (12F88B9F-8875-4AFC-A67C-D90C383ABD29): 36
LogDevObjectVersion:   Dev-Sequencer (7B5AE74C-D270-4C10-A958-57980B212A5A): 11
LogDevObjectVersion:   Dev-VR (D7296918-1DD6-4BDD-9DE2-64A83CC13884): 2
LogDevObjectVersion:   Dev-LoadTimes (C2A15278-BFE7-4AFE-6C17-90FF531DF755): 1
LogDevObjectVersion:   Private-Geometry (6EACA3D4-40EC-4CC1-B786-8BED09428FC5): 3
LogDevObjectVersion:   Dev-AnimPhys (29E575DD-E0A3-4627-9D10-D276232CDCEA): 17
LogDevObjectVersion:   Dev-Anim (AF43A65D-7FD3-4947-9873-3E8ED9C1BB05): 2
LogDevObjectVersion:   Dev-ReflectionCapture (6B266CEC-1EC7-4B8F-A30B-E4D90942FC07): 1
LogDevObjectVersion:   Dev-Automation (0DF73D61-A23F-47EA-B727-89E90C41499A): 1
LogDevObjectVersion:   FortniteMain (601D1886-AC64-4F84-AA16-D3DE0DEAC7D6): 31
LogDevObjectVersion:   Dev-Enterprise (9DFFBCD6-494F-0158-E221-12823C92A888): 8
LogDevObjectVersion:   Dev-Niagara (F2AED0AC-9AFE-416F-8664-AA7FFA26D6FC): 1
LogDevObjectVersion:   Dev-Destruction (174F1F0B-B4C6-45A5-B13F-2EE8D0FB917D): 9
LogDevObjectVersion:   Dev-Physics-Ext (35F94A83-E258-406C-A318-09F59610247C): 8
LogDevObjectVersion:   Dev-CineCamera (B2E18506-4273-CFC2-A54E-F4BB758BBA07): 1
LogInit: Presizing for max 25165824 objects, including 0 objects not considered by GC, pre-allocating 0 bytes for permanent pool.
LogInit: Object subsystem initialized
LogConfig: Setting CVar [[con.DebugEarlyDefault:1]]
LogConfig: Setting CVar [[r.setres:1280x720]]
[2020.03.11-11.55.02:625][  0]LogConfig: Setting CVar [[r.VSync:0]]
[2020.03.11-11.55.02:625][  0]LogConfig: Setting CVar [[r.RHICmdBypass:0]]
[2020.03.11-11.55.02:626][  0]LogConfig: Applying CVar settings from Section [/Script/Engine.RendererSettings] File [D:/Unreal Projects/beatRush/beatRush 4.24/Saved/Config/Windows/Engine.ini]
[2020.03.11-11.55.02:626][  0]LogConfig: Setting CVar [[r.GPUCrashDebugging:0]]
[2020.03.11-11.55.02:626][  0]LogConfig: Setting CVar [[r.MobileHDR:1]]
[2020.03.11-11.55.02:626][  0]LogConfig: Setting CVar [[r.Mobile.DisableVertexFog:0]]
[2020.03.11-11.55.02:626][  0]LogConfig: Setting CVar [[r.Shadow.CSM.MaxMobileCascades:2]]
[2020.03.11-11.55.02:626][  0]LogConfig: Setting CVar [[r.MobileMSAA:1]]
[2020.03.11-11.55.02:626][  0]LogConfig: Setting CVar [[r.Mobile.UseLegacyShadingModel:0]]
[2020.03.11-11.55.02:626][  0]LogConfig: Setting CVar [[r.Mobile.UseHWsRGBEncoding:0]]
[2020.03.11-11.55.02:626][  0]LogConfig: Setting CVar [[r.Mobile.AllowDitheredLODTransition:0]]
[2020.03.11-11.55.02:626][  0]LogConfig: Setting CVar [[r.Mobile.AllowSoftwareOcclusion:0]]
[2020.03.11-11.55.02:626][  0]LogConfig: Setting CVar [[r.DiscardUnusedQuality:0]]
[2020.03.11-11.55.02:626][  0]LogConfig: Setting CVar [[r.AllowOcclusionQueries:0]]
[2020.03.11-11.55.02:626][  0]LogConfig: Setting CVar [[r.MinScreenRadiusForLights:0.030000]]
[2020.03.11-11.55.02:626][  0]LogConfig: Setting CVar [[r.MinScreenRadiusForDepthPrepass:0.030000]]
[2020.03.11-11.55.02:626][  0]LogConfig: Setting CVar [[r.MinScreenRadiusForCSMDepth:0.010000]]
[2020.03.11-11.55.02:626][  0]LogConfig: Setting CVar [[r.PrecomputedVisibilityWarning:0]]
[2020.03.11-11.55.02:626][  0]LogConfig: Setting CVar [[r.TextureStreaming:1]]
[2020.03.11-11.55.02:626][  0]LogConfig: Setting CVar [[Compat.UseDXT5NormalMaps:0]]
[2020.03.11-11.55.02:626][  0]LogConfig: Setting CVar [[r.ClearCoatNormal:0]]
[2020.03.11-11.55.02:626][  0]LogConfig: Setting CVar [[r.ReflectionCaptureResolution:128]]
[2020.03.11-11.55.02:626][  0]LogConfig: Setting CVar [[r.ReflectionEnvironmentLightmapMixBasedOnRoughness:1]]
[2020.03.11-11.55.02:626][  0]LogConfig: Setting CVar [[r.ForwardShading:0]]
[2020.03.11-11.55.02:626][  0]LogConfig: Setting CVar [[r.VertexFoggingForOpaque:1]]
[2020.03.11-11.55.02:626][  0]LogConfig: Setting CVar [[r.AllowStaticLighting:1]]
[2020.03.11-11.55.02:626][  0]LogConfig: Setting CVar [[r.NormalMapsForStaticLighting:0]]
[2020.03.11-11.55.02:626][  0]LogConfig: Setting CVar [[r.GenerateMeshDistanceFields:0]]
[2020.03.11-11.55.02:626][  0]LogConfig: Setting CVar [[r.DistanceFieldBuild.EightBit:0]]
[2020.03.11-11.55.02:626][  0]LogConfig: Setting CVar [[r.GenerateLandscapeGIData:0]]
[2020.03.11-11.55.02:626][  0]LogConfig: Setting CVar [[r.DistanceFieldBuild.Compress:0]]
[2020.03.11-11.55.02:626][  0]LogConfig: Setting CVar [[r.TessellationAdaptivePixelsPerTriangle:48.000000]]
[2020.03.11-11.55.02:626][  0]LogConfig: Setting CVar [[r.SeparateTranslucency:0]]
[2020.03.11-11.55.02:626][  0]LogConfig: Setting CVar [[r.TranslucentSortPolicy:0]]
[2020.03.11-11.55.02:626][  0]LogConfig: Setting CVar [[r.CustomDepth:1]]
[2020.03.11-11.55.02:626][  0]LogConfig: Setting CVar [[r.CustomDepthTemporalAAJitter:1]]
[2020.03.11-11.55.02:626][  0]LogConfig: Setting CVar [[r.PostProcessing.PropagateAlpha:0]]
[2020.03.11-11.55.02:626][  0]LogConfig: Setting CVar [[r.DefaultFeature.Bloom:1]]
[2020.03.11-11.55.02:626][  0]LogConfig: Setting CVar [[r.DefaultFeature.AmbientOcclusion:0]]
[2020.03.11-11.55.02:626][  0]LogConfig: Setting CVar [[r.DefaultFeature.AmbientOcclusionStaticFraction:1]]
[2020.03.11-11.55.02:626][  0]LogConfig: Setting CVar [[r.DefaultFeature.AutoExposure:0]]
[2020.03.11-11.55.02:626][  0]LogConfig: Setting CVar [[r.DefaultFeature.AutoExposure.Method:0]]
[2020.03.11-11.55.02:626][  0]LogConfig: Setting CVar [[r.DefaultFeature.AutoExposure.ExtendDefaultLuminanceRange:0]]
[2020.03.11-11.55.02:626][  0]LogConfig: Setting CVar [[r.UsePreExposure:0]]
[2020.03.11-11.55.02:626][  0]LogConfig: Setting CVar [[r.DefaultFeature.MotionBlur:0]]
[2020.03.11-11.55.02:626][  0]LogConfig: Setting CVar [[r.DefaultFeature.LensFlare:0]]
[2020.03.11-11.55.02:626][  0]LogConfig: Setting CVar [[r.TemporalAA.Upsampling:0]]
[2020.03.11-11.55.02:626][  0]LogConfig: Setting CVar [[r.DefaultFeature.AntiAliasing:0]]
[2020.03.11-11.55.02:626][  0]LogConfig: Setting CVar [[r.DefaultFeature.LightUnits:2]]
[2020.03.11-11.55.02:626][  0]LogConfig: Setting CVar [[r.DefaultBackBufferPixelFormat:4]]
[2020.03.11-11.55.02:626][  0]LogConfig: Setting CVar [[r.Shadow.UnbuiltPreviewInGame:1]]
[2020.03.11-11.55.02:626][  0]LogConfig: Setting CVar [[r.StencilForLODDither:0]]
[2020.03.11-11.55.02:626][  0]LogConfig: Setting CVar [[r.EarlyZPass:3]]
[2020.03.11-11.55.02:626][  0]LogConfig: Setting CVar [[r.EarlyZPassOnlyMaterialMasking:0]]
[2020.03.11-11.55.02:626][  0]LogConfig: Setting CVar [[r.DBuffer:1]]
[2020.03.11-11.55.02:626][  0]LogConfig: Setting CVar [[r.ClearSceneMethod:1]]
[2020.03.11-11.55.02:626][  0]LogConfig: Setting CVar [[r.BasePassOutputsVelocity:0]]
[2020.03.11-11.55.02:626][  0]LogConfig: Setting CVar [[r.SelectiveBasePassOutputs:0]]
[2020.03.11-11.55.02:626][  0]LogConfig: Setting CVar [[fx.GPUSimulationTextureSizeX:1024]]
[2020.03.11-11.55.02:626][  0]LogConfig: Setting CVar [[fx.GPUSimulationTextureSizeY:1024]]
[2020.03.11-11.55.02:626][  0]LogConfig: Setting CVar [[r.AllowGlobalClipPlane:0]]
[2020.03.11-11.55.02:626][  0]LogConfig: Setting CVar [[r.GBufferFormat:1]]
[2020.03.11-11.55.02:626][  0]LogConfig: Setting CVar [[r.MorphTarget.Mode:1]]
[2020.03.11-11.55.02:626][  0]LogConfig: Setting CVar [[vr.InstancedStereo:0]]
[2020.03.11-11.55.02:626][  0]LogConfig: Setting CVar [[vr.MultiView:0]]
[2020.03.11-11.55.02:626][  0]LogConfig: Setting CVar [[vr.MobileMultiView:0]]
[2020.03.11-11.55.02:626][  0]LogConfig: Setting CVar [[vr.MobileMultiView.Direct:0]]
[2020.03.11-11.55.02:626][  0]LogConfig: Setting CVar [[vr.RoundRobinOcclusion:0]]
[2020.03.11-11.55.02:626][  0]LogConfig: Setting CVar [[vr.ODSCapture:0]]
[2020.03.11-11.55.02:626][  0]LogConfig: Setting CVar [[r.WireframeCullThreshold:5.000000]]
[2020.03.11-11.55.02:626][  0]LogConfig: Setting CVar [[r.RayTracing:0]]
[2020.03.11-11.55.02:626][  0]LogConfig: Setting CVar [[r.SupportStationarySkylight:1]]
[2020.03.11-11.55.02:626][  0]LogConfig: Setting CVar [[r.SupportLowQualityLightmaps:1]]
[2020.03.11-11.55.02:626][  0]LogConfig: Setting CVar [[r.SupportPointLightWholeSceneShadows:1]]
[2020.03.11-11.55.02:626][  0]LogConfig: Setting CVar [[r.SupportAtmosphericFog:1]]
[2020.03.11-11.55.02:626][  0]LogConfig: Setting CVar [[r.SkinCache.CompileShaders:0]]
[2020.03.11-11.55.02:626][  0]LogConfig: Setting CVar [[r.Mobile.EnableStaticAndCSMShadowReceivers:1]]
[2020.03.11-11.55.02:626][  0]LogConfig: Setting CVar [[r.Mobile.EnableMovableLightCSMShaderCulling:1]]
[2020.03.11-11.55.02:626][  0]LogConfig: Setting CVar [[r.Mobile.AllowDistanceFieldShadows:1]]
[2020.03.11-11.55.02:626][  0]LogConfig: Setting CVar [[r.Mobile.AllowMovableDirectionalLights:1]]
[2020.03.11-11.55.02:626][  0]LogConfig: Setting CVar [[r.MobileNumDynamicPointLights:0]]
[2020.03.11-11.55.02:626][  0]LogConfig: Setting CVar [[r.MobileDynamicPointLightsUseStaticBranch:1]]
[2020.03.11-11.55.02:626][  0]LogConfig: Setting CVar [[r.Mobile.EnableMovableSpotlights:0]]
[2020.03.11-11.55.02:626][  0]LogConfig: Setting CVar [[r.SkinCache.SceneMemoryLimitInMB:128.000000]]
[2020.03.11-11.55.02:626][  0]LogConfig: Setting CVar [[r.GPUSkin.Limit2BoneInfluences:0]]
[2020.03.11-11.55.02:626][  0]LogConfig: Setting CVar [[r.SupportDepthOnlyIndexBuffers:1]]
[2020.03.11-11.55.02:626][  0]LogConfig: Setting CVar [[r.SupportReversedIndexBuffers:1]]
[2020.03.11-11.55.02:626][  0]LogConfig: Setting CVar [[r.SupportMaterialLayers:0]]
[2020.03.11-11.55.02:626][  0]LogConfig: Applying CVar settings from Section [/Script/Engine.RendererOverrideSettings] File [D:/Unreal Projects/beatRush/beatRush 4.24/Saved/Config/Windows/Engine.ini]
[2020.03.11-11.55.02:626][  0]LogConfig: Applying CVar settings from Section [/Script/Engine.StreamingSettings] File [D:/Unreal Projects/beatRush/beatRush 4.24/Saved/Config/Windows/Engine.ini]
[2020.03.11-11.55.02:626][  0]LogConfig: Setting CVar [[s.MinBulkDataSizeForAsyncLoading:131072]]
[2020.03.11-11.55.02:626][  0]LogConfig: Setting CVar [[s.AsyncLoadingThreadEnabled:0]]
[2020.03.11-11.55.02:626][  0]LogConfig: Setting CVar [[s.EventDrivenLoaderEnabled:1]]
[2020.03.11-11.55.02:626][  0]LogConfig: Setting CVar [[s.WarnIfTimeLimitExceeded:0]]
[2020.03.11-11.55.02:626][  0]LogConfig: Setting CVar [[s.TimeLimitExceededMultiplier:1.5]]
[2020.03.11-11.55.02:626][  0]LogConfig: Setting CVar [[s.TimeLimitExceededMinTime:0.005]]
[2020.03.11-11.55.02:626][  0]LogConfig: Setting CVar [[s.UseBackgroundLevelStreaming:1]]
[2020.03.11-11.55.02:627][  0]LogConfig: Setting CVar [[s.PriorityAsyncLoadingExtraTime:15.0]]
[2020.03.11-11.55.02:627][  0]LogConfig: Setting CVar [[s.LevelStreamingActorsUpdateTimeLimit:5.0]]
[2020.03.11-11.55.02:627][  0]LogConfig: Setting CVar [[s.PriorityLevelStreamingActorsUpdateExtraTime:5.0]]
[2020.03.11-11.55.02:627][  0]LogConfig: Setting CVar [[s.LevelStreamingComponentsRegistrationGranularity:10]]
[2020.03.11-11.55.02:627][  0]LogConfig: Setting CVar [[s.UnregisterComponentsTimeLimit:1.0]]
[2020.03.11-11.55.02:627][  0]LogConfig: Setting CVar [[s.LevelStreamingComponentsUnregistrationGranularity:5]]
[2020.03.11-11.55.02:627][  0]LogConfig: Setting CVar [[s.FlushStreamingOnExit:1]]
[2020.03.11-11.55.02:627][  0]LogConfig: Applying CVar settings from Section [/Script/Engine.GarbageCollectionSettings] File [D:/Unreal Projects/beatRush/beatRush 4.24/Saved/Config/Windows/Engine.ini]
[2020.03.11-11.55.02:627][  0]LogConfig: Setting CVar [[gc.MaxObjectsNotConsideredByGC:1]]
[2020.03.11-11.55.02:627][  0]LogConfig: Setting CVar [[gc.SizeOfPermanentObjectPool:0]]
[2020.03.11-11.55.02:627][  0]LogConfig: Setting CVar [[gc.FlushStreamingOnGC:0]]
[2020.03.11-11.55.02:627][  0]LogConfig: Setting CVar [[gc.NumRetriesBeforeForcingGC:10]]
[2020.03.11-11.55.02:627][  0]LogConfig: Setting CVar [[gc.AllowParallelGC:1]]
[2020.03.11-11.55.02:627][  0]LogConfig: Setting CVar [[gc.TimeBetweenPurgingPendingKillObjects:61.1]]
[2020.03.11-11.55.02:627][  0]LogConfig: Setting CVar [[gc.MaxObjectsInEditor:25165824]]
[2020.03.11-11.55.02:627][  0]LogConfig: Setting CVar [[gc.IncrementalBeginDestroyEnabled:1]]
[2020.03.11-11.55.02:627][  0]LogConfig: Setting CVar [[gc.CreateGCClusters:1]]
[2020.03.11-11.55.02:627][  0]LogConfig: Setting CVar [[gc.MinGCClusterSize:5]]
[2020.03.11-11.55.02:627][  0]LogConfig: Setting CVar [[gc.ActorClusteringEnabled:0]]
[2020.03.11-11.55.02:627][  0]LogConfig: Setting CVar [[gc.BlueprintClusteringEnabled:0]]
[2020.03.11-11.55.02:627][  0]LogConfig: Setting CVar [[gc.UseDisregardForGCOnDedicatedServers:0]]
[2020.03.11-11.55.02:627][  0]LogConfig: Applying CVar settings from Section [/Script/Engine.NetworkSettings] File [D:/Unreal Projects/beatRush/beatRush 4.24/Saved/Config/Windows/Engine.ini]
[2020.03.11-11.55.02:627][  0]LogConfig: Applying CVar settings from Section [/Script/UnrealEd.CookerSettings] File [D:/Unreal Projects/beatRush/beatRush 4.24/Saved/Config/Windows/Engine.ini]
[2020.03.11-11.55.02:629][  0]LogConfig: Applying CVar settings from Section [ViewDistanceQuality@3] File [D:/Unreal Projects/beatRush/beatRush 4.24/Saved/Config/Windows/Scalability.ini]
[2020.03.11-11.55.02:629][  0]LogConfig: Setting CVar [[r.SkeletalMeshLODBias:0]]
[2020.03.11-11.55.02:629][  0]LogConfig: Setting CVar [[r.ViewDistanceScale:1.0]]
[2020.03.11-11.55.02:629][  0]LogConfig: Applying CVar settings from Section [AntiAliasingQuality@3] File [D:/Unreal Projects/beatRush/beatRush 4.24/Saved/Config/Windows/Scalability.ini]
[2020.03.11-11.55.02:629][  0]LogConfig: Setting CVar [[r.PostProcessAAQuality:4]]
[2020.03.11-11.55.02:629][  0]LogConfig: Applying CVar settings from Section [ShadowQuality@3] File [D:/Unreal Projects/beatRush/beatRush 4.24/Saved/Config/Windows/Scalability.ini]
[2020.03.11-11.55.02:629][  0]LogConfig: Setting CVar [[r.LightFunctionQuality:1]]
[2020.03.11-11.55.02:629][  0]LogConfig: Setting CVar [[r.ShadowQuality:5]]
[2020.03.11-11.55.02:629][  0]LogConfig: Setting CVar [[r.Shadow.CSM.MaxCascades:10]]
[2020.03.11-11.55.02:629][  0]LogConfig: Setting CVar [[r.Shadow.MaxResolution:2048]]
[2020.03.11-11.55.02:629][  0]LogConfig: Setting CVar [[r.Shadow.MaxCSMResolution:2048]]
[2020.03.11-11.55.02:629][  0]LogConfig: Setting CVar [[r.Shadow.RadiusThreshold:0.01]]
[2020.03.11-11.55.02:629][  0]LogConfig: Setting CVar [[r.Shadow.DistanceScale:1.0]]
[2020.03.11-11.55.02:629][  0]LogConfig: Setting CVar [[r.Shadow.CSM.TransitionScale:1.0]]
[2020.03.11-11.55.02:629][  0]LogConfig: Setting CVar [[r.Shadow.PreShadowResolutionFactor:1.0]]
[2020.03.11-11.55.02:629][  0]LogConfig: Setting CVar [[r.DistanceFieldShadowing:1]]
[2020.03.11-11.55.02:629][  0]LogConfig: Setting CVar [[r.DistanceFieldAO:1]]
[2020.03.11-11.55.02:629][  0]LogConfig: Setting CVar [[r.AOQuality:2]]
[2020.03.11-11.55.02:629][  0]LogConfig: Setting CVar [[r.VolumetricFog:1]]
[2020.03.11-11.55.02:629][  0]LogConfig: Setting CVar [[r.VolumetricFog.GridPixelSize:8]]
[2020.03.11-11.55.02:629][  0]LogConfig: Setting CVar [[r.VolumetricFog.GridSizeZ:128]]
[2020.03.11-11.55.02:629][  0]LogConfig: Setting CVar [[r.VolumetricFog.HistoryMissSupersampleCount:4]]
[2020.03.11-11.55.02:629][  0]LogConfig: Setting CVar [[r.LightMaxDrawDistanceScale:1]]
[2020.03.11-11.55.02:629][  0]LogConfig: Setting CVar [[r.CapsuleShadows:1]]
[2020.03.11-11.55.02:629][  0]LogConfig: Applying CVar settings from Section [PostProcessQuality@3] File [D:/Unreal Projects/beatRush/beatRush 4.24/Saved/Config/Windows/Scalability.ini]
[2020.03.11-11.55.02:629][  0]LogConfig: Setting CVar [[r.MotionBlurQuality:4]]
[2020.03.11-11.55.02:629][  0]LogConfig: Setting CVar [[r.AmbientOcclusionMipLevelFactor:0.4]]
[2020.03.11-11.55.02:629][  0]LogConfig: Setting CVar [[r.AmbientOcclusionMaxQuality:100]]
[2020.03.11-11.55.02:629][  0]LogConfig: Setting CVar [[r.AmbientOcclusionLevels:-1]]
[2020.03.11-11.55.02:629][  0]LogConfig: Setting CVar [[r.AmbientOcclusionRadiusScale:1.0]]
[2020.03.11-11.55.02:629][  0]LogConfig: Setting CVar [[r.DepthOfFieldQuality:2]]
[2020.03.11-11.55.02:629][  0]LogConfig: Setting CVar [[r.RenderTargetPoolMin:400]]
[2020.03.11-11.55.02:629][  0]LogConfig: Setting CVar [[r.LensFlareQuality:2]]
[2020.03.11-11.55.02:629][  0]LogConfig: Setting CVar [[r.SceneColorFringeQuality:1]]
[2020.03.11-11.55.02:629][  0]LogConfig: Setting CVar [[r.EyeAdaptationQuality:2]]
[2020.03.11-11.55.02:629][  0]LogConfig: Setting CVar [[r.BloomQuality:5]]
[2020.03.11-11.55.02:629][  0]LogConfig: Setting CVar [[r.FastBlurThreshold:100]]
[2020.03.11-11.55.02:629][  0]LogConfig: Setting CVar [[r.Upscale.Quality:3]]
[2020.03.11-11.55.02:629][  0]LogConfig: Setting CVar [[r.Tonemapper.GrainQuantization:1]]
[2020.03.11-11.55.02:629][  0]LogConfig: Setting CVar [[r.LightShaftQuality:1]]
[2020.03.11-11.55.02:629][  0]LogConfig: Setting CVar [[r.Filter.SizeScale:1]]
[2020.03.11-11.55.02:629][  0]LogConfig: Setting CVar [[r.Tonemapper.Quality:5]]
[2020.03.11-11.55.02:629][  0]LogConfig: Setting CVar [[r.DOF.Gather.AccumulatorQuality:1        ; higher gathering accumulator quality]]
[2020.03.11-11.55.02:629][  0]LogConfig: Setting CVar [[r.DOF.Gather.PostfilterMethod:1          ; Median3x3 postfilering method]]
[2020.03.11-11.55.02:629][  0]LogConfig: Setting CVar [[r.DOF.Gather.EnableBokehSettings:0       ; no bokeh simulation when gathering]]
[2020.03.11-11.55.02:629][  0]LogConfig: Setting CVar [[r.DOF.Gather.RingCount:4                 ; medium number of samples when gathering]]
[2020.03.11-11.55.02:629][  0]LogConfig: Setting CVar [[r.DOF.Scatter.ForegroundCompositing:1    ; additive foreground scattering]]
[2020.03.11-11.55.02:629][  0]LogConfig: Setting CVar [[r.DOF.Scatter.BackgroundCompositing:2    ; additive background scattering]]
[2020.03.11-11.55.02:629][  0]LogConfig: Setting CVar [[r.DOF.Scatter.EnableBokehSettings:1      ; bokeh simulation when scattering]]
[2020.03.11-11.55.02:629][  0]LogConfig: Setting CVar [[r.DOF.Scatter.MaxSpriteRatio:0.1         ; only a maximum of 10% of scattered bokeh]]
[2020.03.11-11.55.02:629][  0]LogConfig: Setting CVar [[r.DOF.Recombine.Quality:1                ; cheap slight out of focus]]
[2020.03.11-11.55.02:629][  0]LogConfig: Setting CVar [[r.DOF.Recombine.EnableBokehSettings:0    ; no bokeh simulation on slight out of focus]]
[2020.03.11-11.55.02:629][  0]LogConfig: Setting CVar [[r.DOF.TemporalAAQuality:1                ; more stable temporal accumulation]]
[2020.03.11-11.55.02:629][  0]LogConfig: Setting CVar [[r.DOF.Kernel.MaxForegroundRadius:0.025]]
[2020.03.11-11.55.02:629][  0]LogConfig: Setting CVar [[r.DOF.Kernel.MaxBackgroundRadius:0.025]]
[2020.03.11-11.55.02:630][  0]LogConfig: Applying CVar settings from Section [TextureQuality@3] File [D:/Unreal Projects/beatRush/beatRush 4.24/Saved/Config/Windows/Scalability.ini]
[2020.03.11-11.55.02:630][  0]LogConfig: Setting CVar [[r.Streaming.MipBias:0]]
[2020.03.11-11.55.02:630][  0]LogConfig: Setting CVar [[r.Streaming.AmortizeCPUToGPUCopy:0]]
[2020.03.11-11.55.02:630][  0]LogConfig: Setting CVar [[r.Streaming.MaxNumTexturesToStreamPerFrame:0]]
[2020.03.11-11.55.02:630][  0]LogConfig: Setting CVar [[r.Streaming.Boost:1]]
[2020.03.11-11.55.02:630][  0]LogConfig: Setting CVar [[r.MaxAnisotropy:8]]
[2020.03.11-11.55.02:630][  0]LogConfig: Setting CVar [[r.VT.MaxAnisotropy:8]]
[2020.03.11-11.55.02:630][  0]LogConfig: Setting CVar [[r.Streaming.LimitPoolSizeToVRAM:0]]
[2020.03.11-11.55.02:630][  0]LogConfig: Setting CVar [[r.Streaming.PoolSize:1000]]
[2020.03.11-11.55.02:630][  0]LogConfig: Setting CVar [[r.Streaming.MaxEffectiveScreenSize:0]]
[2020.03.11-11.55.02:630][  0]LogConfig: Applying CVar settings from Section [EffectsQuality@3] File [D:/Unreal Projects/beatRush/beatRush 4.24/Saved/Config/Windows/Scalability.ini]
[2020.03.11-11.55.02:630][  0]LogConfig: Setting CVar [[r.TranslucencyLightingVolumeDim:64]]
[2020.03.11-11.55.02:630][  0]LogConfig: Setting CVar [[r.RefractionQuality:2]]
[2020.03.11-11.55.02:630][  0]LogConfig: Setting CVar [[r.SSR.Quality:3]]
[2020.03.11-11.55.02:630][  0]LogConfig: Setting CVar [[r.SSR.HalfResSceneColor:0]]
[2020.03.11-11.55.02:630][  0]LogConfig: Setting CVar [[r.SceneColorFormat:4]]
[2020.03.11-11.55.02:630][  0]LogConfig: Setting CVar [[r.DetailMode:2]]
[2020.03.11-11.55.02:630][  0]LogConfig: Setting CVar [[r.TranslucencyVolumeBlur:1]]
[2020.03.11-11.55.02:630][  0]LogConfig: Setting CVar [[r.MaterialQualityLevel:1 ; High quality]]
[2020.03.11-11.55.02:630][  0]LogConfig: Setting CVar [[r.SSS.Scale:1]]
[2020.03.11-11.55.02:630][  0]LogConfig: Setting CVar [[r.SSS.SampleSet:2]]
[2020.03.11-11.55.02:630][  0]LogConfig: Setting CVar [[r.SSS.Quality:1]]
[2020.03.11-11.55.02:630][  0]LogConfig: Setting CVar [[r.SSS.HalfRes:1]]
[2020.03.11-11.55.02:630][  0]LogConfig: Setting CVar [[r.SSGI.Quality:3]]
[2020.03.11-11.55.02:630][  0]LogConfig: Setting CVar [[r.EmitterSpawnRateScale:1.0]]
[2020.03.11-11.55.02:630][  0]LogConfig: Setting CVar [[r.ParticleLightQuality:2]]
[2020.03.11-11.55.02:630][  0]LogConfig: Setting CVar [[r.SkyAtmosphere.AerialPerspectiveLUT.FastApplyOnOpaque:1 ; Always have FastSkyLUT 1 in this case to avoid wrong sky]]
[2020.03.11-11.55.02:630][  0]LogConfig: Setting CVar [[r.SkyAtmosphere.AerialPerspectiveLUT.SampleCountPerSlice:1]]
[2020.03.11-11.55.02:630][  0]LogConfig: Setting CVar [[r.SkyAtmosphere.AerialPerspectiveLUT.DepthResolution:16.0]]
[2020.03.11-11.55.02:630][  0]LogConfig: Setting CVar [[r.SkyAtmosphere.FastSkyLUT:1]]
[2020.03.11-11.55.02:630][  0]LogConfig: Setting CVar [[r.SkyAtmosphere.FastSkyLUT.SampleCountMin:4.0]]
[2020.03.11-11.55.02:630][  0]LogConfig: Setting CVar [[r.SkyAtmosphere.FastSkyLUT.SampleCountMax:32.0]]
[2020.03.11-11.55.02:630][  0]LogConfig: Setting CVar [[r.SkyAtmosphere.SampleCountMin:4.0]]
[2020.03.11-11.55.02:630][  0]LogConfig: Setting CVar [[r.SkyAtmosphere.SampleCountMax:32.0]]
[2020.03.11-11.55.02:630][  0]LogConfig: Setting CVar [[r.SkyAtmosphere.TransmittanceLUT.UseSmallFormat:0]]
[2020.03.11-11.55.02:630][  0]LogConfig: Setting CVar [[r.SkyAtmosphere.TransmittanceLUT.SampleCount:10.0]]
[2020.03.11-11.55.02:630][  0]LogConfig: Setting CVar [[r.SkyAtmosphere.MultiScatteringLUT.SampleCount:15.0]]
[2020.03.11-11.55.02:630][  0]LogConfig: Applying CVar settings from Section [FoliageQuality@3] File [D:/Unreal Projects/beatRush/beatRush 4.24/Saved/Config/Windows/Scalability.ini]
[2020.03.11-11.55.02:630][  0]LogConfig: Setting CVar [[foliage.DensityScale:1.0]]
[2020.03.11-11.55.02:630][  0]LogConfig: Setting CVar [[grass.DensityScale:1.0]]
[2020.03.11-11.55.02:630][  0]LogConfig: Applying CVar settings from Section [ShadingQuality@3] File [D:/Unreal Projects/beatRush/beatRush 4.24/Saved/Config/Windows/Scalability.ini]
[2020.03.11-11.55.02:630][  0]LogConfig: Setting CVar [[r.HairStrands.SkyLighting.SampleCount:16]]
[2020.03.11-11.55.02:630][  0]LogConfig: Setting CVar [[r.HairStrands.SkyLighting.JitterIntegration:0]]
[2020.03.11-11.55.02:630][  0]LogConfig: Setting CVar [[r.HairStrands.SkyAO.SampleCount:16]]
[2020.03.11-11.55.02:630][  0]LogModuleManager: Warning: ModuleManager: Unable to load module 'ExampleDeviceProfileSelector'  - 0 instances of that module name found.
[2020.03.11-11.55.02:630][  0]LogInit: Applying CVar settings loaded from the selected device profile: [Windows]
[2020.03.11-11.55.02:655][  0]LogHAL: Display: Platform has ~ 32 GB [34316906496 / 34359738368 / 32], which maps to Largest [LargestMinGB=32, LargerMinGB=12, DefaultMinGB=8, SmallerMinGB=6, SmallestMinGB=0)
[2020.03.11-11.55.02:655][  0]LogInit: Going up to parent DeviceProfile []
[2020.03.11-11.55.02:655][  0]LogConfig: Applying CVar settings from Section [ViewDistanceQuality@Cine] File [D:/Unreal Projects/beatRush/beatRush 4.24/Saved/Config/Windows/Scalability.ini]
[2020.03.11-11.55.02:655][  0]LogConfig: Setting CVar [[r.SkeletalMeshLODBias:0]]
[2020.03.11-11.55.02:655][  0]LogConfig: Setting CVar [[r.ViewDistanceScale:10.0]]
[2020.03.11-11.55.02:655][  0]LogConfig: Applying CVar settings from Section [AntiAliasingQuality@Cine] File [D:/Unreal Projects/beatRush/beatRush 4.24/Saved/Config/Windows/Scalability.ini]
[2020.03.11-11.55.02:655][  0]LogConfig: Setting CVar [[r.PostProcessAAQuality:6]]
[2020.03.11-11.55.02:655][  0]LogConfig: Applying CVar settings from Section [ShadowQuality@Cine] File [D:/Unreal Projects/beatRush/beatRush 4.24/Saved/Config/Windows/Scalability.ini]
[2020.03.11-11.55.02:655][  0]LogConfig: Setting CVar [[r.LightFunctionQuality:1]]
[2020.03.11-11.55.02:655][  0]LogConfig: Setting CVar [[r.ShadowQuality:5]]
[2020.03.11-11.55.02:655][  0]LogConfig: Setting CVar [[r.Shadow.CSM.MaxCascades:10]]
[2020.03.11-11.55.02:655][  0]LogConfig: Setting CVar [[r.Shadow.MaxResolution:4096]]
[2020.03.11-11.55.02:655][  0]LogConfig: Setting CVar [[r.Shadow.MaxCSMResolution:4096]]
[2020.03.11-11.55.02:655][  0]LogConfig: Setting CVar [[r.Shadow.RadiusThreshold:0]]
[2020.03.11-11.55.02:655][  0]LogConfig: Setting CVar [[r.Shadow.DistanceScale:1.0]]
[2020.03.11-11.55.02:656][  0]LogConfig: Setting CVar [[r.Shadow.CSM.TransitionScale:1.0]]
[2020.03.11-11.55.02:656][  0]LogConfig: Setting CVar [[r.Shadow.PreShadowResolutionFactor:1.0]]
[2020.03.11-11.55.02:656][  0]LogConfig: Setting CVar [[r.DistanceFieldShadowing:1]]
[2020.03.11-11.55.02:656][  0]LogConfig: Setting CVar [[r.DistanceFieldAO:1]]
[2020.03.11-11.55.02:656][  0]LogConfig: Setting CVar [[r.AOQuality:2]]
[2020.03.11-11.55.02:656][  0]LogConfig: Setting CVar [[r.VolumetricFog:1]]
[2020.03.11-11.55.02:656][  0]LogConfig: Setting CVar [[r.VolumetricFog.GridPixelSize:4]]
[2020.03.11-11.55.02:656][  0]LogConfig: Setting CVar [[r.VolumetricFog.GridSizeZ:128]]
[2020.03.11-11.55.02:656][  0]LogConfig: Setting CVar [[r.VolumetricFog.HistoryMissSupersampleCount:16]]
[2020.03.11-11.55.02:656][  0]LogConfig: Setting CVar [[r.LightMaxDrawDistanceScale:1]]
[2020.03.11-11.55.02:656][  0]LogConfig: Setting CVar [[r.CapsuleShadows:1]]
[2020.03.11-11.55.02:656][  0]LogConfig: Applying CVar settings from Section [PostProcessQuality@Cine] File [D:/Unreal Projects/beatRush/beatRush 4.24/Saved/Config/Windows/Scalability.ini]
[2020.03.11-11.55.02:656][  0]LogConfig: Setting CVar [[r.MotionBlurQuality:4]]
[2020.03.11-11.55.02:656][  0]LogConfig: Setting CVar [[r.AmbientOcclusionMipLevelFactor:0.4]]
[2020.03.11-11.55.02:656][  0]LogConfig: Setting CVar [[r.AmbientOcclusionMaxQuality:100]]
[2020.03.11-11.55.02:656][  0]LogConfig: Setting CVar [[r.AmbientOcclusionLevels:-1]]
[2020.03.11-11.55.02:656][  0]LogConfig: Setting CVar [[r.AmbientOcclusionRadiusScale:1.0]]
[2020.03.11-11.55.02:656][  0]LogConfig: Setting CVar [[r.DepthOfFieldQuality:4]]
[2020.03.11-11.55.02:656][  0]LogConfig: Setting CVar [[r.RenderTargetPoolMin:1000]]
[2020.03.11-11.55.02:656][  0]LogConfig: Setting CVar [[r.LensFlareQuality:3]]
[2020.03.11-11.55.02:656][  0]LogConfig: Setting CVar [[r.SceneColorFringeQuality:1]]
[2020.03.11-11.55.02:656][  0]LogConfig: Setting CVar [[r.EyeAdaptationQuality:2]]
[2020.03.11-11.55.02:656][  0]LogConfig: Setting CVar [[r.BloomQuality:5]]
[2020.03.11-11.55.02:656][  0]LogConfig: Setting CVar [[r.FastBlurThreshold:100]]
[2020.03.11-11.55.02:656][  0]LogConfig: Setting CVar [[r.Upscale.Quality:3]]
[2020.03.11-11.55.02:656][  0]LogConfig: Setting CVar [[r.Tonemapper.GrainQuantization:1]]
[2020.03.11-11.55.02:656][  0]LogConfig: Setting CVar [[r.LightShaftQuality:1]]
[2020.03.11-11.55.02:656][  0]LogConfig: Setting CVar [[r.Filter.SizeScale:1]]
[2020.03.11-11.55.02:656][  0]LogConfig: Setting CVar [[r.Tonemapper.Quality:5]]
[2020.03.11-11.55.02:656][  0]LogConfig: Setting CVar [[r.DOF.Gather.AccumulatorQuality:1        ; higher gathering accumulator quality]]
[2020.03.11-11.55.02:656][  0]LogConfig: Setting CVar [[r.DOF.Gather.PostfilterMethod:1          ; Median3x3 postfilering method]]
[2020.03.11-11.55.02:656][  0]LogConfig: Setting CVar [[r.DOF.Gather.EnableBokehSettings:1       ; bokeh simulation when gathering]]
[2020.03.11-11.55.02:656][  0]LogConfig: Setting CVar [[r.DOF.Gather.RingCount:5                 ; high number of samples when gathering]]
[2020.03.11-11.55.02:656][  0]LogConfig: Setting CVar [[r.DOF.Scatter.ForegroundCompositing:1    ; additive foreground scattering]]
[2020.03.11-11.55.02:656][  0]LogConfig: Setting CVar [[r.DOF.Scatter.BackgroundCompositing:2    ; background scattering occlusion]]
[2020.03.11-11.55.02:656][  0]LogConfig: Setting CVar [[r.DOF.Scatter.EnableBokehSettings:1      ; no bokeh simulation when scattering]]
[2020.03.11-11.55.02:656][  0]LogConfig: Setting CVar [[r.DOF.Scatter.MaxSpriteRatio:0.25        ; only a maximum of 10% of scattered bokeh]]
[2020.03.11-11.55.02:656][  0]LogConfig: Setting CVar [[r.DOF.Recombine.Quality:2                ; highest slight out of focus]]
[2020.03.11-11.55.02:656][  0]LogConfig: Setting CVar [[r.DOF.Recombine.EnableBokehSettings:1    ; bokeh simulation on slight out of focus]]
[2020.03.11-11.55.02:656][  0]LogConfig: Setting CVar [[r.DOF.TemporalAAQuality:1                ; more stable temporal accumulation]]
[2020.03.11-11.55.02:656][  0]LogConfig: Setting CVar [[r.DOF.Kernel.MaxForegroundRadius:0.025]]
[2020.03.11-11.55.02:656][  0]LogConfig: Setting CVar [[r.DOF.Kernel.MaxBackgroundRadius:0.025]]
[2020.03.11-11.55.02:656][  0]LogConfig: Applying CVar settings from Section [TextureQuality@Cine] File [D:/Unreal Projects/beatRush/beatRush 4.24/Saved/Config/Windows/Scalability.ini]
[2020.03.11-11.55.02:656][  0]LogConfig: Setting CVar [[r.Streaming.MipBias:0]]
[2020.03.11-11.55.02:656][  0]LogConfig: Setting CVar [[r.Streaming.AmortizeCPUToGPUCopy:0]]
[2020.03.11-11.55.02:656][  0]LogConfig: Setting CVar [[r.Streaming.MaxNumTexturesToStreamPerFrame:0]]
[2020.03.11-11.55.02:656][  0]LogConfig: Setting CVar [[r.Streaming.Boost:1]]
[2020.03.11-11.55.02:656][  0]LogConfig: Setting CVar [[r.MaxAnisotropy:8]]
[2020.03.11-11.55.02:656][  0]LogConfig: Setting CVar [[r.VT.MaxAnisotropy:8]]
[2020.03.11-11.55.02:656][  0]LogConfig: Setting CVar [[r.Streaming.LimitPoolSizeToVRAM:0]]
[2020.03.11-11.55.02:656][  0]LogConfig: Setting CVar [[r.Streaming.PoolSize:3000]]
[2020.03.11-11.55.02:656][  0]LogConfig: Setting CVar [[r.Streaming.MaxEffectiveScreenSize:0]]
[2020.03.11-11.55.02:656][  0]LogConfig: Applying CVar settings from Section [EffectsQuality@Cine] File [D:/Unreal Projects/beatRush/beatRush 4.24/Saved/Config/Windows/Scalability.ini]
[2020.03.11-11.55.02:656][  0]LogConfig: Setting CVar [[r.TranslucencyLightingVolumeDim:64]]
[2020.03.11-11.55.02:656][  0]LogConfig: Setting CVar [[r.RefractionQuality:2]]
[2020.03.11-11.55.02:656][  0]LogConfig: Setting CVar [[r.SSR.Quality:4]]
[2020.03.11-11.55.02:656][  0]LogConfig: Setting CVar [[r.SSR.HalfResSceneColor:0]]
[2020.03.11-11.55.02:656][  0]LogConfig: Setting CVar [[r.SceneColorFormat:4]]
[2020.03.11-11.55.02:656][  0]LogConfig: Setting CVar [[r.DetailMode:2]]
[2020.03.11-11.55.02:656][  0]LogConfig: Setting CVar [[r.TranslucencyVolumeBlur:1]]
[2020.03.11-11.55.02:656][  0]LogConfig: Setting CVar [[r.MaterialQualityLevel:1 ; High quality]]
[2020.03.11-11.55.02:656][  0]LogConfig: Setting CVar [[r.SSS.Scale:1]]
[2020.03.11-11.55.02:657][  0]LogConfig: Setting CVar [[r.SSS.SampleSet:2]]
[2020.03.11-11.55.02:657][  0]LogConfig: Setting CVar [[r.SSS.Quality:1]]
[2020.03.11-11.55.02:657][  0]LogConfig: Setting CVar [[r.SSS.HalfRes:0]]
[2020.03.11-11.55.02:657][  0]LogConfig: Setting CVar [[r.SSGI.Quality:4]]
[2020.03.11-11.55.02:657][  0]LogConfig: Setting CVar [[r.EmitterSpawnRateScale:1.0]]
[2020.03.11-11.55.02:657][  0]LogConfig: Setting CVar [[r.ParticleLightQuality:2]]
[2020.03.11-11.55.02:657][  0]LogConfig: Setting CVar [[r.SkyAtmosphere.AerialPerspectiveLUT.FastApplyOnOpaque:0]]
[2020.03.11-11.55.02:657][  0]LogConfig: Setting CVar [[r.SkyAtmosphere.AerialPerspectiveLUT.SampleCountPerSlice:2]]
[2020.03.11-11.55.02:657][  0]LogConfig: Setting CVar [[r.SkyAtmosphere.AerialPerspectiveLUT.DepthResolution:32.0]]
[2020.03.11-11.55.02:657][  0]LogConfig: Setting CVar [[r.SkyAtmosphere.FastSkyLUT:0]]
[2020.03.11-11.55.02:657][  0]LogConfig: Setting CVar [[r.SkyAtmosphere.FastSkyLUT.SampleCountMin:4.0]]
[2020.03.11-11.55.02:657][  0]LogConfig: Setting CVar [[r.SkyAtmosphere.FastSkyLUT.SampleCountMax:32.0]]
[2020.03.11-11.55.02:657][  0]LogConfig: Setting CVar [[r.SkyAtmosphere.SampleCountMin:8.0]]
[2020.03.11-11.55.02:657][  0]LogConfig: Setting CVar [[r.SkyAtmosphere.SampleCountMax:32.0]]
[2020.03.11-11.55.02:657][  0]LogConfig: Setting CVar [[r.SkyAtmosphere.TransmittanceLUT.UseSmallFormat:0]]
[2020.03.11-11.55.02:657][  0]LogConfig: Setting CVar [[r.SkyAtmosphere.TransmittanceLUT.SampleCount:30.0]]
[2020.03.11-11.55.02:657][  0]LogConfig: Setting CVar [[r.SkyAtmosphere.MultiScatteringLUT.SampleCount:20.0]]
[2020.03.11-11.55.02:657][  0]LogConfig: Applying CVar settings from Section [FoliageQuality@Cine] File [D:/Unreal Projects/beatRush/beatRush 4.24/Saved/Config/Windows/Scalability.ini]
[2020.03.11-11.55.02:657][  0]LogConfig: Setting CVar [[foliage.DensityScale:1.0]]
[2020.03.11-11.55.02:657][  0]LogConfig: Setting CVar [[grass.DensityScale:1.0]]
[2020.03.11-11.55.02:657][  0]LogConfig: Applying CVar settings from Section [ShadingQuality@3] File [D:/Unreal Projects/beatRush/beatRush 4.24/Saved/Config/Windows/Scalability.ini]
[2020.03.11-11.55.02:657][  0]LogConfig: Setting CVar [[r.HairStrands.SkyLighting.SampleCount:16]]
[2020.03.11-11.55.02:657][  0]LogConfig: Setting CVar [[r.HairStrands.SkyLighting.JitterIntegration:0]]
[2020.03.11-11.55.02:657][  0]LogConfig: Setting CVar [[r.HairStrands.SkyAO.SampleCount:16]]
[2020.03.11-11.55.02:657][  0]LogConfig: Applying CVar settings from Section [Startup] File [../../../Engine/Config/ConsoleVariables.ini]
[2020.03.11-11.55.02:678][  0]LogConfig: Setting CVar [[net.UseAdaptiveNetUpdateFrequency:0]]
[2020.03.11-11.55.02:678][  0]LogConfig: Setting CVar [[p.chaos.AllowCreatePhysxBodies:1]]
[2020.03.11-11.55.02:678][  0]LogConfig: Applying CVar settings from Section [ConsoleVariables] File [D:/Unreal Projects/beatRush/beatRush 4.24/Saved/Config/Windows/Engine.ini]
[2020.03.11-11.55.02:678][  0]LogInit: Computer: DESKTOP-5TNL4UV
[2020.03.11-11.55.02:678][  0]LogInit: User: simto
[2020.03.11-11.55.02:678][  0]LogInit: CPU Page size=4096, Cores=4
[2020.03.11-11.55.02:678][  0]LogInit: High frequency timer resolution =10.000000 MHz
[2020.03.11-11.55.02:678][  0]LogMemory: Memory total: Physical=32.0GB (32GB approx)
[2020.03.11-11.55.02:678][  0]LogMemory: Platform Memory Stats for Windows
[2020.03.11-11.55.02:678][  0]LogMemory: Process Physical Memory: 100.76 MB used, 100.76 MB peak
[2020.03.11-11.55.02:678][  0]LogMemory: Process Virtual Memory: 99.69 MB used, 99.69 MB peak
[2020.03.11-11.55.02:678][  0]LogMemory: Physical Memory: 9835.96 MB used,  22891.19 MB free, 32727.15 MB total
[2020.03.11-11.55.02:678][  0]LogMemory: Virtual Memory: 5122.57 MB used,  134212608.00 MB free, 134217728.00 MB total
[2020.03.11-11.55.02:684][  0]LogWindows: WindowsPlatformFeatures enabled
[2020.03.11-11.55.03:494][  0]LogInit: Using OS detected language (en-US).
[2020.03.11-11.55.03:494][  0]LogInit: Using OS detected locale (en-US).
[2020.03.11-11.55.03:494][  0]LogTextLocalizationManager: No specific localization for 'en-US' exists, so the 'en' localization will be used.
[2020.03.11-11.55.04:031][  0]LogInit: Setting process to per monitor DPI aware
[2020.03.11-11.55.04:283][  0]LogSlate: New Slate User Created.  User Index 0, Is Virtual User: 0
[2020.03.11-11.55.04:283][  0]LogSlate: Slate User Registered.  User Index 0, Is Virtual User: 0
[2020.03.11-11.55.07:810][  0]LogD3D11RHI: D3D11 min allowed feature level: 11_0
[2020.03.11-11.55.07:810][  0]LogD3D11RHI: D3D11 max allowed feature level: 11_0
[2020.03.11-11.55.07:810][  0]LogD3D11RHI: D3D11 adapters:
[2020.03.11-11.55.07:865][  0]LogD3D11RHI:    0. 'NVIDIA GeForce GTX 1060 6GB' (Feature Level 11_0)
[2020.03.11-11.55.07:865][  0]LogD3D11RHI:       6052/0/16363 MB DedicatedVideo/DedicatedSystem/SharedSystem, Outputs:1, VendorId:0x10de
[2020.03.11-11.55.07:867][  0]LogD3D11RHI:    1. 'Microsoft Basic Render Driver' (Feature Level 11_0)
[2020.03.11-11.55.07:867][  0]LogD3D11RHI:       0/0/16363 MB DedicatedVideo/DedicatedSystem/SharedSystem, Outputs:0, VendorId:0x1414
[2020.03.11-11.55.07:867][  0]LogD3D11RHI: Chosen D3D11 Adapter: 0
[2020.03.11-11.55.07:873][  0]LogD3D11RHI: Creating new Direct3DDevice
[2020.03.11-11.55.07:873][  0]LogD3D11RHI:     GPU DeviceId: 0x1c03 (for the marketing name, search the web for "GPU Device Id")
[2020.03.11-11.55.07:873][  0]LogWindows: EnumDisplayDevices:
[2020.03.11-11.55.07:873][  0]LogWindows:    0. 'NVIDIA GeForce GTX 1060 6GB' (P:1 D:1)
[2020.03.11-11.55.07:873][  0]LogWindows:    1. 'NVIDIA GeForce GTX 1060 6GB' (P:0 D:0)
[2020.03.11-11.55.07:874][  0]LogWindows:    2. 'NVIDIA GeForce GTX 1060 6GB' (P:0 D:0)
[2020.03.11-11.55.07:874][  0]LogWindows:    3. 'NVIDIA GeForce GTX 1060 6GB' (P:0 D:0)
[2020.03.11-11.55.07:874][  0]LogWindows: DebugString: FoundDriverCount:4 
[2020.03.11-11.55.07:874][  0]LogD3D11RHI:     Adapter Name: NVIDIA GeForce GTX 1060 6GB
[2020.03.11-11.55.07:874][  0]LogD3D11RHI:   Driver Version: 442.19 (internal:26.21.14.4219, unified:442.19)
[2020.03.11-11.55.07:874][  0]LogD3D11RHI:      Driver Date: 1-29-2020
[2020.03.11-11.55.07:874][  0]LogRHI: Texture pool is 4236 MB (70% of 6052 MB)
[2020.03.11-11.55.07:910][  0]LogD3D11RHI: RHI has support for 64 bit atomics
[2020.03.11-11.55.07:910][  0]LogD3D11RHI: Async texture creation enabled
[2020.03.11-11.55.07:955][  0]LogD3D11RHI: GPU Timing Frequency: 1000.000000 (Debug: 2 1)
[2020.03.11-11.55.08:552][  0]LogTargetPlatformManager: Display: Loaded TargetPlatform 'AllDesktop'
[2020.03.11-11.55.08:619][  0]LogTargetPlatformManager: Display: Loaded TargetPlatform 'Android'
[2020.03.11-11.55.08:619][  0]LogTargetPlatformManager: Display: Loaded TargetPlatform 'Android_ASTC'
[2020.03.11-11.55.08:619][  0]LogTargetPlatformManager: Display: Loaded TargetPlatform 'Android_ATC'
[2020.03.11-11.55.08:619][  0]LogTargetPlatformManager: Display: Loaded TargetPlatform 'Android_DXT'
[2020.03.11-11.55.08:619][  0]LogTargetPlatformManager: Display: Loaded TargetPlatform 'Android_ETC1'
[2020.03.11-11.55.08:619][  0]LogTargetPlatformManager: Display: Loaded TargetPlatform 'Android_ETC1a'
[2020.03.11-11.55.08:619][  0]LogTargetPlatformManager: Display: Loaded TargetPlatform 'Android_ETC2'
[2020.03.11-11.55.08:619][  0]LogTargetPlatformManager: Display: Loaded TargetPlatform 'Android_PVRTC'
[2020.03.11-11.55.08:619][  0]LogTargetPlatformManager: Display: Loaded TargetPlatform 'AndroidClient'
[2020.03.11-11.55.08:619][  0]LogTargetPlatformManager: Display: Loaded TargetPlatform 'Android_ASTCClient'
[2020.03.11-11.55.08:619][  0]LogTargetPlatformManager: Display: Loaded TargetPlatform 'Android_ATCClient'
[2020.03.11-11.55.08:619][  0]LogTargetPlatformManager: Display: Loaded TargetPlatform 'Android_DXTClient'
[2020.03.11-11.55.08:619][  0]LogTargetPlatformManager: Display: Loaded TargetPlatform 'Android_ETC1Client'
[2020.03.11-11.55.08:619][  0]LogTargetPlatformManager: Display: Loaded TargetPlatform 'Android_ETC1aClient'
[2020.03.11-11.55.08:619][  0]LogTargetPlatformManager: Display: Loaded TargetPlatform 'Android_ETC2Client'
[2020.03.11-11.55.08:619][  0]LogTargetPlatformManager: Display: Loaded TargetPlatform 'Android_PVRTCClient'
[2020.03.11-11.55.08:619][  0]LogTargetPlatformManager: Display: Loaded TargetPlatform 'Android_Multi'
[2020.03.11-11.55.08:619][  0]LogTargetPlatformManager: Display: Loaded TargetPlatform 'Android_MultiClient'
[2020.03.11-11.55.08:709][  0]LogInit: WinSock: version 1.1 (2.2), MaxSocks=32767, MaxUdp=65467
[2020.03.11-11.55.08:740][  0]LogTargetPlatformManager: Display: Loaded TargetPlatform 'IOSClient'
[2020.03.11-11.55.08:740][  0]LogTargetPlatformManager: Display: Loaded TargetPlatform 'IOS'
[2020.03.11-11.55.08:768][  0]LogTargetPlatformManager: Display: Loaded TargetPlatform 'LinuxNoEditor'
[2020.03.11-11.55.08:802][  0]LogTargetPlatformManager: Display: Loaded TargetPlatform 'LinuxClient'
[2020.03.11-11.55.08:869][  0]LogTargetPlatformManager: Display: Loaded TargetPlatform 'LinuxServer'
[2020.03.11-11.55.08:891][  0]LogTargetPlatformManager: Display: Loaded TargetPlatform 'LinuxAArch64NoEditor'
[2020.03.11-11.55.08:922][  0]LogTargetPlatformManager: Display: Loaded TargetPlatform 'LinuxAArch64Client'
[2020.03.11-11.55.08:957][  0]LogTargetPlatformManager: Display: Loaded TargetPlatform 'LinuxAArch64Server'
[2020.03.11-11.55.09:005][  0]LogTargetPlatformManager: Display: Loaded TargetPlatform 'Lumin'
[2020.03.11-11.55.09:005][  0]LogTargetPlatformManager: Display: Loaded TargetPlatform 'LuminClient'
[2020.03.11-11.55.09:052][  0]LogTargetPlatformManager: Display: Loaded TargetPlatform 'TVOSClient'
[2020.03.11-11.55.09:052][  0]LogTargetPlatformManager: Display: Loaded TargetPlatform 'TVOS'
[2020.03.11-11.55.09:120][  0]LogTargetPlatformManager: Display: Loaded TargetPlatform 'WindowsNoEditor'
[2020.03.11-11.55.09:144][  0]LogTargetPlatformManager: Display: Loaded TargetPlatform 'Windows'
[2020.03.11-11.55.09:173][  0]LogTargetPlatformManager: Display: Loaded TargetPlatform 'WindowsClient'
[2020.03.11-11.55.09:204][  0]LogTargetPlatformManager: Display: Loaded TargetPlatform 'WindowsServer'
[2020.03.11-11.55.09:204][  0]LogTargetPlatformManager: Display: Building Assets For Windows
[2020.03.11-11.55.09:412][  0]LogAudioDebug: Display: Lib vorbis DLL was dynamically loaded.
[2020.03.11-11.55.10:188][  0]LogShaderCompilers: Guid format shader working directory is -8 characters bigger than the processId version (../../../../../Unreal Projects/beatRush/beatRush 4.24/Intermediate/Shaders/WorkingDirectory/10880/).
[2020.03.11-11.55.10:188][  0]LogShaderCompilers: Cleaned the shader compiler working directory 'C:/Users/simto/AppData/Local/Temp/UnrealShaderWorkingDir/8A9F63C8444A760ECE3A8A9A082B7810/'.
[2020.03.11-11.55.10:188][  0]LogXGEController: Cleaning working directory: C:/Users/simto/AppData/Local/Temp/UnrealXGEWorkingDir/
[2020.03.11-11.55.10:189][  0]LogShaderCompilers: Display: Using XGE Shader Compiler (Interception Interface).
[2020.03.11-11.55.12:835][  0]LogDerivedDataCache: Display: Max Cache Size: 512 MB
[2020.03.11-11.55.12:917][  0]LogDerivedDataCache: Loaded boot cache 0.08s 78MB C:/Users/simto/AppData/Local/UnrealEngine/4.24/DerivedDataCache/Boot.ddc.
[2020.03.11-11.55.12:917][  0]LogDerivedDataCache: Display: Loaded Boot cache: C:/Users/simto/AppData/Local/UnrealEngine/4.24/DerivedDataCache/Boot.ddc
[2020.03.11-11.55.12:917][  0]LogDerivedDataCache: FDerivedDataBackendGraph:  Pak pak cache file ../../../../../Unreal Projects/beatRush/beatRush 4.24/DerivedDataCache/DDC.ddp not found, will not use a pak cache.
[2020.03.11-11.55.12:917][  0]LogDerivedDataCache: Unable to find inner node Pak for hierarchical cache Hierarchy.
[2020.03.11-11.55.12:917][  0]LogDerivedDataCache: FDerivedDataBackendGraph:  CompressedPak pak cache file ../../../../../Unreal Projects/beatRush/beatRush 4.24/DerivedDataCache/Compressed.ddp not found, will not use a pak cache.
[2020.03.11-11.55.12:917][  0]LogDerivedDataCache: Unable to find inner node CompressedPak for hierarchical cache Hierarchy.
[2020.03.11-11.55.12:995][  0]LogDerivedDataCache: Display: Pak cache opened for reading ../../../Engine/DerivedDataCache/Compressed.ddp.
[2020.03.11-11.55.12:995][  0]LogDerivedDataCache: FDerivedDataBackendGraph:  EnterprisePak pak cache file ../../../Enterprise/DerivedDataCache/Compressed.ddp not found, will not use a pak cache.
[2020.03.11-11.55.12:995][  0]LogDerivedDataCache: Unable to find inner node EnterprisePak for hierarchical cache Hierarchy.
[2020.03.11-11.55.12:996][  0]LogDerivedDataCache: Using Local data cache path C:/Users/simto/AppData/Local/UnrealEngine/Common/DerivedDataCache: Writable
[2020.03.11-11.55.12:996][  0]LogDerivedDataCache: Shared data cache path not found in *engine.ini, will not use an Shared cache.
[2020.03.11-11.55.12:996][  0]LogDerivedDataCache: Unable to find inner node Shared for hierarchical cache Hierarchy.
[2020.03.11-11.55.13:015][  0]LogMaterial: Verifying Global Shaders for PCD3D_SM5
[2020.03.11-11.55.13:017][  0]LogSlate: Using FreeType 2.10.0
[2020.03.11-11.55.13:130][  0]LogSlate: SlateFontServices - WITH_FREETYPE: 1, WITH_HARFBUZZ: 1
[2020.03.11-11.55.14:053][  0]LogAssetRegistry: FAssetRegistry took 0.0019 seconds to start up
[2020.03.11-11.55.14:325][  0]LogModuleManager: Warning: ModuleManager: Unable to load module 'ExampleDeviceProfileSelector'  - 0 instances of that module name found.
[2020.03.11-11.55.16:088][  0]LogMeshReduction: Using QuadricMeshReduction for automatic static mesh reduction
[2020.03.11-11.55.16:088][  0]LogMeshReduction: No automatic skeletal mesh reduction module available
[2020.03.11-11.55.16:088][  0]LogMeshReduction: No automatic mesh merging module available
[2020.03.11-11.55.16:088][  0]LogMeshReduction: No distributed automatic mesh merging module available
[2020.03.11-11.55.16:088][  0]LogMeshMerging: No automatic mesh merging module available
[2020.03.11-11.55.16:088][  0]LogMeshMerging: No distributed automatic mesh merging module available
[2020.03.11-11.55.16:154][  0]LogLinker: Warning: Failed to load '/Script/AIModule': Can't find file.
[2020.03.11-11.55.16:154][  0]LogLinker: Warning: Failed to load '/Script/AIModule': Can't find file.
[2020.03.11-11.55.16:154][  0]LogUObjectGlobals: Warning: Failed to find object 'Class /Script/AIModule.AIController'
[2020.03.11-11.55.16:301][  0]LogNetVersion: beatRush 1.0.0, NetCL: 10570792, EngineNetVer: 13, GameNetVer: 0 (Checksum: 3334917001)
[2020.03.11-11.55.16:768][  0]LogInput: Warning: Axis MoveUp uses deprecated key MotionController_Left_Thumbstick_Y.
[2020.03.11-11.55.16:768][  0]LogInput: Warning: Axis MoveUp uses deprecated key MotionController_Right_Thumbstick_Y.
[2020.03.11-11.55.16:768][  0]LogInput: Warning: Axis MoveRight uses deprecated key MotionController_Left_Thumbstick_X.
[2020.03.11-11.55.16:768][  0]LogInput: Warning: Axis MoveRight uses deprecated key MotionController_Right_Thumbstick_X.
[2020.03.11-11.55.16:768][  0]LogInput: Warning: Axis Thrust uses deprecated key MotionController_Right_Trigger.
[2020.03.11-11.55.16:768][  0]LogInput: Warning: Axis Thrust uses deprecated key MotionController_Left_Trigger.
[2020.03.11-11.55.42:060][  0]LogPackageLocalizationCache: Processed 4 localized package path(s) for 1 prioritized culture(s) in 0.014545 seconds
[2020.03.11-11.55.42:065][  0]LogUObjectArray: 43303 objects as part of root set at end of initial load.
[2020.03.11-11.55.42:065][  0]LogUObjectAllocator: 7454744 out of 0 bytes used by permanent object pool.
[2020.03.11-11.55.42:065][  0]LogUObjectArray: CloseDisregardForGC: 0/0 objects in disregard for GC pool
[2020.03.11-11.55.46:275][  0]LogOnline: Google: Google Startup!
[2020.03.11-11.55.46:344][  0]LogAndroidPermission: UAndroidPermissionCallbackProxy::GetInstance
[2020.03.11-11.55.46:619][  0]LogEngine: Initializing Engine...
[2020.03.11-11.55.46:620][  0]LogStats: UGameplayTagsManager::InitializeManager -  0.000 s
[2020.03.11-11.55.47:631][  0]LogInit: Initializing FReadOnlyCVARCache
[2020.03.11-11.55.47:676][  0]LogAIModule: Creating AISystem for world Untitled
[2020.03.11-11.55.47:701][  0]LogAudioMixer: Display: Audio Mixer Platform Settings:
[2020.03.11-11.55.47:701][  0]LogAudioMixer: Display: 	Sample Rate:						  48000
[2020.03.11-11.55.47:701][  0]LogAudioMixer: Display: 	Callback Buffer Frame Size Requested: 1024
[2020.03.11-11.55.47:701][  0]LogAudioMixer: Display: 	Callback Buffer Frame Size To Use:	  1024
[2020.03.11-11.55.47:701][  0]LogAudioMixer: Display: 	Number of buffers to queue:			  2
[2020.03.11-11.55.47:701][  0]LogAudioMixer: Display: 	Max Channels (voices):				  32
[2020.03.11-11.55.47:701][  0]LogAudioMixer: Display: 	Number of Async Source Workers:		  0
[2020.03.11-11.55.47:701][  0]LogAudio: Display: AudioDevice MaxSources: 32
[2020.03.11-11.55.47:701][  0]LogAudio: Display: Using built-in audio occlusion.
[2020.03.11-11.55.47:701][  0]LogAudioMixer: Display: Initializing audio mixer.
[2020.03.11-11.55.47:751][  0]LogAudioMixer: Display: Audio Device Output Speaker Info:
[2020.03.11-11.55.47:751][  0]LogAudioMixer: Display: Name: Speakers (Realtek High Definition Audio)
[2020.03.11-11.55.47:751][  0]LogAudioMixer: Display: Is Default: Yes
[2020.03.11-11.55.47:751][  0]LogAudioMixer: Display: Sample Rate: 192000
[2020.03.11-11.55.47:751][  0]LogAudioMixer: Display: Channel Count Used: 2
[2020.03.11-11.55.47:751][  0]LogAudioMixer: Display: Device Channel Count: 2
[2020.03.11-11.55.47:751][  0]LogAudioMixer: Display: Channel Order:
[2020.03.11-11.55.47:751][  0]LogAudioMixer: Display: 0: FrontLeft
[2020.03.11-11.55.47:751][  0]LogAudioMixer: Display: 1: FrontRight
[2020.03.11-11.55.47:860][  0]LogAudioMixer: Display: Using Audio Device Speakers (Realtek High Definition Audio)
[2020.03.11-11.55.47:862][  0]LogInit: FAudioDevice initialized.
[2020.03.11-11.55.47:862][  0]LogNetVersion: Set ProjectVersion to 0.99. Version Checksum will be recalculated on next use.
[2020.03.11-11.55.47:905][  0]LogDerivedDataCache: Saved boot cache 0.04s 77MB C:/Users/simto/AppData/Local/UnrealEngine/4.24/DerivedDataCache/Boot.ddc.
[2020.03.11-11.55.47:910][  0]LogInit: Texture streaming: Enabled
[2020.03.11-11.55.48:007][  0]LogEngineSessionManager: EngineSessionManager initialized
[2020.03.11-11.55.48:007][  0]LogEngineSessionManager: EngineSessionManager sent abnormal shutdown report. Type=AbnormalShutdown, SessionId={A5BD4B7A-415B-8E94-FD65-89838CF48DBD}
[2020.03.11-11.55.48:007][  0]LogEditorSessionSummary: Verbose: Initializing EditorSessionSummaryWriter for editor session tracking
[2020.03.11-11.55.48:008][  0]LogEditorSessionSummary: EditorSessionSummaryWriter initialized
[2020.03.11-11.55.50:396][  0]LogMaterial: Verifying Global Shaders for PCD3D_ES2
[2020.03.11-11.55.50:425][  0]LogConfig: Applying CVar settings from Section [ViewDistanceQuality@Cine] File [D:/Unreal Projects/beatRush/beatRush 4.24/Saved/Config/Android/Scalability.ini]
[2020.03.11-11.55.50:425][  0]LogConfig: Setting CVar [[r.SkeletalMeshLODBias:0]]
[2020.03.11-11.55.50:425][  0]LogConfig: Setting CVar [[r.ViewDistanceScale:10.0]]
[2020.03.11-11.55.50:425][  0]LogConfig: Applying CVar settings from Section [AntiAliasingQuality@Cine] File [D:/Unreal Projects/beatRush/beatRush 4.24/Saved/Config/Android/Scalability.ini]
[2020.03.11-11.55.50:425][  0]LogConfig: Setting CVar [[r.PostProcessAAQuality:6]]
[2020.03.11-11.55.50:425][  0]LogConfig: Applying CVar settings from Section [ShadowQuality@Cine] File [D:/Unreal Projects/beatRush/beatRush 4.24/Saved/Config/Android/Scalability.ini]
[2020.03.11-11.55.50:426][  0]LogConfig: Setting CVar [[r.LightFunctionQuality:1]]
[2020.03.11-11.55.50:426][  0]LogConfig: Setting CVar [[r.ShadowQuality:5]]
[2020.03.11-11.55.50:426][  0]LogConfig: Setting CVar [[r.Shadow.CSM.MaxCascades:10]]
[2020.03.11-11.55.50:426][  0]LogConfig: Setting CVar [[r.Shadow.MaxResolution:4096]]
[2020.03.11-11.55.50:426][  0]LogConfig: Setting CVar [[r.Shadow.MaxCSMResolution:4096]]
[2020.03.11-11.55.50:426][  0]LogConfig: Setting CVar [[r.Shadow.RadiusThreshold:0]]
[2020.03.11-11.55.50:426][  0]LogConfig: Setting CVar [[r.Shadow.DistanceScale:1.0]]
[2020.03.11-11.55.50:426][  0]LogConfig: Setting CVar [[r.Shadow.CSM.TransitionScale:1.0]]
[2020.03.11-11.55.50:426][  0]LogConfig: Setting CVar [[r.Shadow.PreShadowResolutionFactor:1.0]]
[2020.03.11-11.55.50:426][  0]LogConfig: Setting CVar [[r.DistanceFieldShadowing:1]]
[2020.03.11-11.55.50:426][  0]LogConfig: Setting CVar [[r.DistanceFieldAO:1]]
[2020.03.11-11.55.50:426][  0]LogConfig: Setting CVar [[r.AOQuality:2]]
[2020.03.11-11.55.50:426][  0]LogConfig: Setting CVar [[r.VolumetricFog:1]]
[2020.03.11-11.55.50:426][  0]LogConfig: Setting CVar [[r.VolumetricFog.GridPixelSize:4]]
[2020.03.11-11.55.50:426][  0]LogConfig: Setting CVar [[r.VolumetricFog.GridSizeZ:128]]
[2020.03.11-11.55.50:426][  0]LogConfig: Setting CVar [[r.VolumetricFog.HistoryMissSupersampleCount:16]]
[2020.03.11-11.55.50:426][  0]LogConfig: Setting CVar [[r.LightMaxDrawDistanceScale:1]]
[2020.03.11-11.55.50:426][  0]LogConfig: Setting CVar [[r.CapsuleShadows:1]]
[2020.03.11-11.55.50:426][  0]LogConfig: Applying CVar settings from Section [PostProcessQuality@Cine] File [D:/Unreal Projects/beatRush/beatRush 4.24/Saved/Config/Android/Scalability.ini]
[2020.03.11-11.55.50:426][  0]LogConfig: Setting CVar [[r.MotionBlurQuality:4]]
[2020.03.11-11.55.50:426][  0]LogConfig: Setting CVar [[r.AmbientOcclusionMipLevelFactor:0.4]]
[2020.03.11-11.55.50:426][  0]LogConfig: Setting CVar [[r.AmbientOcclusionMaxQuality:100]]
[2020.03.11-11.55.50:426][  0]LogConfig: Setting CVar [[r.AmbientOcclusionLevels:-1]]
[2020.03.11-11.55.50:426][  0]LogConfig: Setting CVar [[r.AmbientOcclusionRadiusScale:1.0]]
[2020.03.11-11.55.50:426][  0]LogConfig: Setting CVar [[r.DepthOfFieldQuality:4]]
[2020.03.11-11.55.50:426][  0]LogConfig: Setting CVar [[r.RenderTargetPoolMin:1000]]
[2020.03.11-11.55.50:426][  0]LogConfig: Setting CVar [[r.LensFlareQuality:3]]
[2020.03.11-11.55.50:426][  0]LogConfig: Setting CVar [[r.SceneColorFringeQuality:1]]
[2020.03.11-11.55.50:426][  0]LogConfig: Setting CVar [[r.EyeAdaptationQuality:2]]
[2020.03.11-11.55.50:426][  0]LogConfig: Setting CVar [[r.BloomQuality:5]]
[2020.03.11-11.55.50:426][  0]LogConfig: Setting CVar [[r.FastBlurThreshold:100]]
[2020.03.11-11.55.50:426][  0]LogConfig: Setting CVar [[r.Upscale.Quality:3]]
[2020.03.11-11.55.50:426][  0]LogConfig: Setting CVar [[r.Tonemapper.GrainQuantization:1]]
[2020.03.11-11.55.50:426][  0]LogConfig: Setting CVar [[r.LightShaftQuality:1]]
[2020.03.11-11.55.50:426][  0]LogConfig: Setting CVar [[r.Filter.SizeScale:1]]
[2020.03.11-11.55.50:426][  0]LogConfig: Setting CVar [[r.Tonemapper.Quality:5]]
[2020.03.11-11.55.50:426][  0]LogConfig: Setting CVar [[r.DOF.Gather.AccumulatorQuality:1        ; higher gathering accumulator quality]]
[2020.03.11-11.55.50:426][  0]LogConfig: Setting CVar [[r.DOF.Gather.PostfilterMethod:1          ; Median3x3 postfilering method]]
[2020.03.11-11.55.50:426][  0]LogConfig: Setting CVar [[r.DOF.Gather.EnableBokehSettings:1       ; bokeh simulation when gathering]]
[2020.03.11-11.55.50:426][  0]LogConfig: Setting CVar [[r.DOF.Gather.RingCount:5                 ; high number of samples when gathering]]
[2020.03.11-11.55.50:426][  0]LogConfig: Setting CVar [[r.DOF.Scatter.ForegroundCompositing:1    ; additive foreground scattering]]
[2020.03.11-11.55.50:426][  0]LogConfig: Setting CVar [[r.DOF.Scatter.BackgroundCompositing:2    ; background scattering occlusion]]
[2020.03.11-11.55.50:426][  0]LogConfig: Setting CVar [[r.DOF.Scatter.EnableBokehSettings:1      ; no bokeh simulation when scattering]]
[2020.03.11-11.55.50:426][  0]LogConfig: Setting CVar [[r.DOF.Scatter.MaxSpriteRatio:0.25        ; only a maximum of 10% of scattered bokeh]]
[2020.03.11-11.55.50:426][  0]LogConfig: Setting CVar [[r.DOF.Recombine.Quality:2                ; highest slight out of focus]]
[2020.03.11-11.55.50:426][  0]LogConfig: Setting CVar [[r.DOF.Recombine.EnableBokehSettings:1    ; bokeh simulation on slight out of focus]]
[2020.03.11-11.55.50:426][  0]LogConfig: Setting CVar [[r.DOF.TemporalAAQuality:1                ; more stable temporal accumulation]]
[2020.03.11-11.55.50:426][  0]LogConfig: Setting CVar [[r.DOF.Kernel.MaxForegroundRadius:0.025]]
[2020.03.11-11.55.50:426][  0]LogConfig: Setting CVar [[r.DOF.Kernel.MaxBackgroundRadius:0.025]]
[2020.03.11-11.55.50:426][  0]LogConfig: Applying CVar settings from Section [TextureQuality@Cine] File [D:/Unreal Projects/beatRush/beatRush 4.24/Saved/Config/Android/Scalability.ini]
[2020.03.11-11.55.50:426][  0]LogConfig: Setting CVar [[r.Streaming.MipBias:0]]
[2020.03.11-11.55.50:426][  0]LogConfig: Setting CVar [[r.Streaming.AmortizeCPUToGPUCopy:0]]
[2020.03.11-11.55.50:426][  0]LogConfig: Setting CVar [[r.Streaming.MaxNumTexturesToStreamPerFrame:0]]
[2020.03.11-11.55.50:426][  0]LogConfig: Setting CVar [[r.Streaming.Boost:1]]
[2020.03.11-11.55.50:426][  0]LogConfig: Setting CVar [[r.MaxAnisotropy:8]]
[2020.03.11-11.55.50:426][  0]LogConfig: Setting CVar [[r.VT.MaxAnisotropy:8]]
[2020.03.11-11.55.50:426][  0]LogConfig: Setting CVar [[r.Streaming.LimitPoolSizeToVRAM:0]]
[2020.03.11-11.55.50:426][  0]LogConfig: Setting CVar [[r.Streaming.PoolSize:3000]]
[2020.03.11-11.55.50:426][  0]LogConfig: Setting CVar [[r.Streaming.MaxEffectiveScreenSize:0]]
[2020.03.11-11.55.50:426][  0]LogConfig: Applying CVar settings from Section [EffectsQuality@Cine] File [D:/Unreal Projects/beatRush/beatRush 4.24/Saved/Config/Android/Scalability.ini]
[2020.03.11-11.55.50:426][  0]LogConfig: Setting CVar [[r.TranslucencyLightingVolumeDim:64]]
[2020.03.11-11.55.50:426][  0]LogConfig: Setting CVar [[r.RefractionQuality:2]]
[2020.03.11-11.55.50:426][  0]LogConfig: Setting CVar [[r.SSR.Quality:4]]
[2020.03.11-11.55.50:426][  0]LogConfig: Setting CVar [[r.SSR.HalfResSceneColor:0]]
[2020.03.11-11.55.50:426][  0]LogConfig: Setting CVar [[r.SceneColorFormat:4]]
[2020.03.11-11.55.50:426][  0]LogConfig: Setting CVar [[r.DetailMode:2]]
[2020.03.11-11.55.50:426][  0]LogConfig: Setting CVar [[r.TranslucencyVolumeBlur:1]]
[2020.03.11-11.55.50:426][  0]LogConfig: Setting CVar [[r.MaterialQualityLevel:1 ; High quality]]
[2020.03.11-11.55.50:426][  0]LogConfig: Setting CVar [[r.SSS.Scale:1]]
[2020.03.11-11.55.50:426][  0]LogConfig: Setting CVar [[r.SSS.SampleSet:2]]
[2020.03.11-11.55.50:426][  0]LogConfig: Setting CVar [[r.SSS.Quality:1]]
[2020.03.11-11.55.50:426][  0]LogConfig: Setting CVar [[r.SSS.HalfRes:0]]
[2020.03.11-11.55.50:426][  0]LogConfig: Setting CVar [[r.SSGI.Quality:4]]
[2020.03.11-11.55.50:426][  0]LogConfig: Setting CVar [[r.EmitterSpawnRateScale:1.0]]
[2020.03.11-11.55.50:426][  0]LogConfig: Setting CVar [[r.ParticleLightQuality:2]]
[2020.03.11-11.55.50:426][  0]LogConfig: Setting CVar [[r.SkyAtmosphere.AerialPerspectiveLUT.FastApplyOnOpaque:0]]
[2020.03.11-11.55.50:426][  0]LogConfig: Setting CVar [[r.SkyAtmosphere.AerialPerspectiveLUT.SampleCountPerSlice:2]]
[2020.03.11-11.55.50:426][  0]LogConfig: Setting CVar [[r.SkyAtmosphere.AerialPerspectiveLUT.DepthResolution:32.0]]
[2020.03.11-11.55.50:426][  0]LogConfig: Setting CVar [[r.SkyAtmosphere.FastSkyLUT:0]]
[2020.03.11-11.55.50:427][  0]LogConfig: Setting CVar [[r.SkyAtmosphere.FastSkyLUT.SampleCountMin:4.0]]
[2020.03.11-11.55.50:427][  0]LogConfig: Setting CVar [[r.SkyAtmosphere.FastSkyLUT.SampleCountMax:32.0]]
[2020.03.11-11.55.50:427][  0]LogConfig: Setting CVar [[r.SkyAtmosphere.SampleCountMin:8.0]]
[2020.03.11-11.55.50:427][  0]LogConfig: Setting CVar [[r.SkyAtmosphere.SampleCountMax:32.0]]
[2020.03.11-11.55.50:427][  0]LogConfig: Setting CVar [[r.SkyAtmosphere.TransmittanceLUT.UseSmallFormat:0]]
[2020.03.11-11.55.50:427][  0]LogConfig: Setting CVar [[r.SkyAtmosphere.TransmittanceLUT.SampleCount:30.0]]
[2020.03.11-11.55.50:427][  0]LogConfig: Setting CVar [[r.SkyAtmosphere.MultiScatteringLUT.SampleCount:20.0]]
[2020.03.11-11.55.50:427][  0]LogConfig: Applying CVar settings from Section [FoliageQuality@Cine] File [D:/Unreal Projects/beatRush/beatRush 4.24/Saved/Config/Android/Scalability.ini]
[2020.03.11-11.55.50:427][  0]LogConfig: Setting CVar [[foliage.DensityScale:1.0]]
[2020.03.11-11.55.50:427][  0]LogConfig: Setting CVar [[grass.DensityScale:1.0]]
[2020.03.11-11.55.50:427][  0]LogConfig: Applying CVar settings from Section [ShadingQuality@3] File [D:/Unreal Projects/beatRush/beatRush 4.24/Saved/Config/Android/Scalability.ini]
[2020.03.11-11.55.50:427][  0]LogConfig: Setting CVar [[r.HairStrands.SkyLighting.SampleCount:16]]
[2020.03.11-11.55.50:427][  0]LogConfig: Setting CVar [[r.HairStrands.SkyLighting.JitterIntegration:0]]
[2020.03.11-11.55.50:427][  0]LogConfig: Setting CVar [[r.HairStrands.SkyAO.SampleCount:16]]
[2020.03.11-11.55.50:427][  0]LogInit: Transaction tracking system initialized
[2020.03.11-11.55.50:539][  0]SourceControl: Source control is disabled
[2020.03.11-11.55.50:675][  0]BlueprintLog: New page: Editor Load
[2020.03.11-11.55.51:454][  0]LocalizationService: Localization service is disabled
[2020.03.11-11.55.51:832][  0]LogModuleManager: Warning: ModuleManager: Unable to load module 'TcpMessaging'  - 0 instances of that module name found.
[2020.03.11-11.55.51:908][  0]LogModuleManager: Warning: ModuleManager: Unable to load module 'TcpMessaging'  - 0 instances of that module name found.
[2020.03.11-11.55.52:025][  0]LogLinker: Warning: Failed to load '/Game/PointCloudsMorphing/TutorialPointClouds': Can't find file.
[2020.03.11-11.55.52:025][  0]LogLinker: Warning: Failed to load '/Game/PointCloudsMorphing/TutorialPointClouds': Can't find file.
[2020.03.11-11.55.52:025][  0]LogUObjectGlobals: Warning: Failed to find object 'Class /Game/PointCloudsMorphing/TutorialPointClouds.TutorialPointClouds_C'
[2020.03.11-11.55.54:354][  0]LogCook: Display: Max memory allowance for cook 16384mb min free memory 0mb
[2020.03.11-11.55.54:354][  0]LogCook: Display: Mobile HDR setting 1
[2020.03.11-11.55.55:104][  0]LogFileCache: Scanning file cache for directory 'D:/Unreal Projects/beatRush/beatRush 4.24/Content/' took 0.03s
[2020.03.11-11.55.55:763][  0]SourceControl: Source control is disabled
[2020.03.11-11.55.55:763][  0]Cmd: MAP LOAD FILE="../../../../../Unreal Projects/beatRush/beatRush 4.24/Content/Levels/gameplay.umap" TEMPLATE=0 SHOWPROGRESS=1 FEATURELEVEL=0
[2020.03.11-11.55.55:780][  0]LightingResults: New page: Lighting Build
[2020.03.11-11.55.55:780][  0]LogWorld: UWorld::CleanupWorld for Untitled, bSessionEnded=true, bCleanupResources=true
[2020.03.11-11.55.55:781][  0]LogSlate: InvalidateAllWidgets triggered.  All widgets were invalidated
[2020.03.11-11.55.55:781][  0]MapCheck: New page: Map Check
[2020.03.11-11.55.55:781][  0]LightingResults: New page: Lighting Build
[2020.03.11-11.55.55:801][  0]LogUObjectHash: Compacting FUObjectHashTables data took   1.18ms
[2020.03.11-11.55.59:830][  0]LogAIModule: Creating AISystem for world gameplay
[2020.03.11-11.55.59:952][  0]LogEditorServer: Finished looking for orphan Actors (0.000 secs)
[2020.03.11-11.55.59:980][  0]LogUObjectHash: Compacting FUObjectHashTables data took   1.73ms
[2020.03.11-11.55.59:984][  0]Cmd: MAP CHECKDEP NOCLEARLOG
[2020.03.11-11.55.59:984][  0]MapCheck: Map check complete: 0 Error(s), 0 Warning(s), took 0.102ms to complete.
[2020.03.11-11.55.59:984][  0]LogFileHelpers: Loading map 'gameplay' took 4.221
[2020.03.11-11.56.00:207][  0]LogSlate: Updating window title bar state: overlay mode, drag disabled, window buttons hidden, title bar hidden
[2020.03.11-11.56.00:212][  0]LogSlate: Updating window title bar state: overlay mode, drag disabled, window buttons hidden, title bar hidden
[2020.03.11-11.56.00:218][  0]LogSlate: Updating window title bar state: overlay mode, drag disabled, window buttons hidden, title bar hidden
[2020.03.11-11.56.00:223][  0]LogSlate: Updating window title bar state: overlay mode, drag disabled, window buttons hidden, title bar hidden
[2020.03.11-11.56.00:271][  0]LogCollectionManager: Loaded 0 collections in 0.001826 seconds
[2020.03.11-11.56.00:281][  0]LogFileCache: Scanning file cache for directory 'D:/Unreal Projects/beatRush/beatRush 4.24/Saved/Collections/' took 0.00s
[2020.03.11-11.56.00:281][  0]LogFileCache: Scanning file cache for directory 'D:/Unreal Projects/beatRush/beatRush 4.24/Content/Developers/simto/Collections/' took 0.00s
[2020.03.11-11.56.00:281][  0]LogFileCache: Scanning file cache for directory 'D:/Unreal Projects/beatRush/beatRush 4.24/Content/Collections/' took 0.00s
[2020.03.11-11.56.00:281][  0]LogContentBrowser: Native class hierarchy populated in 0.0064 seconds. Added 2743 classes and 520 folders.
[2020.03.11-11.56.00:284][  0]LogContentBrowser: Native class hierarchy updated for 'WidgetCarousel' in 0.0004 seconds. Added 0 classes and 0 folders.
[2020.03.11-11.56.00:929][  0]LogContentBrowser: Native class hierarchy updated for 'AddContentDialog' in 0.0004 seconds. Added 0 classes and 0 folders.
[2020.03.11-11.56.00:986][  0]LogContentBrowser: Native class hierarchy updated for 'SceneOutliner' in 0.0003 seconds. Added 2 classes and 3 folders.
[2020.03.11-11.56.01:135][  0]LogSlate: Took 0.019698 seconds to synchronously load lazily loaded font '../../../Engine/Content/Slate/Fonts/Roboto-Regular.ttf' (155K)
[2020.03.11-11.56.01:146][  0]LogSlate: Took 0.008989 seconds to synchronously load lazily loaded font '../../../Engine/Content/Slate/Fonts/Roboto-Bold.ttf' (160K)
[2020.03.11-11.56.01:173][  0]LogSlate: Took 0.022269 seconds to synchronously load lazily loaded font '../../../Engine/Content/Editor/Slate/Fonts/FontAwesome.ttf' (139K)
[2020.03.11-11.56.01:191][  0]LogSlate: Took 0.018400 seconds to synchronously load lazily loaded font '../../../Engine/Content/Slate/Fonts/DroidSansMono.ttf' (77K)
[2020.03.11-11.56.01:509][  0]LogRenderer: Reallocating scene render targets to support 1408x744 Format 10 NumSamples 1 (Frame:1).
[2020.03.11-11.56.01:644][  0]LogContentBrowser: Native class hierarchy updated for 'HierarchicalLODOutliner' in 0.0003 seconds. Added 0 classes and 0 folders.
[2020.03.11-11.56.01:644][  0]LogLoad: (Engine Initialization) Total time: 68.11 seconds
[2020.03.11-11.56.01:644][  0]LogLoad: (Engine Initialization) Total Blueprint compile time: 0.00 seconds
[2020.03.11-11.56.01:773][  0]LogContentStreaming: Texture pool size now 3000 MB
[2020.03.11-11.56.02:677][ 15]LogAssetRegistry: Asset discovery search completed in 48.6251 seconds
[2020.03.11-11.56.02:680][ 15]LogCollectionManager: Fixed up redirectors for 0 collections in 0.000012 seconds (updated 0 objects)
[2020.03.11-11.56.02:753][ 17]LogSlate: Took 0.026694 seconds to synchronously load lazily loaded font '../../../Engine/Content/Slate/Fonts/Roboto-Light.ttf' (167K)
[2020.03.11-11.56.05:306][265]LogAssetEditorSubsystem: Opening Asset editor for Blueprint /Game/BP/playerCharacter_BP.playerCharacter_BP
[2020.03.11-11.56.05:579][265]LogContentBrowser: Native class hierarchy updated for 'BlueprintGraph' in 0.0005 seconds. Added 121 classes and 0 folders.
[2020.03.11-11.56.06:379][265]LogWorld: Changing Feature Level (Enum) from 3 to 0
[2020.03.11-11.56.06:503][265]LogSlate: Took 0.014116 seconds to synchronously load lazily loaded font '../../../Engine/Content/Slate/Fonts/Roboto-BoldCondensed.ttf' (158K)
[2020.03.11-11.56.08:581][400]LogSlate: Took 0.018165 seconds to synchronously load lazily loaded font '../../../Engine/Content/Slate/Fonts/Roboto-Italic.ttf' (157K)
[2020.03.11-12.06.16:906][363]LogEditorViewport: Clicking on Actor (LMB): playerCharacter_BP_C (playerCharacter_BP)
[2020.03.11-12.21.32:607][ 86]LogSlate: Window 'Color Picker' being destroyed
[2020.03.11-12.21.38:215][378]LogSlate: Window 'Color Picker' being destroyed
[2020.03.11-12.22.26:190][561]BlueprintLog: New page: Compile playerCharacter_BP
[2020.03.11-12.22.26:513][561]LogUObjectHash: Compacting FUObjectHashTables data took   2.61ms
[2020.03.11-12.22.27:570][597]Cmd: OBJ SAVEPACKAGE PACKAGE="/Game/BP/playerCharacter_BP" FILE="../../../../../Unreal Projects/beatRush/beatRush 4.24/Content/BP/playerCharacter_BP.uasset" SILENT=true
[2020.03.11-12.22.27:745][597]LogSavePackage: Moving '../../../../../Unreal Projects/beatRush/beatRush 4.24/Saved/playerCharacter_BP3A49512B4575AEE316B831B40C4EC429.tmp' to '../../../../../Unreal Projects/beatRush/beatRush 4.24/Content/BP/playerCharacter_BP.uasset'
[2020.03.11-12.22.27:755][597]AssetCheck: New page: Asset Save: playerCharacter_BP
[2020.03.11-12.22.27:755][597]LogContentValidation: Display: Validating Blueprint /Game/BP/playerCharacter_BP.playerCharacter_BP
[2020.03.11-12.22.27:999][618]LogUObjectHash: Compacting FUObjectHashTables data took   2.34ms
[2020.03.11-12.22.28:025][618]Cmd: OBJ SAVEPACKAGE PACKAGE="/Game/Levels/gameplay" FILE="../../../../../Unreal Projects/beatRush/beatRush 4.24/Content/Levels/gameplay.umap" SILENT=true AUTOSAVING=false KEEPDIRTY=false
[2020.03.11-12.22.28:051][618]LogUObjectHash: Compacting FUObjectHashTables data took   0.62ms
[2020.03.11-12.22.28:250][618]LogSavePackage: Moving '../../../../../Unreal Projects/beatRush/beatRush 4.24/Saved/gameplayE444150B41ACDFF056B275B1F4102F0E.tmp' to '../../../../../Unreal Projects/beatRush/beatRush 4.24/Content/Levels/gameplay.umap'
[2020.03.11-12.22.28:285][618]LogFileHelpers: Saving map 'gameplay' took 0.259
[2020.03.11-12.22.28:294][618]AssetCheck: New page: Asset Save: gameplay
[2020.03.11-12.22.28:295][618]LogContentValidation: Display: Validating World /Game/Levels/gameplay.gameplay
[2020.03.11-12.23.07:506][786]BlueprintLog: New page: Compile playerCharacter_BP
[2020.03.11-12.23.07:791][786]LogUObjectHash: Compacting FUObjectHashTables data took   2.37ms
[2020.03.11-12.23.08:588][807]Cmd: OBJ SAVEPACKAGE PACKAGE="/Game/BP/playerCharacter_BP" FILE="../../../../../Unreal Projects/beatRush/beatRush 4.24/Content/BP/playerCharacter_BP.uasset" SILENT=true
[2020.03.11-12.23.08:767][807]LogSavePackage: Moving '../../../../../Unreal Projects/beatRush/beatRush 4.24/Saved/playerCharacter_BPD1267D9344E4EFAF88026BBF95E176AF.tmp' to '../../../../../Unreal Projects/beatRush/beatRush 4.24/Content/BP/playerCharacter_BP.uasset'
[2020.03.11-12.23.08:779][807]AssetCheck: New page: Asset Save: playerCharacter_BP
[2020.03.11-12.23.08:779][807]LogContentValidation: Display: Validating Blueprint /Game/BP/playerCharacter_BP.playerCharacter_BP
