Log file open, 10/23/20 22:49:58
LogInit: Display: Running engine for game: beatRush_WIN
LogPlatformFile: Not using cached read wrapper
LogTaskGraph: Started task graph with 5 named threads and 23 total threads with 3 sets of task threads.
LogStats: Stats thread started at 0.204405
LogD3D11RHI: Loaded GFSDK_Aftermath_Lib.x64.dll
LogICUInternationalization: ICU TimeZone Detection - Raw Offset: +1:00, Platform Override: ''
LogPluginManager: Mounting plugin LightPropagationVolume
LogPluginManager: Mounting plugin CameraShakePreviewer
LogPluginManager: Mounting plugin OpenCVLensDistortion
LogPluginManager: Mounting plugin ActorLayerUtilities
LogPluginManager: Mounting plugin CLionSourceCodeAccess
LogPluginManager: Mounting plugin CodeLiteSourceCodeAccess
LogPluginManager: Mounting plugin RiderSourceCodeAccess
LogPluginManager: Mounting plugin VisualStudioCodeSourceCodeAccess
LogPluginManager: Mounting plugin VisualStudioSourceCodeAccess
LogPluginManager: Mounting plugin AssetManagerEditor
LogPluginManager: Mounting plugin DataValidation
LogPluginManager: Mounting plugin GameplayTagsEditor
LogPluginManager: Mounting plugin GeometryMode
LogPluginManager: Mounting plugin MaterialAnalyzer
LogPluginManager: Mounting plugin MobileLauncherProfileWizard
LogPluginManager: Mounting plugin PluginBrowser
LogPluginManager: Mounting plugin ChaosCloth
LogPluginManager: Mounting plugin ChaosClothEditor
LogPluginManager: Mounting plugin ChaosSolverPlugin
LogPluginManager: Mounting plugin GeometryProcessing
LogPluginManager: Mounting plugin MagicLeapPassableWorld
LogPluginManager: Mounting plugin MLSDK
LogPluginManager: Mounting plugin GameAnalytics
LogPluginManager: Mounting plugin MediaFrameworkUtilities
LogPluginManager: Mounting plugin MediaIOFramework
LogPluginManager: Mounting plugin MediaPlayerEditor
LogPluginManager: Mounting plugin MfMedia
LogPluginManager: Mounting plugin WebMMedia
LogPluginManager: Mounting plugin WmfMedia
LogPluginManager: Mounting plugin MeshPainting
LogPluginManager: Mounting plugin LevelSequenceEditor
LogPluginManager: Mounting plugin OnlineFramework
LogPluginManager: Mounting plugin OnlineSubsystem
LogPluginManager: Mounting plugin OnlineSubsystemSteam
LogPluginManager: Mounting plugin OnlineSubsystemUtils
LogPluginManager: Mounting plugin LauncherChunkInstaller
LogPluginManager: Mounting plugin AnalyticsBlueprintLibrary
LogPluginManager: Mounting plugin AndroidDeviceProfileSelector
LogPluginManager: Mounting plugin AndroidPermission
LogPluginManager: Mounting plugin ApexDestruction
LogPluginManager: Mounting plugin AssetTags
LogPluginManager: Mounting plugin GooglePAD
LogPluginManager: Mounting plugin PostSplashScreen
LogPluginManager: Mounting plugin PreLoadScreenMoviePlayer
LogPluginManager: Mounting plugin SoundFields
LogPluginManager: Mounting plugin SteamShared
LogPluginManager: Mounting plugin SteamSockets
LogPluginManager: Mounting plugin Synthesis
LogPluginManager: Mounting plugin WebBrowserWidget
LogPluginManager: Mounting plugin WebMMoviePlayer
LogPluginManager: Mounting plugin WindowsMoviePlayer
LogPluginManager: Mounting plugin AdvancedSessions
LogPluginManager: Mounting plugin AdvancedSteamSessions
LogPluginManager: Mounting plugin DiscordRpc
LogInit: Using libcurl 7.55.1-DEV
LogInit:  - built for x86_64-pc-win32
LogInit:  - supports SSL with OpenSSL/1.1.1
LogInit:  - supports HTTP deflate (compression) using libz 1.2.8
LogInit:  - other features:
LogInit:      CURL_VERSION_SSL
LogInit:      CURL_VERSION_LIBZ
LogInit:      CURL_VERSION_IPV6
LogInit:      CURL_VERSION_ASYNCHDNS
LogInit:      CURL_VERSION_LARGEFILE
LogInit:      CURL_VERSION_IDN
LogInit:  CurlRequestOptions (configurable via config and command line):
LogInit:  - bVerifyPeer = true  - Libcurl will verify peer certificate
LogInit:  - bUseHttpProxy = false  - Libcurl will NOT use HTTP proxy
LogInit:  - bDontReuseConnections = false  - Libcurl will reuse connections
LogInit:  - MaxHostConnections = 16  - Libcurl will limit the number of connections to a host
LogInit:  - LocalHostAddr = Default
LogInit:  - BufferSize = 65536
LogSteamShared: Display: Loading Steam SDK 1.47
LogSteamShared: Steam SDK Loaded!
LogOnline: OSS: Creating online subsystem instance for: Steam
LogOnline: Display: STEAM: OnlineSubsystemSteam::Shutdown()
LogOnline: OSS: Unable to create OnlineSubsystem module Steam
LogModuleManager: Warning: ModuleManager: Unable to load module 'OnlineSubsystemNULL'  - 0 instances of that module name found.
LogOnline: Warning: OSS: TryLoadSubsystemAndSetDefault: LoadSubsystemModule([NULL]) failed
LogOnline: OSS: Failed to load any Online Subsystem Modules
LogInit: Build: ++UE4+Release-4.25-CL-13942748
LogInit: Engine Version: 4.25.3-13942748+++UE4+Release-4.25
LogInit: Compatible Engine Version: 4.25.0-13144385+++UE4+Release-4.25
LogInit: Net CL: 13144385
LogInit: OS: Windows 10 (Release 2004) (), CPU: Intel(R) Core(TM) i7-7700K CPU @ 4.20GHz, GPU: NVIDIA GeForce GTX 1060 6GB
LogInit: Compiled (64-bit): Jul 25 2020 02:07:48
LogInit: Compiled with Visual C++: 19.24.28315.00
LogInit: Build Configuration: Development
LogInit: Branch Name: ++UE4+Release-4.25
LogInit: Command Line:  "D:/Unreal Projects/beatRush/beatRush_WIN/beatRush_WIN.uproject" -run=GatherText -config="Config/Localization/Beat Rush_GenerateReports.ini"
LogInit: Base Directory: D:/UE_4.25/Engine/Binaries/Win64/
LogInit: Allocator: TBB
LogInit: Installed Engine Build: 1
LogDevObjectVersion: Number of dev versions registered: 26
LogDevObjectVersion:   Dev-Blueprints (B0D832E4-1F89-4F0D-ACCF-7EB736FD4AA2): 10
LogDevObjectVersion:   Dev-Build (E1C64328-A22C-4D53-A36C-8E866417BD8C): 0
LogDevObjectVersion:   Dev-Core (375EC13C-06E4-48FB-B500-84F0262A717E): 4
LogDevObjectVersion:   Dev-Editor (E4B068ED-F494-42E9-A231-DA0B2E46BB41): 38
LogDevObjectVersion:   Dev-Framework (CFFC743F-43B0-4480-9391-14DF171D2073): 37
LogDevObjectVersion:   Dev-Mobile (B02B49B5-BB20-44E9-A304-32B752E40360): 2
LogDevObjectVersion:   Dev-Networking (A4E4105C-59A1-49B5-A7C5-40C4547EDFEE): 0
LogDevObjectVersion:   Dev-Online (39C831C9-5AE6-47DC-9A44-9C173E1C8E7C): 0
LogDevObjectVersion:   Dev-Physics (78F01B33-EBEA-4F98-B9B4-84EACCB95AA2): 4
LogDevObjectVersion:   Dev-Platform (6631380F-2D4D-43E0-8009-CF276956A95A): 0
LogDevObjectVersion:   Dev-Rendering (12F88B9F-8875-4AFC-A67C-D90C383ABD29): 43
LogDevObjectVersion:   Dev-Sequencer (7B5AE74C-D270-4C10-A958-57980B212A5A): 12
LogDevObjectVersion:   Dev-VR (D7296918-1DD6-4BDD-9DE2-64A83CC13884): 3
LogDevObjectVersion:   Dev-LoadTimes (C2A15278-BFE7-4AFE-6C17-90FF531DF755): 1
LogDevObjectVersion:   Private-Geometry (6EACA3D4-40EC-4CC1-B786-8BED09428FC5): 3
LogDevObjectVersion:   Dev-AnimPhys (29E575DD-E0A3-4627-9D10-D276232CDCEA): 17
LogDevObjectVersion:   Dev-Anim (AF43A65D-7FD3-4947-9873-3E8ED9C1BB05): 7
LogDevObjectVersion:   Dev-ReflectionCapture (6B266CEC-1EC7-4B8F-A30B-E4D90942FC07): 1
LogDevObjectVersion:   Dev-Automation (0DF73D61-A23F-47EA-B727-89E90C41499A): 1
LogDevObjectVersion:   FortniteMain (601D1886-AC64-4F84-AA16-D3DE0DEAC7D6): 31
LogDevObjectVersion:   Dev-Enterprise (9DFFBCD6-494F-0158-E221-12823C92A888): 10
LogDevObjectVersion:   Dev-Niagara (F2AED0AC-9AFE-416F-8664-AA7FFA26D6FC): 1
LogDevObjectVersion:   Dev-Destruction (174F1F0B-B4C6-45A5-B13F-2EE8D0FB917D): 10
LogDevObjectVersion:   Dev-Physics-Ext (35F94A83-E258-406C-A318-09F59610247C): 37
LogDevObjectVersion:   Dev-PhysicsMaterial-Chaos (B68FC16E-8B1B-42E2-B453-215C058844FE): 1
LogDevObjectVersion:   Dev-CineCamera (B2E18506-4273-CFC2-A54E-F4BB758BBA07): 1
LogInit: Presizing for max 25165824 objects, including 0 objects not considered by GC, pre-allocating 0 bytes for permanent pool.
LogConfig: Applying CVar settings from Section [/Script/Engine.StreamingSettings] File [D:/Unreal Projects/beatRush/beatRush_WIN/Saved/Config/Windows/Engine.ini]
LogConfig: Setting CVar [[s.MinBulkDataSizeForAsyncLoading:131072]]
LogConfig: Setting CVar [[s.AsyncLoadingThreadEnabled:0]]
LogConfig: Setting CVar [[s.EventDrivenLoaderEnabled:1]]
LogConfig: Setting CVar [[s.WarnIfTimeLimitExceeded:0]]
LogConfig: Setting CVar [[s.TimeLimitExceededMultiplier:1.5]]
LogConfig: Setting CVar [[s.TimeLimitExceededMinTime:0.005]]
LogConfig: Setting CVar [[s.UseBackgroundLevelStreaming:1]]
LogConfig: Setting CVar [[s.PriorityAsyncLoadingExtraTime:15.0]]
LogConfig: Setting CVar [[s.LevelStreamingActorsUpdateTimeLimit:5.0]]
LogConfig: Setting CVar [[s.PriorityLevelStreamingActorsUpdateExtraTime:5.0]]
LogConfig: Setting CVar [[s.LevelStreamingComponentsRegistrationGranularity:10]]
LogConfig: Setting CVar [[s.UnregisterComponentsTimeLimit:1.0]]
LogConfig: Setting CVar [[s.LevelStreamingComponentsUnregistrationGranularity:5]]
LogConfig: Setting CVar [[s.FlushStreamingOnExit:1]]
LogInit: Object subsystem initialized
LogConfig: Setting CVar [[con.DebugEarlyDefault:1]]
LogConfig: Setting CVar [[r.setres:1280x720]]
[2020.10.23-20.49.59:010][  0]LogConfig: Setting CVar [[con.DebugEarlyDefault:1]]
[2020.10.23-20.49.59:010][  0]LogConfig: Setting CVar [[r.setres:1280x720]]
[2020.10.23-20.49.59:010][  0]LogConfig: Applying CVar settings from Section [/Script/Engine.RendererSettings] File [D:/Unreal Projects/beatRush/beatRush_WIN/Saved/Config/Windows/Engine.ini]
[2020.10.23-20.49.59:010][  0]LogConfig: Setting CVar [[r.GPUCrashDebugging:0]]
[2020.10.23-20.49.59:010][  0]LogConfig: Setting CVar [[r.Mobile.DisableVertexFog:0]]
[2020.10.23-20.49.59:010][  0]LogConfig: Setting CVar [[r.Shadow.CSM.MaxMobileCascades:2]]
[2020.10.23-20.49.59:010][  0]LogConfig: Setting CVar [[r.MobileMSAA:1]]
[2020.10.23-20.49.59:010][  0]LogConfig: Setting CVar [[r.Mobile.UseLegacyShadingModel:0]]
[2020.10.23-20.49.59:010][  0]LogConfig: Setting CVar [[r.Mobile.AllowDitheredLODTransition:0]]
[2020.10.23-20.49.59:010][  0]LogConfig: Setting CVar [[r.Mobile.AllowSoftwareOcclusion:0]]
[2020.10.23-20.49.59:010][  0]LogConfig: Setting CVar [[r.Mobile.VirtualTextures:0]]
[2020.10.23-20.49.59:010][  0]LogConfig: Setting CVar [[r.DiscardUnusedQuality:1]]
[2020.10.23-20.49.59:010][  0]LogConfig: Setting CVar [[r.AllowOcclusionQueries:0]]
[2020.10.23-20.49.59:010][  0]LogConfig: Setting CVar [[r.MinScreenRadiusForLights:0.030000]]
[2020.10.23-20.49.59:010][  0]LogConfig: Setting CVar [[r.MinScreenRadiusForDepthPrepass:0.030000]]
[2020.10.23-20.49.59:010][  0]LogConfig: Setting CVar [[r.MinScreenRadiusForCSMDepth:0.010000]]
[2020.10.23-20.49.59:010][  0]LogConfig: Setting CVar [[r.PrecomputedVisibilityWarning:0]]
[2020.10.23-20.49.59:010][  0]LogConfig: Setting CVar [[r.TextureStreaming:1]]
[2020.10.23-20.49.59:010][  0]LogConfig: Setting CVar [[Compat.UseDXT5NormalMaps:0]]
[2020.10.23-20.49.59:010][  0]LogConfig: Setting CVar [[r.VirtualTextures:0]]
[2020.10.23-20.49.59:010][  0]LogConfig: Setting CVar [[r.VirtualTexturedLightmaps:0]]
[2020.10.23-20.49.59:010][  0]LogConfig: Setting CVar [[r.VT.TileSize:128]]
[2020.10.23-20.49.59:010][  0]LogConfig: Setting CVar [[r.VT.TileBorderSize:4]]
[2020.10.23-20.49.59:010][  0]LogConfig: Setting CVar [[r.vt.FeedbackFactor:16]]
[2020.10.23-20.49.59:010][  0]LogConfig: Setting CVar [[r.VT.EnableCompressZlib:1]]
[2020.10.23-20.49.59:010][  0]LogConfig: Setting CVar [[r.VT.EnableCompressCrunch:0]]
[2020.10.23-20.49.59:011][  0]LogConfig: Setting CVar [[r.ClearCoatNormal:0]]
[2020.10.23-20.49.59:011][  0]LogConfig: Setting CVar [[r.AnisotropicBRDF:0]]
[2020.10.23-20.49.59:011][  0]LogConfig: Setting CVar [[r.ReflectionCaptureResolution:128]]
[2020.10.23-20.49.59:011][  0]LogConfig: Setting CVar [[r.ReflectionEnvironmentLightmapMixBasedOnRoughness:1]]
[2020.10.23-20.49.59:011][  0]LogConfig: Setting CVar [[r.ForwardShading:0]]
[2020.10.23-20.49.59:011][  0]LogConfig: Setting CVar [[r.VertexFoggingForOpaque:1]]
[2020.10.23-20.49.59:011][  0]LogConfig: Setting CVar [[r.AllowStaticLighting:1]]
[2020.10.23-20.49.59:011][  0]LogConfig: Setting CVar [[r.NormalMapsForStaticLighting:0]]
[2020.10.23-20.49.59:011][  0]LogConfig: Setting CVar [[r.GenerateMeshDistanceFields:0]]
[2020.10.23-20.49.59:011][  0]LogConfig: Setting CVar [[r.DistanceFieldBuild.EightBit:0]]
[2020.10.23-20.49.59:011][  0]LogConfig: Setting CVar [[r.GenerateLandscapeGIData:0]]
[2020.10.23-20.49.59:011][  0]LogConfig: Setting CVar [[r.DistanceFieldBuild.Compress:0]]
[2020.10.23-20.49.59:011][  0]LogConfig: Setting CVar [[r.TessellationAdaptivePixelsPerTriangle:48.000000]]
[2020.10.23-20.49.59:011][  0]LogConfig: Setting CVar [[r.SeparateTranslucency:1]]
[2020.10.23-20.49.59:011][  0]LogConfig: Setting CVar [[r.TranslucentSortPolicy:0]]
[2020.10.23-20.49.59:011][  0]LogConfig: Setting CVar [[r.CustomDepth:1]]
[2020.10.23-20.49.59:011][  0]LogConfig: Setting CVar [[r.CustomDepthTemporalAAJitter:1]]
[2020.10.23-20.49.59:011][  0]LogConfig: Setting CVar [[r.PostProcessing.PropagateAlpha:0]]
[2020.10.23-20.49.59:011][  0]LogConfig: Setting CVar [[r.DefaultFeature.Bloom:1]]
[2020.10.23-20.49.59:011][  0]LogConfig: Setting CVar [[r.DefaultFeature.AmbientOcclusion:1]]
[2020.10.23-20.49.59:011][  0]LogConfig: Setting CVar [[r.DefaultFeature.AmbientOcclusionStaticFraction:1]]
[2020.10.23-20.49.59:011][  0]LogConfig: Setting CVar [[r.DefaultFeature.AutoExposure:1]]
[2020.10.23-20.49.59:011][  0]LogConfig: Setting CVar [[r.DefaultFeature.AutoExposure.Method:0]]
[2020.10.23-20.49.59:011][  0]LogConfig: Setting CVar [[r.DefaultFeature.AutoExposure.Bias:1.000000]]
[2020.10.23-20.49.59:011][  0]LogConfig: Setting CVar [[r.DefaultFeature.AutoExposure.ExtendDefaultLuminanceRange:0]]
[2020.10.23-20.49.59:011][  0]LogConfig: Setting CVar [[r.UsePreExposure:0]]
[2020.10.23-20.49.59:011][  0]LogConfig: Setting CVar [[r.EyeAdaptation.EditorOnly:0]]
[2020.10.23-20.49.59:011][  0]LogConfig: Setting CVar [[r.DefaultFeature.MotionBlur:0]]
[2020.10.23-20.49.59:011][  0]LogConfig: Setting CVar [[r.DefaultFeature.LensFlare:0]]
[2020.10.23-20.49.59:011][  0]LogConfig: Setting CVar [[r.TemporalAA.Upsampling:0]]
[2020.10.23-20.49.59:011][  0]LogConfig: Setting CVar [[r.SSGI.Enable:0]]
[2020.10.23-20.49.59:011][  0]LogConfig: Setting CVar [[r.DefaultFeature.AntiAliasing:3]]
[2020.10.23-20.49.59:011][  0]LogConfig: Setting CVar [[r.DefaultFeature.LightUnits:2]]
[2020.10.23-20.49.59:011][  0]LogConfig: Setting CVar [[r.DefaultBackBufferPixelFormat:4]]
[2020.10.23-20.49.59:011][  0]LogConfig: Setting CVar [[r.Shadow.UnbuiltPreviewInGame:1]]
[2020.10.23-20.49.59:011][  0]LogConfig: Setting CVar [[r.StencilForLODDither:0]]
[2020.10.23-20.49.59:011][  0]LogConfig: Setting CVar [[r.EarlyZPass:3]]
[2020.10.23-20.49.59:011][  0]LogConfig: Setting CVar [[r.EarlyZPassOnlyMaterialMasking:0]]
[2020.10.23-20.49.59:011][  0]LogConfig: Setting CVar [[r.DBuffer:1]]
[2020.10.23-20.49.59:011][  0]LogConfig: Setting CVar [[r.ClearSceneMethod:1]]
[2020.10.23-20.49.59:011][  0]LogConfig: Setting CVar [[r.BasePassOutputsVelocity:0]]
[2020.10.23-20.49.59:011][  0]LogConfig: Setting CVar [[r.VertexDeformationOutputsVelocity:0]]
[2020.10.23-20.49.59:011][  0]LogConfig: Setting CVar [[r.SelectiveBasePassOutputs:0]]
[2020.10.23-20.49.59:011][  0]LogConfig: Setting CVar [[fx.GPUSimulationTextureSizeX:1024]]
[2020.10.23-20.49.59:011][  0]LogConfig: Setting CVar [[fx.GPUSimulationTextureSizeY:1024]]
[2020.10.23-20.49.59:011][  0]LogConfig: Setting CVar [[r.AllowGlobalClipPlane:0]]
[2020.10.23-20.49.59:011][  0]LogConfig: Setting CVar [[r.GBufferFormat:1]]
[2020.10.23-20.49.59:011][  0]LogConfig: Setting CVar [[r.MorphTarget.Mode:1]]
[2020.10.23-20.49.59:011][  0]LogConfig: Setting CVar [[vr.InstancedStereo:0]]
[2020.10.23-20.49.59:011][  0]LogConfig: Setting CVar [[r.MobileHDR:0]]
[2020.10.23-20.49.59:011][  0]LogConfig: Setting CVar [[vr.MobileMultiView:0]]
[2020.10.23-20.49.59:011][  0]LogConfig: Setting CVar [[r.Mobile.UseHWsRGBEncoding:1]]
[2020.10.23-20.49.59:011][  0]LogConfig: Setting CVar [[vr.RoundRobinOcclusion:0]]
[2020.10.23-20.49.59:011][  0]LogConfig: Setting CVar [[vr.ODSCapture:0]]
[2020.10.23-20.49.59:011][  0]LogConfig: Setting CVar [[r.MeshStreaming:0]]
[2020.10.23-20.49.59:011][  0]LogConfig: Setting CVar [[r.WireframeCullThreshold:5.000000]]
[2020.10.23-20.49.59:011][  0]LogConfig: Setting CVar [[r.RayTracing:0]]
[2020.10.23-20.49.59:011][  0]LogConfig: Setting CVar [[r.RayTracing.UseTextureLod:0]]
[2020.10.23-20.49.59:011][  0]LogConfig: Setting CVar [[r.SupportStationarySkylight:1]]
[2020.10.23-20.49.59:011][  0]LogConfig: Setting CVar [[r.SupportLowQualityLightmaps:1]]
[2020.10.23-20.49.59:011][  0]LogConfig: Setting CVar [[r.SupportPointLightWholeSceneShadows:1]]
[2020.10.23-20.49.59:011][  0]LogConfig: Setting CVar [[r.SupportAtmosphericFog:1]]
[2020.10.23-20.49.59:011][  0]LogConfig: Setting CVar [[r.SupportSkyAtmosphere:1]]
[2020.10.23-20.49.59:011][  0]LogConfig: Setting CVar [[r.SupportSkyAtmosphereAffectsHeightFog:0]]
[2020.10.23-20.49.59:011][  0]LogConfig: Setting CVar [[r.SkinCache.CompileShaders:0]]
[2020.10.23-20.49.59:011][  0]LogConfig: Setting CVar [[r.SkinCache.DefaultBehavior:1]]
[2020.10.23-20.49.59:011][  0]LogConfig: Setting CVar [[r.SkinCache.SceneMemoryLimitInMB:128.000000]]
[2020.10.23-20.49.59:011][  0]LogConfig: Setting CVar [[r.Mobile.EnableStaticAndCSMShadowReceivers:1]]
[2020.10.23-20.49.59:011][  0]LogConfig: Setting CVar [[r.Mobile.EnableMovableLightCSMShaderCulling:0]]
[2020.10.23-20.49.59:011][  0]LogConfig: Setting CVar [[r.Mobile.AllowDistanceFieldShadows:1]]
[2020.10.23-20.49.59:011][  0]LogConfig: Setting CVar [[r.Mobile.AllowMovableDirectionalLights:1]]
[2020.10.23-20.49.59:011][  0]LogConfig: Setting CVar [[r.MobileNumDynamicPointLights:0]]
[2020.10.23-20.49.59:011][  0]LogConfig: Setting CVar [[r.MobileDynamicPointLightsUseStaticBranch:1]]
[2020.10.23-20.49.59:011][  0]LogConfig: Setting CVar [[r.Mobile.EnableMovableSpotlights:0]]
[2020.10.23-20.49.59:011][  0]LogConfig: Setting CVar [[r.GPUSkin.Support16BitBoneIndex:0]]
[2020.10.23-20.49.59:011][  0]LogConfig: Setting CVar [[r.GPUSkin.Limit2BoneInfluences:0]]
[2020.10.23-20.49.59:011][  0]LogConfig: Setting CVar [[r.SupportDepthOnlyIndexBuffers:1]]
[2020.10.23-20.49.59:011][  0]LogConfig: Setting CVar [[r.SupportReversedIndexBuffers:1]]
[2020.10.23-20.49.59:011][  0]LogConfig: Setting CVar [[r.SupportMaterialLayers:0]]
[2020.10.23-20.49.59:011][  0]LogConfig: Setting CVar [[r.LightPropagationVolume:1]]
[2020.10.23-20.49.59:012][  0]LogConfig: Applying CVar settings from Section [/Script/Engine.RendererOverrideSettings] File [D:/Unreal Projects/beatRush/beatRush_WIN/Saved/Config/Windows/Engine.ini]
[2020.10.23-20.49.59:012][  0]LogConfig: Applying CVar settings from Section [/Script/Engine.StreamingSettings] File [D:/Unreal Projects/beatRush/beatRush_WIN/Saved/Config/Windows/Engine.ini]
[2020.10.23-20.49.59:012][  0]LogConfig: Setting CVar [[s.MinBulkDataSizeForAsyncLoading:131072]]
[2020.10.23-20.49.59:012][  0]LogConfig: Setting CVar [[s.AsyncLoadingThreadEnabled:0]]
[2020.10.23-20.49.59:012][  0]LogConfig: Setting CVar [[s.EventDrivenLoaderEnabled:1]]
[2020.10.23-20.49.59:012][  0]LogConfig: Setting CVar [[s.WarnIfTimeLimitExceeded:0]]
[2020.10.23-20.49.59:012][  0]LogConfig: Setting CVar [[s.TimeLimitExceededMultiplier:1.5]]
[2020.10.23-20.49.59:012][  0]LogConfig: Setting CVar [[s.TimeLimitExceededMinTime:0.005]]
[2020.10.23-20.49.59:012][  0]LogConfig: Setting CVar [[s.UseBackgroundLevelStreaming:1]]
[2020.10.23-20.49.59:012][  0]LogConfig: Setting CVar [[s.PriorityAsyncLoadingExtraTime:15.0]]
[2020.10.23-20.49.59:012][  0]LogConfig: Setting CVar [[s.LevelStreamingActorsUpdateTimeLimit:5.0]]
[2020.10.23-20.49.59:012][  0]LogConfig: Setting CVar [[s.PriorityLevelStreamingActorsUpdateExtraTime:5.0]]
[2020.10.23-20.49.59:012][  0]LogConfig: Setting CVar [[s.LevelStreamingComponentsRegistrationGranularity:10]]
[2020.10.23-20.49.59:012][  0]LogConfig: Setting CVar [[s.UnregisterComponentsTimeLimit:1.0]]
[2020.10.23-20.49.59:012][  0]LogConfig: Setting CVar [[s.LevelStreamingComponentsUnregistrationGranularity:5]]
[2020.10.23-20.49.59:012][  0]LogConfig: Setting CVar [[s.FlushStreamingOnExit:1]]
[2020.10.23-20.49.59:012][  0]LogConfig: Applying CVar settings from Section [/Script/Engine.GarbageCollectionSettings] File [D:/Unreal Projects/beatRush/beatRush_WIN/Saved/Config/Windows/Engine.ini]
[2020.10.23-20.49.59:012][  0]LogConfig: Setting CVar [[gc.MaxObjectsNotConsideredByGC:1]]
[2020.10.23-20.49.59:012][  0]LogConfig: Setting CVar [[gc.SizeOfPermanentObjectPool:0]]
[2020.10.23-20.49.59:012][  0]LogConfig: Setting CVar [[gc.FlushStreamingOnGC:0]]
[2020.10.23-20.49.59:012][  0]LogConfig: Setting CVar [[gc.NumRetriesBeforeForcingGC:10]]
[2020.10.23-20.49.59:012][  0]LogConfig: Setting CVar [[gc.AllowParallelGC:1]]
[2020.10.23-20.49.59:012][  0]LogConfig: Setting CVar [[gc.TimeBetweenPurgingPendingKillObjects:61.1]]
[2020.10.23-20.49.59:012][  0]LogConfig: Setting CVar [[gc.MaxObjectsInEditor:25165824]]
[2020.10.23-20.49.59:012][  0]LogConfig: Setting CVar [[gc.IncrementalBeginDestroyEnabled:1]]
[2020.10.23-20.49.59:012][  0]LogConfig: Setting CVar [[gc.CreateGCClusters:1]]
[2020.10.23-20.49.59:012][  0]LogConfig: Setting CVar [[gc.MinGCClusterSize:5]]
[2020.10.23-20.49.59:012][  0]LogConfig: Setting CVar [[gc.ActorClusteringEnabled:0]]
[2020.10.23-20.49.59:012][  0]LogConfig: Setting CVar [[gc.BlueprintClusteringEnabled:0]]
[2020.10.23-20.49.59:012][  0]LogConfig: Setting CVar [[gc.UseDisregardForGCOnDedicatedServers:0]]
[2020.10.23-20.49.59:012][  0]LogConfig: Applying CVar settings from Section [/Script/Engine.NetworkSettings] File [D:/Unreal Projects/beatRush/beatRush_WIN/Saved/Config/Windows/Engine.ini]
[2020.10.23-20.49.59:012][  0]LogConfig: Applying CVar settings from Section [/Script/UnrealEd.CookerSettings] File [D:/Unreal Projects/beatRush/beatRush_WIN/Saved/Config/Windows/Engine.ini]
[2020.10.23-20.49.59:012][  0]LogConfig: Applying CVar settings from Section [ViewDistanceQuality@3] File [D:/Unreal Projects/beatRush/beatRush_WIN/Saved/Config/Windows/Scalability.ini]
[2020.10.23-20.49.59:012][  0]LogConfig: Setting CVar [[r.SkeletalMeshLODBias:0]]
[2020.10.23-20.49.59:012][  0]LogConfig: Setting CVar [[r.ViewDistanceScale:1.0]]
[2020.10.23-20.49.59:012][  0]LogConfig: Applying CVar settings from Section [AntiAliasingQuality@3] File [D:/Unreal Projects/beatRush/beatRush_WIN/Saved/Config/Windows/Scalability.ini]
[2020.10.23-20.49.59:012][  0]LogConfig: Setting CVar [[r.PostProcessAAQuality:4]]
[2020.10.23-20.49.59:012][  0]LogConfig: Applying CVar settings from Section [ShadowQuality@3] File [D:/Unreal Projects/beatRush/beatRush_WIN/Saved/Config/Windows/Scalability.ini]
[2020.10.23-20.49.59:012][  0]LogConfig: Setting CVar [[r.LightFunctionQuality:1]]
[2020.10.23-20.49.59:012][  0]LogConfig: Setting CVar [[r.ShadowQuality:5]]
[2020.10.23-20.49.59:012][  0]LogConfig: Setting CVar [[r.Shadow.CSM.MaxCascades:10]]
[2020.10.23-20.49.59:012][  0]LogConfig: Setting CVar [[r.Shadow.MaxResolution:2048]]
[2020.10.23-20.49.59:012][  0]LogConfig: Setting CVar [[r.Shadow.MaxCSMResolution:2048]]
[2020.10.23-20.49.59:012][  0]LogConfig: Setting CVar [[r.Shadow.RadiusThreshold:0.01]]
[2020.10.23-20.49.59:012][  0]LogConfig: Setting CVar [[r.Shadow.DistanceScale:1.0]]
[2020.10.23-20.49.59:012][  0]LogConfig: Setting CVar [[r.Shadow.CSM.TransitionScale:1.0]]
[2020.10.23-20.49.59:012][  0]LogConfig: Setting CVar [[r.Shadow.PreShadowResolutionFactor:1.0]]
[2020.10.23-20.49.59:012][  0]LogConfig: Setting CVar [[r.DistanceFieldShadowing:1]]
[2020.10.23-20.49.59:012][  0]LogConfig: Setting CVar [[r.DistanceFieldAO:1]]
[2020.10.23-20.49.59:012][  0]LogConfig: Setting CVar [[r.AOQuality:2]]
[2020.10.23-20.49.59:012][  0]LogConfig: Setting CVar [[r.VolumetricFog:1]]
[2020.10.23-20.49.59:012][  0]LogConfig: Setting CVar [[r.VolumetricFog.GridPixelSize:8]]
[2020.10.23-20.49.59:012][  0]LogConfig: Setting CVar [[r.VolumetricFog.GridSizeZ:128]]
[2020.10.23-20.49.59:012][  0]LogConfig: Setting CVar [[r.VolumetricFog.HistoryMissSupersampleCount:4]]
[2020.10.23-20.49.59:012][  0]LogConfig: Setting CVar [[r.LightMaxDrawDistanceScale:1]]
[2020.10.23-20.49.59:012][  0]LogConfig: Setting CVar [[r.CapsuleShadows:1]]
[2020.10.23-20.49.59:012][  0]LogConfig: Applying CVar settings from Section [PostProcessQuality@3] File [D:/Unreal Projects/beatRush/beatRush_WIN/Saved/Config/Windows/Scalability.ini]
[2020.10.23-20.49.59:012][  0]LogConfig: Setting CVar [[r.MotionBlurQuality:4]]
[2020.10.23-20.49.59:012][  0]LogConfig: Setting CVar [[r.AmbientOcclusionMipLevelFactor:0.4]]
[2020.10.23-20.49.59:012][  0]LogConfig: Setting CVar [[r.AmbientOcclusionMaxQuality:100]]
[2020.10.23-20.49.59:012][  0]LogConfig: Setting CVar [[r.AmbientOcclusionLevels:-1]]
[2020.10.23-20.49.59:012][  0]LogConfig: Setting CVar [[r.AmbientOcclusionRadiusScale:1.0]]
[2020.10.23-20.49.59:012][  0]LogConfig: Setting CVar [[r.DepthOfFieldQuality:2]]
[2020.10.23-20.49.59:012][  0]LogConfig: Setting CVar [[r.RenderTargetPoolMin:400]]
[2020.10.23-20.49.59:012][  0]LogConfig: Setting CVar [[r.LensFlareQuality:2]]
[2020.10.23-20.49.59:012][  0]LogConfig: Setting CVar [[r.SceneColorFringeQuality:1]]
[2020.10.23-20.49.59:012][  0]LogConfig: Setting CVar [[r.EyeAdaptationQuality:2]]
[2020.10.23-20.49.59:012][  0]LogConfig: Setting CVar [[r.BloomQuality:5]]
[2020.10.23-20.49.59:012][  0]LogConfig: Setting CVar [[r.FastBlurThreshold:100]]
[2020.10.23-20.49.59:012][  0]LogConfig: Setting CVar [[r.Upscale.Quality:3]]
[2020.10.23-20.49.59:012][  0]LogConfig: Setting CVar [[r.Tonemapper.GrainQuantization:1]]
[2020.10.23-20.49.59:012][  0]LogConfig: Setting CVar [[r.LightShaftQuality:1]]
[2020.10.23-20.49.59:012][  0]LogConfig: Setting CVar [[r.Filter.SizeScale:1]]
[2020.10.23-20.49.59:013][  0]LogConfig: Setting CVar [[r.Tonemapper.Quality:5]]
[2020.10.23-20.49.59:013][  0]LogConfig: Setting CVar [[r.DOF.Gather.AccumulatorQuality:1        ; higher gathering accumulator quality]]
[2020.10.23-20.49.59:013][  0]LogConfig: Setting CVar [[r.DOF.Gather.PostfilterMethod:1          ; Median3x3 postfilering method]]
[2020.10.23-20.49.59:013][  0]LogConfig: Setting CVar [[r.DOF.Gather.EnableBokehSettings:0       ; no bokeh simulation when gathering]]
[2020.10.23-20.49.59:013][  0]LogConfig: Setting CVar [[r.DOF.Gather.RingCount:4                 ; medium number of samples when gathering]]
[2020.10.23-20.49.59:013][  0]LogConfig: Setting CVar [[r.DOF.Scatter.ForegroundCompositing:1    ; additive foreground scattering]]
[2020.10.23-20.49.59:013][  0]LogConfig: Setting CVar [[r.DOF.Scatter.BackgroundCompositing:2    ; additive background scattering]]
[2020.10.23-20.49.59:013][  0]LogConfig: Setting CVar [[r.DOF.Scatter.EnableBokehSettings:1      ; bokeh simulation when scattering]]
[2020.10.23-20.49.59:013][  0]LogConfig: Setting CVar [[r.DOF.Scatter.MaxSpriteRatio:0.1         ; only a maximum of 10% of scattered bokeh]]
[2020.10.23-20.49.59:013][  0]LogConfig: Setting CVar [[r.DOF.Recombine.Quality:1                ; cheap slight out of focus]]
[2020.10.23-20.49.59:013][  0]LogConfig: Setting CVar [[r.DOF.Recombine.EnableBokehSettings:0    ; no bokeh simulation on slight out of focus]]
[2020.10.23-20.49.59:013][  0]LogConfig: Setting CVar [[r.DOF.TemporalAAQuality:1                ; more stable temporal accumulation]]
[2020.10.23-20.49.59:013][  0]LogConfig: Setting CVar [[r.DOF.Kernel.MaxForegroundRadius:0.025]]
[2020.10.23-20.49.59:013][  0]LogConfig: Setting CVar [[r.DOF.Kernel.MaxBackgroundRadius:0.025]]
[2020.10.23-20.49.59:013][  0]LogConfig: Applying CVar settings from Section [TextureQuality@3] File [D:/Unreal Projects/beatRush/beatRush_WIN/Saved/Config/Windows/Scalability.ini]
[2020.10.23-20.49.59:013][  0]LogConfig: Setting CVar [[r.Streaming.MipBias:0]]
[2020.10.23-20.49.59:013][  0]LogConfig: Setting CVar [[r.Streaming.AmortizeCPUToGPUCopy:0]]
[2020.10.23-20.49.59:013][  0]LogConfig: Setting CVar [[r.Streaming.MaxNumTexturesToStreamPerFrame:0]]
[2020.10.23-20.49.59:013][  0]LogConfig: Setting CVar [[r.Streaming.Boost:1]]
[2020.10.23-20.49.59:013][  0]LogConfig: Setting CVar [[r.MaxAnisotropy:8]]
[2020.10.23-20.49.59:013][  0]LogConfig: Setting CVar [[r.VT.MaxAnisotropy:8]]
[2020.10.23-20.49.59:013][  0]LogConfig: Setting CVar [[r.Streaming.LimitPoolSizeToVRAM:0]]
[2020.10.23-20.49.59:013][  0]LogConfig: Setting CVar [[r.Streaming.PoolSize:1000]]
[2020.10.23-20.49.59:013][  0]LogConfig: Setting CVar [[r.Streaming.MaxEffectiveScreenSize:0]]
[2020.10.23-20.49.59:013][  0]LogConfig: Applying CVar settings from Section [EffectsQuality@3] File [D:/Unreal Projects/beatRush/beatRush_WIN/Saved/Config/Windows/Scalability.ini]
[2020.10.23-20.49.59:013][  0]LogConfig: Setting CVar [[r.TranslucencyLightingVolumeDim:64]]
[2020.10.23-20.49.59:013][  0]LogConfig: Setting CVar [[r.RefractionQuality:2]]
[2020.10.23-20.49.59:013][  0]LogConfig: Setting CVar [[r.SSR.Quality:3]]
[2020.10.23-20.49.59:013][  0]LogConfig: Setting CVar [[r.SSR.HalfResSceneColor:0]]
[2020.10.23-20.49.59:013][  0]LogConfig: Setting CVar [[r.SceneColorFormat:4]]
[2020.10.23-20.49.59:013][  0]LogConfig: Setting CVar [[r.DetailMode:2]]
[2020.10.23-20.49.59:013][  0]LogConfig: Setting CVar [[r.TranslucencyVolumeBlur:1]]
[2020.10.23-20.49.59:013][  0]LogConfig: Setting CVar [[r.MaterialQualityLevel:1 ; High quality]]
[2020.10.23-20.49.59:013][  0]LogConfig: Setting CVar [[r.SSS.Scale:1]]
[2020.10.23-20.49.59:013][  0]LogConfig: Setting CVar [[r.SSS.SampleSet:2]]
[2020.10.23-20.49.59:013][  0]LogConfig: Setting CVar [[r.SSS.Quality:1]]
[2020.10.23-20.49.59:013][  0]LogConfig: Setting CVar [[r.SSS.HalfRes:0]]
[2020.10.23-20.49.59:013][  0]LogConfig: Setting CVar [[r.SSGI.Quality:3]]
[2020.10.23-20.49.59:013][  0]LogConfig: Setting CVar [[r.EmitterSpawnRateScale:1.0]]
[2020.10.23-20.49.59:013][  0]LogConfig: Setting CVar [[r.ParticleLightQuality:2]]
[2020.10.23-20.49.59:013][  0]LogConfig: Setting CVar [[r.SkyAtmosphere.AerialPerspectiveLUT.FastApplyOnOpaque:1 ; Always have FastSkyLUT 1 in this case to avoid wrong sky]]
[2020.10.23-20.49.59:013][  0]LogConfig: Setting CVar [[r.SkyAtmosphere.AerialPerspectiveLUT.SampleCountPerSlice:1]]
[2020.10.23-20.49.59:013][  0]LogConfig: Setting CVar [[r.SkyAtmosphere.AerialPerspectiveLUT.DepthResolution:16.0]]
[2020.10.23-20.49.59:013][  0]LogConfig: Setting CVar [[r.SkyAtmosphere.FastSkyLUT:1]]
[2020.10.23-20.49.59:013][  0]LogConfig: Setting CVar [[r.SkyAtmosphere.FastSkyLUT.SampleCountMin:4.0]]
[2020.10.23-20.49.59:013][  0]LogConfig: Setting CVar [[r.SkyAtmosphere.FastSkyLUT.SampleCountMax:32.0]]
[2020.10.23-20.49.59:013][  0]LogConfig: Setting CVar [[r.SkyAtmosphere.SampleCountMin:4.0]]
[2020.10.23-20.49.59:013][  0]LogConfig: Setting CVar [[r.SkyAtmosphere.SampleCountMax:32.0]]
[2020.10.23-20.49.59:013][  0]LogConfig: Setting CVar [[r.SkyAtmosphere.TransmittanceLUT.UseSmallFormat:0]]
[2020.10.23-20.49.59:013][  0]LogConfig: Setting CVar [[r.SkyAtmosphere.TransmittanceLUT.SampleCount:10.0]]
[2020.10.23-20.49.59:013][  0]LogConfig: Setting CVar [[r.SkyAtmosphere.MultiScatteringLUT.SampleCount:15.0]]
[2020.10.23-20.49.59:013][  0]LogConfig: Applying CVar settings from Section [FoliageQuality@3] File [D:/Unreal Projects/beatRush/beatRush_WIN/Saved/Config/Windows/Scalability.ini]
[2020.10.23-20.49.59:013][  0]LogConfig: Setting CVar [[foliage.DensityScale:1.0]]
[2020.10.23-20.49.59:013][  0]LogConfig: Setting CVar [[grass.DensityScale:1.0]]
[2020.10.23-20.49.59:013][  0]LogConfig: Applying CVar settings from Section [ShadingQuality@3] File [D:/Unreal Projects/beatRush/beatRush_WIN/Saved/Config/Windows/Scalability.ini]
[2020.10.23-20.49.59:013][  0]LogConfig: Setting CVar [[r.HairStrands.SkyLighting.SampleCount:16]]
[2020.10.23-20.49.59:013][  0]LogConfig: Setting CVar [[r.HairStrands.SkyLighting.JitterIntegration:0]]
[2020.10.23-20.49.59:013][  0]LogConfig: Setting CVar [[r.HairStrands.SkyAO.SampleCount:16]]
[2020.10.23-20.49.59:013][  0]LogConfig: Setting CVar [[r.HairStrands.DeepShadow.SuperSampling:0]]
[2020.10.23-20.49.59:013][  0]LogConfig: Setting CVar [[r.HairStrands.VisibilityPPLL:0]]
[2020.10.23-20.49.59:013][  0]LogConfig: Setting CVar [[r.HairStrands.RasterizationScale:0.5]]
[2020.10.23-20.49.59:013][  0]LogConfig: Setting CVar [[r.HairStrands.VelocityRasterizationScale:1]]
[2020.10.23-20.49.59:013][  0]LogModuleManager: Warning: ModuleManager: Unable to load module 'ExampleDeviceProfileSelector'  - 0 instances of that module name found.
[2020.10.23-20.49.59:013][  0]LogInit: Applying CVar settings loaded from the selected device profile: [Windows]
[2020.10.23-20.49.59:013][  0]LogHAL: Display: Platform has ~ 32 GB [34316906496 / 34359738368 / 32], which maps to Largest [LargestMinGB=32, LargerMinGB=12, DefaultMinGB=8, SmallerMinGB=6, SmallestMinGB=0)
[2020.10.23-20.49.59:013][  0]LogInit: Going up to parent DeviceProfile []
[2020.10.23-20.49.59:014][  0]LogConfig: Applying CVar settings from Section [ViewDistanceQuality@3] File [D:/Unreal Projects/beatRush/beatRush_WIN/Saved/Config/Windows/Scalability.ini]
[2020.10.23-20.49.59:014][  0]LogConfig: Setting CVar [[r.SkeletalMeshLODBias:0]]
[2020.10.23-20.49.59:014][  0]LogConfig: Setting CVar [[r.ViewDistanceScale:1.0]]
[2020.10.23-20.49.59:014][  0]LogConfig: Applying CVar settings from Section [AntiAliasingQuality@3] File [D:/Unreal Projects/beatRush/beatRush_WIN/Saved/Config/Windows/Scalability.ini]
[2020.10.23-20.49.59:014][  0]LogConfig: Setting CVar [[r.PostProcessAAQuality:4]]
[2020.10.23-20.49.59:014][  0]LogConfig: Applying CVar settings from Section [ShadowQuality@3] File [D:/Unreal Projects/beatRush/beatRush_WIN/Saved/Config/Windows/Scalability.ini]
[2020.10.23-20.49.59:014][  0]LogConfig: Setting CVar [[r.LightFunctionQuality:1]]
[2020.10.23-20.49.59:014][  0]LogConfig: Setting CVar [[r.ShadowQuality:5]]
[2020.10.23-20.49.59:014][  0]LogConfig: Setting CVar [[r.Shadow.CSM.MaxCascades:10]]
[2020.10.23-20.49.59:014][  0]LogConfig: Setting CVar [[r.Shadow.MaxResolution:2048]]
[2020.10.23-20.49.59:014][  0]LogConfig: Setting CVar [[r.Shadow.MaxCSMResolution:2048]]
[2020.10.23-20.49.59:014][  0]LogConfig: Setting CVar [[r.Shadow.RadiusThreshold:0.01]]
[2020.10.23-20.49.59:014][  0]LogConfig: Setting CVar [[r.Shadow.DistanceScale:1.0]]
[2020.10.23-20.49.59:014][  0]LogConfig: Setting CVar [[r.Shadow.CSM.TransitionScale:1.0]]
[2020.10.23-20.49.59:014][  0]LogConfig: Setting CVar [[r.Shadow.PreShadowResolutionFactor:1.0]]
[2020.10.23-20.49.59:014][  0]LogConfig: Setting CVar [[r.DistanceFieldShadowing:1]]
[2020.10.23-20.49.59:014][  0]LogConfig: Setting CVar [[r.DistanceFieldAO:1]]
[2020.10.23-20.49.59:014][  0]LogConfig: Setting CVar [[r.AOQuality:2]]
[2020.10.23-20.49.59:014][  0]LogConfig: Setting CVar [[r.VolumetricFog:1]]
[2020.10.23-20.49.59:014][  0]LogConfig: Setting CVar [[r.VolumetricFog.GridPixelSize:8]]
[2020.10.23-20.49.59:014][  0]LogConfig: Setting CVar [[r.VolumetricFog.GridSizeZ:128]]
[2020.10.23-20.49.59:014][  0]LogConfig: Setting CVar [[r.VolumetricFog.HistoryMissSupersampleCount:4]]
[2020.10.23-20.49.59:014][  0]LogConfig: Setting CVar [[r.LightMaxDrawDistanceScale:1]]
[2020.10.23-20.49.59:014][  0]LogConfig: Setting CVar [[r.CapsuleShadows:1]]
[2020.10.23-20.49.59:014][  0]LogConfig: Applying CVar settings from Section [PostProcessQuality@3] File [D:/Unreal Projects/beatRush/beatRush_WIN/Saved/Config/Windows/Scalability.ini]
[2020.10.23-20.49.59:014][  0]LogConfig: Setting CVar [[r.MotionBlurQuality:4]]
[2020.10.23-20.49.59:014][  0]LogConfig: Setting CVar [[r.AmbientOcclusionMipLevelFactor:0.4]]
[2020.10.23-20.49.59:014][  0]LogConfig: Setting CVar [[r.AmbientOcclusionMaxQuality:100]]
[2020.10.23-20.49.59:014][  0]LogConfig: Setting CVar [[r.AmbientOcclusionLevels:-1]]
[2020.10.23-20.49.59:014][  0]LogConfig: Setting CVar [[r.AmbientOcclusionRadiusScale:1.0]]
[2020.10.23-20.49.59:014][  0]LogConfig: Setting CVar [[r.DepthOfFieldQuality:2]]
[2020.10.23-20.49.59:014][  0]LogConfig: Setting CVar [[r.RenderTargetPoolMin:400]]
[2020.10.23-20.49.59:014][  0]LogConfig: Setting CVar [[r.LensFlareQuality:2]]
[2020.10.23-20.49.59:014][  0]LogConfig: Setting CVar [[r.SceneColorFringeQuality:1]]
[2020.10.23-20.49.59:014][  0]LogConfig: Setting CVar [[r.EyeAdaptationQuality:2]]
[2020.10.23-20.49.59:014][  0]LogConfig: Setting CVar [[r.BloomQuality:5]]
[2020.10.23-20.49.59:014][  0]LogConfig: Setting CVar [[r.FastBlurThreshold:100]]
[2020.10.23-20.49.59:014][  0]LogConfig: Setting CVar [[r.Upscale.Quality:3]]
[2020.10.23-20.49.59:014][  0]LogConfig: Setting CVar [[r.Tonemapper.GrainQuantization:1]]
[2020.10.23-20.49.59:014][  0]LogConfig: Setting CVar [[r.LightShaftQuality:1]]
[2020.10.23-20.49.59:014][  0]LogConfig: Setting CVar [[r.Filter.SizeScale:1]]
[2020.10.23-20.49.59:014][  0]LogConfig: Setting CVar [[r.Tonemapper.Quality:5]]
[2020.10.23-20.49.59:014][  0]LogConfig: Setting CVar [[r.DOF.Gather.AccumulatorQuality:1        ; higher gathering accumulator quality]]
[2020.10.23-20.49.59:014][  0]LogConfig: Setting CVar [[r.DOF.Gather.PostfilterMethod:1          ; Median3x3 postfilering method]]
[2020.10.23-20.49.59:014][  0]LogConfig: Setting CVar [[r.DOF.Gather.EnableBokehSettings:0       ; no bokeh simulation when gathering]]
[2020.10.23-20.49.59:014][  0]LogConfig: Setting CVar [[r.DOF.Gather.RingCount:4                 ; medium number of samples when gathering]]
[2020.10.23-20.49.59:014][  0]LogConfig: Setting CVar [[r.DOF.Scatter.ForegroundCompositing:1    ; additive foreground scattering]]
[2020.10.23-20.49.59:014][  0]LogConfig: Setting CVar [[r.DOF.Scatter.BackgroundCompositing:2    ; additive background scattering]]
[2020.10.23-20.49.59:014][  0]LogConfig: Setting CVar [[r.DOF.Scatter.EnableBokehSettings:1      ; bokeh simulation when scattering]]
[2020.10.23-20.49.59:014][  0]LogConfig: Setting CVar [[r.DOF.Scatter.MaxSpriteRatio:0.1         ; only a maximum of 10% of scattered bokeh]]
[2020.10.23-20.49.59:014][  0]LogConfig: Setting CVar [[r.DOF.Recombine.Quality:1                ; cheap slight out of focus]]
[2020.10.23-20.49.59:014][  0]LogConfig: Setting CVar [[r.DOF.Recombine.EnableBokehSettings:0    ; no bokeh simulation on slight out of focus]]
[2020.10.23-20.49.59:014][  0]LogConfig: Setting CVar [[r.DOF.TemporalAAQuality:1                ; more stable temporal accumulation]]
[2020.10.23-20.49.59:014][  0]LogConfig: Setting CVar [[r.DOF.Kernel.MaxForegroundRadius:0.025]]
[2020.10.23-20.49.59:014][  0]LogConfig: Setting CVar [[r.DOF.Kernel.MaxBackgroundRadius:0.025]]
[2020.10.23-20.49.59:014][  0]LogConfig: Applying CVar settings from Section [TextureQuality@3] File [D:/Unreal Projects/beatRush/beatRush_WIN/Saved/Config/Windows/Scalability.ini]
[2020.10.23-20.49.59:014][  0]LogConfig: Setting CVar [[r.Streaming.MipBias:0]]
[2020.10.23-20.49.59:014][  0]LogConfig: Setting CVar [[r.Streaming.AmortizeCPUToGPUCopy:0]]
[2020.10.23-20.49.59:014][  0]LogConfig: Setting CVar [[r.Streaming.MaxNumTexturesToStreamPerFrame:0]]
[2020.10.23-20.49.59:014][  0]LogConfig: Setting CVar [[r.Streaming.Boost:1]]
[2020.10.23-20.49.59:014][  0]LogConfig: Setting CVar [[r.MaxAnisotropy:8]]
[2020.10.23-20.49.59:014][  0]LogConfig: Setting CVar [[r.VT.MaxAnisotropy:8]]
[2020.10.23-20.49.59:014][  0]LogConfig: Setting CVar [[r.Streaming.LimitPoolSizeToVRAM:0]]
[2020.10.23-20.49.59:014][  0]LogConfig: Setting CVar [[r.Streaming.PoolSize:1000]]
[2020.10.23-20.49.59:014][  0]LogConfig: Setting CVar [[r.Streaming.MaxEffectiveScreenSize:0]]
[2020.10.23-20.49.59:014][  0]LogConfig: Applying CVar settings from Section [EffectsQuality@3] File [D:/Unreal Projects/beatRush/beatRush_WIN/Saved/Config/Windows/Scalability.ini]
[2020.10.23-20.49.59:014][  0]LogConfig: Setting CVar [[r.TranslucencyLightingVolumeDim:64]]
[2020.10.23-20.49.59:014][  0]LogConfig: Setting CVar [[r.RefractionQuality:2]]
[2020.10.23-20.49.59:014][  0]LogConfig: Setting CVar [[r.SSR.Quality:3]]
[2020.10.23-20.49.59:014][  0]LogConfig: Setting CVar [[r.SSR.HalfResSceneColor:0]]
[2020.10.23-20.49.59:014][  0]LogConfig: Setting CVar [[r.SceneColorFormat:4]]
[2020.10.23-20.49.59:014][  0]LogConfig: Setting CVar [[r.DetailMode:2]]
[2020.10.23-20.49.59:015][  0]LogConfig: Setting CVar [[r.TranslucencyVolumeBlur:1]]
[2020.10.23-20.49.59:015][  0]LogConfig: Setting CVar [[r.MaterialQualityLevel:1 ; High quality]]
[2020.10.23-20.49.59:015][  0]LogConfig: Setting CVar [[r.SSS.Scale:1]]
[2020.10.23-20.49.59:015][  0]LogConfig: Setting CVar [[r.SSS.SampleSet:2]]
[2020.10.23-20.49.59:015][  0]LogConfig: Setting CVar [[r.SSS.Quality:1]]
[2020.10.23-20.49.59:015][  0]LogConfig: Setting CVar [[r.SSS.HalfRes:0]]
[2020.10.23-20.49.59:015][  0]LogConfig: Setting CVar [[r.SSGI.Quality:3]]
[2020.10.23-20.49.59:015][  0]LogConfig: Setting CVar [[r.EmitterSpawnRateScale:1.0]]
[2020.10.23-20.49.59:015][  0]LogConfig: Setting CVar [[r.ParticleLightQuality:2]]
[2020.10.23-20.49.59:015][  0]LogConfig: Setting CVar [[r.SkyAtmosphere.AerialPerspectiveLUT.FastApplyOnOpaque:1 ; Always have FastSkyLUT 1 in this case to avoid wrong sky]]
[2020.10.23-20.49.59:015][  0]LogConfig: Setting CVar [[r.SkyAtmosphere.AerialPerspectiveLUT.SampleCountPerSlice:1]]
[2020.10.23-20.49.59:015][  0]LogConfig: Setting CVar [[r.SkyAtmosphere.AerialPerspectiveLUT.DepthResolution:16.0]]
[2020.10.23-20.49.59:015][  0]LogConfig: Setting CVar [[r.SkyAtmosphere.FastSkyLUT:1]]
[2020.10.23-20.49.59:015][  0]LogConfig: Setting CVar [[r.SkyAtmosphere.FastSkyLUT.SampleCountMin:4.0]]
[2020.10.23-20.49.59:015][  0]LogConfig: Setting CVar [[r.SkyAtmosphere.FastSkyLUT.SampleCountMax:32.0]]
[2020.10.23-20.49.59:015][  0]LogConfig: Setting CVar [[r.SkyAtmosphere.SampleCountMin:4.0]]
[2020.10.23-20.49.59:015][  0]LogConfig: Setting CVar [[r.SkyAtmosphere.SampleCountMax:32.0]]
[2020.10.23-20.49.59:015][  0]LogConfig: Setting CVar [[r.SkyAtmosphere.TransmittanceLUT.UseSmallFormat:0]]
[2020.10.23-20.49.59:015][  0]LogConfig: Setting CVar [[r.SkyAtmosphere.TransmittanceLUT.SampleCount:10.0]]
[2020.10.23-20.49.59:015][  0]LogConfig: Setting CVar [[r.SkyAtmosphere.MultiScatteringLUT.SampleCount:15.0]]
[2020.10.23-20.49.59:015][  0]LogConfig: Applying CVar settings from Section [FoliageQuality@3] File [D:/Unreal Projects/beatRush/beatRush_WIN/Saved/Config/Windows/Scalability.ini]
[2020.10.23-20.49.59:015][  0]LogConfig: Setting CVar [[foliage.DensityScale:1.0]]
[2020.10.23-20.49.59:015][  0]LogConfig: Setting CVar [[grass.DensityScale:1.0]]
[2020.10.23-20.49.59:015][  0]LogConfig: Applying CVar settings from Section [ShadingQuality@3] File [D:/Unreal Projects/beatRush/beatRush_WIN/Saved/Config/Windows/Scalability.ini]
[2020.10.23-20.49.59:015][  0]LogConfig: Setting CVar [[r.HairStrands.SkyLighting.SampleCount:16]]
[2020.10.23-20.49.59:015][  0]LogConfig: Setting CVar [[r.HairStrands.SkyLighting.JitterIntegration:0]]
[2020.10.23-20.49.59:015][  0]LogConfig: Setting CVar [[r.HairStrands.SkyAO.SampleCount:16]]
[2020.10.23-20.49.59:015][  0]LogConfig: Setting CVar [[r.HairStrands.DeepShadow.SuperSampling:0]]
[2020.10.23-20.49.59:015][  0]LogConfig: Setting CVar [[r.HairStrands.VisibilityPPLL:0]]
[2020.10.23-20.49.59:015][  0]LogConfig: Setting CVar [[r.HairStrands.RasterizationScale:0.5]]
[2020.10.23-20.49.59:015][  0]LogConfig: Setting CVar [[r.HairStrands.VelocityRasterizationScale:1]]
[2020.10.23-20.49.59:015][  0]LogConfig: Applying CVar settings from Section [Startup] File [../../../Engine/Config/ConsoleVariables.ini]
[2020.10.23-20.49.59:015][  0]LogConfig: Setting CVar [[net.UseAdaptiveNetUpdateFrequency:0]]
[2020.10.23-20.49.59:015][  0]LogConfig: Setting CVar [[p.chaos.AllowCreatePhysxBodies:1]]
[2020.10.23-20.49.59:015][  0]LogConfig: Applying CVar settings from Section [ConsoleVariables] File [D:/Unreal Projects/beatRush/beatRush_WIN/Saved/Config/Windows/Engine.ini]
[2020.10.23-20.49.59:015][  0]LogInit: Computer: DESKTOP-5TNL4UV
[2020.10.23-20.49.59:015][  0]LogInit: User: simto
[2020.10.23-20.49.59:015][  0]LogInit: CPU Page size=4096, Cores=4
[2020.10.23-20.49.59:015][  0]LogInit: High frequency timer resolution =10.000000 MHz
[2020.10.23-20.49.59:016][  0]LogMemory: Memory total: Physical=32.0GB (32GB approx)
[2020.10.23-20.49.59:016][  0]LogMemory: Platform Memory Stats for Windows
[2020.10.23-20.49.59:016][  0]LogMemory: Process Physical Memory: 114.11 MB used, 114.12 MB peak
[2020.10.23-20.49.59:016][  0]LogMemory: Process Virtual Memory: 103.08 MB used, 103.08 MB peak
[2020.10.23-20.49.59:016][  0]LogMemory: Physical Memory: 12907.99 MB used,  19819.16 MB free, 32727.15 MB total
[2020.10.23-20.49.59:016][  0]LogMemory: Virtual Memory: 5156.77 MB used,  134212568.00 MB free, 134217728.00 MB total
[2020.10.23-20.49.59:561][  0]LogWindows: WindowsPlatformFeatures enabled
[2020.10.23-20.49.59:609][  0]LogInit: Physics initialised using underlying interface: PhysX
[2020.10.23-20.49.59:609][  0]LogInit: Using OS detected language (en-US).
[2020.10.23-20.49.59:609][  0]LogInit: Using OS detected locale (en-US).
[2020.10.23-20.49.59:611][  0]LogTextLocalizationManager: No specific localization for 'en-US' exists, so the 'en' localization will be used.
[2020.10.23-20.50.00:370][  0]LogTargetPlatformManager: Display: Loaded TargetPlatform 'AllDesktop'
[2020.10.23-20.50.00:400][  0]LogTargetPlatformManager: Display: Loaded TargetPlatform 'Android'
[2020.10.23-20.50.00:400][  0]LogTargetPlatformManager: Display: Loaded TargetPlatform 'Android_ASTC'
[2020.10.23-20.50.00:400][  0]LogTargetPlatformManager: Display: Loaded TargetPlatform 'Android_DXT'
[2020.10.23-20.50.00:400][  0]LogTargetPlatformManager: Display: Loaded TargetPlatform 'Android_ETC2'
[2020.10.23-20.50.00:400][  0]LogTargetPlatformManager: Display: Loaded TargetPlatform 'AndroidClient'
[2020.10.23-20.50.00:400][  0]LogTargetPlatformManager: Display: Loaded TargetPlatform 'Android_ASTCClient'
[2020.10.23-20.50.00:400][  0]LogTargetPlatformManager: Display: Loaded TargetPlatform 'Android_DXTClient'
[2020.10.23-20.50.00:400][  0]LogTargetPlatformManager: Display: Loaded TargetPlatform 'Android_ETC2Client'
[2020.10.23-20.50.00:400][  0]LogTargetPlatformManager: Display: Loaded TargetPlatform 'Android_Multi'
[2020.10.23-20.50.00:400][  0]LogTargetPlatformManager: Display: Loaded TargetPlatform 'Android_MultiClient'
[2020.10.23-20.50.00:418][  0]LogInit: WinSock: version 1.1 (2.2), MaxSocks=32767, MaxUdp=65467
[2020.10.23-20.50.00:426][  0]LogTargetPlatformManager: Display: Loaded TargetPlatform 'IOSClient'
[2020.10.23-20.50.00:427][  0]LogTargetPlatformManager: Display: Loaded TargetPlatform 'IOS'
[2020.10.23-20.50.00:442][  0]LogTargetPlatformManager: Display: Loaded TargetPlatform 'Linux'
[2020.10.23-20.50.00:453][  0]LogTargetPlatformManager: Display: Loaded TargetPlatform 'LinuxNoEditor'
[2020.10.23-20.50.00:464][  0]LogTargetPlatformManager: Display: Loaded TargetPlatform 'LinuxClient'
[2020.10.23-20.50.00:476][  0]LogTargetPlatformManager: Display: Loaded TargetPlatform 'LinuxServer'
[2020.10.23-20.50.00:486][  0]LogTargetPlatformManager: Display: Loaded TargetPlatform 'LinuxAArch64NoEditor'
[2020.10.23-20.50.00:495][  0]LogTargetPlatformManager: Display: Loaded TargetPlatform 'LinuxAArch64Client'
[2020.10.23-20.50.00:505][  0]LogTargetPlatformManager: Display: Loaded TargetPlatform 'LinuxAArch64Server'
[2020.10.23-20.50.00:536][  0]LogTargetPlatformManager: Display: Loaded TargetPlatform 'Lumin'
[2020.10.23-20.50.00:536][  0]LogTargetPlatformManager: Display: Loaded TargetPlatform 'LuminClient'
[2020.10.23-20.50.00:562][  0]LogTargetPlatformManager: Display: Loaded TargetPlatform 'TVOSClient'
[2020.10.23-20.50.00:563][  0]LogTargetPlatformManager: Display: Loaded TargetPlatform 'TVOS'
[2020.10.23-20.50.00:573][  0]LogTargetPlatformManager: Display: Loaded TargetPlatform 'WindowsNoEditor'
[2020.10.23-20.50.00:587][  0]LogTargetPlatformManager: Display: Loaded TargetPlatform 'Windows'
[2020.10.23-20.50.00:603][  0]LogTargetPlatformManager: Display: Loaded TargetPlatform 'WindowsClient'
[2020.10.23-20.50.00:616][  0]LogTargetPlatformManager: Display: Loaded TargetPlatform 'WindowsServer'
[2020.10.23-20.50.00:616][  0]LogTargetPlatformManager: Display: Building Assets For Windows
[2020.10.23-20.50.00:624][  0]LogAudioDebug: Display: Lib vorbis DLL was dynamically loaded.
[2020.10.23-20.50.00:686][  0]LogShaderCompilers: Guid format shader working directory is -4 characters bigger than the processId version (../../../../Unreal Projects/beatRush/beatRush_WIN/Intermediate/Shaders/WorkingDirectory/23232/).
[2020.10.23-20.50.00:686][  0]LogShaderCompilers: Cleaned the shader compiler working directory 'C:/Users/simto/AppData/Local/Temp/UnrealShaderWorkingDir/7CC1A1F74BF5C78429410A85EA7340D8/'.
[2020.10.23-20.50.00:687][  0]LogShaderCompilers: Display: Using XGE Shader Compiler (Interception Interface).
[2020.10.23-20.50.01:847][  0]LogDerivedDataCache: Display: Max Cache Size: 512 MB
[2020.10.23-20.50.01:896][  0]LogDerivedDataCache: Loaded boot cache 0.05s 77MB C:/Users/simto/AppData/Local/UnrealEngine/4.25/DerivedDataCache/Boot.ddc.
[2020.10.23-20.50.01:896][  0]LogDerivedDataCache: Display: Loaded Boot cache: C:/Users/simto/AppData/Local/UnrealEngine/4.25/DerivedDataCache/Boot.ddc
[2020.10.23-20.50.01:896][  0]LogDerivedDataCache: FDerivedDataBackendGraph:  Pak pak cache file ../../../../Unreal Projects/beatRush/beatRush_WIN/DerivedDataCache/DDC.ddp not found, will not use a pak cache.
[2020.10.23-20.50.01:896][  0]LogDerivedDataCache: Unable to find inner node Pak for hierarchical cache Hierarchy.
[2020.10.23-20.50.01:896][  0]LogDerivedDataCache: FDerivedDataBackendGraph:  CompressedPak pak cache file ../../../../Unreal Projects/beatRush/beatRush_WIN/DerivedDataCache/Compressed.ddp not found, will not use a pak cache.
[2020.10.23-20.50.01:897][  0]LogDerivedDataCache: Unable to find inner node CompressedPak for hierarchical cache Hierarchy.
[2020.10.23-20.50.01:911][  0]LogDerivedDataCache: Display: Pak cache opened for reading ../../../Engine/DerivedDataCache/Compressed.ddp.
[2020.10.23-20.50.01:911][  0]LogDerivedDataCache: FDerivedDataBackendGraph:  EnterprisePak pak cache file ../../../Enterprise/DerivedDataCache/Compressed.ddp not found, will not use a pak cache.
[2020.10.23-20.50.01:911][  0]LogDerivedDataCache: Unable to find inner node EnterprisePak for hierarchical cache Hierarchy.
[2020.10.23-20.50.01:913][  0]LogDerivedDataCache: Using Local data cache path C:/Users/simto/AppData/Local/UnrealEngine/Common/DerivedDataCache: Writable
[2020.10.23-20.50.01:913][  0]LogDerivedDataCache: Shared data cache path not found in *engine.ini, will not use an Shared cache.
[2020.10.23-20.50.01:913][  0]LogDerivedDataCache: Unable to find inner node Shared for hierarchical cache Hierarchy.
[2020.10.23-20.50.02:018][  0]LogAssetRegistry: FAssetRegistry took 0.0026 seconds to start up
[2020.10.23-20.50.02:435][  0]LogModuleManager: Warning: ModuleManager: Unable to load module 'ExampleDeviceProfileSelector'  - 0 instances of that module name found.
[2020.10.23-20.50.02:441][  0]LogUObjectGlobals: Warning: Failed to load '/Script/AIModule': Can't find file.
[2020.10.23-20.50.02:441][  0]LogUObjectGlobals: Warning: Failed to load '/Script/AIModule': Can't find file.
[2020.10.23-20.50.02:441][  0]LogUObjectGlobals: Warning: Failed to find object 'Class /Script/AIModule.AIController'
[2020.10.23-20.50.02:476][  0]LogMeshReduction: Using QuadricMeshReduction for automatic static mesh reduction
[2020.10.23-20.50.02:476][  0]LogMeshReduction: No automatic skeletal mesh reduction module available
[2020.10.23-20.50.02:476][  0]LogMeshReduction: No automatic mesh merging module available
[2020.10.23-20.50.02:476][  0]LogMeshReduction: No distributed automatic mesh merging module available
[2020.10.23-20.50.02:476][  0]LogMeshMerging: No automatic mesh merging module available
[2020.10.23-20.50.02:476][  0]LogMeshMerging: No distributed automatic mesh merging module available
[2020.10.23-20.50.02:487][  0]LogNetVersion: beatRush_WIN 1.0.0, NetCL: 13144385, EngineNetVer: 14, GameNetVer: 0 (Checksum: 3782746749)
[2020.10.23-20.50.02:792][  0]LogPackageLocalizationCache: Processed 13 localized package path(s) for 1 prioritized culture(s) in 0.043397 seconds
[2020.10.23-20.50.02:882][  0]LogAISub: UAISubsystem::UAISubsystem AISubsystem (000001D48A224100), frame # 0
[2020.10.23-20.50.02:882][  0]LogAISub: UAISubsystem::UAISubsystem AIPerceptionSystem (000001D48A2B0900), frame # 0
[2020.10.23-20.50.02:887][  0]LogAISub: UAISubsystem::UAISubsystem EnvQueryManager (000001D48A28A400), frame # 0
[2020.10.23-20.50.02:910][  0]LogCollectionManager: Loaded 0 collections in 0.003204 seconds
[2020.10.23-20.50.02:913][  0]LogFileCache: Scanning file cache for directory 'D:/Unreal Projects/beatRush/beatRush_WIN/Saved/Collections/' took 0.00s
[2020.10.23-20.50.02:913][  0]LogFileCache: Scanning file cache for directory 'D:/Unreal Projects/beatRush/beatRush_WIN/Content/Developers/simto/Collections/' took 0.00s
[2020.10.23-20.50.02:913][  0]LogFileCache: Scanning file cache for directory 'D:/Unreal Projects/beatRush/beatRush_WIN/Content/Collections/' took 0.00s
[2020.10.23-20.50.02:913][  0]LogCollectionManager: Fixed up redirectors for 0 collections in 0.000005 seconds (updated 0 objects)
[2020.10.23-20.50.02:981][  0]LogUObjectGlobals: Warning: Failed to load '/Game/PointCloudsMorphing/TutorialPointClouds': Can't find file.
[2020.10.23-20.50.02:981][  0]LogUObjectGlobals: Warning: Failed to load '/Game/PointCloudsMorphing/TutorialPointClouds': Can't find file.
[2020.10.23-20.50.02:981][  0]LogUObjectGlobals: Warning: Failed to find object 'Class /Game/PointCloudsMorphing/TutorialPointClouds.TutorialPointClouds_C'
[2020.10.23-20.50.03:078][  0]LogGameAnalyticsAnalytics: Display: FAnalyticsGameAnalytics Constructor
[2020.10.23-20.50.03:130][  0]LogLinker: Warning: Asset '../../Plugins/Runtime/WebBrowserWidget/Content/WebTexture_M.uasset' has been saved with empty engine version. The asset will be loaded but may be incompatible.
[2020.10.23-20.50.03:130][  0]LogLinker: Warning: Asset '../../Plugins/Runtime/WebBrowserWidget/Content/WebTexture_T.uasset' has been saved with empty engine version. The asset will be loaded but may be incompatible.
[2020.10.23-20.50.03:131][  0]LogLinker: Warning: Asset '../../Plugins/Runtime/WebBrowserWidget/Content/WebTexture_TM.uasset' has been saved with empty engine version. The asset will be loaded but may be incompatible.
[2020.10.23-20.50.03:373][  0]LogAndroidPermission: UAndroidPermissionCallbackProxy::GetInstance
[2020.10.23-20.50.03:383][  0]LogOnline: OSS: Creating online subsystem instance for: STEAM
[2020.10.23-20.50.03:383][  0]LogOnline: Display: STEAM: OnlineSubsystemSteam::Shutdown()
[2020.10.23-20.50.03:383][  0]LogSockets: SteamSockets: Disabled due to no Steam OSS running.
[2020.10.23-20.50.03:401][  0]LogUObjectArray: 17042 objects as part of root set at end of initial load.
[2020.10.23-20.50.03:401][  0]LogUObjectAllocator: 4369384 out of 0 bytes used by permanent object pool.
[2020.10.23-20.50.03:401][  0]LogUObjectArray: CloseDisregardForGC: 0/0 objects in disregard for GC pool
[2020.10.23-20.50.03:443][  0]LogInit: Executing Class /Script/UnrealEd.GatherTextCommandlet
[2020.10.23-20.50.03:443][  0]LogInit: Initializing Editor Engine...
[2020.10.23-20.50.03:443][  0]LogEngine: Initializing Engine...
[2020.10.23-20.50.03:446][  0]LogStats: UGameplayTagsManager::InitializeManager -  0.000 s
[2020.10.23-20.50.03:548][  0]LogInit: Initializing FReadOnlyCVARCache
[2020.10.23-20.50.03:554][  0]LogAIModule: Creating AISystem for world Untitled
[2020.10.23-20.50.03:554][  0]LogAISub: UAISubsystem::UAISubsystem EnvQueryManager (000001D48F50C800), frame # 0
[2020.10.23-20.50.03:554][  0]LogAISub: UAISubsystem::UAISubsystem AIPerceptionSystem (000001D48F419080), frame # 0
[2020.10.23-20.50.03:555][  0]LogNetVersion: Set ProjectVersion to 0.779. Version Checksum will be recalculated on next use.
[2020.10.23-20.50.03:568][  0]LogDerivedDataCache: Saved boot cache 0.01s 7MB C:/Users/simto/AppData/Local/UnrealEngine/4.25/DerivedDataCache/Boot.ddc.
[2020.10.23-20.50.03:568][  0]LogInit: Texture streaming: Disabled
[2020.10.23-20.50.03:611][  0]LogInit: Initializing Editor Engine Completed
[2020.10.23-20.50.03:702][  0]LogGatherTextCommandlet: Display: Beginning GatherText Commandlet for '../../../../Unreal Projects/beatRush/beatRush_WIN/Config/Localization/Beat Rush_GenerateReports.ini'
[2020.10.23-20.50.03:702][  0]LogGatherTextCommandlet: Display: Executing GatherTextStep0: GenerateTextLocalizationReportCommandlet
[2020.10.23-20.50.03:711][  0]LogGatherTextCommandlet: Display: Completed GatherTextStep0: GenerateTextLocalizationReportCommandlet in 0.009157 seconds
[2020.10.23-20.50.03:712][  0]LogCore: Engine exit requested (reason: Commandlet GatherTextCommandlet_0 finished execution (result 0))
[2020.10.23-20.50.03:712][  0]LogInit: Display: 
[2020.10.23-20.50.03:712][  0]LogInit: Display: Warning/Error Summary (Unique only)
[2020.10.23-20.50.03:712][  0]LogInit: Display: -----------------------------------
[2020.10.23-20.50.03:712][  0]LogInit: Display: LogModuleManager: Warning: ModuleManager: Unable to load module 'OnlineSubsystemNULL'  - 0 instances of that module name found.
[2020.10.23-20.50.03:713][  0]LogInit: Display: LogOnline: Warning: OSS: TryLoadSubsystemAndSetDefault: LoadSubsystemModule([NULL]) failed
[2020.10.23-20.50.03:713][  0]LogInit: Display: LogModuleManager: Warning: ModuleManager: Unable to load module 'ExampleDeviceProfileSelector'  - 0 instances of that module name found.
[2020.10.23-20.50.03:713][  0]LogInit: Display: LogUObjectGlobals: Warning: Failed to load '/Script/AIModule': Can't find file.
[2020.10.23-20.50.03:714][  0]LogInit: Display: LogUObjectGlobals: Warning: Failed to find object 'Class /Script/AIModule.AIController'
[2020.10.23-20.50.03:714][  0]LogInit: Display: LogUObjectGlobals: Warning: Failed to load '/Game/PointCloudsMorphing/TutorialPointClouds': Can't find file.
[2020.10.23-20.50.03:714][  0]LogInit: Display: LogUObjectGlobals: Warning: Failed to find object 'Class /Game/PointCloudsMorphing/TutorialPointClouds.TutorialPointClouds_C'
[2020.10.23-20.50.03:714][  0]LogInit: Display: LogLinker: Warning: Asset '../../Plugins/Runtime/WebBrowserWidget/Content/WebTexture_M.uasset' has been saved with empty engine version. The asset will be loaded but may be incompatible.
[2020.10.23-20.50.03:715][  0]LogInit: Display: LogLinker: Warning: Asset '../../Plugins/Runtime/WebBrowserWidget/Content/WebTexture_T.uasset' has been saved with empty engine version. The asset will be loaded but may be incompatible.
[2020.10.23-20.50.03:715][  0]LogInit: Display: LogLinker: Warning: Asset '../../Plugins/Runtime/WebBrowserWidget/Content/WebTexture_TM.uasset' has been saved with empty engine version. The asset will be loaded but may be incompatible.
[2020.10.23-20.50.03:716][  0]LogInit: Display: 
[2020.10.23-20.50.03:716][  0]LogInit: Display: Success - 0 error(s), 13 warning(s)
[2020.10.23-20.50.03:717][  0]LogInit: Display: 
Execution of commandlet took:  0.01 seconds
[2020.10.23-20.50.03:717][  0]LogCore: Engine exit requested (reason: EngineExit() was called; note: exit was already requested)
[2020.10.23-20.50.03:717][  0]LogExit: Preparing to exit.
[2020.10.23-20.50.03:725][  0]LogDemo: Cleaned up 0 splitscreen connections with owner deletion
[2020.10.23-20.50.03:726][  0]LogWorld: UWorld::CleanupWorld for None, bSessionEnded=true, bCleanupResources=true
[2020.10.23-20.50.03:726][  0]LogExit: Editor shut down
[2020.10.23-20.50.03:735][  0]LogAISub: UAISubsystem::~UAISubsystem AISubsystem (000001D48A224100), frame # 0
[2020.10.23-20.50.03:735][  0]LogAISub: UAISubsystem::~UAISubsystem AIPerceptionSystem (000001D48A2B0900), frame # 0
[2020.10.23-20.50.03:735][  0]LogAISub: UAISubsystem::~UAISubsystem EnvQueryManager (000001D48A28A400), frame # 0
[2020.10.23-20.50.03:737][  0]LogAISub: UAISubsystem::~UAISubsystem EnvQueryManager (000001D48F50C800), frame # 0
[2020.10.23-20.50.03:737][  0]LogAISub: UAISubsystem::~UAISubsystem AIPerceptionSystem (000001D48F419080), frame # 0
[2020.10.23-20.50.03:760][  0]LogExit: Object subsystem successfully closed.
[2020.10.23-20.50.03:780][  0]LogShaderCompilers: Display: Shaders left to compile 0
[2020.10.23-20.50.03:785][  0]LogModuleManager: Shutting down and abandoning module GooglePADEditor (432)
[2020.10.23-20.50.03:786][  0]LogModuleManager: Shutting down and abandoning module LevelSequenceEditor (430)
[2020.10.23-20.50.03:786][  0]LogModuleManager: Shutting down and abandoning module WmfMediaFactory (428)
[2020.10.23-20.50.03:786][  0]LogModuleManager: Shutting down and abandoning module WmfMediaEditor (426)
[2020.10.23-20.50.03:786][  0]LogModuleManager: Shutting down and abandoning module WebMMediaFactory (424)
[2020.10.23-20.50.03:786][  0]LogModuleManager: Shutting down and abandoning module WebMMediaEditor (422)
[2020.10.23-20.50.03:786][  0]LogModuleManager: Shutting down and abandoning module MfMediaFactory (420)
[2020.10.23-20.50.03:786][  0]LogModuleManager: Shutting down and abandoning module MfMediaEditor (418)
[2020.10.23-20.50.03:786][  0]LogModuleManager: Shutting down and abandoning module MediaPlayerEditor (416)
[2020.10.23-20.50.03:786][  0]LogModuleManager: Shutting down and abandoning module MediaIOEditor (414)
[2020.10.23-20.50.03:786][  0]LogModuleManager: Shutting down and abandoning module MediaFrameworkUtilitiesEditor (412)
[2020.10.23-20.50.03:786][  0]LogModuleManager: Shutting down and abandoning module TextureAlignMode (410)
[2020.10.23-20.50.03:786][  0]LogModuleManager: Shutting down and abandoning module BspMode (408)
[2020.10.23-20.50.03:786][  0]LogModuleManager: Shutting down and abandoning module PlacementMode (407)
[2020.10.23-20.50.03:786][  0]LogModuleManager: Shutting down and abandoning module GeometryMode (404)
[2020.10.23-20.50.03:786][  0]LogModuleManager: Shutting down and abandoning module CameraShakePreviewer (402)
[2020.10.23-20.50.03:786][  0]LogModuleManager: Shutting down and abandoning module ToolMenus (400)
[2020.10.23-20.50.03:786][  0]LogModuleManager: Shutting down and abandoning module LiveCoding (398)
[2020.10.23-20.50.03:786][  0]LogModuleManager: Shutting down and abandoning module LevelSequence (396)
[2020.10.23-20.50.03:786][  0]LogModuleManager: Shutting down and abandoning module MovieSceneTracks (394)
[2020.10.23-20.50.03:786][  0]LogModuleManager: Shutting down and abandoning module MovieScene (392)
[2020.10.23-20.50.03:786][  0]LogModuleManager: Shutting down and abandoning module StreamingPauseRendering (390)
[2020.10.23-20.50.03:786][  0]LogModuleManager: Shutting down and abandoning module ImageWriteQueue (388)
[2020.10.23-20.50.03:786][  0]LogModuleManager: Shutting down and abandoning module AIModule (386)
[2020.10.23-20.50.03:786][  0]LogModuleManager: Shutting down and abandoning module GameplayDebugger (385)
[2020.10.23-20.50.03:786][  0]LogModuleManager: Shutting down and abandoning module AITestSuite (383)
[2020.10.23-20.50.03:786][  0]LogModuleManager: Shutting down and abandoning module NavigationSystem (381)
[2020.10.23-20.50.03:786][  0]LogModuleManager: Shutting down and abandoning module SynthesisEditor (378)
[2020.10.23-20.50.03:786][  0]LogModuleManager: Shutting down and abandoning module Synthesis (376)
[2020.10.23-20.50.03:786][  0]LogModuleManager: Shutting down and abandoning module SignalProcessing (375)
[2020.10.23-20.50.03:786][  0]LogModuleManager: Shutting down and abandoning module SteamSockets (372)
[2020.10.23-20.50.03:786][  0]LogModuleManager: Shutting down and abandoning module GooglePAD (370)
[2020.10.23-20.50.03:786][  0]LogModuleManager: Shutting down and abandoning module AssetTags (368)
[2020.10.23-20.50.03:786][  0]LogModuleManager: Shutting down and abandoning module AndroidPermission (366)
[2020.10.23-20.50.03:786][  0]LogModuleManager: Shutting down and abandoning module LoginFlow (364)
[2020.10.23-20.50.03:786][  0]LogModuleManager: Shutting down and abandoning module PlayTimeLimit (362)
[2020.10.23-20.50.03:786][  0]LogModuleManager: Shutting down and abandoning module Rejoin (360)
[2020.10.23-20.50.03:786][  0]LogModuleManager: Shutting down and abandoning module Hotfix (358)
[2020.10.23-20.50.03:786][  0]LogModuleManager: Shutting down and abandoning module Lobby (356)
[2020.10.23-20.50.03:786][  0]LogModuleManager: Shutting down and abandoning module Party (354)
[2020.10.23-20.50.03:786][  0]LogModuleManager: Shutting down and abandoning module Qos (352)
[2020.10.23-20.50.03:786][  0]LogModuleManager: Shutting down and abandoning module MeshPaintingToolset (350)
[2020.10.23-20.50.03:786][  0]LogModuleManager: Shutting down and abandoning module MeshPaintEditorMode (348)
[2020.10.23-20.50.03:786][  0]LogModuleManager: Shutting down and abandoning module MediaIOCore (346)
[2020.10.23-20.50.03:786][  0]LogModuleManager: Shutting down and abandoning module MediaFrameworkUtilities (344)
[2020.10.23-20.50.03:786][  0]LogModuleManager: Shutting down and abandoning module MagicLeapSharedWorld (342)
[2020.10.23-20.50.03:786][  0]LogModuleManager: Shutting down and abandoning module MeshSolverUtilities (340)
[2020.10.23-20.50.03:786][  0]LogModuleManager: Shutting down and abandoning module MeshConversion (338)
[2020.10.23-20.50.03:786][  0]LogModuleManager: Shutting down and abandoning module DynamicMesh (336)
[2020.10.23-20.50.03:786][  0]LogModuleManager: Shutting down and abandoning module GeometryAlgorithms (334)
[2020.10.23-20.50.03:786][  0]LogModuleManager: Shutting down and abandoning module GeometricObjects (332)
[2020.10.23-20.50.03:787][  0]LogModuleManager: Shutting down and abandoning module ChaosSolverEditor (330)
[2020.10.23-20.50.03:787][  0]LogModuleManager: Shutting down and abandoning module ChaosClothEditor (328)
[2020.10.23-20.50.03:787][  0]LogModuleManager: Shutting down and abandoning module ChaosCloth (326)
[2020.10.23-20.50.03:787][  0]LogModuleManager: Shutting down and abandoning module PluginBrowser (324)
[2020.10.23-20.50.03:787][  0]LogModuleManager: Shutting down and abandoning module MobileLauncherProfileWizard (322)
[2020.10.23-20.50.03:787][  0]LogModuleManager: Shutting down and abandoning module MaterialAnalyzer (320)
[2020.10.23-20.50.03:787][  0]LogModuleManager: Shutting down and abandoning module VisualStudioSourceCodeAccess (318)
[2020.10.23-20.50.03:787][  0]LogModuleManager: Shutting down and abandoning module VisualStudioCodeSourceCodeAccess (316)
[2020.10.23-20.50.03:787][  0]LogModuleManager: Shutting down and abandoning module RiderSourceCodeAccess (314)
[2020.10.23-20.50.03:787][  0]LogModuleManager: Shutting down and abandoning module CLionSourceCodeAccess (312)
[2020.10.23-20.50.03:787][  0]LogModuleManager: Shutting down and abandoning module ActorLayerUtilitiesEditor (310)
[2020.10.23-20.50.03:787][  0]LogModuleManager: Shutting down and abandoning module ActorLayerUtilities (308)
[2020.10.23-20.50.03:787][  0]LogModuleManager: Shutting down and abandoning module LightPropagationVolumeEditor (306)
[2020.10.23-20.50.03:787][  0]LogModuleManager: Shutting down and abandoning module beatRush (304)
[2020.10.23-20.50.03:787][  0]LogModuleManager: Shutting down and abandoning module DiscordRpc (302)
[2020.10.23-20.50.03:787][  0]LogModuleManager: Shutting down and abandoning module AdvancedSteamSessions (300)
[2020.10.23-20.50.03:787][  0]LogModuleManager: Shutting down and abandoning module AdvancedSessions (298)
[2020.10.23-20.50.03:787][  0]LogModuleManager: Shutting down and abandoning module WebBrowserWidget (296)
[2020.10.23-20.50.03:787][  0]LogModuleManager: Shutting down and abandoning module WebBrowser (295)
[2020.10.23-20.50.03:799][  0]LogModuleManager: Shutting down and abandoning module SoundFields (292)
[2020.10.23-20.50.03:799][  0]LogModuleManager: Shutting down and abandoning module ApexDestructionEditor (290)
[2020.10.23-20.50.03:799][  0]LogModuleManager: Shutting down and abandoning module ApexDestruction (288)
[2020.10.23-20.50.03:799][  0]LogModuleManager: Shutting down and abandoning module AnalyticsBlueprintLibrary (286)
[2020.10.23-20.50.03:799][  0]LogModuleManager: Shutting down and abandoning module GameAnalyticsEditor (284)
[2020.10.23-20.50.03:799][  0]LogModuleManager: Shutting down and abandoning module GameAnalytics (282)
[2020.10.23-20.50.03:799][  0]LogGameAnalyticsAnalytics: Display: FAnalyticsGameAnalytics Destructor
[2020.10.23-20.50.03:800][  0]LogGameAnalyticsAnalytics: Display: FAnalyticsGameAnalytics ~FAnalyticsProviderGameAnalytics
[2020.10.23-20.50.03:800][  0]LogModuleManager: Shutting down and abandoning module MagicLeapARPin (280)
[2020.10.23-20.50.03:800][  0]LogModuleManager: Shutting down and abandoning module GameplayTagsEditor (278)
[2020.10.23-20.50.03:800][  0]LogModuleManager: Shutting down and abandoning module DataValidation (276)
[2020.10.23-20.50.03:800][  0]LogModuleManager: Shutting down and abandoning module AssetManagerEditor (274)
[2020.10.23-20.50.03:800][  0]LogModuleManager: Shutting down and abandoning module TreeMap (273)
[2020.10.23-20.50.03:800][  0]LogModuleManager: Shutting down and abandoning module LightPropagationVolumeRuntime (270)
[2020.10.23-20.50.03:800][  0]LogModuleManager: Shutting down and abandoning module NetworkReplayStreaming (268)
[2020.10.23-20.50.03:801][  0]LogModuleManager: Shutting down and abandoning module PacketHandler (266)
[2020.10.23-20.50.03:801][  0]LogModuleManager: Shutting down and abandoning module ClothingSystemEditor (264)
[2020.10.23-20.50.03:801][  0]LogModuleManager: Shutting down and abandoning module ClothingSystemRuntimeNv (262)
[2020.10.23-20.50.03:801][  0]LogModuleManager: Shutting down and abandoning module MediaAssets (260)
[2020.10.23-20.50.03:801][  0]LogModuleManager: Shutting down and abandoning module Overlay (258)
[2020.10.23-20.50.03:801][  0]LogModuleManager: Shutting down and abandoning module OverlayEditor (257)
[2020.10.23-20.50.03:801][  0]LogModuleManager: Shutting down and abandoning module Blutility (254)
[2020.10.23-20.50.03:801][  0]LogModuleManager: Shutting down and abandoning module LevelEditor (253)
[2020.10.23-20.50.03:801][  0]LogModuleManager: Shutting down and abandoning module PixelInspectorModule (252)
[2020.10.23-20.50.03:801][  0]LogModuleManager: Shutting down and abandoning module CommonMenuExtensions (250)
[2020.10.23-20.50.03:801][  0]LogModuleManager: Shutting down and abandoning module MainFrame (248)
[2020.10.23-20.50.03:801][  0]LogModuleManager: Shutting down and abandoning module HotReload (247)
[2020.10.23-20.50.03:802][  0]LogModuleManager: Shutting down and abandoning module IntroTutorials (242)
[2020.10.23-20.50.03:802][  0]LogModuleManager: Shutting down and abandoning module VREditor (240)
[2020.10.23-20.50.03:802][  0]LogModuleManager: Shutting down and abandoning module StringTableEditor (238)
[2020.10.23-20.50.03:802][  0]LogModuleManager: Shutting down and abandoning module GameplayTasksEditor (236)
[2020.10.23-20.50.03:802][  0]LogModuleManager: Shutting down and abandoning module BehaviorTreeEditor (234)
[2020.10.23-20.50.03:802][  0]LogModuleManager: Shutting down and abandoning module FunctionalTesting (232)
[2020.10.23-20.50.03:802][  0]LogModuleManager: Shutting down and abandoning module CollisionAnalyzer (230)
[2020.10.23-20.50.03:802][  0]LogModuleManager: Shutting down and abandoning module UMG (228)
[2020.10.23-20.50.03:802][  0]LogModuleManager: Shutting down and abandoning module UMGEditor (227)
[2020.10.23-20.50.03:802][  0]LogModuleManager: Shutting down and abandoning module MessageLog (225)
[2020.10.23-20.50.03:802][  0]LogModuleManager: Shutting down and abandoning module MaterialEditor (223)
[2020.10.23-20.50.03:802][  0]LogModuleManager: Shutting down and abandoning module ContentBrowser (222)
[2020.10.23-20.50.03:802][  0]LogModuleManager: Shutting down and abandoning module WorkspaceMenuStructure (221)
[2020.10.23-20.50.03:802][  0]LogModuleManager: Shutting down and abandoning module CollectionManager (219)
[2020.10.23-20.50.03:802][  0]LogModuleManager: Shutting down and abandoning module Settings (216)
[2020.10.23-20.50.03:802][  0]LogModuleManager: Shutting down and abandoning module SlateReflector (210)
[2020.10.23-20.50.03:802][  0]LogModuleManager: Shutting down and abandoning module Slate (208)
[2020.10.23-20.50.03:802][  0]LogModuleManager: Shutting down and abandoning module SlateCore (206)
[2020.10.23-20.50.03:802][  0]LogModuleManager: Shutting down and abandoning module LandscapeEditorUtilities (204)
[2020.10.23-20.50.03:802][  0]LogModuleManager: Shutting down and abandoning module UnrealEd (202)
[2020.10.23-20.50.03:802][  0]LogModuleManager: Shutting down and abandoning module MRMesh (200)
[2020.10.23-20.50.03:802][  0]LogModuleManager: Shutting down and abandoning module SourceCodeAccess (198)
[2020.10.23-20.50.03:802][  0]LogModuleManager: Shutting down and abandoning module HeadMountedDisplay (196)
[2020.10.23-20.50.03:802][  0]LogModuleManager: Shutting down and abandoning module XAudio2 (194)
[2020.10.23-20.50.03:802][  0]LogModuleManager: Shutting down and abandoning module Networking (192)
[2020.10.23-20.50.03:802][  0]LogModuleManager: Shutting down and abandoning module Core (190)
[2020.10.23-20.50.03:802][  0]LogModuleManager: Shutting down and abandoning module MovieSceneTools (188)
[2020.10.23-20.50.03:802][  0]LogModuleManager: Shutting down and abandoning module CurveEditor (187)
[2020.10.23-20.50.03:803][  0]LogModuleManager: Shutting down and abandoning module Sequencer (185)
[2020.10.23-20.50.03:803][  0]LogModuleManager: Shutting down and abandoning module EditorStyle (184)
[2020.10.23-20.50.03:803][  0]LogModuleManager: Shutting down and abandoning module KismetCompiler (180)
[2020.10.23-20.50.03:803][  0]LogModuleManager: Shutting down and abandoning module MeshBuilder (178)
[2020.10.23-20.50.03:803][  0]LogModuleManager: Shutting down and abandoning module MeshUtilities (176)
[2020.10.23-20.50.03:803][  0]LogModuleManager: Shutting down and abandoning module MeshMergeUtilities (175)
[2020.10.23-20.50.03:803][  0]LogModuleManager: Shutting down and abandoning module MeshReductionInterface (174)
[2020.10.23-20.50.03:803][  0]LogModuleManager: Shutting down and abandoning module QuadricMeshReduction (173)
[2020.10.23-20.50.03:803][  0]LogModuleManager: Shutting down and abandoning module MaterialBaking (169)
[2020.10.23-20.50.03:804][  0]LogModuleManager: Shutting down and abandoning module DirectoryWatcher (165)
[2020.10.23-20.50.03:804][  0]LogModuleManager: Shutting down and abandoning module NullInstallBundleManager (162)
[2020.10.23-20.50.03:804][  0]LogModuleManager: Shutting down and abandoning module DerivedDataCache (160)
[2020.10.23-20.50.03:925][  0]LogModuleManager: Shutting down and abandoning module XGEController (158)
[2020.10.23-20.50.03:925][  0]LogModuleManager: Shutting down and abandoning module TargetPlatform (156)
[2020.10.23-20.50.03:925][  0]LogModuleManager: Shutting down and abandoning module VulkanShaderFormat (155)
[2020.10.23-20.50.03:925][  0]LogModuleManager: Shutting down and abandoning module ShaderFormatVectorVM (153)
[2020.10.23-20.50.03:925][  0]LogModuleManager: Shutting down and abandoning module ShaderFormatOpenGL (151)
[2020.10.23-20.50.03:925][  0]LogModuleManager: Shutting down and abandoning module ShaderFormatD3D (149)
[2020.10.23-20.50.03:925][  0]LogModuleManager: Shutting down and abandoning module MetalShaderFormat (147)
[2020.10.23-20.50.03:925][  0]LogModuleManager: Shutting down and abandoning module TextureFormatUncompressed (145)
[2020.10.23-20.50.03:925][  0]LogModuleManager: Shutting down and abandoning module TextureFormatPVR (143)
[2020.10.23-20.50.03:925][  0]LogModuleManager: Shutting down and abandoning module TextureFormatDXT (141)
[2020.10.23-20.50.03:925][  0]LogModuleManager: Shutting down and abandoning module TextureFormatIntelISPCTexComp (139)
[2020.10.23-20.50.03:925][  0]LogModuleManager: Shutting down and abandoning module TextureFormatASTC (137)
[2020.10.23-20.50.03:925][  0]LogModuleManager: Shutting down and abandoning module ImageWrapper (136)
[2020.10.23-20.50.03:925][  0]LogModuleManager: Shutting down and abandoning module TextureFormatAndroid (133)
[2020.10.23-20.50.03:925][  0]LogModuleManager: Shutting down and abandoning module AudioFormatOpus (131)
[2020.10.23-20.50.03:925][  0]LogModuleManager: Shutting down and abandoning module AudioFormatOgg (129)
[2020.10.23-20.50.03:925][  0]LogModuleManager: Shutting down and abandoning module AudioFormatADPCM (127)
[2020.10.23-20.50.03:925][  0]LogModuleManager: Shutting down and abandoning module WindowsServerTargetPlatform (125)
[2020.10.23-20.50.03:925][  0]LogModuleManager: Shutting down and abandoning module WindowsClientTargetPlatform (123)
[2020.10.23-20.50.03:925][  0]LogModuleManager: Shutting down and abandoning module WindowsTargetPlatform (121)
[2020.10.23-20.50.03:925][  0]LogModuleManager: Shutting down and abandoning module WindowsNoEditorTargetPlatform (119)
[2020.10.23-20.50.03:925][  0]LogModuleManager: Shutting down and abandoning module TVOSTargetPlatform (117)
[2020.10.23-20.50.03:926][  0]LogModuleManager: Shutting down and abandoning module LuminTargetPlatform (115)
[2020.10.23-20.50.03:926][  0]LogModuleManager: Shutting down and abandoning module LinuxAArch64ServerTargetPlatform (113)
[2020.10.23-20.50.03:926][  0]LogModuleManager: Shutting down and abandoning module LinuxAArch64ClientTargetPlatform (111)
[2020.10.23-20.50.03:926][  0]LogModuleManager: Shutting down and abandoning module LinuxAArch64NoEditorTargetPlatform (109)
[2020.10.23-20.50.03:926][  0]LogModuleManager: Shutting down and abandoning module LinuxServerTargetPlatform (107)
[2020.10.23-20.50.03:926][  0]LogModuleManager: Shutting down and abandoning module LinuxClientTargetPlatform (105)
[2020.10.23-20.50.03:926][  0]LogModuleManager: Shutting down and abandoning module LinuxNoEditorTargetPlatform (103)
[2020.10.23-20.50.03:926][  0]LogModuleManager: Shutting down and abandoning module LinuxTargetPlatform (101)
[2020.10.23-20.50.03:926][  0]LogModuleManager: Shutting down and abandoning module Messaging (97)
[2020.10.23-20.50.03:927][  0]LogModuleManager: Shutting down and abandoning module IOSTargetPlatform (95)
[2020.10.23-20.50.03:927][  0]LogModuleManager: Shutting down and abandoning module AndroidTargetPlatform (93)
[2020.10.23-20.50.03:929][  0]LogModuleManager: Shutting down and abandoning module AllDesktopTargetPlatform (91)
[2020.10.23-20.50.03:930][  0]LogModuleManager: Shutting down and abandoning module NullDrv (88)
[2020.10.23-20.50.03:930][  0]LogModuleManager: Shutting down and abandoning module PhysXCooking (86)
[2020.10.23-20.50.03:930][  0]LogModuleManager: Shutting down and abandoning module ChaosSolvers (84)
[2020.10.23-20.50.03:930][  0]LogModuleManager: Shutting down and abandoning module FieldSystemEngine (83)
[2020.10.23-20.50.03:930][  0]LogModuleManager: Shutting down and abandoning module Chaos (80)
[2020.10.23-20.50.03:930][  0]LogModuleManager: Shutting down and abandoning module WindowsPlatformFeatures (78)
[2020.10.23-20.50.03:930][  0]LogModuleManager: Shutting down and abandoning module GameplayMediaEncoder (77)
[2020.10.23-20.50.03:930][  0]LogModuleManager: Shutting down and abandoning module AVEncoder (76)
[2020.10.23-20.50.03:930][  0]LogModuleManager: Shutting down and abandoning module LauncherChunkInstaller (71)
[2020.10.23-20.50.03:930][  0]LogModuleManager: Shutting down and abandoning module OnlineBlueprintSupport (69)
[2020.10.23-20.50.03:930][  0]LogModuleManager: Shutting down and abandoning module OnlineSubsystem (65)
[2020.10.23-20.50.03:930][  0]LogModuleManager: Shutting down and abandoning module SteamShared (62)
[2020.10.23-20.50.03:930][  0]LogSteamShared: Freeing the Steam Loaded Modules...
[2020.10.23-20.50.03:930][  0]LogModuleManager: Shutting down and abandoning module XMPP (59)
[2020.10.23-20.50.03:930][  0]LogModuleManager: Shutting down and abandoning module WebSockets (58)
[2020.10.23-20.50.03:964][  0]LogModuleManager: Shutting down and abandoning module HTTP (55)
[2020.10.23-20.50.03:993][  0]LogModuleManager: Shutting down and abandoning module SSL (54)
[2020.10.23-20.50.03:994][  0]LogModuleManager: Shutting down and abandoning module WmfMedia (50)
[2020.10.23-20.50.03:997][  0]LogModuleManager: Shutting down and abandoning module Media (49)
[2020.10.23-20.50.03:997][  0]LogModuleManager: Shutting down and abandoning module OpenCVHelper (46)
[2020.10.23-20.50.03:998][  0]LogModuleManager: Shutting down and abandoning module OpenCVLensDistortion (44)
[2020.10.23-20.50.03:998][  0]LogModuleManager: Shutting down and abandoning module OpenCVLensCalibration (42)
[2020.10.23-20.50.03:998][  0]LogModuleManager: Shutting down and abandoning module DesktopPlatform (40)
[2020.10.23-20.50.03:998][  0]LogModuleManager: Shutting down and abandoning module AnimationModifiers (38)
[2020.10.23-20.50.03:998][  0]LogModuleManager: Shutting down and abandoning module PropertyEditor (37)
[2020.10.23-20.50.03:998][  0]LogModuleManager: Shutting down and abandoning module AudioEditor (34)
[2020.10.23-20.50.03:998][  0]LogModuleManager: Shutting down and abandoning module TextureCompressor (32)
[2020.10.23-20.50.03:998][  0]LogModuleManager: Shutting down and abandoning module RenderCore (30)
[2020.10.23-20.50.03:998][  0]LogModuleManager: Shutting down and abandoning module Landscape (28)
[2020.10.23-20.50.03:998][  0]LogModuleManager: Shutting down and abandoning module SlateRHIRenderer (26)
[2020.10.23-20.50.03:998][  0]LogModuleManager: Shutting down and abandoning module OpenGLDrv (24)
[2020.10.23-20.50.03:998][  0]LogModuleManager: Shutting down and abandoning module D3D11RHI (22)
[2020.10.23-20.50.03:998][  0]LogModuleManager: Shutting down and abandoning module AnimGraphRuntime (20)
[2020.10.23-20.50.03:998][  0]LogModuleManager: Shutting down and abandoning module Renderer (18)
[2020.10.23-20.50.03:998][  0]LogModuleManager: Shutting down and abandoning module Engine (16)
[2020.10.23-20.50.03:998][  0]LogModuleManager: Shutting down and abandoning module CoreUObject (14)
[2020.10.23-20.50.03:998][  0]LogModuleManager: Shutting down and abandoning module NetworkFile (12)
[2020.10.23-20.50.03:998][  0]LogModuleManager: Shutting down and abandoning module CookedIterativeFile (10)
[2020.10.23-20.50.03:998][  0]LogModuleManager: Shutting down and abandoning module StreamingFile (8)
[2020.10.23-20.50.03:998][  0]LogModuleManager: Shutting down and abandoning module SandboxFile (6)
[2020.10.23-20.50.03:998][  0]LogModuleManager: Shutting down and abandoning module PakFile (4)
[2020.10.23-20.50.03:998][  0]LogModuleManager: Shutting down and abandoning module RSA (3)
[2020.10.23-20.50.04:495][  0]LogExit: Exiting.
[2020.10.23-20.50.04:517][  0]Log file closed, 10/23/20 22:50:04
