"../../../../Unreal Projects/beatRush/beatRush_WIN/Content/touch_input.uasset" 0
"../../../../Unreal Projects/beatRush/beatRush_WIN/Content/UI/library_hero.uasset" 1
"../../../../Unreal Projects/beatRush/beatRush_WIN/Content/UI/logo_transparent.uasset" 2
"../../../../Unreal Projects/beatRush/beatRush_WIN/Content/UI/smdLogoSmall.uasset" 3
"../../../../Unreal Projects/beatRush/beatRush_WIN/Content/UI/title.uasset" 4
"../../../Engine/Content/Animation/DefaultAnimCurveCompressionSettings.uasset" 5
"../../../Engine/Content/Functions/Engine_MaterialFunctions01/Opacity/CameraDepthFade.uasset" 6
"../../../Engine/Content/EngineMaterials/T_Default_Material_Grid_M.uasset" 7
"../../../Engine/Content/EngineMaterials/T_Default_Material_Grid_N.uasset" 8
"../../../Engine/Content/EngineMaterials/WorldGridMaterial.uasset" 9
"../../../Engine/Content/ArtTools/RenderToTexture/Meshes/S_1_Unit_Plane.uasset" 10
"../../../Engine/Content/EngineMaterials/DefaultMaterial.uasset" 11
"../../../Engine/Content/BasicShapes/Cone.uasset" 12
"../../../Engine/Content/EditorLandscapeResources/DataLayer.uasset" 13
"../../../Engine/Content/EditorMaterials/MAT_Groups_Toggle.uasset" 14
"../../../Engine/Content/EditorMaterials/MAT_Groups_Visibility.uasset" 15
"../../../Engine/Content/EditorMaterials/PreviewShadowIndicator.uasset" 16
"../../../Engine/Content/EditorMaterials/PreviewShadowIndicatorMaterial.uasset" 17
"../../../Engine/Content/EditorMaterials/MatineeGroups/MAT_ColorTrack.uasset" 18
"../../../Engine/Content/EditorMaterials/MatineeGroups/MAT_Groups_Anim.uasset" 19
"../../../Engine/Content/EditorMaterials/MatineeGroups/MAT_Groups_AudioMaster.uasset" 20
"../../../Engine/Content/EditorMaterials/MatineeGroups/MAT_Groups_Director.uasset" 21
"../../../Engine/Content/EditorMaterials/MatineeGroups/MAT_Groups_Event.uasset" 22
"../../../Engine/Content/EditorMaterials/MatineeGroups/MAT_Groups_Fade.uasset" 23
"../../../Engine/Content/EditorMaterials/MatineeGroups/MAT_Groups_Float.uasset" 24
"../../../Engine/Content/EditorMaterials/MatineeGroups/MAT_Groups_Move.uasset" 25
"../../../Engine/Content/EditorMaterials/MatineeGroups/MAT_Groups_Slomo.uasset" 26
"../../../Engine/Content/EditorMaterials/MatineeGroups/MAT_Groups_Sound.uasset" 27
"../../../Engine/Content/EditorMaterials/MatineeGroups/MAT_Groups_Vector.uasset" 28
"../../../Engine/Content/EditorMaterials/ParticleSystems/PSysThumbnail_NoImage.uasset" 29
"../../../Engine/Content/EditorMaterials/ParticleSystems/PSysThumbnail_OOD.uasset" 30
"../../../Engine/Content/EditorMaterials/Camera/CineMat.uasset" 31
"../../../Engine/Content/EditorMaterials/Camera/MI_CineMat_Rig.uasset" 32
"../../../Engine/Content/EditorMeshes/Camera/SM_CraneRig_Arm.uasset" 33
"../../../Engine/Content/EditorMeshes/Camera/SM_CraneRig_Base.uasset" 34
"../../../Engine/Content/EditorMeshes/Camera/SM_CraneRig_Body.uasset" 35
"../../../Engine/Content/EditorMeshes/Camera/SM_CraneRig_Mount.uasset" 36
"../../../Engine/Content/EditorMeshes/Camera/SM_RailRig_Mount.uasset" 37
"../../../Engine/Content/EditorMeshes/Camera/SM_RailRig_Track.uasset" 38
"../../../Engine/Content/EditorResources/BSPVertex.uasset" 39
"../../../Engine/Content/EditorResources/EmptyActor.uasset" 40
"../../../Engine/Content/EditorResources/S_Actor.uasset" 41
"../../../Engine/Content/EditorResources/S_Solver.uasset" 42
"../../../Engine/Content/EditorResources/S_Trigger.uasset" 43
"../../../Engine/Content/EditorResources/AudioIcons/S_AudioComponent_AutoActivate.uasset" 44
"../../../Engine/Content/EditorSounds/Notifications/CompileFailed.uasset" 45
"../../../Engine/Content/EditorSounds/Notifications/CompileFailed_Cue.uasset" 46
"../../../Engine/Content/EditorSounds/Notifications/CompileSuccess.uasset" 47
"../../../Engine/Content/EditorSounds/Notifications/CompileStart_Cue.uasset" 48
"../../../Engine/Content/EditorSounds/Notifications/CompileSuccess_Cue.uasset" 49
"../../../Engine/Content/EngineDamageTypes/DmgTypeBP_Environmental.uasset" 50
"../../../Engine/Content/EngineDebugMaterials/DebugEditorMaterial.uasset" 51
"../../../Engine/Content/EngineDebugMaterials/DebugMeshMaterial.uasset" 52
"../../../Engine/Content/EngineDebugMaterials/M_SimpleUnlitTranslucent.uasset" 53
"../../../Engine/Content/EngineDebugMaterials/WireframeMaterial.uasset" 54
"../../../Engine/Content/EngineFonts/Faces/DroidSansFallback.uasset" 55
"../../../Engine/Content/EngineFonts/Faces/RobotoBold.uasset" 56
"../../../Engine/Content/EngineFonts/Faces/RobotoBoldItalic.uasset" 57
"../../../Engine/Content/EngineFonts/Faces/RobotoItalic.uasset" 58
"../../../Engine/Content/EngineFonts/Faces/RobotoLight.uasset" 59
"../../../Engine/Content/EngineFonts/Faces/RobotoRegular.uasset" 60
"../../../Engine/Content/EngineFonts/Roboto.uasset" 61
"../../../Engine/Content/EngineMaterials/BaseFlattenDiffuseMap.uasset" 62
"../../../Engine/Content/EngineMaterials/BaseFlattenEmissiveMap.uasset" 63
"../../../Engine/Content/EngineMaterials/BaseFlattenGrayscaleMap.uasset" 64
"../../../Engine/Content/EngineMaterials/BaseFlattenNormalMap.uasset" 65
"../../../Engine/Content/EngineMaterials/BaseFlattenMaterial.uasset" 66
"../../../Engine/Content/EngineMaterials/BlueNoise.uasset" 67
"../../../Engine/Content/EngineMaterials/DefaultBloomKernel.uasset" 68
"../../../Engine/Content/EngineMaterials/DefaultBokeh.uasset" 69
"../../../Engine/Content/EngineMaterials/DefaultDiffuse.uasset" 70
"../../../Engine/Content/EngineMaterials/DefaultDeferredDecalMaterial.uasset" 71
"../../../Engine/Content/EngineMaterials/DefaultLightFunctionMaterial.uasset" 72
"../../../Engine/Content/EngineMaterials/DefaultPhysicalMaterial.uasset" 73
"../../../Engine/Content/Functions/Engine_MaterialFunctions02/Utility/BreakOutFloat2Components.uasset" 74
"../../../Engine/Content/EngineMaterials/DefaultPostProcessMaterial.uasset" 75
"../../../Engine/Content/EngineFonts/RobotoDistanceField.uasset" 76
"../../../Engine/Content/EngineMaterials/DefaultTextMaterialOpaque.uasset" 77
"../../../Engine/Content/EngineMaterials/DefaultWhiteGrid_Low.uasset" 78
"../../../Engine/Content/EngineMaterials/EmissiveMeshMaterial.uasset" 79
"../../../Engine/Content/EngineMaterials/GizmoMaterial.uasset" 80
"../../../Engine/Content/EngineMaterials/Good64x64TilingNoiseHighFreq.uasset" 81
"../../../Engine/Content/EngineMaterials/MiniFont.uasset" 82
"../../../Engine/Content/EngineMaterials/InvalidLightmapSettings.uasset" 83
"../../../Engine/Content/EngineMaterials/M_InvalidLightmapSettings.uasset" 84
"../../../Engine/Content/Functions/Engine_MaterialFunctions02/WorldPositionOffset/CameraOffset.uasset" 85
"../../../Engine/Content/EngineMaterials/PhAT_JointLimitMaterial.uasset" 86
"../../../Engine/Content/EngineMaterials/PreintegratedSkinBRDF.uasset" 87
"../../../Engine/Content/EngineMaterials/RemoveSurfaceMaterial.uasset" 88
"../../../Engine/Content/EngineMaterials/WeightMapPlaceholderTexture.uasset" 89
"../../../Engine/Content/EngineResources/WhiteSquareTexture.uasset" 90
"../../../Engine/Content/EngineMaterials/Widget3DPassThrough.uasset" 91
"../../../Engine/Content/EngineMaterials/Widget3DPassThrough_Masked.uasset" 92
"../../../Engine/Content/EngineMaterials/Widget3DPassThrough_Opaque.uasset" 93
"../../../Engine/Content/EngineMaterials/Widget3DPassThrough_Masked_OneSided.uasset" 94
"../../../Engine/Content/EngineMaterials/Widget3DPassThrough_Opaque_OneSided.uasset" 95
"../../../Engine/Content/EngineMaterials/Widget3DPassThrough_Translucent.uasset" 96
"../../../Engine/Content/EngineMaterials/Widget3DPassThrough_Translucent_OneSided.uasset" 97
"../../../Engine/Content/EngineMeshes/Sphere.uasset" 98
"../../../Engine/Content/EngineResources/DefaultTextureCube.uasset" 99
"../../../Engine/Content/EngineResources/DefaultVolumeTexture2D.uasset" 100
"../../../Engine/Content/EngineResources/DefaultVolumeTexture.uasset" 101
"../../../Engine/Content/EngineResources/GradientTexture0.uasset" 102
"../../../Engine/Content/EngineSounds/Master.uasset" 103
"../../../Engine/Content/Functions/Engine_MaterialFunctions01/Shading/ConvertFromDiffSpec.uasset" 104
"../../../Engine/Content/Functions/Engine_MaterialFunctions01/Shading/PowerToRoughness.uasset" 105
"../../../Engine/Content/Maps/Templates/Thumbnails/Default.uasset" 106
"../../../Engine/Content/Maps/Templates/Thumbnails/TimeOfDay.uasset" 107
"../../../Engine/Content/Maps/Templates/Thumbnails/VR-Basic.uasset" 108
"../../../Engine/Content/MobileResources/T_MobileControls_texture.uasset" 109
"../../../Engine/Content/MobileResources/T_MobileMenu2.uasset" 110
"../../../Engine/Content/MobileResources/HUD/AnalogHat.uasset" 111
"../../../Engine/Content/MobileResources/HUD/VirtualJoystick_Background.uasset" 112
"../../../Engine/Content/MobileResources/HUD/VirtualJoystick_Thumb.uasset" 113
"../../../Engine/Content/MobileResources/HUD/DefaultVirtualJoysticks.uasset" 114
"../../../Engine/Content/MobileResources/HUD/LeftVirtualJoystickOnly.uasset" 115
"../../../Engine/Content/MobileResources/HUD/MobileHUDButton1_off.uasset" 116
"../../../Engine/Content/MobileResources/HUD/MobileHUDButton1_on.uasset" 117
"../../../Engine/Content/MobileResources/HUD/MobileHUDButton2_off.uasset" 118
"../../../Engine/Content/MobileResources/HUD/MobileHUDButton2_on.uasset" 119
"../../../Engine/Content/MobileResources/HUD/MobileHUDButton3.uasset" 120
"../../../Engine/Content/MobileResources/HUD/MobileHUDButtonFire.uasset" 121
"../../../Engine/Content/MobileResources/HUD/MobileHUDDirectionPad.uasset" 122
"../../../Engine/Content/MobileResources/HUD/MobileHUDDirectionPad2.uasset" 123
"../../../Engine/Content/MobileResources/HUD/MobileHUDDirectionPad3.uasset" 124
"../../../Engine/Content/MobileResources/HUD/MobileHUDDirectionStick.uasset" 125
"../../../Engine/Content/MobileResources/HUD/T_Castle_ThumbstickInner.uasset" 126
"../../../Engine/Content/MobileResources/HUD/T_Castle_ThumbstickOutter.uasset" 127
"../../../Engine/Content/Tutorial/ContentIntroCurve.uasset" 128
"../../../Engine/Content/Tutorial/Basics/LevelEditorAttract.uasset" 129
"../../../Engine/Content/Tutorial/Basics/TutorialAssets/icon_tab_Levels_40x.uasset" 130
"../../../Engine/Content/Tutorial/Basics/LevelEditorOverview.uasset" 131
"../../../Engine/Content/Tutorial/BlueprintTutorials/TutorialAssets/Blueprint_64x.uasset" 132
"../../../Engine/Content/Tutorial/BlueprintTutorials/BlueprintEditorTutorial.uasset" 133
"../../../Engine/Content/VREditor/LaserPointer/VR_LaserPower_01.uasset" 134
"../../../Engine/Content/VREditor/TransformGizmo/TransformGizmoMaterial.uasset" 135
"../../../Engine/Content/VREditor/TransformGizmo/TranslucentTransformGizmoMaterial.uasset" 136
"../../../Engine/Content/VREditor/TransformGizmo/BoundingBoxCorner.uasset" 137
"../../../Engine/Content/VREditor/TransformGizmo/BoundingBoxEdge.uasset" 138
"../../../Engine/Content/VREditor/TransformGizmo/PlaneTranslationHandle.uasset" 139
"../../../Engine/Content/VREditor/TransformGizmo/Main.uasset" 140
"../../../Engine/Content/VREditor/TransformGizmo/Xray.uasset" 141
"../../../Engine/Content/VREditor/TransformGizmo/SM_Sequencer_Key.uasset" 142
"../../../Engine/Content/VREditor/TransformGizmo/SM_Sequencer_Node.uasset" 143
"../../../Engine/Content/Functions/Engine_MaterialFunctions02/SplitComponents.uasset" 144
"../../../Engine/Content/Functions/Engine_MaterialFunctions02/Utility/MakeFloat3.uasset" 145
"../../../Engine/Content/Functions/Engine_MaterialFunctions01/Chromakeying/DespillByAvg.uasset" 146
"../../../Engine/Content/Functions/Engine_MaterialFunctions01/Chromakeying/DespillManual.uasset" 147
"../../../Engine/Content/Functions/Engine_MaterialFunctions01/ImageAdjustment/SCurve.uasset" 148
"../../../Engine/Content/Functions/Engine_MaterialFunctions02/HueShift.uasset" 149
"../../../Engine/Content/Functions/Engine_MaterialFunctions01/ImageAdjustment/ColorCorrection.uasset" 150
"../../../Engine/Content/Functions/Engine_MaterialFunctions02/Utility/VectorLength.uasset" 151
"../../../Engine/Content/Functions/Engine_MaterialFunctions01/Opacity/Chroma_Key_Alpha.uasset" 152
"../../../Engine/Content/Functions/Engine_MaterialFunctions01/Texturing/UVCropping.uasset" 153
"../../../Engine/Content/EngineResources/Black.uasset" 154
"../../../Engine/Content/MaterialTemplates/Chromakeying/MF_Chromakeyer.uasset" 155
"../../../Engine/Content/Functions/Engine_MaterialFunctions02/PivotPainter2/Black_1x1_EXR_Texture.uasset" 156
"../../Plugins/Compositing/OpenCVLensDistortion/Content/Materials/MF_UVLensDisplacement.uasset" 157
"../../Plugins/Compositing/OpenCVLensDistortion/Content/Materials/MF_UVOutOfBoundMask.uasset" 158
"../../Plugins/Media/MediaFrameworkUtilities/Content/T_DefaultMedia.uasset" 159
"../../Plugins/Media/MediaFrameworkUtilities/Content/T_VideoInputFailed.uasset" 160
"../../Plugins/Media/MediaFrameworkUtilities/Content/M_DefaultMedia.uasset" 161
"../../../Engine/Content/BasicShapes/Plane.uasset" 162
"../../Plugins/Media/MediaFrameworkUtilities/Content/BP_MediaBundle_Plane_16-9.uasset" 163
"../../Plugins/Runtime/WebBrowserWidget/Content/WebTexture_T.uasset" 164
"../../Plugins/Runtime/WebBrowserWidget/Content/WebTexture_M.uasset" 165
"../../Plugins/Runtime/WebBrowserWidget/Content/WebTexture_TM.uasset" 166
"../../../../Unreal Projects/beatRush/beatRush_WIN/Content/WeatherEffects/Textures/T_SnowFlake.uasset" 167
"../../../../Unreal Projects/beatRush/beatRush_WIN/Content/weathereffects/Materials/M_Cloud.uasset" 168
"../../../../Unreal Projects/beatRush/beatRush_WIN/Content/weathereffects/Materials/M_SnowFlake.uasset" 169
"../../../../Unreal Projects/beatRush/beatRush_WIN/Content/weathereffects/Particles/P_Snow_Blizzard.uasset" 170
"../../../../Unreal Projects/beatRush/beatRush_WIN/Content/BP/BP_snowBlizzard-large.uasset" 171
"../../../../Unreal Projects/beatRush/beatRush_WIN/Content/BP/BP_stageBeatLight.uasset" 172
"../../../Engine/Content/EditorBlueprintResources/StandardMacros.uasset" 173
"../../../Engine/Content/BasicShapes/BasicShapeMaterial.uasset" 174
"../../../Engine/Content/BasicShapes/Sphere.uasset" 175
"../../../../Unreal Projects/beatRush/beatRush_WIN/Content/audio/SFX/sfx2/sfx2/alien2.uasset" 176
"../../../../Unreal Projects/beatRush/beatRush_WIN/Content/BP/BP_ballEnemy.uasset" 177
"../../../../Unreal Projects/beatRush/beatRush_WIN/Content/Meshes/vessel/Material_004.uasset" 178
"../../../../Unreal Projects/beatRush/beatRush_WIN/Content/Meshes/env/cone4.uasset" 179
"../../../../Unreal Projects/beatRush/beatRush_WIN/Content/Meshes/env/cone3.uasset" 180
"../../../../Unreal Projects/beatRush/beatRush_WIN/Content/BP/BP_obstacleVar1.uasset" 181
"../../../../Unreal Projects/beatRush/beatRush_WIN/Content/Meshes/env/part_glow.uasset" 182
"../../../../Unreal Projects/beatRush/beatRush_WIN/Content/Meshes/env/tower_body.uasset" 183
"../../../../Unreal Projects/beatRush/beatRush_WIN/Content/Meshes/env/obstacle_4.uasset" 184
"../../../../Unreal Projects/beatRush/beatRush_WIN/Content/BP/BP_obstacleVar2.uasset" 185
"../../../../Unreal Projects/beatRush/beatRush_WIN/Content/Meshes/env/body_001.uasset" 186
"../../../../Unreal Projects/beatRush/beatRush_WIN/Content/Meshes/env/body_002.uasset" 187
"../../../../Unreal Projects/beatRush/beatRush_WIN/Content/Meshes/env/body_005.uasset" 188
"../../../../Unreal Projects/beatRush/beatRush_WIN/Content/Meshes/env/obstacle_3.uasset" 189
"../../../../Unreal Projects/beatRush/beatRush_WIN/Content/BP/BP_obstacleVar3.uasset" 190
"../../../../Unreal Projects/beatRush/beatRush_WIN/Content/BP/lostFocusAgent_BP.uasset" 191
"../../../Engine/Content/Functions/Engine_MaterialFunctions02/Utility/BreakOutFloat3Components.uasset" 192
"../../../Engine/Content/Functions/Engine_MaterialFunctions01/Texturing/TextureCropping.uasset" 193
"../../../Engine/Content/Functions/Engine_MaterialFunctions01/Texturing/ComputeMipLevel.uasset" 194
"../../../Engine/Content/Functions/Engine_MaterialFunctions02/ExampleContent/DebugNumberStrip.uasset" 195
"../../../Engine/Content/Functions/Engine_MaterialFunctions02/ExampleContent/Textures/DebugNumberPeriod.uasset" 196
"../../../Engine/Content/Functions/Engine_MaterialFunctions02/Utility/DebugScalarValues.uasset" 197
"../../../Engine/Content/Functions/Engine_MaterialFunctions02/Utility/DebugFloat3Values.uasset" 198
"../../../Engine/Content/Functions/Engine_MaterialFunctions02/Math/RGBtoHSV.uasset" 199
"../../../Engine/Content/Functions/Engine_MaterialFunctions02/WorldPositionOffset/ObjectScale.uasset" 200
"../../../../Unreal Projects/beatRush/beatRush_WIN/Content/NeuroFractalsPack/Materials/ValueRemap.uasset" 201
"../../../../Unreal Projects/beatRush/beatRush_WIN/Content/NeuroFractalsPack/Textures/ColorRamp/ColorRamp_01.uasset" 202
"../../../../Unreal Projects/beatRush/beatRush_WIN/Content/NeuroFractalsPack/Textures/Impulse/Impulse_01.uasset" 203
"../../../../Unreal Projects/beatRush/beatRush_WIN/Content/NeuroFractalsPack/Textures/LengthProfile/LengthProfile_02.uasset" 204
"../../../../Unreal Projects/beatRush/beatRush_WIN/Content/NeuroFractalsPack/Textures/ThicknessProfile/ThicknessProfile_03.uasset" 205
"../../../../Unreal Projects/beatRush/beatRush_WIN/Content/NeuroFractalsPack/Materials/NeuroFractalsPack_Master.uasset" 206
"../../../../Unreal Projects/beatRush/beatRush_WIN/Content/NeuroFractalsPack/Textures/ColorRamp/ColorRamp_06.uasset" 207
"../../../../Unreal Projects/beatRush/beatRush_WIN/Content/NeuroFractalsPack/Textures/Impulse/Impulse_04.uasset" 208
"../../../../Unreal Projects/beatRush/beatRush_WIN/Content/NeuroFractalsPack/Materials/Example_Materials/CPU.uasset" 209
"../../../../Unreal Projects/beatRush/beatRush_WIN/Content/Meshes/env/rock.uasset" 210
"../../../../Unreal Projects/beatRush/beatRush_WIN/Content/Meshes/env/mountain.uasset" 211
"../../../../Unreal Projects/beatRush/beatRush_WIN/Content/BP/mountain_Blueprint.uasset" 212
"../../../../Unreal Projects/beatRush/beatRush_WIN/Content/Meshes/env/cone1.uasset" 213
"../../../../Unreal Projects/beatRush/beatRush_WIN/Content/Meshes/env/cone1_DM.uasset" 214
"../../../../Unreal Projects/beatRush/beatRush_WIN/Content/Meshes/env/light.uasset" 215
"../../../../Unreal Projects/beatRush/beatRush_WIN/Content/Meshes/env/simtoonBlue-emissive_Inst.uasset" 216
"../../../../Unreal Projects/beatRush/beatRush_WIN/Content/BP/pointBlueBP.uasset" 217
"../../../../Unreal Projects/beatRush/beatRush_WIN/Content/Meshes/env/red-emissive_inst.uasset" 218
"../../../../Unreal Projects/beatRush/beatRush_WIN/Content/BP/pointOrangeBP.uasset" 219
"../../../../Unreal Projects/beatRush/beatRush_WIN/Content/Meshes/env/light_Inst.uasset" 220
"../../../../Unreal Projects/beatRush/beatRush_WIN/Content/BP/pointPinkBP.uasset" 221
"../../../../Unreal Projects/beatRush/beatRush_WIN/Content/ForcefieldSystem/Blueprints/ShieldInterface.uasset" 222
"../../../../Unreal Projects/beatRush/beatRush_WIN/Content/ForcefieldSystem/Textures/Forcefield_T_complex.uasset" 223
"../../../../Unreal Projects/beatRush/beatRush_WIN/Content/ForcefieldSystem/Materials/ImpactMaterials/ff_Impact_ComplexMat.uasset" 224
"../../../../Unreal Projects/beatRush/beatRush_WIN/Content/ForcefieldSystem/Textures/Forcefield_T_simple_01.uasset" 225
"../../../../Unreal Projects/beatRush/beatRush_WIN/Content/ForcefieldSystem/Materials/ImpactMaterials/ff_Impact_SimpleMat.uasset" 226
"../../../../Unreal Projects/beatRush/beatRush_WIN/Content/ForcefieldSystem/Materials/ShieldMaterials/ff_Material_Complex.uasset" 227
"../../../../Unreal Projects/beatRush/beatRush_WIN/Content/ForcefieldSystem/Materials/ShieldMaterials/ff_Material_Simple.uasset" 228
"../../../../Unreal Projects/beatRush/beatRush_WIN/Content/ForcefieldSystem/Textures/Forcefield_T_simple_02.uasset" 229
"../../../../Unreal Projects/beatRush/beatRush_WIN/Content/ForcefieldSystem/Materials/ImpactMaterials/ff_ImpactSimpleMat_Inst.uasset" 230
"../../../../Unreal Projects/beatRush/beatRush_WIN/Content/ForcefieldSystem/Materials/ShieldMaterials/ff_Material_tSimple_Inst.uasset" 231
"../../../../Unreal Projects/beatRush/beatRush_WIN/Content/ForcefieldSystem/Materials/DefaultWhite.uasset" 232
"../../../../Unreal Projects/beatRush/beatRush_WIN/Content/ForcefieldSystem/Meshes/Shape_NarrowCapsule.uasset" 233
"../../../../Unreal Projects/beatRush/beatRush_WIN/Content/ForcefieldSystem/Blueprints/ShieldImpact.uasset" 234
"../../../../Unreal Projects/beatRush/beatRush_WIN/Content/ForcefieldSystem/Blueprints/ff_Sphere_complex.uasset" 235
"../../../../Unreal Projects/beatRush/beatRush_WIN/Content/primarySaveObj.uasset" 236
"../../../../Unreal Projects/beatRush/beatRush_WIN/Content/SimpleMenuSystem/Cameras/BP_MainMenuCamera.uasset" 237
"../../../Engine/Content/BasicShapes/Cylinder.uasset" 238
"../../../Engine/Content/VREditor/Sounds/UI/Click_on_Button.uasset" 239
"../../../../Unreal Projects/beatRush/beatRush_WIN/Content/audio/OST/actionPotential.uasset" 240
"../../../../Unreal Projects/beatRush/beatRush_WIN/Content/audio/OST/almostReady.uasset" 241
"../../../../Unreal Projects/beatRush/beatRush_WIN/Content/audio/OST/BeatRush.uasset" 242
"../../../../Unreal Projects/beatRush/beatRush_WIN/Content/audio/OST/caffeine.uasset" 243
"../../../../Unreal Projects/beatRush/beatRush_WIN/Content/audio/OST/dragons.uasset" 244
"../../../../Unreal Projects/beatRush/beatRush_WIN/Content/audio/OST/ecstatic.uasset" 245
"../../../../Unreal Projects/beatRush/beatRush_WIN/Content/audio/OST/greatMoments.uasset" 246
"../../../../Unreal Projects/beatRush/beatRush_WIN/Content/audio/OST/imNotDoneYet.uasset" 247
"../../../../Unreal Projects/beatRush/beatRush_WIN/Content/audio/OST/itsTime-lpf.uasset" 248
"../../../../Unreal Projects/beatRush/beatRush_WIN/Content/audio/OST/lostLove.uasset" 249
"../../../../Unreal Projects/beatRush/beatRush_WIN/Content/audio/OST/madeClear.uasset" 250
"../../../../Unreal Projects/beatRush/beatRush_WIN/Content/audio/OST/whateverItTakes.uasset" 251
"../../../../Unreal Projects/beatRush/beatRush_WIN/Content/audio/SFX/elias-radioEffect/shieldActivated.uasset" 252
"../../../../Unreal Projects/beatRush/beatRush_WIN/Content/audio/SFX/elias-radioEffect/warning-criticalDamage_Elias.uasset" 253
"../../../../Unreal Projects/beatRush/beatRush_WIN/Content/audio/SFX/sfx2/sfx2/access.uasset" 254
"../../../../Unreal Projects/beatRush/beatRush_WIN/Content/audio/SFX/sfx2/sfx2/access2.uasset" 255
"../../../../Unreal Projects/beatRush/beatRush_WIN/Content/audio/SFX/sfx2/sfx2/access3.uasset" 256
"../../../../Unreal Projects/beatRush/beatRush_WIN/Content/audio/SFX/sfx2/sfx2/accomplished2.uasset" 257
"../../../../Unreal Projects/beatRush/beatRush_WIN/Content/audio/SFX/sfx2/sfx2/accomplished3.uasset" 258
"../../../../Unreal Projects/beatRush/beatRush_WIN/Content/audio/SFX/sfx2/sfx2/death1.uasset" 259
"../../../../Unreal Projects/beatRush/beatRush_WIN/Content/audio/SFX/sfx2/sfx2/denied3.uasset" 260
"../../../../Unreal Projects/beatRush/beatRush_WIN/Content/audio/SFX/sfx2/sfx2/denied4.uasset" 261
"../../../../Unreal Projects/beatRush/beatRush_WIN/Content/audio/SFX/sfx2/sfx2/energy2.uasset" 262
"../../../../Unreal Projects/beatRush/beatRush_WIN/Content/audio/SFX/sfx2/sfx2/energy3.uasset" 263
"../../../../Unreal Projects/beatRush/beatRush_WIN/Content/audio/SFX/sfx2/sfx2/energy4.uasset" 264
"../../../../Unreal Projects/beatRush/beatRush_WIN/Content/audio/SFX/sfx2/sfx2/explosion2.uasset" 265
"../../../../Unreal Projects/beatRush/beatRush_WIN/Content/audio/SFX/sfx2/sfx2/laser1.uasset" 266
"../../../../Unreal Projects/beatRush/beatRush_WIN/Content/audio/tut/elias-tutorial-voice_withReverb.uasset" 267
"../../../../Unreal Projects/beatRush/beatRush_WIN/Content/Meshes/vessel/glass.uasset" 268
"../../../../Unreal Projects/beatRush/beatRush_WIN/Content/Meshes/vessel/part-1.uasset" 269
"../../../../Unreal Projects/beatRush/beatRush_WIN/Content/Meshes/vessel/turbine.uasset" 270
"../../../../Unreal Projects/beatRush/beatRush_WIN/Content/Meshes/vessel/body.uasset" 271
"../../../../Unreal Projects/beatRush/beatRush_WIN/Content/Meshes/vessel/body_NONshielded.uasset" 272
"../../../../Unreal Projects/beatRush/beatRush_WIN/Content/Meshes/vessel/ship_2.uasset" 273
"../../../../Unreal Projects/beatRush/beatRush_WIN/Content/Meshes/vessel/body_part.uasset" 274
"../../../../Unreal Projects/beatRush/beatRush_WIN/Content/Meshes/vessel/body_part_2.uasset" 275
"../../../../Unreal Projects/beatRush/beatRush_WIN/Content/Meshes/vessel/body_varation.uasset" 276
"../../../../Unreal Projects/beatRush/beatRush_WIN/Content/Meshes/vessel/glass_black.uasset" 277
"../../../../Unreal Projects/beatRush/beatRush_WIN/Content/Meshes/vessel/ship_3.uasset" 278
"../../../../Unreal Projects/beatRush/beatRush_WIN/Content/Meshes/vessel/ship_4.uasset" 279
"../../../../Unreal Projects/beatRush/beatRush_WIN/Content/Meshes/env/body.uasset" 280
"../../../../Unreal Projects/beatRush/beatRush_WIN/Content/Meshes/vessel/turbines.uasset" 281
"../../../../Unreal Projects/beatRush/beatRush_WIN/Content/Meshes/vessel/Led_2.uasset" 282
"../../../../Unreal Projects/beatRush/beatRush_WIN/Content/Meshes/vessel/Led_2_Inst.uasset" 283
"../../../../Unreal Projects/beatRush/beatRush_WIN/Content/Meshes/vessel/Led.uasset" 284
"../../../../Unreal Projects/beatRush/beatRush_WIN/Content/Meshes/vessel/Led_Inst.uasset" 285
"../../../../Unreal Projects/beatRush/beatRush_WIN/Content/Meshes/vessel/ship_6.uasset" 286
"../../../../Unreal Projects/beatRush/beatRush_WIN/Content/Meshes/env/body_part.uasset" 287
"../../../../Unreal Projects/beatRush/beatRush_WIN/Content/Meshes/vessel/Material_001.uasset" 288
"../../../../Unreal Projects/beatRush/beatRush_WIN/Content/Meshes/vessel/ship_Cube.uasset" 289
"../../../../Unreal Projects/beatRush/beatRush_WIN/Content/Meshes/vessel/body_shielded.uasset" 290
"../../../../Unreal Projects/beatRush/beatRush_WIN/Content/Meshes/vessel/Material_001_Inst.uasset" 291
"../../../../Unreal Projects/beatRush/beatRush_WIN/Content/Meshes/vessel/Material_003.uasset" 292
"../../../../Unreal Projects/beatRush/beatRush_WIN/Content/Meshes/vessel/Material_003_Inst.uasset" 293
"../../../../Unreal Projects/beatRush/beatRush_WIN/Content/Meshes/vessel/Material_003_Inst1.uasset" 294
"../../../../Unreal Projects/beatRush/beatRush_WIN/Content/Meshes/vessel/SM_ship5-merged.uasset" 295
"../../../../Unreal Projects/beatRush/beatRush_WIN/Content/audio/SFX/sfx2/sfx2/denied5.uasset" 296
"../../../../Unreal Projects/beatRush/beatRush_WIN/Content/SimpleMenuSystem/Textures/T_ShadowBorder.uasset" 297
"../../../../Unreal Projects/beatRush/beatRush_WIN/Content/SimpleMenuSystem/Textures/T_SideFade.uasset" 298
"../../../../Unreal Projects/beatRush/beatRush_WIN/Content/SimpleMenuSystem/Textures/T_SideFadeDown.uasset" 299
"../../../../Unreal Projects/beatRush/beatRush_WIN/Content/SimpleMenuSystem/Widgets/WBP_Button.uasset" 300
"../../../../Unreal Projects/beatRush/beatRush_WIN/Content/SimpleMenuSystem/Blueprints/BP_SettingsSave.uasset" 301
"../../../../Unreal Projects/beatRush/beatRush_WIN/Content/SimpleMenuSystem/BP_GameInfoInstance.uasset" 302
"../../../../Unreal Projects/beatRush/beatRush_WIN/Content/SimpleMenuSystem/Widgets/WBP_AxisKeyButton.uasset" 303
"../../../../Unreal Projects/beatRush/beatRush_WIN/Content/SimpleMenuSystem/Widgets/WBP_KeyButton.uasset" 304
"../../../../Unreal Projects/beatRush/beatRush_WIN/Content/SimpleMenuSystem/Widgets/WBP_Settings.uasset" 305
"../../../Engine/Content/VREditor/Sounds/UI/Selection_Changes.uasset" 306
"../../../../Unreal Projects/beatRush/beatRush_WIN/Content/audio/SFX/sfx2/sfx2/accomplished1.uasset" 307
"../../../../Unreal Projects/beatRush/beatRush_WIN/Content/SpaceBox_Color/Textures/HD/Kaldar/Front.uasset" 308
"../../../../Unreal Projects/beatRush/beatRush_WIN/Content/UI/Screenshot_3.uasset" 309
"../../../../Unreal Projects/beatRush/beatRush_WIN/Content/UI/ship2.uasset" 310
"../../../../Unreal Projects/beatRush/beatRush_WIN/Content/UI/ship3.uasset" 311
"../../../../Unreal Projects/beatRush/beatRush_WIN/Content/UI/ship4.uasset" 312
"../../../../Unreal Projects/beatRush/beatRush_WIN/Content/UI/ship5.uasset" 313
"../../../../Unreal Projects/beatRush/beatRush_WIN/Content/UI/shop.uasset" 314
"../../../../Unreal Projects/beatRush/beatRush_WIN/Content/SimpleMenuSystem/Widgets/WBP_MainMenu.uasset" 315
"../../../../Unreal Projects/beatRush/beatRush_WIN/Content/audio/SFX/sfx2/sfx2/explosion1.uasset" 316
"../../../../Unreal Projects/beatRush/beatRush_WIN/Content/UI/pause_menu.uasset" 317
"../../../../Unreal Projects/beatRush/beatRush_WIN/Content/UI/Screenshot_1.uasset" 318
"../../../../Unreal Projects/beatRush/beatRush_WIN/Content/UI/Screenshot_2.uasset" 319
"../../../../Unreal Projects/beatRush/beatRush_WIN/Content/UI/HUD.uasset" 320
"../../../../Unreal Projects/beatRush/beatRush_WIN/Content/Movies/MediaPlayer.uasset" 321
"../../../../Unreal Projects/beatRush/beatRush_WIN/Content/Movies/MediaPlayer_Video.uasset" 322
"../../../../Unreal Projects/beatRush/beatRush_WIN/Content/UI/1200px-Flag_of_Japan.uasset" 323
"../../../../Unreal Projects/beatRush/beatRush_WIN/Content/UI/HighresScreenshot00002.uasset" 324
"../../../../Unreal Projects/beatRush/beatRush_WIN/Content/UI/about.uasset" 325
"../../../../Unreal Projects/beatRush/beatRush_WIN/Content/UI/Flag_of_the_United_States.uasset" 326
"../../../../Unreal Projects/beatRush/beatRush_WIN/Content/UI/HighresScreenshot00003.uasset" 327
"../../../../Unreal Projects/beatRush/beatRush_WIN/Content/UI/howToPlay.uasset" 328
"../../../../Unreal Projects/beatRush/beatRush_WIN/Content/audio/OST/infinite/actionPotentialInfinite.uasset" 329
"../../../../Unreal Projects/beatRush/beatRush_WIN/Content/audio/OST/infinite/caffeineInfinite.uasset" 330
"../../../../Unreal Projects/beatRush/beatRush_WIN/Content/audio/OST/infinite/dragonsInfinite.uasset" 331
"../../../../Unreal Projects/beatRush/beatRush_WIN/Content/audio/OST/infinite/ecstaticInfinite.uasset" 332
"../../../../Unreal Projects/beatRush/beatRush_WIN/Content/audio/OST/infinite/greatMomentsInfinite.uasset" 333
"../../../../Unreal Projects/beatRush/beatRush_WIN/Content/audio/OST/infinite/whateverItTakesInfinite.uasset" 334
"../../../../Unreal Projects/beatRush/beatRush_WIN/Content/UI/infiniteModeSetup.uasset" 335
"../../../../Unreal Projects/beatRush/beatRush_WIN/Content/UI/leaderboardsWeb.uasset" 336
"../../../../Unreal Projects/beatRush/beatRush_WIN/Content/UI/level_chooser.uasset" 337
"../../../../Unreal Projects/beatRush/beatRush_WIN/Content/UI/patreonBtn.uasset" 338
"../../../../Unreal Projects/beatRush/beatRush_WIN/Content/UI/settingsMenu.uasset" 339
"../../../../Unreal Projects/beatRush/beatRush_WIN/Content/UI/main_menu.uasset" 340
"../../../../Unreal Projects/beatRush/beatRush_WIN/Content/UI/deathScreen.uasset" 341
"../../../../Unreal Projects/beatRush/beatRush_WIN/Content/VFXSeries1/Textures/Energy/T_Burst_M.uasset" 342
"../../../../Unreal Projects/beatRush/beatRush_WIN/Content/VFXSeries1/Materials/Energy/M_Burst.uasset" 343
"../../../../Unreal Projects/beatRush/beatRush_WIN/Content/VFXSeries1/Textures/T_DireNoise_01.uasset" 344
"../../../../Unreal Projects/beatRush/beatRush_WIN/Content/VFXSeries1/Textures/T_FireTile_01.uasset" 345
"../../../../Unreal Projects/beatRush/beatRush_WIN/Content/VFXSeries1/Materials/Energy/M_FireParticle_02.uasset" 346
"../../../../Unreal Projects/beatRush/beatRush_WIN/Content/VFXSeries1/Textures/T_Smoke_Tiled_D.uasset" 347
"../../../../Unreal Projects/beatRush/beatRush_WIN/Content/VFXSeries1/Materials/Energy/M_FragShock.uasset" 348
"../../../../Unreal Projects/beatRush/beatRush_WIN/Content/VFXSeries1/Materials/LensFlare/m_flare_01.uasset" 349
"../../../../Unreal Projects/beatRush/beatRush_WIN/Content/VFXSeries1/Textures/Decals/T_sunflare.uasset" 350
"../../../../Unreal Projects/beatRush/beatRush_WIN/Content/VFXSeries1/Materials/LensFlare/m_flare_03.uasset" 351
"../../../../Unreal Projects/beatRush/beatRush_WIN/Content/VFXSeries1/Textures/T_Explosion_SubUV.uasset" 352
"../../../../Unreal Projects/beatRush/beatRush_WIN/Content/VFXSeries1/Materials/M_explosion_subUV.uasset" 353
"../../../../Unreal Projects/beatRush/beatRush_WIN/Content/VFXSeries1/Materials/M_FireParticle.uasset" 354
"../../../Engine/Content/Functions/Engine_MaterialFunctions01/Density/ExponentialDensity.uasset" 355
"../../../Engine/Content/Functions/Engine_MaterialFunctions01/Gradient/RadialGradientExponential.uasset" 356
"../../../../Unreal Projects/beatRush/beatRush_WIN/Content/VFXSeries1/Materials/M_Spark.uasset" 357
"../../../Engine/Content/Functions/Engine_MaterialFunctions01/Gradient/LinearGradient.uasset" 358
"../../../Engine/Content/Functions/Engine_MaterialFunctions01/ImageAdjustment/CheapContrast.uasset" 359
"../../../../Unreal Projects/beatRush/beatRush_WIN/Content/VFXSeries1/Textures/T_Smoke2_Tile.uasset" 360
"../../../../Unreal Projects/beatRush/beatRush_WIN/Content/VFXSeries1/Materials/Energy/Shield/M_DepthShield.uasset" 361
"../../../../Unreal Projects/beatRush/beatRush_WIN/Content/VFXSeries1/Meshes/SM_Attenuation_sphere_01.uasset" 362
"../../../../Unreal Projects/beatRush/beatRush_WIN/Content/VFXSeries1/Particles/Energy/P_Frag_Explosion.uasset" 363
"../../../../Unreal Projects/beatRush/beatRush_WIN/Content/VFXSeries1/Textures/Decals/T_C_Burn04.uasset" 364
"../../../../Unreal Projects/beatRush/beatRush_WIN/Content/VFXSeries1/Materials/Energy/M_SmokeParticle.uasset" 365
"../../../../Unreal Projects/beatRush/beatRush_WIN/Content/VFXSeries1/Materials/Energy/M_SparksBlue.uasset" 366
"../../../../Unreal Projects/beatRush/beatRush_WIN/Content/VFXSeries1/Textures/Flares/T_Lensflare_02.uasset" 367
"../../../../Unreal Projects/beatRush/beatRush_WIN/Content/VFXSeries1/Materials/Energy/Plasma/M_Flare.uasset" 368
"../../../../Unreal Projects/beatRush/beatRush_WIN/Content/VFXSeries1/Materials/M_FireBlueParticle.uasset" 369
"../../../../Unreal Projects/beatRush/beatRush_WIN/Content/VFXSeries1/Materials/M_Plasmaclouds3.uasset" 370
"../../../../Unreal Projects/beatRush/beatRush_WIN/Content/VFXSeries1/Particles/Energy/P_Plasma_Explosion.uasset" 371
"../../../../Unreal Projects/beatRush/beatRush_WIN/Content/BP/playerCharacter_BP.uasset" 372
"../../../../Unreal Projects/beatRush/beatRush_WIN/Content/weathereffects/Materials/M_Transparent.uasset" 373
"../../../Engine/Content/BasicShapes/Cube.uasset" 374
"../../../../Unreal Projects/beatRush/beatRush_WIN/Content/BP/worldBounds.uasset" 375
"../../../../Unreal Projects/beatRush/beatRush_WIN/Content/Materials/roadCorner_emissive.uasset" 376
"../../../../Unreal Projects/beatRush/beatRush_WIN/Content/Materials/roadCorner_emissive_Inst.uasset" 377
"../../../../Unreal Projects/beatRush/beatRush_WIN/Content/BP_sideLightPanel.uasset" 378
"../../../../Unreal Projects/beatRush/beatRush_WIN/Content/SpaceBox_Color/Textures/HD/Kaldar/Back.uasset" 379
"../../../../Unreal Projects/beatRush/beatRush_WIN/Content/SpaceBox_Color/Materials/HD/Kaldar/Mat_HD_Kaldar_Back.uasset" 380
"../../../../Unreal Projects/beatRush/beatRush_WIN/Content/SpaceBox_Color/Textures/HD/Kaldar/Down.uasset" 381
"../../../../Unreal Projects/beatRush/beatRush_WIN/Content/SpaceBox_Color/Materials/HD/Kaldar/Mat_HD_Kaldar_Down.uasset" 382
"../../../../Unreal Projects/beatRush/beatRush_WIN/Content/SpaceBox_Color/Materials/HD/Kaldar/Mat_HD_Kaldar_Front.uasset" 383
"../../../../Unreal Projects/beatRush/beatRush_WIN/Content/SpaceBox_Color/Textures/HD/Kaldar/Left.uasset" 384
"../../../../Unreal Projects/beatRush/beatRush_WIN/Content/SpaceBox_Color/Materials/HD/Kaldar/Mat_HD_Kaldar_Left.uasset" 385
"../../../../Unreal Projects/beatRush/beatRush_WIN/Content/SpaceBox_Color/Textures/HD/Kaldar/Right.uasset" 386
"../../../../Unreal Projects/beatRush/beatRush_WIN/Content/SpaceBox_Color/Materials/HD/Kaldar/Mat_HD_Kaldar_Right.uasset" 387
"../../../../Unreal Projects/beatRush/beatRush_WIN/Content/SpaceBox_Color/Textures/HD/Kaldar/Up.uasset" 388
"../../../../Unreal Projects/beatRush/beatRush_WIN/Content/SpaceBox_Color/Materials/HD/Kaldar/Mat_HD_Kaldar_Up.uasset" 389
"../../../../Unreal Projects/beatRush/beatRush_WIN/Content/SpaceBox_Color/Meshes/HD/Back.uasset" 390
"../../../../Unreal Projects/beatRush/beatRush_WIN/Content/SpaceBox_Color/Meshes/HD/Down.uasset" 391
"../../../../Unreal Projects/beatRush/beatRush_WIN/Content/SpaceBox_Color/Meshes/HD/Front.uasset" 392
"../../../../Unreal Projects/beatRush/beatRush_WIN/Content/SpaceBox_Color/Meshes/HD/Left.uasset" 393
"../../../../Unreal Projects/beatRush/beatRush_WIN/Content/SpaceBox_Color/Meshes/HD/Right.uasset" 394
"../../../../Unreal Projects/beatRush/beatRush_WIN/Content/SpaceBox_Color/Meshes/HD/Up.uasset" 395
"../../../../Unreal Projects/beatRush/beatRush_WIN/Content/SpaceBox_Color/Blueprints/HD/BP_SB4K_HD_Kaldar.uasset" 396
"../../../../Unreal Projects/beatRush/beatRush_WIN/Content/StarSphere/Materials/M_PlanetAtmosphere.uasset" 397
"../../../../Unreal Projects/beatRush/beatRush_WIN/Content/StarSphere/Materials/MI_PlanetAtmosphere.uasset" 398
"../../../../Unreal Projects/beatRush/beatRush_WIN/Content/StarSphere/Materials/M_PlanetSurface.uasset" 399
"../../../../Unreal Projects/beatRush/beatRush_WIN/Content/StarSphere/Textures/T_PlanetEarthClouds.uasset" 400
"../../../../Unreal Projects/beatRush/beatRush_WIN/Content/StarSphere/Textures/T_PlanetEarthLights.uasset" 401
"../../../../Unreal Projects/beatRush/beatRush_WIN/Content/StarSphere/Textures/T_PlanetEarthSurface.uasset" 402
"../../../../Unreal Projects/beatRush/beatRush_WIN/Content/StarSphere/Materials/MI_PlanetEarthSurface.uasset" 403
"../../../../Unreal Projects/beatRush/beatRush_WIN/Content/StarSphere/Materials/MI_PlanetMarsAtmosphere.uasset" 404
"../../../../Unreal Projects/beatRush/beatRush_WIN/Content/StarSphere/Textures/T_PlanetMarsLights.uasset" 405
"../../../../Unreal Projects/beatRush/beatRush_WIN/Content/StarSphere/Textures/T_PlanetMarsSurface.uasset" 406
"../../../../Unreal Projects/beatRush/beatRush_WIN/Content/StarSphere/Materials/MI_PlanetMarsSurface.uasset" 407
"../../../../Unreal Projects/beatRush/beatRush_WIN/Content/StarSphere/Materials/MI_PlanetSurface.uasset" 408
"../../../../Unreal Projects/beatRush/beatRush_WIN/Content/StarSphere/Materials/MI_PlanetVenusAtmosphere.uasset" 409
"../../../Engine/Content/EngineResources/DefaultTexture.uasset" 410
"../../../../Unreal Projects/beatRush/beatRush_WIN/Content/StarSphere/Textures/T_PlanetVenusClouds.uasset" 411
"../../../../Unreal Projects/beatRush/beatRush_WIN/Content/StarSphere/Textures/T_PlanetVenusLights.uasset" 412
"../../../../Unreal Projects/beatRush/beatRush_WIN/Content/StarSphere/Materials/MI_PlanetVenusSurface.uasset" 413
"../../../../Unreal Projects/beatRush/beatRush_WIN/Content/StarSphere/Meshes/SM_Planet.uasset" 414
"../../../../Unreal Projects/beatRush/beatRush_WIN/Content/StarSphere/Blueprints/BP_Planet.uasset" 415
"../../../../Unreal Projects/beatRush/beatRush_WIN/Content/Levels/gameplay_BuiltData.uasset" 416
"../../../../Unreal Projects/beatRush/beatRush_WIN/Content/Meshes/env/cone2.uasset" 417
"../../../../Unreal Projects/beatRush/beatRush_WIN/Content/Meshes/env/light_Inst1.uasset" 418
"../../../../Unreal Projects/beatRush/beatRush_WIN/Content/Meshes/env/tower_body_emissive.uasset" 419
"../../../../Unreal Projects/beatRush/beatRush_WIN/Content/NeuroFractalsPack/Textures/ColorRamp/ColorRamp_02.uasset" 420
"../../../../Unreal Projects/beatRush/beatRush_WIN/Content/NeuroFractalsPack/Materials/Example_Materials/Brain_FullRes.uasset" 421
"../../../../Unreal Projects/beatRush/beatRush_WIN/Content/NeuroFractalsPack/Materials/Example_Materials/CPU_2.uasset" 422
"../../../../Unreal Projects/beatRush/beatRush_WIN/Content/NeuroFractalsPack/Materials/Example_Materials/Flow.uasset" 423
"../../../../Unreal Projects/beatRush/beatRush_WIN/Content/Meshes/env/barrier_tower.uasset" 424
"../../../../Unreal Projects/beatRush/beatRush_WIN/Content/Meshes/env/runway-lvl1.uasset" 425
"../../../../Unreal Projects/beatRush/beatRush_WIN/Content/Meshes/env/body_003.uasset" 426
"../../../../Unreal Projects/beatRush/beatRush_WIN/Content/Meshes/env/body_004.uasset" 427
"../../../../Unreal Projects/beatRush/beatRush_WIN/Content/Meshes/env/tower_1.uasset" 428
"../../../../Unreal Projects/beatRush/beatRush_WIN/Content/Meshes/env/tower_4.uasset" 429
"../../../../Unreal Projects/beatRush/beatRush_WIN/Content/NeuroFractalsPack/Models/CPU/CPU_v02.uasset" 430
"../../../../Unreal Projects/beatRush/beatRush_WIN/Content/NeuroFractalsPack/Models/Landscape/Landscape_v04.uasset" 431
"../../../../Unreal Projects/beatRush/beatRush_WIN/Content/NeuroFractalsPack/Models/Landscape/Landscape_v08.uasset" 432
"../../../../Unreal Projects/beatRush/beatRush_WIN/Content/NeuroFractalsPack/Models/Lightning/Lightning_05.uasset" 433
"../../../../Unreal Projects/beatRush/beatRush_WIN/Content/VFXSeries1/Materials/Energy/M_ParticleAttractorSimple.uasset" 434
"../../../../Unreal Projects/beatRush/beatRush_WIN/Content/VFXSeries1/Textures/Noise/T_GenericLightning01.uasset" 435
"../../../../Unreal Projects/beatRush/beatRush_WIN/Content/VFXSeries1/Textures/T_LightningCircle.uasset" 436
"../../../../Unreal Projects/beatRush/beatRush_WIN/Content/VFXSeries1/Textures/T_SphericalGradient.uasset" 437
"../../../../Unreal Projects/beatRush/beatRush_WIN/Content/VFXSeries1/Materials/Energy/Plasma/Wormhole/M_WormholeBlue.uasset" 438
"../../../../Unreal Projects/beatRush/beatRush_WIN/Content/VFXSeries1/Textures/Energy/T_LightningCircle02.uasset" 439
"../../../../Unreal Projects/beatRush/beatRush_WIN/Content/VFXSeries1/Textures/Energy/T_LightningCircle03.uasset" 440
"../../../../Unreal Projects/beatRush/beatRush_WIN/Content/VFXSeries1/Textures/RenderCameras/RT_RenderTargetPortal01.uasset" 441
"../../../../Unreal Projects/beatRush/beatRush_WIN/Content/VFXSeries1/Materials/Lightning/M_PortalRingBlue.uasset" 442
"../../../../Unreal Projects/beatRush/beatRush_WIN/Content/VFXSeries1/Particles/Energy/Wormhole/P_WormholeBlue.uasset" 443
"../../../../Unreal Projects/beatRush/beatRush_WIN/Content/weathereffects/Materials/M_Cloud_Dark.uasset" 444
"../../../../Unreal Projects/beatRush/beatRush_WIN/Content/weathereffects/Materials/M_Glow.uasset" 445
"../../../../Unreal Projects/beatRush/beatRush_WIN/Content/WeatherEffects/Textures/T_FrameClamp.uasset" 446
"../../../../Unreal Projects/beatRush/beatRush_WIN/Content/WeatherEffects/Textures/T_Lightning.uasset" 447
"../../../../Unreal Projects/beatRush/beatRush_WIN/Content/WeatherEffects/Textures/T_LightningMasks.uasset" 448
"../../../../Unreal Projects/beatRush/beatRush_WIN/Content/weathereffects/Materials/M_Lightning.uasset" 449
"../../../../Unreal Projects/beatRush/beatRush_WIN/Content/WeatherEffects/Textures/T_Lightning_Large.uasset" 450
"../../../../Unreal Projects/beatRush/beatRush_WIN/Content/weathereffects/Materials/M_Lightning_Large.uasset" 451
"../../../../Unreal Projects/beatRush/beatRush_WIN/Content/WeatherEffects/Textures/T_Lightning_Zaps.uasset" 452
"../../../../Unreal Projects/beatRush/beatRush_WIN/Content/weathereffects/Materials/M_Lightning_Zaps.uasset" 453
"../../../../Unreal Projects/beatRush/beatRush_WIN/Content/weathereffects/Particles/NewParticles/P_Lightning_Storm.uasset" 454
"../../../../Unreal Projects/beatRush/beatRush_WIN/Content/weathereffects/Particles/P_Lightning.uasset" 455
"../../../../Unreal Projects/beatRush/beatRush_WIN/Content/Levels/gameplay.umap" 456
"../../../Engine/Content/Functions/Engine_MaterialFunctions01/Texturing/WorldAlignedTexture.uasset" 457
"../../../Engine/Content/EngineMaterials/DefaultWhiteGrid.uasset" 458
"../../../Engine/Content/EngineMaterials/Grid_N.uasset" 459
"../../../../Unreal Projects/beatRush/beatRush_WIN/Content/ScifiParticlePack/Materials/M_LayoutMat.uasset" 460
"../../../Engine/Content/MapTemplates/Bokeh_5Sides.uasset" 461
"../../../Engine/Content/MapTemplates/T_ScreenDirt02_w.uasset" 462
"../../../../Unreal Projects/beatRush/beatRush_WIN/Content/ScifiParticlePack/Materials/M_bar.uasset" 463
"../../../../Unreal Projects/beatRush/beatRush_WIN/Content/ScifiParticlePack/Materials/M_blob.uasset" 464
"../../../../Unreal Projects/beatRush/beatRush_WIN/Content/ScifiParticlePack/Particles/P_BeamLightning.uasset" 465
"../../../../Unreal Projects/beatRush/beatRush_WIN/Content/ScifiParticlePack/Particles/P_Beamray.uasset" 466
"../../../../Unreal Projects/beatRush/beatRush_WIN/Content/ScifiParticlePack/Meshes/mesh_ring.uasset" 467
"../../../../Unreal Projects/beatRush/beatRush_WIN/Content/ScifiParticlePack/Particles/P_Blastwave.uasset" 468
"../../../../Unreal Projects/beatRush/beatRush_WIN/Content/ScifiParticlePack/Materials/M_barInSolid.uasset" 469
"../../../../Unreal Projects/beatRush/beatRush_WIN/Content/ScifiParticlePack/Materials/M_barSolid.uasset" 470
"../../../../Unreal Projects/beatRush/beatRush_WIN/Content/ScifiParticlePack/Textures/midSpark.uasset" 471
"../../../../Unreal Projects/beatRush/beatRush_WIN/Content/ScifiParticlePack/Materials/M_midSparkSolid.uasset" 472
"../../../../Unreal Projects/beatRush/beatRush_WIN/Content/ScifiParticlePack/Meshes/mesh_plane.uasset" 473
"../../../../Unreal Projects/beatRush/beatRush_WIN/Content/ScifiParticlePack/Particles/P_DarkMatter.uasset" 474
"../../../../Unreal Projects/beatRush/beatRush_WIN/Content/ScifiParticlePack/Particles/P_ElectricBlast.uasset" 475
"../../../../Unreal Projects/beatRush/beatRush_WIN/Content/ScifiParticlePack/Particles/P_ElectricOrb.uasset" 476
"../../../../Unreal Projects/beatRush/beatRush_WIN/Content/ScifiParticlePack/Textures/lowSpark.uasset" 477
"../../../../Unreal Projects/beatRush/beatRush_WIN/Content/ScifiParticlePack/Materials/M_lowSpark.uasset" 478
"../../../../Unreal Projects/beatRush/beatRush_WIN/Content/ScifiParticlePack/Materials/M_midSpark.uasset" 479
"../../../../Unreal Projects/beatRush/beatRush_WIN/Content/ScifiParticlePack/Particles/P_Fusion.uasset" 480
"../../../../Unreal Projects/beatRush/beatRush_WIN/Content/ScifiParticlePack/Particles/P_GroundWave.uasset" 481
"../../../../Unreal Projects/beatRush/beatRush_WIN/Content/ScifiParticlePack/Materials/M_box.uasset" 482
"../../../../Unreal Projects/beatRush/beatRush_WIN/Content/ScifiParticlePack/Particles/P_GroundWavePixel.uasset" 483
"../../../../Unreal Projects/beatRush/beatRush_WIN/Content/ScifiParticlePack/Materials/M_barUp.uasset" 484
"../../../../Unreal Projects/beatRush/beatRush_WIN/Content/ScifiParticlePack/Particles/P_LightColumn.uasset" 485
"../../../../Unreal Projects/beatRush/beatRush_WIN/Content/ScifiParticlePack/Particles/P_LightColumnOut.uasset" 486
"../../../../Unreal Projects/beatRush/beatRush_WIN/Content/ScifiParticlePack/Particles/P_LightningCore.uasset" 487
"../../../../Unreal Projects/beatRush/beatRush_WIN/Content/ScifiParticlePack/Particles/P_PelletRay.uasset" 488
"../../../../Unreal Projects/beatRush/beatRush_WIN/Content/ScifiParticlePack/Particles/P_PelletRayReaction.uasset" 489
"../../../../Unreal Projects/beatRush/beatRush_WIN/Content/ScifiParticlePack/Particles/P_PixelBlast.uasset" 490
"../../../../Unreal Projects/beatRush/beatRush_WIN/Content/ScifiParticlePack/Particles/P_PixelBlastHit.uasset" 491
"../../../../Unreal Projects/beatRush/beatRush_WIN/Content/ScifiParticlePack/Textures/pixel.uasset" 492
"../../../../Unreal Projects/beatRush/beatRush_WIN/Content/ScifiParticlePack/Materials/M_pixel.uasset" 493
"../../../../Unreal Projects/beatRush/beatRush_WIN/Content/ScifiParticlePack/Particles/P_PixelBomb.uasset" 494
"../../../../Unreal Projects/beatRush/beatRush_WIN/Content/ScifiParticlePack/Particles/P_UnstableOrb.uasset" 495
"../../../../Unreal Projects/beatRush/beatRush_WIN/Content/ScifiParticlePack/ParticleRoom.umap" 496
"../../../Engine/Content/Maps/Entry_BuiltData.uasset" 497
"../../../Engine/Content/Maps/Entry.umap" 498
