Log file open, 01/15/20 13:35:35
LogWindows: Failed to load 'aqProf.dll' (GetLastError=126)
LogWindows: File 'aqProf.dll' does not exist
LogWindows: Failed to load 'VtuneApi.dll' (GetLastError=126)
LogWindows: File 'VtuneApi.dll' does not exist
LogWindows: Failed to load 'VtuneApi32e.dll' (GetLastError=126)
LogWindows: File 'VtuneApi32e.dll' does not exist
LogConsoleResponse: Display: Failed to find resolution value strings in scalability ini. Falling back to default.
LogInit: Display: Running engine for game: beatRush
LogPakFile: Registered encryption key '00000000000000000000000000000000': 0 pak files mounted, 0 remain pending
LogPlatformFile: Not using cached read wrapper
LogTaskGraph: Started task graph with 5 named threads and 23 total threads with 3 sets of task threads.
LogStats: Stats thread started at 0.720374
LogD3D11RHI: Loaded GFSDK_Aftermath_Lib.x64.dll
LogICUInternationalization: ICU TimeZone Detection - Raw Offset: +1:00, Platform Override: ''
LogPluginManager: Mounting plugin Paper2D
LogPluginManager: Mounting plugin LightPropagationVolume
LogPluginManager: Mounting plugin ActorLayerUtilities
LogPluginManager: Mounting plugin AnimationSharing
LogPluginManager: Mounting plugin CLionSourceCodeAccess
LogPluginManager: Mounting plugin CodeLiteSourceCodeAccess
LogPluginManager: Mounting plugin KDevelopSourceCodeAccess
LogPluginManager: Mounting plugin NullSourceCodeAccess
LogPluginManager: Mounting plugin VisualStudioCodeSourceCodeAccess
LogPluginManager: Mounting plugin VisualStudioSourceCodeAccess
LogPluginManager: Mounting plugin XCodeSourceCodeAccess
LogPluginManager: Mounting plugin AssetManagerEditor
LogPluginManager: Mounting plugin CryptoKeys
LogPluginManager: Mounting plugin DataValidation
LogPluginManager: Mounting plugin FacialAnimation
LogPluginManager: Mounting plugin GameplayTagsEditor
LogPluginManager: Mounting plugin MaterialAnalyzer
LogPluginManager: Mounting plugin MobileLauncherProfileWizard
LogPluginManager: Mounting plugin PluginBrowser
LogPluginManager: Mounting plugin SpeedTreeImporter
LogPluginManager: Mounting plugin CharacterAI
LogPluginManager: Mounting plugin GeometryCache
LogPluginManager: Mounting plugin ProxyLODPlugin
LogPluginManager: Mounting plugin SkeletalReduction
LogPluginManager: Mounting plugin MagicLeap
LogPluginManager: Mounting plugin MagicLeapMedia
LogPluginManager: Mounting plugin EasyAds
LogPluginManager: Mounting plugin AndroidMedia
LogPluginManager: Mounting plugin ImgMedia
LogPluginManager: Mounting plugin LinearTimecode
LogPluginManager: Mounting plugin MediaCompositing
LogPluginManager: Mounting plugin MediaPlayerEditor
LogPluginManager: Mounting plugin TcpMessaging
LogPluginManager: Mounting plugin UdpMessaging
LogPluginManager: Mounting plugin ActorSequence
LogPluginManager: Mounting plugin LevelSequenceEditor
LogPluginManager: Mounting plugin MatineeToLevelSequence
LogPluginManager: Mounting plugin OnlineSubsystemGooglePlay
LogPluginManager: Mounting plugin OnlineSubsystem
LogPluginManager: Mounting plugin OnlineSubsystemGoogle
LogPluginManager: Mounting plugin OnlineSubsystemUtils
LogPluginManager: Mounting plugin LauncherChunkInstaller
LogPluginManager: Mounting plugin AndroidDeviceProfileSelector
LogPluginManager: Mounting plugin AndroidMoviePlayer
LogPluginManager: Mounting plugin AndroidPermission
LogPluginManager: Mounting plugin CableComponent
LogPluginManager: Mounting plugin CustomMeshComponent
LogPluginManager: Mounting plugin EditableMesh
LogPluginManager: Mounting plugin ExampleDeviceProfileSelector
LogPluginManager: Mounting plugin Firebase
LogPluginManager: Mounting plugin GoogleCloudMessaging
LogPluginManager: Mounting plugin IOSDeviceProfileSelector
LogPluginManager: Mounting plugin LinuxDeviceProfileSelector
LogPluginManager: Mounting plugin LocationServicesBPLibrary
LogPluginManager: Mounting plugin MobilePatchingUtils
LogPluginManager: Mounting plugin ProceduralMeshComponent
LogPluginManager: Mounting plugin RuntimePhysXCooking
LogPluginManager: Mounting plugin SignificanceManager
LogInit: Using libcurl 7.55.1-DEV
LogInit:  - built for x86_64-pc-win32
LogInit:  - supports SSL with OpenSSL/1.1.1
LogInit:  - supports HTTP deflate (compression) using libz 1.2.8
LogInit:  - other features:
LogInit:      CURL_VERSION_SSL
LogInit:      CURL_VERSION_LIBZ
LogInit:      CURL_VERSION_IPV6
LogInit:      CURL_VERSION_ASYNCHDNS
LogInit:      CURL_VERSION_LARGEFILE
LogInit:      CURL_VERSION_IDN
LogInit:  CurlRequestOptions (configurable via config and command line):
LogInit:  - bVerifyPeer = true  - Libcurl will verify peer certificate
LogInit:  - bUseHttpProxy = false  - Libcurl will NOT use HTTP proxy
LogInit:  - bDontReuseConnections = false  - Libcurl will reuse connections
LogInit:  - MaxHostConnections = 16  - Libcurl will limit the number of connections to a host
LogInit:  - LocalHostAddr = Default
LogInit:  - BufferSize = 65536
LogModuleManager: Warning: ModuleManager: Unable to load module 'OnlineSubsystemNULL'  - 0 instances of that module name found.
LogOnline: OSS: Failed to load any Online Subsystem Modules
LogInit: Build: ++UE4+Release-4.22-CL-7053642
LogInit: Engine Version: 4.22.3-7053642+++UE4+Release-4.22
LogInit: Compatible Engine Version: 4.22.0-5660361+++UE4+Release-4.22
LogInit: Net CL: 5660361
LogInit: OS: Windows 10 (Release 1903) (), CPU: Intel(R) Core(TM) i7-7700HQ CPU @ 2.80GHz, GPU: Intel(R) HD Graphics 630
LogInit: Compiled (64-bit): Jun 18 2019 03:09:11
LogInit: Compiled with Visual C++: 19.16.27025.01
LogInit: Build Configuration: Development
LogInit: Branch Name: ++UE4+Release-4.22
LogInit: Command Line: 
LogInit: Base Directory: C:/Program Files/Epic Games/UE_4.22/Engine/Binaries/Win64/
LogInit: Installed Engine Build: 1
LogDevObjectVersion: Number of dev versions registered: 23
LogDevObjectVersion:   Dev-Blueprints (B0D832E4-1F89-4F0D-ACCF-7EB736FD4AA2): 10
LogDevObjectVersion:   Dev-Build (E1C64328-A22C-4D53-A36C-8E866417BD8C): 0
LogDevObjectVersion:   Dev-Core (375EC13C-06E4-48FB-B500-84F0262A717E): 3
LogDevObjectVersion:   Dev-Editor (E4B068ED-F494-42E9-A231-DA0B2E46BB41): 30
LogDevObjectVersion:   Dev-Framework (CFFC743F-43B0-4480-9391-14DF171D2073): 35
LogDevObjectVersion:   Dev-Mobile (B02B49B5-BB20-44E9-A304-32B752E40360): 2
LogDevObjectVersion:   Dev-Networking (A4E4105C-59A1-49B5-A7C5-40C4547EDFEE): 0
LogDevObjectVersion:   Dev-Online (39C831C9-5AE6-47DC-9A44-9C173E1C8E7C): 0
LogDevObjectVersion:   Dev-Physics (78F01B33-EBEA-4F98-B9B4-84EACCB95AA2): 0
LogDevObjectVersion:   Dev-Platform (6631380F-2D4D-43E0-8009-CF276956A95A): 0
LogDevObjectVersion:   Dev-Rendering (12F88B9F-8875-4AFC-A67C-D90C383ABD29): 28
LogDevObjectVersion:   Dev-Sequencer (7B5AE74C-D270-4C10-A958-57980B212A5A): 11
LogDevObjectVersion:   Dev-VR (D7296918-1DD6-4BDD-9DE2-64A83CC13884): 2
LogDevObjectVersion:   Dev-LoadTimes (C2A15278-BFE7-4AFE-6C17-90FF531DF755): 1
LogDevObjectVersion:   Private-Geometry (6EACA3D4-40EC-4CC1-B786-8BED09428FC5): 3
LogDevObjectVersion:   Dev-AnimPhys (29E575DD-E0A3-4627-9D10-D276232CDCEA): 17
LogDevObjectVersion:   Dev-Anim (AF43A65D-7FD3-4947-9873-3E8ED9C1BB05): 2
LogDevObjectVersion:   Dev-ReflectionCapture (6B266CEC-1EC7-4B8F-A30B-E4D90942FC07): 1
LogDevObjectVersion:   Dev-Automation (0DF73D61-A23F-47EA-B727-89E90C41499A): 1
LogDevObjectVersion:   FortniteMain (601D1886-AC64-4F84-AA16-D3DE0DEAC7D6): 25
LogDevObjectVersion:   Dev-Enterprise (9DFFBCD6-494F-0158-E221-12823C92A888): 6
LogDevObjectVersion:   Dev-Niagara (F2AED0AC-9AFE-416F-8664-AA7FFA26D6FC): 1
LogDevObjectVersion:   Dev-Destruction (174F1F0B-B4C6-45A5-B13F-2EE8D0FB917D): 2
LogInit: Presizing for max 16777216 objects, including 0 objects not considered by GC, pre-allocating 0 bytes for permanent pool.
LogInit: Object subsystem initialized
LogConfig: Setting CVar [[con.DebugEarlyDefault:1]]
LogConfig: Setting CVar [[r.setres:1280x720]]
[2020.01.15-12.35.35:646][  0]LogConfig: Setting CVar [[r.VSync:0]]
[2020.01.15-12.35.35:646][  0]LogConfig: Setting CVar [[r.RHICmdBypass:0]]
[2020.01.15-12.35.35:646][  0]LogConfig: Applying CVar settings from Section [/Script/Engine.RendererSettings] File [C:/Users/smdex/Documents/GitHub/beatRush/beatRush/Saved/Config/Windows/Engine.ini]
[2020.01.15-12.35.35:646][  0]LogConfig: Setting CVar [[r.GPUCrashDebugging:0]]
[2020.01.15-12.35.35:646][  0]LogConfig: Setting CVar [[r.MobileHDR:1]]
[2020.01.15-12.35.35:646][  0]LogConfig: Setting CVar [[r.Mobile.DisableVertexFog:0]]
[2020.01.15-12.35.35:646][  0]LogConfig: Setting CVar [[r.Shadow.CSM.MaxMobileCascades:2]]
[2020.01.15-12.35.35:646][  0]LogConfig: Setting CVar [[r.MobileMSAA:1]]
[2020.01.15-12.35.35:646][  0]LogConfig: Setting CVar [[r.Mobile.UseLegacyShadingModel:0]]
[2020.01.15-12.35.35:646][  0]LogConfig: Setting CVar [[r.Mobile.UseHWsRGBEncoding:0]]
[2020.01.15-12.35.35:646][  0]LogConfig: Setting CVar [[r.Mobile.AllowDitheredLODTransition:0]]
[2020.01.15-12.35.35:646][  0]LogConfig: Setting CVar [[r.Mobile.AllowSoftwareOcclusion:0]]
[2020.01.15-12.35.35:646][  0]LogConfig: Setting CVar [[r.DiscardUnusedQuality:0]]
[2020.01.15-12.35.35:646][  0]LogConfig: Setting CVar [[r.AllowOcclusionQueries:1]]
[2020.01.15-12.35.35:646][  0]LogConfig: Setting CVar [[r.MinScreenRadiusForLights:0.030000]]
[2020.01.15-12.35.35:646][  0]LogConfig: Setting CVar [[r.MinScreenRadiusForDepthPrepass:0.030000]]
[2020.01.15-12.35.35:646][  0]LogConfig: Setting CVar [[r.MinScreenRadiusForCSMDepth:0.010000]]
[2020.01.15-12.35.35:646][  0]LogConfig: Setting CVar [[r.PrecomputedVisibilityWarning:0]]
[2020.01.15-12.35.35:646][  0]LogConfig: Setting CVar [[r.TextureStreaming:1]]
[2020.01.15-12.35.35:646][  0]LogConfig: Setting CVar [[Compat.UseDXT5NormalMaps:0]]
[2020.01.15-12.35.35:646][  0]LogConfig: Setting CVar [[r.ClearCoatNormal:0]]
[2020.01.15-12.35.35:646][  0]LogConfig: Setting CVar [[r.ReflectionCaptureResolution:128]]
[2020.01.15-12.35.35:646][  0]LogConfig: Setting CVar [[r.ReflectionEnvironmentLightmapMixBasedOnRoughness:1]]
[2020.01.15-12.35.35:646][  0]LogConfig: Setting CVar [[r.ForwardShading:0]]
[2020.01.15-12.35.35:646][  0]LogConfig: Setting CVar [[r.VertexFoggingForOpaque:1]]
[2020.01.15-12.35.35:646][  0]LogConfig: Setting CVar [[r.AllowStaticLighting:1]]
[2020.01.15-12.35.35:646][  0]LogConfig: Setting CVar [[r.NormalMapsForStaticLighting:0]]
[2020.01.15-12.35.35:646][  0]LogConfig: Setting CVar [[r.GenerateMeshDistanceFields:0]]
[2020.01.15-12.35.35:646][  0]LogConfig: Setting CVar [[r.DistanceFieldBuild.EightBit:0]]
[2020.01.15-12.35.35:646][  0]LogConfig: Setting CVar [[r.GenerateLandscapeGIData:0]]
[2020.01.15-12.35.35:646][  0]LogConfig: Setting CVar [[r.DistanceFieldBuild.Compress:0]]
[2020.01.15-12.35.35:646][  0]LogConfig: Setting CVar [[r.TessellationAdaptivePixelsPerTriangle:48.000000]]
[2020.01.15-12.35.35:646][  0]LogConfig: Setting CVar [[r.SeparateTranslucency:0]]
[2020.01.15-12.35.35:646][  0]LogConfig: Setting CVar [[r.TranslucentSortPolicy:0]]
[2020.01.15-12.35.35:646][  0]LogConfig: Setting CVar [[r.CustomDepth:1]]
[2020.01.15-12.35.35:646][  0]LogConfig: Setting CVar [[r.CustomDepthTemporalAAJitter:1]]
[2020.01.15-12.35.35:646][  0]LogConfig: Setting CVar [[r.PostProcessing.PropagateAlpha:0]]
[2020.01.15-12.35.35:646][  0]LogConfig: Setting CVar [[r.DOF.Algorithm:1]]
[2020.01.15-12.35.35:646][  0]LogConfig: Setting CVar [[r.DefaultFeature.Bloom:1]]
[2020.01.15-12.35.35:646][  0]LogConfig: Setting CVar [[r.DefaultFeature.AmbientOcclusion:0]]
[2020.01.15-12.35.35:646][  0]LogConfig: Setting CVar [[r.DefaultFeature.AmbientOcclusionStaticFraction:1]]
[2020.01.15-12.35.35:646][  0]LogConfig: Setting CVar [[r.DefaultFeature.AutoExposure:0]]
[2020.01.15-12.35.35:646][  0]LogConfig: Setting CVar [[r.DefaultFeature.AutoExposure.Method:0]]
[2020.01.15-12.35.35:646][  0]LogConfig: Setting CVar [[r.DefaultFeature.AutoExposure.ExtendDefaultLuminanceRange:0]]
[2020.01.15-12.35.35:646][  0]LogConfig: Setting CVar [[r.UsePreExposure:0]]
[2020.01.15-12.35.35:646][  0]LogConfig: Setting CVar [[r.DefaultFeature.MotionBlur:0]]
[2020.01.15-12.35.35:646][  0]LogConfig: Setting CVar [[r.DefaultFeature.LensFlare:0]]
[2020.01.15-12.35.35:646][  0]LogConfig: Setting CVar [[r.TemporalAA.Upsampling:0]]
[2020.01.15-12.35.35:646][  0]LogConfig: Setting CVar [[r.DefaultFeature.AntiAliasing:0]]
[2020.01.15-12.35.35:646][  0]LogConfig: Setting CVar [[r.DefaultFeature.LightUnits:1]]
[2020.01.15-12.35.35:646][  0]LogConfig: Setting CVar [[r.DefaultBackBufferPixelFormat:4]]
[2020.01.15-12.35.35:646][  0]LogConfig: Setting CVar [[r.Shadow.UnbuiltPreviewInGame:1]]
[2020.01.15-12.35.35:646][  0]LogConfig: Setting CVar [[r.StencilForLODDither:0]]
[2020.01.15-12.35.35:646][  0]LogConfig: Setting CVar [[r.EarlyZPass:3]]
[2020.01.15-12.35.35:647][  0]LogConfig: Setting CVar [[r.EarlyZPassOnlyMaterialMasking:0]]
[2020.01.15-12.35.35:647][  0]LogConfig: Setting CVar [[r.DBuffer:1]]
[2020.01.15-12.35.35:647][  0]LogConfig: Setting CVar [[r.ClearSceneMethod:1]]
[2020.01.15-12.35.35:647][  0]LogConfig: Setting CVar [[r.BasePassOutputsVelocity:0]]
[2020.01.15-12.35.35:647][  0]LogConfig: Setting CVar [[r.SelectiveBasePassOutputs:0]]
[2020.01.15-12.35.35:647][  0]LogConfig: Setting CVar [[fx.GPUSimulationTextureSizeX:1024]]
[2020.01.15-12.35.35:647][  0]LogConfig: Setting CVar [[fx.GPUSimulationTextureSizeY:1024]]
[2020.01.15-12.35.35:647][  0]LogConfig: Setting CVar [[r.AllowGlobalClipPlane:0]]
[2020.01.15-12.35.35:647][  0]LogConfig: Setting CVar [[r.GBufferFormat:1]]
[2020.01.15-12.35.35:647][  0]LogConfig: Setting CVar [[r.MorphTarget.Mode:1]]
[2020.01.15-12.35.35:647][  0]LogConfig: Setting CVar [[vr.InstancedStereo:0]]
[2020.01.15-12.35.35:647][  0]LogConfig: Setting CVar [[vr.MultiView:0]]
[2020.01.15-12.35.35:647][  0]LogConfig: Setting CVar [[vr.MobileMultiView:0]]
[2020.01.15-12.35.35:647][  0]LogConfig: Setting CVar [[vr.MobileMultiView.Direct:0]]
[2020.01.15-12.35.35:647][  0]LogConfig: Setting CVar [[vr.RoundRobinOcclusion:0]]
[2020.01.15-12.35.35:647][  0]LogConfig: Setting CVar [[vr.ODSCapture:0]]
[2020.01.15-12.35.35:647][  0]LogConfig: Setting CVar [[r.WireframeCullThreshold:5.000000]]
[2020.01.15-12.35.35:647][  0]LogConfig: Setting CVar [[r.RayTracing:0]]
[2020.01.15-12.35.35:648][  0]LogConfig: Setting CVar [[r.SupportStationarySkylight:1]]
[2020.01.15-12.35.35:648][  0]LogConfig: Setting CVar [[r.SupportLowQualityLightmaps:1]]
[2020.01.15-12.35.35:648][  0]LogConfig: Setting CVar [[r.SupportPointLightWholeSceneShadows:1]]
[2020.01.15-12.35.35:648][  0]LogConfig: Setting CVar [[r.SupportAtmosphericFog:1]]
[2020.01.15-12.35.35:648][  0]LogConfig: Setting CVar [[r.SkinCache.CompileShaders:0]]
[2020.01.15-12.35.35:648][  0]LogConfig: Setting CVar [[r.Mobile.EnableStaticAndCSMShadowReceivers:1]]
[2020.01.15-12.35.35:648][  0]LogConfig: Setting CVar [[r.Mobile.EnableMovableLightCSMShaderCulling:1]]
[2020.01.15-12.35.35:648][  0]LogConfig: Setting CVar [[r.Mobile.AllowDistanceFieldShadows:1]]
[2020.01.15-12.35.35:648][  0]LogConfig: Setting CVar [[r.Mobile.AllowMovableDirectionalLights:1]]
[2020.01.15-12.35.35:648][  0]LogConfig: Setting CVar [[r.MobileNumDynamicPointLights:4]]
[2020.01.15-12.35.35:648][  0]LogConfig: Setting CVar [[r.MobileDynamicPointLightsUseStaticBranch:1]]
[2020.01.15-12.35.35:648][  0]LogConfig: Setting CVar [[r.Mobile.EnableMovableSpotlights:0]]
[2020.01.15-12.35.35:648][  0]LogConfig: Setting CVar [[r.SkinCache.SceneMemoryLimitInMB:128.000000]]
[2020.01.15-12.35.35:648][  0]LogConfig: Setting CVar [[r.GPUSkin.Limit2BoneInfluences:0]]
[2020.01.15-12.35.35:648][  0]LogConfig: Setting CVar [[r.SupportDepthOnlyIndexBuffers:1]]
[2020.01.15-12.35.35:648][  0]LogConfig: Setting CVar [[r.SupportReversedIndexBuffers:1]]
[2020.01.15-12.35.35:648][  0]LogConfig: Setting CVar [[r.SupportMaterialLayers:0]]
[2020.01.15-12.35.35:648][  0]LogConfig: Applying CVar settings from Section [/Script/Engine.RendererOverrideSettings] File [C:/Users/smdex/Documents/GitHub/beatRush/beatRush/Saved/Config/Windows/Engine.ini]
[2020.01.15-12.35.35:648][  0]LogConfig: Applying CVar settings from Section [/Script/Engine.StreamingSettings] File [C:/Users/smdex/Documents/GitHub/beatRush/beatRush/Saved/Config/Windows/Engine.ini]
[2020.01.15-12.35.35:648][  0]LogConfig: Setting CVar [[s.MinBulkDataSizeForAsyncLoading:131072]]
[2020.01.15-12.35.35:648][  0]LogConfig: Setting CVar [[s.AsyncLoadingThreadEnabled:0]]
[2020.01.15-12.35.35:648][  0]LogConfig: Setting CVar [[s.EventDrivenLoaderEnabled:1]]
[2020.01.15-12.35.35:648][  0]LogConfig: Setting CVar [[s.WarnIfTimeLimitExceeded:0]]
[2020.01.15-12.35.35:648][  0]LogConfig: Setting CVar [[s.TimeLimitExceededMultiplier:1.5]]
[2020.01.15-12.35.35:648][  0]LogConfig: Setting CVar [[s.TimeLimitExceededMinTime:0.005]]
[2020.01.15-12.35.35:648][  0]LogConfig: Setting CVar [[s.UseBackgroundLevelStreaming:1]]
[2020.01.15-12.35.35:648][  0]LogConfig: Setting CVar [[s.PriorityAsyncLoadingExtraTime:15.0]]
[2020.01.15-12.35.35:648][  0]LogConfig: Setting CVar [[s.LevelStreamingActorsUpdateTimeLimit:5.0]]
[2020.01.15-12.35.35:648][  0]LogConfig: Setting CVar [[s.PriorityLevelStreamingActorsUpdateExtraTime:5.0]]
[2020.01.15-12.35.35:648][  0]LogConfig: Setting CVar [[s.LevelStreamingComponentsRegistrationGranularity:10]]
[2020.01.15-12.35.35:648][  0]LogConfig: Setting CVar [[s.UnregisterComponentsTimeLimit:1.0]]
[2020.01.15-12.35.35:648][  0]LogConfig: Setting CVar [[s.LevelStreamingComponentsUnregistrationGranularity:5]]
[2020.01.15-12.35.35:648][  0]LogConfig: Applying CVar settings from Section [/Script/Engine.GarbageCollectionSettings] File [C:/Users/smdex/Documents/GitHub/beatRush/beatRush/Saved/Config/Windows/Engine.ini]
[2020.01.15-12.35.35:648][  0]LogConfig: Setting CVar [[gc.MaxObjectsNotConsideredByGC:1]]
[2020.01.15-12.35.35:648][  0]LogConfig: Setting CVar [[gc.SizeOfPermanentObjectPool:0]]
[2020.01.15-12.35.35:648][  0]LogConfig: Setting CVar [[gc.FlushStreamingOnGC:0]]
[2020.01.15-12.35.35:648][  0]LogConfig: Setting CVar [[gc.NumRetriesBeforeForcingGC:10]]
[2020.01.15-12.35.35:648][  0]LogConfig: Setting CVar [[gc.AllowParallelGC:1]]
[2020.01.15-12.35.35:648][  0]LogConfig: Setting CVar [[gc.TimeBetweenPurgingPendingKillObjects:61.1]]
[2020.01.15-12.35.35:648][  0]LogConfig: Setting CVar [[gc.MaxObjectsInEditor:16777216]]
[2020.01.15-12.35.35:648][  0]LogConfig: Setting CVar [[gc.IncrementalBeginDestroyEnabled:1]]
[2020.01.15-12.35.35:648][  0]LogConfig: Setting CVar [[gc.CreateGCClusters:1]]
[2020.01.15-12.35.35:648][  0]LogConfig: Setting CVar [[gc.MinGCClusterSize:5]]
[2020.01.15-12.35.35:648][  0]LogConfig: Setting CVar [[gc.ActorClusteringEnabled:0]]
[2020.01.15-12.35.35:648][  0]LogConfig: Setting CVar [[gc.BlueprintClusteringEnabled:0]]
[2020.01.15-12.35.35:648][  0]LogConfig: Setting CVar [[gc.UseDisregardForGCOnDedicatedServers:0]]
[2020.01.15-12.35.35:648][  0]LogConfig: Applying CVar settings from Section [/Script/Engine.NetworkSettings] File [C:/Users/smdex/Documents/GitHub/beatRush/beatRush/Saved/Config/Windows/Engine.ini]
[2020.01.15-12.35.35:648][  0]LogConfig: Applying CVar settings from Section [/Script/UnrealEd.CookerSettings] File [C:/Users/smdex/Documents/GitHub/beatRush/beatRush/Saved/Config/Windows/Engine.ini]
[2020.01.15-12.35.35:654][  0]LogConfig: Applying CVar settings from Section [ViewDistanceQuality@3] File [C:/Users/smdex/Documents/GitHub/beatRush/beatRush/Saved/Config/Windows/Scalability.ini]
[2020.01.15-12.35.35:654][  0]LogConfig: Setting CVar [[r.SkeletalMeshLODBias:0]]
[2020.01.15-12.35.35:654][  0]LogConfig: Setting CVar [[r.ViewDistanceScale:1.0]]
[2020.01.15-12.35.35:654][  0]LogConfig: Applying CVar settings from Section [AntiAliasingQuality@3] File [C:/Users/smdex/Documents/GitHub/beatRush/beatRush/Saved/Config/Windows/Scalability.ini]
[2020.01.15-12.35.35:654][  0]LogConfig: Setting CVar [[r.PostProcessAAQuality:4]]
[2020.01.15-12.35.35:654][  0]LogConfig: Applying CVar settings from Section [ShadowQuality@3] File [C:/Users/smdex/Documents/GitHub/beatRush/beatRush/Saved/Config/Windows/Scalability.ini]
[2020.01.15-12.35.35:654][  0]LogConfig: Setting CVar [[r.LightFunctionQuality:1]]
[2020.01.15-12.35.35:654][  0]LogConfig: Setting CVar [[r.ShadowQuality:5]]
[2020.01.15-12.35.35:654][  0]LogConfig: Setting CVar [[r.Shadow.CSM.MaxCascades:10]]
[2020.01.15-12.35.35:654][  0]LogConfig: Setting CVar [[r.Shadow.MaxResolution:2048]]
[2020.01.15-12.35.35:654][  0]LogConfig: Setting CVar [[r.Shadow.MaxCSMResolution:2048]]
[2020.01.15-12.35.35:654][  0]LogConfig: Setting CVar [[r.Shadow.RadiusThreshold:0.01]]
[2020.01.15-12.35.35:654][  0]LogConfig: Setting CVar [[r.Shadow.DistanceScale:1.0]]
[2020.01.15-12.35.35:654][  0]LogConfig: Setting CVar [[r.Shadow.CSM.TransitionScale:1.0]]
[2020.01.15-12.35.35:654][  0]LogConfig: Setting CVar [[r.Shadow.PreShadowResolutionFactor:1.0]]
[2020.01.15-12.35.35:654][  0]LogConfig: Setting CVar [[r.DistanceFieldShadowing:1]]
[2020.01.15-12.35.35:654][  0]LogConfig: Setting CVar [[r.DistanceFieldAO:1]]
[2020.01.15-12.35.35:654][  0]LogConfig: Setting CVar [[r.AOQuality:2]]
[2020.01.15-12.35.35:654][  0]LogConfig: Setting CVar [[r.VolumetricFog:1]]
[2020.01.15-12.35.35:654][  0]LogConfig: Setting CVar [[r.VolumetricFog.GridPixelSize:8]]
[2020.01.15-12.35.35:654][  0]LogConfig: Setting CVar [[r.VolumetricFog.GridSizeZ:128]]
[2020.01.15-12.35.35:654][  0]LogConfig: Setting CVar [[r.VolumetricFog.HistoryMissSupersampleCount:4]]
[2020.01.15-12.35.35:654][  0]LogConfig: Setting CVar [[r.LightMaxDrawDistanceScale:1]]
[2020.01.15-12.35.35:654][  0]LogConfig: Setting CVar [[r.CapsuleShadows:1]]
[2020.01.15-12.35.35:654][  0]LogConfig: Applying CVar settings from Section [PostProcessQuality@3] File [C:/Users/smdex/Documents/GitHub/beatRush/beatRush/Saved/Config/Windows/Scalability.ini]
[2020.01.15-12.35.35:654][  0]LogConfig: Setting CVar [[r.MotionBlurQuality:4]]
[2020.01.15-12.35.35:654][  0]LogConfig: Setting CVar [[r.AmbientOcclusionMipLevelFactor:0.4]]
[2020.01.15-12.35.35:654][  0]LogConfig: Setting CVar [[r.AmbientOcclusionMaxQuality:100]]
[2020.01.15-12.35.35:654][  0]LogConfig: Setting CVar [[r.AmbientOcclusionLevels:-1]]
[2020.01.15-12.35.35:654][  0]LogConfig: Setting CVar [[r.AmbientOcclusionRadiusScale:1.0]]
[2020.01.15-12.35.35:654][  0]LogConfig: Setting CVar [[r.DepthOfFieldQuality:2]]
[2020.01.15-12.35.35:654][  0]LogConfig: Setting CVar [[r.RenderTargetPoolMin:400]]
[2020.01.15-12.35.35:654][  0]LogConfig: Setting CVar [[r.LensFlareQuality:2]]
[2020.01.15-12.35.35:654][  0]LogConfig: Setting CVar [[r.SceneColorFringeQuality:1]]
[2020.01.15-12.35.35:654][  0]LogConfig: Setting CVar [[r.EyeAdaptationQuality:2]]
[2020.01.15-12.35.35:654][  0]LogConfig: Setting CVar [[r.BloomQuality:5]]
[2020.01.15-12.35.35:654][  0]LogConfig: Setting CVar [[r.FastBlurThreshold:100]]
[2020.01.15-12.35.35:654][  0]LogConfig: Setting CVar [[r.Upscale.Quality:3]]
[2020.01.15-12.35.35:654][  0]LogConfig: Setting CVar [[r.Tonemapper.GrainQuantization:1]]
[2020.01.15-12.35.35:655][  0]LogConfig: Setting CVar [[r.LightShaftQuality:1]]
[2020.01.15-12.35.35:655][  0]LogConfig: Setting CVar [[r.Filter.SizeScale:1]]
[2020.01.15-12.35.35:655][  0]LogConfig: Setting CVar [[r.Tonemapper.Quality:5]]
[2020.01.15-12.35.35:655][  0]LogConfig: Setting CVar [[r.DOF.Gather.AccumulatorQuality:1        ; higher gathering accumulator quality]]
[2020.01.15-12.35.35:655][  0]LogConfig: Setting CVar [[r.DOF.Gather.PostfilterMethod:1          ; Median3x3 postfilering method]]
[2020.01.15-12.35.35:655][  0]LogConfig: Setting CVar [[r.DOF.Gather.EnableBokehSettings:0       ; no bokeh simulation when gathering]]
[2020.01.15-12.35.35:655][  0]LogConfig: Setting CVar [[r.DOF.Gather.RingCount:4                 ; medium number of samples when gathering]]
[2020.01.15-12.35.35:655][  0]LogConfig: Setting CVar [[r.DOF.Scatter.ForegroundCompositing:1    ; additive foreground scattering]]
[2020.01.15-12.35.35:655][  0]LogConfig: Setting CVar [[r.DOF.Scatter.BackgroundCompositing:2    ; additive background scattering]]
[2020.01.15-12.35.35:655][  0]LogConfig: Setting CVar [[r.DOF.Scatter.EnableBokehSettings:1      ; bokeh simulation when scattering]]
[2020.01.15-12.35.35:655][  0]LogConfig: Setting CVar [[r.DOF.Scatter.MaxSpriteRatio:0.1         ; only a maximum of 10% of scattered bokeh]]
[2020.01.15-12.35.35:655][  0]LogConfig: Setting CVar [[r.DOF.Recombine.Quality:1                ; cheap slight out of focus]]
[2020.01.15-12.35.35:655][  0]LogConfig: Setting CVar [[r.DOF.Recombine.EnableBokehSettings:0    ; no bokeh simulation on slight out of focus]]
[2020.01.15-12.35.35:655][  0]LogConfig: Setting CVar [[r.DOF.TemporalAAQuality:1                ; more stable temporal accumulation]]
[2020.01.15-12.35.35:655][  0]LogConfig: Setting CVar [[r.DOF.Kernel.MaxForegroundRadius:0.025]]
[2020.01.15-12.35.35:655][  0]LogConfig: Setting CVar [[r.DOF.Kernel.MaxBackgroundRadius:0.025]]
[2020.01.15-12.35.35:655][  0]LogConfig: Applying CVar settings from Section [TextureQuality@3] File [C:/Users/smdex/Documents/GitHub/beatRush/beatRush/Saved/Config/Windows/Scalability.ini]
[2020.01.15-12.35.35:655][  0]LogConfig: Setting CVar [[r.Streaming.MipBias:0]]
[2020.01.15-12.35.35:655][  0]LogConfig: Setting CVar [[r.Streaming.AmortizeCPUToGPUCopy:0]]
[2020.01.15-12.35.35:655][  0]LogConfig: Setting CVar [[r.Streaming.MaxNumTexturesToStreamPerFrame:0]]
[2020.01.15-12.35.35:655][  0]LogConfig: Setting CVar [[r.Streaming.Boost:1]]
[2020.01.15-12.35.35:655][  0]LogConfig: Setting CVar [[r.MaxAnisotropy:8]]
[2020.01.15-12.35.35:655][  0]LogConfig: Setting CVar [[r.Streaming.LimitPoolSizeToVRAM:0]]
[2020.01.15-12.35.35:655][  0]LogConfig: Setting CVar [[r.Streaming.PoolSize:1000]]
[2020.01.15-12.35.35:655][  0]LogConfig: Setting CVar [[r.Streaming.MaxEffectiveScreenSize:0]]
[2020.01.15-12.35.35:655][  0]LogConfig: Applying CVar settings from Section [EffectsQuality@3] File [C:/Users/smdex/Documents/GitHub/beatRush/beatRush/Saved/Config/Windows/Scalability.ini]
[2020.01.15-12.35.35:655][  0]LogConfig: Setting CVar [[r.TranslucencyLightingVolumeDim:64]]
[2020.01.15-12.35.35:655][  0]LogConfig: Setting CVar [[r.RefractionQuality:2]]
[2020.01.15-12.35.35:655][  0]LogConfig: Setting CVar [[r.SSR.Quality:3]]
[2020.01.15-12.35.35:655][  0]LogConfig: Setting CVar [[r.SceneColorFormat:4]]
[2020.01.15-12.35.35:655][  0]LogConfig: Setting CVar [[r.DetailMode:2]]
[2020.01.15-12.35.35:655][  0]LogConfig: Setting CVar [[r.TranslucencyVolumeBlur:1]]
[2020.01.15-12.35.35:655][  0]LogConfig: Setting CVar [[r.MaterialQualityLevel:1 ; High quality]]
[2020.01.15-12.35.35:655][  0]LogConfig: Setting CVar [[r.SSS.Scale:1]]
[2020.01.15-12.35.35:655][  0]LogConfig: Setting CVar [[r.SSS.SampleSet:2]]
[2020.01.15-12.35.35:655][  0]LogConfig: Setting CVar [[r.SSS.Quality:1]]
[2020.01.15-12.35.35:655][  0]LogConfig: Setting CVar [[r.SSS.HalfRes:1]]
[2020.01.15-12.35.35:655][  0]LogConfig: Setting CVar [[r.EmitterSpawnRateScale:1.0]]
[2020.01.15-12.35.35:655][  0]LogConfig: Setting CVar [[r.ParticleLightQuality:2]]
[2020.01.15-12.35.35:655][  0]LogConfig: Applying CVar settings from Section [FoliageQuality@3] File [C:/Users/smdex/Documents/GitHub/beatRush/beatRush/Saved/Config/Windows/Scalability.ini]
[2020.01.15-12.35.35:655][  0]LogConfig: Setting CVar [[foliage.DensityScale:1.0]]
[2020.01.15-12.35.35:655][  0]LogConfig: Setting CVar [[grass.DensityScale:1.0]]
[2020.01.15-12.35.35:656][  0]LogInit: Selected Device Profile: [Windows]
[2020.01.15-12.35.35:656][  0]LogInit: Applying CVar settings loaded from the selected device profile: [Windows]
[2020.01.15-12.35.35:688][  0]LogHAL: Display: Platform has ~ 32 GB [34222620672 / 34359738368 / 32], which maps to Largest [LargestMinGB=32, LargerMinGB=12, DefaultMinGB=8, SmallerMinGB=6, SmallestMinGB=0)
[2020.01.15-12.35.35:688][  0]LogConfig: Setting CVar [[r.Vulkan.UseRealUBs:0		; Required until we fix HLR fall-out]]
[2020.01.15-12.35.35:688][  0]LogInit: Going up to parent DeviceProfile []
[2020.01.15-12.35.35:689][  0]LogConfig: Applying CVar settings from Section [ViewDistanceQuality@Cine] File [C:/Users/smdex/Documents/GitHub/beatRush/beatRush/Saved/Config/Windows/Scalability.ini]
[2020.01.15-12.35.35:689][  0]LogConfig: Setting CVar [[r.SkeletalMeshLODBias:0]]
[2020.01.15-12.35.35:689][  0]LogConfig: Setting CVar [[r.ViewDistanceScale:10.0]]
[2020.01.15-12.35.35:689][  0]LogConfig: Applying CVar settings from Section [AntiAliasingQuality@Cine] File [C:/Users/smdex/Documents/GitHub/beatRush/beatRush/Saved/Config/Windows/Scalability.ini]
[2020.01.15-12.35.35:689][  0]LogConfig: Setting CVar [[r.PostProcessAAQuality:6]]
[2020.01.15-12.35.35:689][  0]LogConfig: Applying CVar settings from Section [ShadowQuality@Cine] File [C:/Users/smdex/Documents/GitHub/beatRush/beatRush/Saved/Config/Windows/Scalability.ini]
[2020.01.15-12.35.35:689][  0]LogConfig: Setting CVar [[r.LightFunctionQuality:1]]
[2020.01.15-12.35.35:689][  0]LogConfig: Setting CVar [[r.ShadowQuality:5]]
[2020.01.15-12.35.35:689][  0]LogConfig: Setting CVar [[r.Shadow.CSM.MaxCascades:10]]
[2020.01.15-12.35.35:689][  0]LogConfig: Setting CVar [[r.Shadow.MaxResolution:4096]]
[2020.01.15-12.35.35:689][  0]LogConfig: Setting CVar [[r.Shadow.MaxCSMResolution:4096]]
[2020.01.15-12.35.35:689][  0]LogConfig: Setting CVar [[r.Shadow.RadiusThreshold:0]]
[2020.01.15-12.35.35:689][  0]LogConfig: Setting CVar [[r.Shadow.DistanceScale:1.0]]
[2020.01.15-12.35.35:689][  0]LogConfig: Setting CVar [[r.Shadow.CSM.TransitionScale:1.0]]
[2020.01.15-12.35.35:689][  0]LogConfig: Setting CVar [[r.Shadow.PreShadowResolutionFactor:1.0]]
[2020.01.15-12.35.35:689][  0]LogConfig: Setting CVar [[r.DistanceFieldShadowing:1]]
[2020.01.15-12.35.35:689][  0]LogConfig: Setting CVar [[r.DistanceFieldAO:1]]
[2020.01.15-12.35.35:689][  0]LogConfig: Setting CVar [[r.AOQuality:2]]
[2020.01.15-12.35.35:689][  0]LogConfig: Setting CVar [[r.VolumetricFog:1]]
[2020.01.15-12.35.35:689][  0]LogConfig: Setting CVar [[r.VolumetricFog.GridPixelSize:4]]
[2020.01.15-12.35.35:689][  0]LogConfig: Setting CVar [[r.VolumetricFog.GridSizeZ:128]]
[2020.01.15-12.35.35:689][  0]LogConfig: Setting CVar [[r.VolumetricFog.HistoryMissSupersampleCount:16]]
[2020.01.15-12.35.35:689][  0]LogConfig: Setting CVar [[r.LightMaxDrawDistanceScale:1]]
[2020.01.15-12.35.35:689][  0]LogConfig: Setting CVar [[r.CapsuleShadows:1]]
[2020.01.15-12.35.35:689][  0]LogConfig: Applying CVar settings from Section [PostProcessQuality@Cine] File [C:/Users/smdex/Documents/GitHub/beatRush/beatRush/Saved/Config/Windows/Scalability.ini]
[2020.01.15-12.35.35:689][  0]LogConfig: Setting CVar [[r.MotionBlurQuality:4]]
[2020.01.15-12.35.35:689][  0]LogConfig: Setting CVar [[r.AmbientOcclusionMipLevelFactor:0.4]]
[2020.01.15-12.35.35:689][  0]LogConfig: Setting CVar [[r.AmbientOcclusionMaxQuality:100]]
[2020.01.15-12.35.35:689][  0]LogConfig: Setting CVar [[r.AmbientOcclusionLevels:-1]]
[2020.01.15-12.35.35:689][  0]LogConfig: Setting CVar [[r.AmbientOcclusionRadiusScale:1.0]]
[2020.01.15-12.35.35:689][  0]LogConfig: Setting CVar [[r.DepthOfFieldQuality:4]]
[2020.01.15-12.35.35:689][  0]LogConfig: Setting CVar [[r.RenderTargetPoolMin:1000]]
[2020.01.15-12.35.35:689][  0]LogConfig: Setting CVar [[r.LensFlareQuality:3]]
[2020.01.15-12.35.35:689][  0]LogConfig: Setting CVar [[r.SceneColorFringeQuality:1]]
[2020.01.15-12.35.35:689][  0]LogConfig: Setting CVar [[r.EyeAdaptationQuality:2]]
[2020.01.15-12.35.35:689][  0]LogConfig: Setting CVar [[r.BloomQuality:5]]
[2020.01.15-12.35.35:689][  0]LogConfig: Setting CVar [[r.FastBlurThreshold:100]]
[2020.01.15-12.35.35:689][  0]LogConfig: Setting CVar [[r.Upscale.Quality:3]]
[2020.01.15-12.35.35:689][  0]LogConfig: Setting CVar [[r.Tonemapper.GrainQuantization:1]]
[2020.01.15-12.35.35:689][  0]LogConfig: Setting CVar [[r.LightShaftQuality:1]]
[2020.01.15-12.35.35:689][  0]LogConfig: Setting CVar [[r.Filter.SizeScale:1]]
[2020.01.15-12.35.35:690][  0]LogConfig: Setting CVar [[r.Tonemapper.Quality:5]]
[2020.01.15-12.35.35:690][  0]LogConfig: Setting CVar [[r.DOF.Gather.AccumulatorQuality:1        ; higher gathering accumulator quality]]
[2020.01.15-12.35.35:690][  0]LogConfig: Setting CVar [[r.DOF.Gather.PostfilterMethod:1          ; Median3x3 postfilering method]]
[2020.01.15-12.35.35:690][  0]LogConfig: Setting CVar [[r.DOF.Gather.EnableBokehSettings:1       ; bokeh simulation when gathering]]
[2020.01.15-12.35.35:690][  0]LogConfig: Setting CVar [[r.DOF.Gather.RingCount:5                 ; high number of samples when gathering]]
[2020.01.15-12.35.35:690][  0]LogConfig: Setting CVar [[r.DOF.Scatter.ForegroundCompositing:1    ; additive foreground scattering]]
[2020.01.15-12.35.35:690][  0]LogConfig: Setting CVar [[r.DOF.Scatter.BackgroundCompositing:2    ; background scattering occlusion]]
[2020.01.15-12.35.35:690][  0]LogConfig: Setting CVar [[r.DOF.Scatter.EnableBokehSettings:1      ; no bokeh simulation when scattering]]
[2020.01.15-12.35.35:690][  0]LogConfig: Setting CVar [[r.DOF.Scatter.MaxSpriteRatio:0.1         ; only a maximum of 10% of scattered bokeh]]
[2020.01.15-12.35.35:690][  0]LogConfig: Setting CVar [[r.DOF.Recombine.Quality:2                ; highest slight out of focus]]
[2020.01.15-12.35.35:690][  0]LogConfig: Setting CVar [[r.DOF.Recombine.EnableBokehSettings:1    ; bokeh simulation on slight out of focus]]
[2020.01.15-12.35.35:690][  0]LogConfig: Setting CVar [[r.DOF.TemporalAAQuality:1                ; more stable temporal accumulation]]
[2020.01.15-12.35.35:690][  0]LogConfig: Setting CVar [[r.DOF.Kernel.MaxForegroundRadius:0.025]]
[2020.01.15-12.35.35:690][  0]LogConfig: Setting CVar [[r.DOF.Kernel.MaxBackgroundRadius:0.025]]
[2020.01.15-12.35.35:690][  0]LogConfig: Applying CVar settings from Section [TextureQuality@Cine] File [C:/Users/smdex/Documents/GitHub/beatRush/beatRush/Saved/Config/Windows/Scalability.ini]
[2020.01.15-12.35.35:690][  0]LogConfig: Setting CVar [[r.Streaming.MipBias:0]]
[2020.01.15-12.35.35:690][  0]LogConfig: Setting CVar [[r.Streaming.AmortizeCPUToGPUCopy:0]]
[2020.01.15-12.35.35:690][  0]LogConfig: Setting CVar [[r.Streaming.MaxNumTexturesToStreamPerFrame:0]]
[2020.01.15-12.35.35:690][  0]LogConfig: Setting CVar [[r.Streaming.Boost:1]]
[2020.01.15-12.35.35:690][  0]LogConfig: Setting CVar [[r.MaxAnisotropy:8]]
[2020.01.15-12.35.35:690][  0]LogConfig: Setting CVar [[r.Streaming.LimitPoolSizeToVRAM:0]]
[2020.01.15-12.35.35:690][  0]LogConfig: Setting CVar [[r.Streaming.PoolSize:3000]]
[2020.01.15-12.35.35:690][  0]LogConfig: Setting CVar [[r.Streaming.MaxEffectiveScreenSize:0]]
[2020.01.15-12.35.35:690][  0]LogConfig: Applying CVar settings from Section [EffectsQuality@Cine] File [C:/Users/smdex/Documents/GitHub/beatRush/beatRush/Saved/Config/Windows/Scalability.ini]
[2020.01.15-12.35.35:690][  0]LogConfig: Setting CVar [[r.TranslucencyLightingVolumeDim:64]]
[2020.01.15-12.35.35:690][  0]LogConfig: Setting CVar [[r.RefractionQuality:2]]
[2020.01.15-12.35.35:690][  0]LogConfig: Setting CVar [[r.SSR.Quality:4]]
[2020.01.15-12.35.35:690][  0]LogConfig: Setting CVar [[r.SceneColorFormat:4]]
[2020.01.15-12.35.35:690][  0]LogConfig: Setting CVar [[r.DetailMode:2]]
[2020.01.15-12.35.35:690][  0]LogConfig: Setting CVar [[r.TranslucencyVolumeBlur:1]]
[2020.01.15-12.35.35:690][  0]LogConfig: Setting CVar [[r.MaterialQualityLevel:1 ; High quality]]
[2020.01.15-12.35.35:690][  0]LogConfig: Setting CVar [[r.SSS.Scale:1]]
[2020.01.15-12.35.35:690][  0]LogConfig: Setting CVar [[r.SSS.SampleSet:2]]
[2020.01.15-12.35.35:690][  0]LogConfig: Setting CVar [[r.SSS.Quality:1]]
[2020.01.15-12.35.35:690][  0]LogConfig: Setting CVar [[r.SSS.HalfRes:0]]
[2020.01.15-12.35.35:690][  0]LogConfig: Setting CVar [[r.EmitterSpawnRateScale:1.0]]
[2020.01.15-12.35.35:690][  0]LogConfig: Setting CVar [[r.ParticleLightQuality:2]]
[2020.01.15-12.35.35:690][  0]LogConfig: Applying CVar settings from Section [FoliageQuality@Cine] File [C:/Users/smdex/Documents/GitHub/beatRush/beatRush/Saved/Config/Windows/Scalability.ini]
[2020.01.15-12.35.35:690][  0]LogConfig: Setting CVar [[foliage.DensityScale:1.0]]
[2020.01.15-12.35.35:690][  0]LogConfig: Setting CVar [[grass.DensityScale:1.0]]
[2020.01.15-12.35.35:690][  0]LogConfig: Applying CVar settings from Section [Startup] File [../../../Engine/Config/ConsoleVariables.ini]
[2020.01.15-12.35.35:696][  0]LogConfig: Setting CVar [[net.UseAdaptiveNetUpdateFrequency:0]]
[2020.01.15-12.35.35:696][  0]LogConfig: Setting CVar [[p.chaos.AllowCreatePhysxBodies:1]]
[2020.01.15-12.35.35:696][  0]LogConfig: Applying CVar settings from Section [ConsoleVariables] File [C:/Users/smdex/Documents/GitHub/beatRush/beatRush/Saved/Config/Windows/Engine.ini]
[2020.01.15-12.35.35:697][  0]LogInit: Computer: SMDTECHSLOVAKIA
[2020.01.15-12.35.35:697][  0]LogInit: User: smdex
[2020.01.15-12.35.35:697][  0]LogInit: CPU Page size=4096, Cores=4
[2020.01.15-12.35.35:697][  0]LogInit: High frequency timer resolution =10.000000 MHz
[2020.01.15-12.35.35:697][  0]LogMemory: Memory total: Physical=31.9GB (32GB approx)
[2020.01.15-12.35.35:697][  0]LogMemory: Platform Memory Stats for Windows
[2020.01.15-12.35.35:697][  0]LogMemory: Process Physical Memory: 99.31 MB used, 99.31 MB peak
[2020.01.15-12.35.35:697][  0]LogMemory: Process Virtual Memory: 97.02 MB used, 97.02 MB peak
[2020.01.15-12.35.35:697][  0]LogMemory: Physical Memory: 6346.82 MB used,  26290.41 MB free, 32637.23 MB total
[2020.01.15-12.35.35:697][  0]LogMemory: Virtual Memory: 4639.79 MB used,  134213088.00 MB free, 134217728.00 MB total
[2020.01.15-12.35.35:920][  0]LogInit: Using OS detected language (en-US).
[2020.01.15-12.35.35:920][  0]LogInit: Using OS detected locale (en-US).
[2020.01.15-12.35.35:921][  0]LogTextLocalizationManager: No specific localization for 'en-US' exists, so the 'en' localization will be used.
[2020.01.15-12.35.36:259][  0]LogInit: Setting process to per monitor DPI aware
[2020.01.15-12.35.36:352][  0]LogSlate: New Slate User Created.  User Index 0, Is Virtual User: 0
[2020.01.15-12.35.36:352][  0]LogSlate: Slate User Registered.  User Index 0, Is Virtual User: 0
[2020.01.15-12.35.39:003][  0]LogD3D11RHI: D3D11 adapters:
[2020.01.15-12.35.39:098][  0]LogD3D11RHI:    0. 'NVIDIA GeForce GTX 1070' (Feature Level 11_0)
[2020.01.15-12.35.39:098][  0]LogD3D11RHI:       8081/0/16318 MB DedicatedVideo/DedicatedSystem/SharedSystem, Outputs:1, VendorId:0x10de
[2020.01.15-12.35.39:135][  0]LogD3D11RHI:    1. 'Intel(R) HD Graphics 630' (Feature Level 11_0)
[2020.01.15-12.35.39:135][  0]LogD3D11RHI:       128/0/16318 MB DedicatedVideo/DedicatedSystem/SharedSystem, Outputs:0, VendorId:0x8086
[2020.01.15-12.35.39:139][  0]LogD3D11RHI:    2. 'Microsoft Basic Render Driver' (Feature Level 11_0)
[2020.01.15-12.35.39:139][  0]LogD3D11RHI:       0/0/16318 MB DedicatedVideo/DedicatedSystem/SharedSystem, Outputs:0, VendorId:0x1414
[2020.01.15-12.35.39:139][  0]LogD3D11RHI: Chosen D3D11 Adapter: 0
[2020.01.15-12.35.39:169][  0]LogD3D11RHI: Creating new Direct3DDevice
[2020.01.15-12.35.39:169][  0]LogD3D11RHI:     GPU DeviceId: 0x1ba1 (for the marketing name, search the web for "GPU Device Id")
[2020.01.15-12.35.39:169][  0]LogWindows: EnumDisplayDevices:
[2020.01.15-12.35.39:169][  0]LogWindows:    0. 'Intel(R) HD Graphics 630' (P:1 D:1)
[2020.01.15-12.35.39:170][  0]LogWindows:    1. 'Intel(R) HD Graphics 630' (P:0 D:0)
[2020.01.15-12.35.39:170][  0]LogWindows:    2. 'Intel(R) HD Graphics 630' (P:0 D:0)
[2020.01.15-12.35.39:170][  0]LogWindows:    3. 'NVIDIA GeForce GTX 1070' (P:0 D:0)
[2020.01.15-12.35.39:171][  0]LogWindows:    4. 'NVIDIA GeForce GTX 1070' (P:0 D:0)
[2020.01.15-12.35.39:171][  0]LogWindows:    5. 'NVIDIA GeForce GTX 1070' (P:0 D:0)
[2020.01.15-12.35.39:171][  0]LogWindows:    6. 'NVIDIA GeForce GTX 1070' (P:0 D:0)
[2020.01.15-12.35.39:171][  0]LogWindows: DebugString: PrimaryIsNotTheChoosenAdapter PrimaryIsNotTheChoosenAdapter PrimaryIsNotTheChoosenAdapter FoundDriverCount:4 
[2020.01.15-12.35.39:171][  0]LogD3D11RHI:     Adapter Name: NVIDIA GeForce GTX 1070
[2020.01.15-12.35.39:171][  0]LogD3D11RHI:   Driver Version: 441.87 (internal:26.21.14.4187, unified:441.87)
[2020.01.15-12.35.39:171][  0]LogD3D11RHI:      Driver Date: 12-24-2019
[2020.01.15-12.35.39:171][  0]LogRHI: Texture pool is 5656 MB (70% of 8081 MB)
[2020.01.15-12.35.39:219][  0]LogD3D11RHI: Async texture creation enabled
[2020.01.15-12.35.39:291][  0]LogRendererCore: FGlobalReadBuffer::InitRHI
[2020.01.15-12.35.39:291][  0]LogRendererCore: FGlobalReadBuffer::InitRHI
[2020.01.15-12.35.39:291][  0]LogRendererCore: FGlobalReadBuffer::InitRHI
[2020.01.15-12.35.39:302][  0]LogD3D11RHI: GPU Timing Frequency: 1000.000000 (Debug: 2 1)
[2020.01.15-12.35.39:679][  0]LogTemp: Display: Module 'AllDesktopTargetPlatform' loaded TargetPlatform 'AllDesktop'
[2020.01.15-12.35.39:695][  0]LogTemp: Display: Module 'MacClientTargetPlatform' loaded TargetPlatform 'MacClient'
[2020.01.15-12.35.39:711][  0]LogTemp: Display: Module 'MacNoEditorTargetPlatform' loaded TargetPlatform 'MacNoEditor'
[2020.01.15-12.35.39:727][  0]LogTemp: Display: Module 'MacServerTargetPlatform' loaded TargetPlatform 'MacServer'
[2020.01.15-12.35.39:748][  0]LogTemp: Display: Module 'MacTargetPlatform' loaded TargetPlatform 'Mac'
[2020.01.15-12.35.39:764][  0]LogTemp: Display: Module 'WindowsClientTargetPlatform' loaded TargetPlatform 'WindowsClient'
[2020.01.15-12.35.39:780][  0]LogTemp: Display: Module 'WindowsNoEditorTargetPlatform' loaded TargetPlatform 'WindowsNoEditor'
[2020.01.15-12.35.39:796][  0]LogTemp: Display: Module 'WindowsServerTargetPlatform' loaded TargetPlatform 'WindowsServer'
[2020.01.15-12.35.39:806][  0]LogTemp: Display: Module 'WindowsTargetPlatform' loaded TargetPlatform 'Windows'
[2020.01.15-12.35.39:908][  0]LogTemp: Display: Module 'AndroidTargetPlatform' loaded TargetPlatform 'Android'
[2020.01.15-12.35.39:908][  0]LogTemp: Display: Module 'AndroidTargetPlatform' loaded TargetPlatform 'Android_ASTC'
[2020.01.15-12.35.39:908][  0]LogTemp: Display: Module 'AndroidTargetPlatform' loaded TargetPlatform 'Android_ATC'
[2020.01.15-12.35.39:908][  0]LogTemp: Display: Module 'AndroidTargetPlatform' loaded TargetPlatform 'Android_DXT'
[2020.01.15-12.35.39:908][  0]LogTemp: Display: Module 'AndroidTargetPlatform' loaded TargetPlatform 'Android_ETC1'
[2020.01.15-12.35.39:908][  0]LogTemp: Display: Module 'AndroidTargetPlatform' loaded TargetPlatform 'Android_ETC1a'
[2020.01.15-12.35.39:908][  0]LogTemp: Display: Module 'AndroidTargetPlatform' loaded TargetPlatform 'Android_ETC2'
[2020.01.15-12.35.39:908][  0]LogTemp: Display: Module 'AndroidTargetPlatform' loaded TargetPlatform 'Android_PVRTC'
[2020.01.15-12.35.39:908][  0]LogTemp: Display: Module 'AndroidTargetPlatform' loaded TargetPlatform 'AndroidClient'
[2020.01.15-12.35.39:908][  0]LogTemp: Display: Module 'AndroidTargetPlatform' loaded TargetPlatform 'Android_ASTCClient'
[2020.01.15-12.35.39:908][  0]LogTemp: Display: Module 'AndroidTargetPlatform' loaded TargetPlatform 'Android_ATCClient'
[2020.01.15-12.35.39:908][  0]LogTemp: Display: Module 'AndroidTargetPlatform' loaded TargetPlatform 'Android_DXTClient'
[2020.01.15-12.35.39:908][  0]LogTemp: Display: Module 'AndroidTargetPlatform' loaded TargetPlatform 'Android_ETC1Client'
[2020.01.15-12.35.39:908][  0]LogTemp: Display: Module 'AndroidTargetPlatform' loaded TargetPlatform 'Android_ETC1aClient'
[2020.01.15-12.35.39:908][  0]LogTemp: Display: Module 'AndroidTargetPlatform' loaded TargetPlatform 'Android_ETC2Client'
[2020.01.15-12.35.39:908][  0]LogTemp: Display: Module 'AndroidTargetPlatform' loaded TargetPlatform 'Android_PVRTCClient'
[2020.01.15-12.35.39:908][  0]LogTemp: Display: Module 'AndroidTargetPlatform' loaded TargetPlatform 'Android_Multi'
[2020.01.15-12.35.39:908][  0]LogTemp: Display: Module 'AndroidTargetPlatform' loaded TargetPlatform 'Android_MultiClient'
[2020.01.15-12.35.39:911][  0]LogTemp: Display: Module 'HTML5TargetPlatform' loaded TargetPlatform 'HTML5'
[2020.01.15-12.35.39:947][  0]LogInit: WinSock: version 1.1 (2.2), MaxSocks=32767, MaxUdp=65467
[2020.01.15-12.35.39:980][  0]LogTemp: Display: Module 'IOSTargetPlatform' loaded TargetPlatform 'IOSClient'
[2020.01.15-12.35.39:980][  0]LogTemp: Display: Module 'IOSTargetPlatform' loaded TargetPlatform 'IOS'
[2020.01.15-12.35.40:006][  0]LogTemp: Display: Module 'TVOSTargetPlatform' loaded TargetPlatform 'TVOSClient'
[2020.01.15-12.35.40:007][  0]LogTemp: Display: Module 'TVOSTargetPlatform' loaded TargetPlatform 'TVOS'
[2020.01.15-12.35.40:022][  0]LogTemp: Display: Module 'LinuxClientTargetPlatform' loaded TargetPlatform 'LinuxClient'
[2020.01.15-12.35.40:037][  0]LogTemp: Display: Module 'LinuxNoEditorTargetPlatform' loaded TargetPlatform 'LinuxNoEditor'
[2020.01.15-12.35.40:052][  0]LogTemp: Display: Module 'LinuxServerTargetPlatform' loaded TargetPlatform 'LinuxServer'
[2020.01.15-12.35.40:076][  0]LogTemp: Display: Module 'LinuxTargetPlatform' loaded TargetPlatform 'Linux'
[2020.01.15-12.35.40:127][  0]LogTemp: Display: Module 'LuminTargetPlatform' loaded TargetPlatform 'Lumin'
[2020.01.15-12.35.40:127][  0]LogTemp: Display: Module 'LuminTargetPlatform' loaded TargetPlatform 'LuminClient'
[2020.01.15-12.35.40:128][  0]LogTargetPlatformManager: Display: Building Assets For Windows
[2020.01.15-12.35.40:174][  0]LogAudioDebug: Display: Lib vorbis DLL was dynamically loaded.
[2020.01.15-12.35.40:297][  0]LogShaderCompilers: Guid format shader working directory is -18 characters bigger than the processId version (../../../../../../Users/smdex/Documents/GitHub/beatRush/beatRush/Intermediate/Shaders/WorkingDirectory/6688/).
[2020.01.15-12.35.40:297][  0]LogShaderCompilers: Cleaned the shader compiler working directory 'C:/Users/smdex/AppData/Local/Temp/UnrealShaderWorkingDir/2987E8E449EEEDD6C384AD9C4095C5A2/'.
[2020.01.15-12.35.40:301][  0]LogXGEController: Cleaning working directory: C:/Users/smdex/AppData/Local/Temp/UnrealXGEWorkingDir/
[2020.01.15-12.35.40:312][  0]LogShaderCompilers: Display: Using XGE Shader Compiler (Interception Interface).
[2020.01.15-12.35.42:782][  0]LogDerivedDataCache: Display: Max Cache Size: 512 MB
[2020.01.15-12.35.42:874][  0]LogDerivedDataCache: Loaded boot cache 0.09s 68MB C:/Users/smdex/AppData/Local/UnrealEngine/4.22/DerivedDataCache/Boot.ddc.
[2020.01.15-12.35.42:874][  0]LogDerivedDataCache: Display: Loaded Boot cache: C:/Users/smdex/AppData/Local/UnrealEngine/4.22/DerivedDataCache/Boot.ddc
[2020.01.15-12.35.42:875][  0]LogDerivedDataCache: FDerivedDataBackendGraph:  Pak pak cache file ../../../../../../Users/smdex/Documents/GitHub/beatRush/beatRush/DerivedDataCache/DDC.ddp not found, will not use a pak cache.
[2020.01.15-12.35.42:875][  0]LogDerivedDataCache: Unable to find inner node Pak for hierarchical cache Hierarchy.
[2020.01.15-12.35.42:875][  0]LogDerivedDataCache: FDerivedDataBackendGraph:  CompressedPak pak cache file ../../../../../../Users/smdex/Documents/GitHub/beatRush/beatRush/DerivedDataCache/Compressed.ddp not found, will not use a pak cache.
[2020.01.15-12.35.42:875][  0]LogDerivedDataCache: Unable to find inner node CompressedPak for hierarchical cache Hierarchy.
[2020.01.15-12.35.42:897][  0]LogDerivedDataCache: Display: Pak cache opened for reading ../../../Engine/DerivedDataCache/Compressed.ddp.
[2020.01.15-12.35.42:897][  0]LogDerivedDataCache: FDerivedDataBackendGraph:  EnterprisePak pak cache file ../../../Enterprise/DerivedDataCache/Compressed.ddp not found, will not use a pak cache.
[2020.01.15-12.35.42:897][  0]LogDerivedDataCache: Unable to find inner node EnterprisePak for hierarchical cache Hierarchy.
[2020.01.15-12.35.42:911][  0]LogDerivedDataCache: Using Local data cache path C:/Users/smdex/AppData/Local/UnrealEngine/Common/DerivedDataCache: Writable
[2020.01.15-12.35.42:911][  0]LogDerivedDataCache: Shared data cache path not found in *engine.ini, will not use an Shared cache.
[2020.01.15-12.35.42:911][  0]LogDerivedDataCache: Unable to find inner node Shared for hierarchical cache Hierarchy.
[2020.01.15-12.35.42:935][  0]LogMaterial: Verifying Global Shaders for PCD3D_SM5
[2020.01.15-12.35.42:941][  0]LogSlate: Using FreeType 2.6.0
[2020.01.15-12.35.42:962][  0]LogSlate: SlateFontServices - WITH_FREETYPE: 1, WITH_HARFBUZZ: 1
[2020.01.15-12.35.43:316][  0]LogAssetRegistry: FAssetRegistry took 0.0357 seconds to start up
[2020.01.15-12.35.43:754][  0]LogInit: Selected Device Profile: [Windows]
[2020.01.15-12.35.44:095][  0]LogMeshReduction: Using QuadricMeshReduction for automatic static mesh reduction
[2020.01.15-12.35.44:095][  0]LogMeshReduction: Using SimplygonMeshReduction for automatic skeletal mesh reduction
[2020.01.15-12.35.44:095][  0]LogMeshReduction: Using ProxyLODMeshReduction for automatic mesh merging
[2020.01.15-12.35.44:095][  0]LogMeshReduction: No distributed automatic mesh merging module available
[2020.01.15-12.35.44:095][  0]LogMeshMerging: No distributed automatic mesh merging module available
[2020.01.15-12.35.44:151][  0]LogNetVersion: beatRush 1.0.0, NetCL: 5660361, EngineNetVer: 10, GameNetVer: 0 (Checksum: 794459514)
[2020.01.15-12.35.45:457][  0]LogPackageLocalizationCache: Processed 8 localized package path(s) for 1 prioritized culture(s) in 0.045699 seconds
[2020.01.15-12.35.45:464][  0]LogUObjectArray: 41416 objects as part of root set at end of initial load.
[2020.01.15-12.35.45:464][  0]LogUObjectAllocator: 7183832 out of 0 bytes used by permanent object pool.
[2020.01.15-12.35.45:464][  0]LogUObjectArray: CloseDisregardForGC: 0/0 objects in disregard for GC pool
[2020.01.15-12.35.49:422][  0]LogTcpMessaging: Initializing TcpMessaging bridge
[2020.01.15-12.35.49:438][  0]LogUdpMessaging: Initializing bridge on interface 0.0.0.0:0 to multicast group 230.0.0.1:6666.
[2020.01.15-12.35.49:737][  0]LogOnline: Google: Google Startup!
[2020.01.15-12.35.49:742][  0]LogAndroidPermission: UAndroidPermissionCallbackProxy::GetInstance
[2020.01.15-12.35.50:017][  0]LogEngine: Initializing Engine...
[2020.01.15-12.35.50:020][  0]LogStats: UGameplayTagsManager::InitializeManager -  0.001 s
[2020.01.15-12.35.50:512][  0]LogInit: Initializing FReadOnlyCVARCache
[2020.01.15-12.35.50:557][  0]LogAIModule: Creating AISystem for world Untitled
[2020.01.15-12.35.50:597][  0]LogInit: XAudio2 using 'Speakers / Headphones (Realtek Audio)' : 2 channels at 48 kHz using 32 bits per sample (channel mask 0x3)
[2020.01.15-12.35.51:289][  0]LogInit: FAudioDevice initialized.
[2020.01.15-12.35.51:289][  0]LogNetVersion: Set ProjectVersion to 0.36. Version Checksum will be recalculated on next use.
[2020.01.15-12.35.51:334][  0]LogDerivedDataCache: Saved boot cache 0.05s 68MB C:/Users/smdex/AppData/Local/UnrealEngine/4.22/DerivedDataCache/Boot.ddc.
[2020.01.15-12.35.51:339][  0]LogInit: Texture streaming: Enabled
[2020.01.15-12.35.51:367][  0]LogEngineSessionManager: EngineSessionManager initialized
[2020.01.15-12.35.53:735][  0]LogMaterial: Verifying Global Shaders for PCD3D_ES2
[2020.01.15-12.35.53:737][  0]LogInit: Transaction tracking system initialized
[2020.01.15-12.35.53:758][  0]SourceControl: Source control is disabled
[2020.01.15-12.35.53:790][  0]BlueprintLog: New page: Editor Load
[2020.01.15-12.35.53:976][  0]LocalizationService: Localization service is disabled
[2020.01.15-12.35.55:049][  0]LogCook: Display: Max memory allowance for cook 16384mb min free memory 0mb
[2020.01.15-12.35.55:049][  0]LogCook: Display: Mobile HDR setting 1
[2020.01.15-12.35.55:459][  0]LogFileCache: Scanning file cache for directory 'C:/Users/smdex/Documents/GitHub/beatRush/beatRush/Content/' took 0.03s
[2020.01.15-12.35.55:460][  0]SourceControl: Source control is disabled
[2020.01.15-12.35.55:460][  0]Cmd: MAP LOAD FILE="../../../../../../Users/smdex/Documents/GitHub/beatRush/beatRush/Content/Levels/gameplay.umap" TEMPLATE=0 SHOWPROGRESS=1 FEATURELEVEL=3
[2020.01.15-12.35.55:468][  0]LightingResults: New page: Lighting Build
[2020.01.15-12.35.55:475][  0]MapCheck: New page: Map Check
[2020.01.15-12.35.55:475][  0]LightingResults: New page: Lighting Build
[2020.01.15-12.35.55:510][  0]LogUObjectHash: Compacting FUObjectHashTables data took   2.01ms
[2020.01.15-12.35.57:066][  0]LogAIModule: Creating AISystem for world gameplay
[2020.01.15-12.35.57:100][  0]LogEditorServer: Finished looking for orphan Actors (0.000 secs)
[2020.01.15-12.35.57:133][  0]LogUObjectHash: Compacting FUObjectHashTables data took   3.08ms
[2020.01.15-12.35.57:133][  0]Cmd: MAP CHECKDEP NOCLEARLOG
[2020.01.15-12.35.57:133][  0]MapCheck: Map check complete: 0 Error(s), 0 Warning(s), took 0.17ms to complete.
[2020.01.15-12.35.57:133][  0]LogFileHelpers: Loading map 'gameplay' took 1.674
[2020.01.15-12.35.57:236][  0]LogWorld: Changing Feature Level (Enum) from 3 to 0
[2020.01.15-12.35.57:351][  0]LogSlate: Updating window title bar state: overlay mode, drag disabled, window buttons hidden, title bar hidden
[2020.01.15-12.35.57:359][  0]LogSlate: Updating window title bar state: overlay mode, drag disabled, window buttons hidden, title bar hidden
[2020.01.15-12.35.57:368][  0]LogSlate: Updating window title bar state: overlay mode, drag disabled, window buttons hidden, title bar hidden
[2020.01.15-12.35.57:376][  0]LogSlate: Updating window title bar state: overlay mode, drag disabled, window buttons hidden, title bar hidden
[2020.01.15-12.35.57:396][  0]LogCollectionManager: Loaded 0 collections in 0.002117 seconds
[2020.01.15-12.35.57:449][  0]LogFileCache: Scanning file cache for directory 'C:/Users/smdex/Documents/GitHub/beatRush/beatRush/Saved/Collections/' took 0.01s
[2020.01.15-12.35.57:449][  0]LogFileCache: Scanning file cache for directory 'C:/Users/smdex/Documents/GitHub/beatRush/beatRush/Content/Developers/smdex/Collections/' took 0.01s
[2020.01.15-12.35.57:449][  0]LogFileCache: Scanning file cache for directory 'C:/Users/smdex/Documents/GitHub/beatRush/beatRush/Content/Collections/' took 0.01s
[2020.01.15-12.35.57:449][  0]LogCollectionManager: Rebuilt the GUID cache for 0 collections in 0.000000 seconds
[2020.01.15-12.35.57:461][  0]LogContentBrowser: Native class hierarchy populated in 0.0105 seconds. Added 2625 classes and 586 folders.
[2020.01.15-12.35.57:473][  0]LogContentBrowser: Native class hierarchy updated for 'WidgetCarousel' in 0.0004 seconds. Added 0 classes and 0 folders.
[2020.01.15-12.35.57:484][  0]LogPakFile: Registered encryption key '00000000000000000000000000000000': 0 pak files mounted, 0 remain pending
[2020.01.15-12.35.57:492][  0]LogPakFile: Registered encryption key '00000000000000000000000000000000': 0 pak files mounted, 0 remain pending
[2020.01.15-12.35.57:511][  0]LogPakFile: Registered encryption key '00000000000000000000000000000000': 0 pak files mounted, 0 remain pending
[2020.01.15-12.35.57:518][  0]LogPakFile: Registered encryption key '00000000000000000000000000000000': 0 pak files mounted, 0 remain pending
[2020.01.15-12.35.57:525][  0]LogPakFile: Registered encryption key '00000000000000000000000000000000': 0 pak files mounted, 0 remain pending
[2020.01.15-12.35.57:532][  0]LogPakFile: Registered encryption key '00000000000000000000000000000000': 0 pak files mounted, 0 remain pending
[2020.01.15-12.35.57:539][  0]LogPakFile: Registered encryption key '00000000000000000000000000000000': 0 pak files mounted, 0 remain pending
[2020.01.15-12.35.57:546][  0]LogPakFile: Registered encryption key '00000000000000000000000000000000': 0 pak files mounted, 0 remain pending
[2020.01.15-12.35.57:554][  0]LogPakFile: Registered encryption key '00000000000000000000000000000000': 0 pak files mounted, 0 remain pending
[2020.01.15-12.35.57:562][  0]LogPakFile: Registered encryption key '00000000000000000000000000000000': 0 pak files mounted, 0 remain pending
[2020.01.15-12.35.57:570][  0]LogPakFile: Registered encryption key '00000000000000000000000000000000': 0 pak files mounted, 0 remain pending
[2020.01.15-12.35.57:577][  0]LogPakFile: Registered encryption key '00000000000000000000000000000000': 0 pak files mounted, 0 remain pending
[2020.01.15-12.35.57:585][  0]LogPakFile: Registered encryption key '00000000000000000000000000000000': 0 pak files mounted, 0 remain pending
[2020.01.15-12.35.57:592][  0]LogPakFile: Registered encryption key '00000000000000000000000000000000': 0 pak files mounted, 0 remain pending
[2020.01.15-12.35.57:600][  0]LogPakFile: Registered encryption key '00000000000000000000000000000000': 0 pak files mounted, 0 remain pending
[2020.01.15-12.35.57:607][  0]LogPakFile: Registered encryption key '00000000000000000000000000000000': 0 pak files mounted, 0 remain pending
[2020.01.15-12.35.57:643][  0]LogPakFile: Registered encryption key '00000000000000000000000000000000': 0 pak files mounted, 0 remain pending
[2020.01.15-12.35.57:650][  0]LogPakFile: Registered encryption key '00000000000000000000000000000000': 0 pak files mounted, 0 remain pending
[2020.01.15-12.35.57:656][  0]LogPakFile: Registered encryption key '00000000000000000000000000000000': 0 pak files mounted, 0 remain pending
[2020.01.15-12.35.57:662][  0]LogPakFile: Registered encryption key '00000000000000000000000000000000': 0 pak files mounted, 0 remain pending
[2020.01.15-12.35.57:669][  0]LogPakFile: Registered encryption key '00000000000000000000000000000000': 0 pak files mounted, 0 remain pending
[2020.01.15-12.35.57:676][  0]LogPakFile: Registered encryption key '00000000000000000000000000000000': 0 pak files mounted, 0 remain pending
[2020.01.15-12.35.57:683][  0]LogPakFile: Registered encryption key '00000000000000000000000000000000': 0 pak files mounted, 0 remain pending
[2020.01.15-12.35.57:690][  0]LogPakFile: Registered encryption key '00000000000000000000000000000000': 0 pak files mounted, 0 remain pending
[2020.01.15-12.35.57:698][  0]LogPakFile: Registered encryption key '00000000000000000000000000000000': 0 pak files mounted, 0 remain pending
[2020.01.15-12.35.57:704][  0]LogPakFile: Registered encryption key '00000000000000000000000000000000': 0 pak files mounted, 0 remain pending
[2020.01.15-12.35.57:879][  0]LogContentBrowser: Native class hierarchy updated for 'AddContentDialog' in 0.0003 seconds. Added 0 classes and 0 folders.
[2020.01.15-12.35.57:895][  0]LogContentBrowser: Native class hierarchy updated for 'SceneOutliner' in 0.0004 seconds. Added 1 classes and 2 folders.
[2020.01.15-12.35.58:455][  0]LogSlate: Took 0.008716 seconds to synchronously load lazily loaded font '../../../Engine/Content/Slate/Fonts/Roboto-Regular.ttf' (155K)
[2020.01.15-12.35.58:471][  0]LogSlate: Took 0.011097 seconds to synchronously load lazily loaded font '../../../Engine/Content/Slate/Fonts/Roboto-Bold.ttf' (160K)
[2020.01.15-12.35.58:486][  0]LogSlate: Took 0.006787 seconds to synchronously load lazily loaded font '../../../Engine/Content/Editor/Slate/Fonts/FontAwesome.ttf' (139K)
[2020.01.15-12.35.58:495][  0]LogSlate: Took 0.008387 seconds to synchronously load lazily loaded font '../../../Engine/Content/Slate/Fonts/DroidSansMono.ttf' (77K)
[2020.01.15-12.35.58:724][  0]LogRenderer: Reallocating scene render targets to support 1480x712 Format 10 NumSamples 1 (Frame:1).
[2020.01.15-12.35.58:929][  0]LogContentBrowser: Native class hierarchy updated for 'HierarchicalLODOutliner' in 0.0007 seconds. Added 0 classes and 0 folders.
[2020.01.15-12.35.58:930][  0]LogLoad: (Engine Initialization) Total time: 28.16 seconds
[2020.01.15-12.35.58:930][  0]LogLoad: (Engine Initialization) Total Blueprint compile time: 0.00 seconds
[2020.01.15-12.35.58:976][  0]LogAssetRegistry: Asset discovery search completed in 15.6813 seconds
[2020.01.15-12.35.58:978][  0]LogCollectionManager: Rebuilt the object cache for 0 collections in 0.000000 seconds (found 0 objects)
[2020.01.15-12.35.58:978][  0]LogCollectionManager: Fixed up redirectors for 0 collections in 0.000209 seconds (updated 0 objects)
[2020.01.15-12.35.58:981][  0]LogContentStreaming: Texture pool size now 3000 MB
[2020.01.15-12.35.59:985][ 57]LogSlate: Took 0.005943 seconds to synchronously load lazily loaded font '../../../Engine/Content/Slate/Fonts/Roboto-Light.ttf' (167K)
[2020.01.15-12.36.03:775][283]LogSlate: FSceneViewport::OnFocusLost() reason 0
[2020.01.15-12.36.03:909][289]LogAssetEditorManager: Opening Asset editor for TouchInterface /Game/touch_input.touch_input
[2020.01.15-12.36.04:037][289]LogAssetEditorManager: Opening Asset editor for WidgetBlueprint /Game/UI/HUD.HUD
[2020.01.15-12.36.04:327][289]LogContentBrowser: Native class hierarchy updated for 'BlueprintGraph' in 0.0007 seconds. Added 121 classes and 0 folders.
[2020.01.15-12.36.05:256][289]LogBlueprintActionDatabase: Requesting refresh due to module change: SequencerWidgets (loaded)
[2020.01.15-12.36.05:731][289]LogSlate: Took 0.006578 seconds to synchronously load lazily loaded font '../../../Engine/Content/Slate/Fonts/Roboto-BoldCondensed.ttf' (158K)
[2020.01.15-13.10.34:028][884]LogSlate: FSceneViewport::OnFocusLost() reason 2
[2020.01.15-13.10.36:069][  4]LogSlate: Took 0.000227 seconds to synchronously load lazily loaded font '../../../Engine/Content/Slate/Fonts/Roboto-Light.ttf' (167K)
[2020.01.15-13.10.50:390][742]LogSlate: Window 'HUD' being destroyed
[2020.01.15-13.10.51:438][797]LogSlate: FSceneViewport::OnFocusLost() reason 0
[2020.01.15-13.10.51:605][802]LogUObjectHash: Compacting FUObjectHashTables data took   6.52ms
[2020.01.15-13.10.51:737][802]LogSlate: Window 'beatRush - Unreal Editor' being destroyed
[2020.01.15-13.10.51:738][802]LogWindowsTextInputMethodSystem: Display: IME system now deactivated.
[2020.01.15-13.10.52:241][803]Cmd: QUIT_EDITOR
[2020.01.15-13.10.52:306][803]LogExit: Preparing to exit.
[2020.01.15-13.10.52:652][803]LogExit: Editor shut down
[2020.01.15-13.10.52:652][803]LogExit: Transaction tracking system shut down
[2020.01.15-13.10.52:949][803]LogExit: Object subsystem successfully closed.
[2020.01.15-13.10.52:972][803]LogShaderCompilers: Display: Shaders left to compile 0
[2020.01.15-13.10.52:991][803]LogD3D11RHI: Shutdown
[2020.01.15-13.10.52:991][803]LogD3D11RHI: CleanupD3DDevice
[2020.01.15-13.10.52:992][803]LogRendererCore: FGlobalReadBuffer::ReleaseRHI
[2020.01.15-13.10.52:992][803]LogRendererCore: FGlobalDynamicReadBuffer::Cleanup()
[2020.01.15-13.10.52:992][803]LogRendererCore: FGlobalReadBuffer::ReleaseRHI
[2020.01.15-13.10.52:993][803]LogRendererCore: FGlobalDynamicReadBuffer::Cleanup()
[2020.01.15-13.10.52:993][803]LogRendererCore: FGlobalReadBuffer::ReleaseRHI
[2020.01.15-13.10.52:993][803]LogRendererCore: FGlobalDynamicReadBuffer::Cleanup()
[2020.01.15-13.10.53:206][803]LogD3D11RHI: ~FD3D11DynamicRHI
[2020.01.15-13.10.53:292][803]LogModuleManager: Shutting down and abandoning module SequencerWidgets (577)
[2020.01.15-13.10.53:292][803]LogModuleManager: Shutting down and abandoning module BlueprintGraph (575)
[2020.01.15-13.10.53:293][803]LogModuleManager: Shutting down and abandoning module HierarchicalLODOutliner (573)
[2020.01.15-13.10.53:293][803]LogModuleManager: Shutting down and abandoning module SceneOutliner (571)
[2020.01.15-13.10.53:293][803]LogModuleManager: Shutting down and abandoning module AddContentDialog (569)
[2020.01.15-13.10.53:293][803]LogModuleManager: Shutting down and abandoning module WidgetCarousel (568)
[2020.01.15-13.10.53:293][803]LogModuleManager: Shutting down and abandoning module EditorWidgets (565)
[2020.01.15-13.10.53:293][803]LogModuleManager: Shutting down and abandoning module CollectionManager (563)
[2020.01.15-13.10.53:293][803]LogModuleManager: Shutting down and abandoning module StatsViewer (561)
[2020.01.15-13.10.53:293][803]LogModuleManager: Shutting down and abandoning module FoliageEdit (559)
[2020.01.15-13.10.53:293][803]LogModuleManager: Shutting down and abandoning module LandscapeEditor (557)
[2020.01.15-13.10.53:294][803]LogModuleManager: Shutting down and abandoning module MeshPaintMode (555)
[2020.01.15-13.10.53:294][803]LogModuleManager: Shutting down and abandoning module SceneDepthPickerMode (553)
[2020.01.15-13.10.53:294][803]LogModuleManager: Shutting down and abandoning module ActorPickerMode (551)
[2020.01.15-13.10.53:294][803]LogModuleManager: Shutting down and abandoning module GeometryMode (549)
[2020.01.15-13.10.53:294][803]LogModuleManager: Shutting down and abandoning module TextureAlignMode (547)
[2020.01.15-13.10.53:294][803]LogModuleManager: Shutting down and abandoning module BspMode (545)
[2020.01.15-13.10.53:295][803]LogModuleManager: Shutting down and abandoning module PIEPreviewDeviceProfileSelector (543)
[2020.01.15-13.10.53:295][803]LogModuleManager: Shutting down and abandoning module SequenceRecorderSections (541)
[2020.01.15-13.10.53:295][803]LogModuleManager: Shutting down and abandoning module AutomationWorker (539)
[2020.01.15-13.10.53:295][803]LogModuleManager: Shutting down and abandoning module MatineeToLevelSequence (537)
[2020.01.15-13.10.53:295][803]LogModuleManager: Shutting down and abandoning module LevelSequenceEditor (535)
[2020.01.15-13.10.53:295][803]LogModuleManager: Shutting down and abandoning module PlacementMode (534)
[2020.01.15-13.10.53:295][803]LogModuleManager: Shutting down and abandoning module MaterialEditor (533)
[2020.01.15-13.10.53:295][803]LogModuleManager: Shutting down and abandoning module ActorSequenceEditor (529)
[2020.01.15-13.10.53:296][803]LogModuleManager: Shutting down and abandoning module MediaPlayerEditor (527)
[2020.01.15-13.10.53:296][803]LogModuleManager: Shutting down and abandoning module MediaCompositingEditor (525)
[2020.01.15-13.10.53:296][803]LogModuleManager: Shutting down and abandoning module SequenceRecorder (524)
[2020.01.15-13.10.53:296][803]LogModuleManager: Shutting down and abandoning module OpenExrWrapper (521)
[2020.01.15-13.10.53:296][803]LogModuleManager: Shutting down and abandoning module ImgMediaFactory (519)
[2020.01.15-13.10.53:296][803]LogModuleManager: Shutting down and abandoning module ImgMediaEditor (517)
[2020.01.15-13.10.53:296][803]LogModuleManager: Shutting down and abandoning module AndroidMediaFactory (515)
[2020.01.15-13.10.53:296][803]LogModuleManager: Shutting down and abandoning module AndroidMediaEditor (513)
[2020.01.15-13.10.53:296][803]LogModuleManager: Shutting down and abandoning module MagicLeapCameraPreviewFactory (511)
[2020.01.15-13.10.53:296][803]LogModuleManager: Shutting down and abandoning module MagicLeapMediaCodecFactory (509)
[2020.01.15-13.10.53:296][803]LogModuleManager: Shutting down and abandoning module MagicLeapMediaFactory (507)
[2020.01.15-13.10.53:296][803]LogModuleManager: Shutting down and abandoning module Media (506)
[2020.01.15-13.10.53:303][803]LogModuleManager: Shutting down and abandoning module MagicLeapMediaEditor (503)
[2020.01.15-13.10.53:303][803]LogModuleManager: Shutting down and abandoning module CharacterAI (501)
[2020.01.15-13.10.53:303][803]LogModuleManager: Shutting down and abandoning module SmartSnapping (499)
[2020.01.15-13.10.53:303][803]LogModuleManager: Shutting down and abandoning module SessionServices (497)
[2020.01.15-13.10.53:303][803]LogModuleManager: Shutting down and abandoning module MeshPaint (495)
[2020.01.15-13.10.53:303][803]LogModuleManager: Shutting down and abandoning module ViewportSnapping (493)
[2020.01.15-13.10.53:303][803]LogModuleManager: Shutting down and abandoning module ViewportInteraction (491)
[2020.01.15-13.10.53:303][803]LogModuleManager: Shutting down and abandoning module ClothPainter (489)
[2020.01.15-13.10.53:303][803]LogModuleManager: Shutting down and abandoning module SkeletalMeshEditor (488)
[2020.01.15-13.10.53:304][803]LogModuleManager: Shutting down and abandoning module LogVisualizer (485)
[2020.01.15-13.10.53:304][803]LogModuleManager: Shutting down and abandoning module IntroTutorials (483)
[2020.01.15-13.10.53:304][803]LogModuleManager: Shutting down and abandoning module GameProjectGeneration (482)
[2020.01.15-13.10.53:304][803]LogModuleManager: Shutting down and abandoning module LuminPlatformEditor (479)
[2020.01.15-13.10.53:304][803]LogModuleManager: Shutting down and abandoning module IOSPlatformEditor (477)
[2020.01.15-13.10.53:304][803]LogModuleManager: Shutting down and abandoning module HTML5PlatformEditor (475)
[2020.01.15-13.10.53:304][803]LogModuleManager: Shutting down and abandoning module AndroidPlatformEditor (473)
[2020.01.15-13.10.53:304][803]LogModuleManager: Shutting down and abandoning module AndroidDeviceDetection (472)
[2020.01.15-13.10.54:374][803]LogModuleManager: Shutting down and abandoning module WindowsPlatformEditor (469)
[2020.01.15-13.10.54:374][803]LogModuleManager: Shutting down and abandoning module LuminRuntimeSettings (467)
[2020.01.15-13.10.54:374][803]LogModuleManager: Shutting down and abandoning module IOSRuntimeSettings (465)
[2020.01.15-13.10.54:374][803]LogModuleManager: Shutting down and abandoning module AndroidRuntimeSettings (463)
[2020.01.15-13.10.54:374][803]LogModuleManager: Shutting down and abandoning module TimeManagementEditor (461)
[2020.01.15-13.10.54:374][803]LogModuleManager: Shutting down and abandoning module InputBindingEditor (459)
[2020.01.15-13.10.54:375][803]LogModuleManager: Shutting down and abandoning module MergeActors (457)
[2020.01.15-13.10.54:375][803]LogModuleManager: Shutting down and abandoning module LocalizationDashboard (455)
[2020.01.15-13.10.54:375][803]LogModuleManager: Shutting down and abandoning module LocalizationService (454)
[2020.01.15-13.10.54:375][803]LogModuleManager: Shutting down and abandoning module HardwareTargeting (451)
[2020.01.15-13.10.54:375][803]LogModuleManager: Shutting down and abandoning module DeviceProfileEditor (449)
[2020.01.15-13.10.54:375][803]LogModuleManager: Shutting down and abandoning module UndoHistory (447)
[2020.01.15-13.10.54:375][803]LogModuleManager: Shutting down and abandoning module XmlParser (445)
[2020.01.15-13.10.54:375][803]LogModuleManager: Shutting down and abandoning module Blutility (443)
[2020.01.15-13.10.54:375][803]LogModuleManager: Shutting down and abandoning module ProjectSettingsViewer (441)
[2020.01.15-13.10.54:375][803]LogModuleManager: Shutting down and abandoning module ProjectTargetPlatformEditor (440)
[2020.01.15-13.10.54:375][803]LogModuleManager: Shutting down and abandoning module EditorSettingsViewer (437)
[2020.01.15-13.10.54:375][803]LogModuleManager: Shutting down and abandoning module SettingsEditor (435)
[2020.01.15-13.10.54:376][803]LogModuleManager: Shutting down and abandoning module ProjectLauncher (433)
[2020.01.15-13.10.54:376][803]LogModuleManager: Shutting down and abandoning module SessionFrontend (431)
[2020.01.15-13.10.54:376][803]LogModuleManager: Shutting down and abandoning module ProfilerClient (429)
[2020.01.15-13.10.54:376][803]LogModuleManager: Shutting down and abandoning module DeviceManager (427)
[2020.01.15-13.10.54:376][803]LogModuleManager: Shutting down and abandoning module TargetDeviceServices (426)
[2020.01.15-13.10.54:419][803]LogModuleManager: Shutting down and abandoning module AutomationController (423)
[2020.01.15-13.10.54:419][803]LogModuleManager: Shutting down and abandoning module AutomationWindow (421)
[2020.01.15-13.10.54:419][803]LogModuleManager: Shutting down and abandoning module Layers (419)
[2020.01.15-13.10.54:421][803]LogModuleManager: Shutting down and abandoning module ComponentVisualizers (417)
[2020.01.15-13.10.54:421][803]LogModuleManager: Shutting down and abandoning module DetailCustomizations (415)
[2020.01.15-13.10.54:421][803]LogModuleManager: Shutting down and abandoning module PackagesDialog (413)
[2020.01.15-13.10.54:421][803]LogModuleManager: Shutting down and abandoning module AnimationBlueprintEditor (411)
[2020.01.15-13.10.54:422][803]LogModuleManager: Shutting down and abandoning module Persona (409)
[2020.01.15-13.10.54:422][803]LogModuleManager: Shutting down and abandoning module AdvancedPreviewScene (408)
[2020.01.15-13.10.54:422][803]LogModuleManager: Shutting down and abandoning module AnimGraph (406)
[2020.01.15-13.10.54:422][803]LogModuleManager: Shutting down and abandoning module Kismet (403)
[2020.01.15-13.10.54:427][803]LogModuleManager: Shutting down and abandoning module GraphEditor (401)
[2020.01.15-13.10.54:428][803]LogModuleManager: Shutting down and abandoning module ClassViewer (399)
[2020.01.15-13.10.54:428][803]LogModuleManager: Shutting down and abandoning module Toolbox (397)
[2020.01.15-13.10.54:428][803]LogModuleManager: Shutting down and abandoning module DesktopPlatform (396)
[2020.01.15-13.10.54:428][803]LogModuleManager: Shutting down and abandoning module ModuleUI (393)
[2020.01.15-13.10.54:429][803]LogModuleManager: Shutting down and abandoning module MovieSceneTools (391)
[2020.01.15-13.10.54:429][803]LogModuleManager: Shutting down and abandoning module SourceControl (389)
[2020.01.15-13.10.54:429][803]LogModuleManager: Shutting down and abandoning module OutputLog (387)
[2020.01.15-13.10.54:429][803]LogModuleManager: Shutting down and abandoning module GammaUI (385)
[2020.01.15-13.10.54:429][803]LogModuleManager: Shutting down and abandoning module Documentation (383)
[2020.01.15-13.10.54:429][803]LogModuleManager: Shutting down and abandoning module LiveCoding (381)
[2020.01.15-13.10.54:429][803]LogModuleManager: Shutting down and abandoning module LevelSequence (379)
[2020.01.15-13.10.54:429][803]LogModuleManager: Shutting down and abandoning module MovieSceneTracks (377)
[2020.01.15-13.10.54:429][803]LogModuleManager: Shutting down and abandoning module MovieScene (375)
[2020.01.15-13.10.54:429][803]LogModuleManager: Shutting down and abandoning module StreamingPauseRendering (373)
[2020.01.15-13.10.54:430][803]LogModuleManager: Shutting down and abandoning module LauncherPlatform (371)
[2020.01.15-13.10.54:430][803]LogModuleManager: Shutting down and abandoning module AnalyticsET (369)
[2020.01.15-13.10.54:430][803]LogModuleManager: Shutting down and abandoning module PortalServices (367)
[2020.01.15-13.10.54:430][803]LogModuleManager: Shutting down and abandoning module PortalRpc (365)
[2020.01.15-13.10.54:430][803]LogModuleManager: Shutting down and abandoning module MessagingRpc (363)
[2020.01.15-13.10.54:430][803]LogModuleManager: Shutting down and abandoning module AIModule (361)
[2020.01.15-13.10.54:430][803]LogModuleManager: Shutting down and abandoning module GameplayDebugger (360)
[2020.01.15-13.10.54:430][803]LogModuleManager: Shutting down and abandoning module AITestSuite (358)
[2020.01.15-13.10.54:430][803]LogModuleManager: Shutting down and abandoning module NavigationSystem (356)
[2020.01.15-13.10.54:430][803]LogModuleManager: Shutting down and abandoning module ImageWriteQueue (353)
[2020.01.15-13.10.54:436][803]LogModuleManager: Shutting down and abandoning module ProfilerService (351)
[2020.01.15-13.10.54:630][803]LogModuleManager: Shutting down and abandoning module TaskGraph (349)
[2020.01.15-13.10.54:630][803]LogModuleManager: Shutting down and abandoning module ProceduralMeshComponentEditor (347)
[2020.01.15-13.10.54:630][803]LogModuleManager: Shutting down and abandoning module ProceduralMeshComponent (345)
[2020.01.15-13.10.54:630][803]LogModuleManager: Shutting down and abandoning module MobilePatchingUtils (343)
[2020.01.15-13.10.54:630][803]LogModuleManager: Shutting down and abandoning module EditableMesh (341)
[2020.01.15-13.10.54:631][803]LogModuleManager: Shutting down and abandoning module CustomMeshComponent (339)
[2020.01.15-13.10.54:631][803]LogModuleManager: Shutting down and abandoning module CableComponent (337)
[2020.01.15-13.10.54:631][803]LogModuleManager: Shutting down and abandoning module AndroidPermission (335)
[2020.01.15-13.10.54:631][803]LogModuleManager: Shutting down and abandoning module MediaCompositing (331)
[2020.01.15-13.10.54:631][803]LogModuleManager: Shutting down and abandoning module LinearTimecode (329)
[2020.01.15-13.10.54:631][803]LogModuleManager: Shutting down and abandoning module ImgMedia (327)
[2020.01.15-13.10.54:631][803]LogModuleManager: Shutting down and abandoning module EasyAdsEditor (325)
[2020.01.15-13.10.54:631][803]LogModuleManager: Shutting down and abandoning module EasyAds (323)
[2020.01.15-13.10.54:631][803]LogModuleManager: Shutting down and abandoning module MagicLeapHelperVulkan (321)
[2020.01.15-13.10.54:631][803]LogModuleManager: Shutting down and abandoning module MagicLeapHelperOpenGL (319)
[2020.01.15-13.10.54:631][803]LogModuleManager: Shutting down and abandoning module MagicLeapAudio (317)
[2020.01.15-13.10.54:631][803]LogModuleManager: Shutting down and abandoning module GeometryCacheTracks (315)
[2020.01.15-13.10.54:631][803]LogModuleManager: Shutting down and abandoning module GeometryCache (313)
[2020.01.15-13.10.54:631][803]LogModuleManager: Shutting down and abandoning module GeometryCacheSequencer (311)
[2020.01.15-13.10.54:631][803]LogModuleManager: Shutting down and abandoning module GeometryCacheEd (309)
[2020.01.15-13.10.54:631][803]LogModuleManager: Shutting down and abandoning module SpeedTreeImporter (307)
[2020.01.15-13.10.54:631][803]LogModuleManager: Shutting down and abandoning module PluginBrowser (305)
[2020.01.15-13.10.54:631][803]LogModuleManager: Shutting down and abandoning module MobileLauncherProfileWizard (303)
[2020.01.15-13.10.54:632][803]LogModuleManager: Shutting down and abandoning module MaterialAnalyzer (301)
[2020.01.15-13.10.54:632][803]LogModuleManager: Shutting down and abandoning module CryptoKeysOpenSSL (299)
[2020.01.15-13.10.54:632][803]LogModuleManager: Shutting down and abandoning module CryptoKeys (297)
[2020.01.15-13.10.54:632][803]LogModuleManager: Shutting down and abandoning module VisualStudioSourceCodeAccess (295)
[2020.01.15-13.10.54:632][803]LogModuleManager: Shutting down and abandoning module VisualStudioCodeSourceCodeAccess (293)
[2020.01.15-13.10.54:632][803]LogModuleManager: Shutting down and abandoning module CLionSourceCodeAccess (291)
[2020.01.15-13.10.54:632][803]LogModuleManager: Shutting down and abandoning module AnimationSharingEd (289)
[2020.01.15-13.10.54:632][803]LogModuleManager: Shutting down and abandoning module ActorLayerUtilitiesEditor (287)
[2020.01.15-13.10.54:632][803]LogModuleManager: Shutting down and abandoning module ActorLayerUtilities (285)
[2020.01.15-13.10.54:632][803]LogModuleManager: Shutting down and abandoning module LightPropagationVolumeEditor (283)
[2020.01.15-13.10.54:632][803]LogModuleManager: Shutting down and abandoning module PaperTiledImporter (281)
[2020.01.15-13.10.54:632][803]LogModuleManager: Shutting down and abandoning module PaperSpriteSheetImporter (279)
[2020.01.15-13.10.54:632][803]LogModuleManager: Shutting down and abandoning module Paper2DEditor (277)
[2020.01.15-13.10.54:633][803]LogModuleManager: Shutting down and abandoning module beatRush (275)
[2020.01.15-13.10.54:633][803]LogModuleManager: Shutting down and abandoning module SignificanceManager (273)
[2020.01.15-13.10.54:633][803]LogModuleManager: Shutting down and abandoning module RuntimePhysXCooking (271)
[2020.01.15-13.10.54:633][803]LogModuleManager: Shutting down and abandoning module LocationServicesBPLibrary (269)
[2020.01.15-13.10.54:633][803]LogModuleManager: Shutting down and abandoning module ActorSequence (267)
[2020.01.15-13.10.54:633][803]LogModuleManager: Shutting down and abandoning module UdpMessaging (265)
[2020.01.15-13.10.54:735][803]LogModuleManager: Shutting down and abandoning module TcpMessaging (263)
[2020.01.15-13.10.54:835][803]LogModuleManager: Shutting down and abandoning module MagicLeapIdentity (261)
[2020.01.15-13.10.54:835][803]LogModuleManager: Shutting down and abandoning module MagicLeapSecureStorage (259)
[2020.01.15-13.10.54:835][803]LogModuleManager: Shutting down and abandoning module MagicLeapHandTracking (257)
[2020.01.15-13.10.54:835][803]LogModuleManager: Shutting down and abandoning module MagicLeapEyeTracker (255)
[2020.01.15-13.10.54:835][803]LogModuleManager: Shutting down and abandoning module MagicLeapController (253)
[2020.01.15-13.10.54:835][803]LogSlate: Slate User Destroyed.  User Index 0, Is Virtual User: 0
[2020.01.15-13.10.54:835][803]LogModuleManager: Shutting down and abandoning module MagicLeapAR (251)
[2020.01.15-13.10.54:835][803]LogModuleManager: Shutting down and abandoning module AugmentedReality (250)
[2020.01.15-13.10.54:835][803]LogModuleManager: Shutting down and abandoning module GameplayTagsEditor (247)
[2020.01.15-13.10.54:835][803]LogModuleManager: Shutting down and abandoning module FacialAnimationEditor (245)
[2020.01.15-13.10.54:835][803]LogModuleManager: Shutting down and abandoning module FacialAnimation (243)
[2020.01.15-13.10.54:835][803]LogModuleManager: Shutting down and abandoning module DataValidation (241)
[2020.01.15-13.10.54:835][803]LogModuleManager: Shutting down and abandoning module AssetManagerEditor (239)
[2020.01.15-13.10.54:836][803]LogModuleManager: Shutting down and abandoning module LevelEditor (238)
[2020.01.15-13.10.54:837][803]LogModuleManager: Shutting down and abandoning module PixelInspectorModule (237)
[2020.01.15-13.10.54:837][803]LogModuleManager: Shutting down and abandoning module CommonMenuExtensions (235)
[2020.01.15-13.10.54:837][803]LogModuleManager: Shutting down and abandoning module MainFrame (233)
[2020.01.15-13.10.54:837][803]LogModuleManager: Shutting down and abandoning module HotReload (232)
[2020.01.15-13.10.54:837][803]LogModuleManager: Shutting down and abandoning module ContentBrowser (228)
[2020.01.15-13.10.54:838][803]LogModuleManager: Shutting down and abandoning module TreeMap (226)
[2020.01.15-13.10.54:838][803]LogModuleManager: Shutting down and abandoning module AnimationSharing (223)
[2020.01.15-13.10.54:838][803]LogModuleManager: Shutting down and abandoning module LightPropagationVolumeRuntime (221)
[2020.01.15-13.10.54:838][803]LogModuleManager: Shutting down and abandoning module Paper2D (219)
[2020.01.15-13.10.54:838][803]LogModuleManager: Shutting down and abandoning module PacketHandler (217)
[2020.01.15-13.10.54:838][803]LogModuleManager: Shutting down and abandoning module ClothingSystemEditor (215)
[2020.01.15-13.10.54:838][803]LogModuleManager: Shutting down and abandoning module ClothingSystemRuntime (213)
[2020.01.15-13.10.54:839][803]LogModuleManager: Shutting down and abandoning module MediaAssets (211)
[2020.01.15-13.10.54:839][803]LogModuleManager: Shutting down and abandoning module Overlay (209)
[2020.01.15-13.10.54:839][803]LogModuleManager: Shutting down and abandoning module OverlayEditor (208)
[2020.01.15-13.10.54:839][803]LogModuleManager: Shutting down and abandoning module VREditor (205)
[2020.01.15-13.10.54:839][803]LogModuleManager: Shutting down and abandoning module StringTableEditor (203)
[2020.01.15-13.10.54:839][803]LogModuleManager: Shutting down and abandoning module GameplayTasksEditor (201)
[2020.01.15-13.10.54:839][803]LogModuleManager: Shutting down and abandoning module BehaviorTreeEditor (199)
[2020.01.15-13.10.54:840][803]LogModuleManager: Shutting down and abandoning module FunctionalTesting (197)
[2020.01.15-13.10.54:840][803]LogModuleManager: Shutting down and abandoning module CollisionAnalyzer (195)
[2020.01.15-13.10.54:840][803]LogModuleManager: Shutting down and abandoning module WorkspaceMenuStructure (194)
[2020.01.15-13.10.54:840][803]LogModuleManager: Shutting down and abandoning module UMG (191)
[2020.01.15-13.10.54:840][803]LogModuleManager: Shutting down and abandoning module UMGEditor (190)
[2020.01.15-13.10.54:840][803]LogModuleManager: Shutting down and abandoning module Sequencer (189)
[2020.01.15-13.10.54:840][803]LogModuleManager: Shutting down and abandoning module MessageLog (186)
[2020.01.15-13.10.54:840][803]LogModuleManager: Shutting down and abandoning module SlateReflector (181)
[2020.01.15-13.10.54:841][803]LogModuleManager: Shutting down and abandoning module Slate (179)
[2020.01.15-13.10.54:841][803]LogModuleManager: Shutting down and abandoning module EditorStyle (177)
[2020.01.15-13.10.54:842][803]LogModuleManager: Shutting down and abandoning module UnrealEd (175)
[2020.01.15-13.10.54:842][803]LogModuleManager: Shutting down and abandoning module MRMesh (173)
[2020.01.15-13.10.54:842][803]LogModuleManager: Shutting down and abandoning module SourceCodeAccess (171)
[2020.01.15-13.10.54:842][803]LogModuleManager: Shutting down and abandoning module HeadMountedDisplay (169)
[2020.01.15-13.10.54:842][803]LogModuleManager: Shutting down and abandoning module XAudio2 (167)
[2020.01.15-13.10.54:842][803]LogModuleManager: Shutting down and abandoning module Networking (165)
[2020.01.15-13.10.54:842][803]LogModuleManager: Shutting down and abandoning module Core (163)
[2020.01.15-13.10.54:842][803]LogModuleManager: Shutting down and abandoning module KismetCompiler (161)
[2020.01.15-13.10.54:842][803]LogModuleManager: Shutting down and abandoning module MeshUtilities (159)
[2020.01.15-13.10.54:842][803]LogModuleManager: Shutting down and abandoning module MeshMergeUtilities (158)
[2020.01.15-13.10.54:842][803]LogModuleManager: Shutting down and abandoning module MeshReductionInterface (157)
[2020.01.15-13.10.54:842][803]LogModuleManager: Shutting down and abandoning module SkeletalMeshReduction (156)
[2020.01.15-13.10.54:843][803]LogModuleManager: Shutting down and abandoning module ProxyLODMeshReduction (154)
[2020.01.15-13.10.54:843][803]LogModuleManager: Shutting down and abandoning module QuadricMeshReduction (152)
[2020.01.15-13.10.54:843][803]LogModuleManager: Shutting down and abandoning module MaterialBaking (148)
[2020.01.15-13.10.54:843][803]LogModuleManager: Shutting down and abandoning module DerivedDataCache (143)
[2020.01.15-13.10.54:875][803]LogDerivedDataCache: Shutdown
[2020.01.15-13.10.54:875][803]LogModuleManager: Shutting down and abandoning module XGEController (141)
[2020.01.15-13.10.54:875][803]LogXGEController: Cleaning working directory: C:/Users/smdex/AppData/Local/Temp/UnrealXGEWorkingDir/
[2020.01.15-13.10.54:875][803]LogModuleManager: Shutting down and abandoning module TargetPlatform (139)
[2020.01.15-13.10.54:875][803]LogModuleManager: Shutting down and abandoning module VulkanShaderFormat (138)
[2020.01.15-13.10.54:875][803]LogModuleManager: Shutting down and abandoning module ShaderFormatVectorVM (136)
[2020.01.15-13.10.54:875][803]LogModuleManager: Shutting down and abandoning module ShaderFormatOpenGL (134)
[2020.01.15-13.10.54:875][803]LogModuleManager: Shutting down and abandoning module ShaderFormatD3D (132)
[2020.01.15-13.10.54:876][803]LogModuleManager: Shutting down and abandoning module MetalShaderFormat (130)
[2020.01.15-13.10.54:876][803]LogModuleManager: Shutting down and abandoning module TextureFormatUncompressed (128)
[2020.01.15-13.10.54:876][803]LogModuleManager: Shutting down and abandoning module TextureFormatPVR (126)
[2020.01.15-13.10.54:876][803]LogModuleManager: Shutting down and abandoning module TextureFormatDXT (124)
[2020.01.15-13.10.54:876][803]LogModuleManager: Shutting down and abandoning module TextureFormatIntelISPCTexComp (122)
[2020.01.15-13.10.54:876][803]LogModuleManager: Shutting down and abandoning module TextureFormatASTC (120)
[2020.01.15-13.10.54:876][803]LogModuleManager: Shutting down and abandoning module ImageWrapper (119)
[2020.01.15-13.10.54:876][803]LogModuleManager: Shutting down and abandoning module TextureFormatAndroid (116)
[2020.01.15-13.10.54:876][803]LogModuleManager: Shutting down and abandoning module AudioFormatOpus (114)
[2020.01.15-13.10.54:876][803]LogModuleManager: Shutting down and abandoning module AudioFormatOgg (112)
[2020.01.15-13.10.54:876][803]LogModuleManager: Shutting down and abandoning module AudioFormatADPCM (110)
[2020.01.15-13.10.54:876][803]LogModuleManager: Shutting down and abandoning module LuminTargetPlatform (108)
[2020.01.15-13.10.54:877][803]LogModuleManager: Shutting down and abandoning module LinuxTargetPlatform (106)
[2020.01.15-13.10.54:877][803]LogModuleManager: Shutting down and abandoning module LinuxServerTargetPlatform (104)
[2020.01.15-13.10.54:877][803]LogModuleManager: Shutting down and abandoning module LinuxNoEditorTargetPlatform (102)
[2020.01.15-13.10.54:877][803]LogModuleManager: Shutting down and abandoning module LinuxClientTargetPlatform (100)
[2020.01.15-13.10.54:877][803]LogModuleManager: Shutting down and abandoning module TVOSTargetPlatform (98)
[2020.01.15-13.10.54:878][803]LogModuleManager: Shutting down and abandoning module Messaging (94)
[2020.01.15-13.10.54:878][803]LogModuleManager: Shutting down and abandoning module IOSTargetPlatform (92)
[2020.01.15-13.10.54:879][803]LogModuleManager: Shutting down and abandoning module HTML5TargetPlatform (90)
[2020.01.15-13.10.54:879][803]LogModuleManager: Shutting down and abandoning module AndroidTargetPlatform (88)
[2020.01.15-13.10.54:889][803]LogModuleManager: Shutting down and abandoning module WindowsTargetPlatform (86)
[2020.01.15-13.10.54:889][803]LogModuleManager: Shutting down and abandoning module WindowsServerTargetPlatform (84)
[2020.01.15-13.10.54:889][803]LogModuleManager: Shutting down and abandoning module WindowsNoEditorTargetPlatform (82)
[2020.01.15-13.10.54:889][803]LogModuleManager: Shutting down and abandoning module WindowsClientTargetPlatform (80)
[2020.01.15-13.10.54:889][803]LogModuleManager: Shutting down and abandoning module MacTargetPlatform (78)
[2020.01.15-13.10.54:889][803]LogModuleManager: Shutting down and abandoning module MacServerTargetPlatform (76)
[2020.01.15-13.10.54:889][803]LogModuleManager: Shutting down and abandoning module MacNoEditorTargetPlatform (74)
[2020.01.15-13.10.54:889][803]LogModuleManager: Shutting down and abandoning module MacClientTargetPlatform (72)
[2020.01.15-13.10.54:890][803]LogModuleManager: Shutting down and abandoning module AllDesktopTargetPlatform (70)
[2020.01.15-13.10.54:890][803]LogModuleManager: Shutting down and abandoning module InputCore (67)
[2020.01.15-13.10.54:890][803]LogModuleManager: Shutting down and abandoning module Settings (65)
[2020.01.15-13.10.54:890][803]LogModuleManager: Shutting down and abandoning module DirectoryWatcher (63)
[2020.01.15-13.10.54:890][803]LogModuleManager: Shutting down and abandoning module PhysXCooking (61)
[2020.01.15-13.10.54:890][803]LogModuleManager: Shutting down and abandoning module ExampleDeviceProfileSelector (59)
[2020.01.15-13.10.54:890][803]LogModuleManager: Shutting down and abandoning module LauncherChunkInstaller (57)
[2020.01.15-13.10.54:890][803]LogModuleManager: Shutting down and abandoning module OnlineBlueprintSupport (55)
[2020.01.15-13.10.54:890][803]LogModuleManager: Shutting down and abandoning module OnlineSubsystem (51)
[2020.01.15-13.10.54:890][803]LogOnline: Google: Google Shutdown!
[2020.01.15-13.10.54:890][803]LogModuleManager: Shutting down and abandoning module XMPP (49)
[2020.01.15-13.10.54:890][803]LogModuleManager: Shutting down and abandoning module WebSockets (48)
[2020.01.15-13.10.54:912][803]LogModuleManager: Shutting down and abandoning module HTTP (45)
[2020.01.15-13.10.54:912][803]LogHttp: Display: Http module shutting down, but needs to wait on 1 outstanding Http requests:
[2020.01.15-13.10.54:912][803]LogHttp: Display: 	verb=[POST] url=[https://datarouter.ol.epicgames.com/datarouter/api/v1/public/data?SessionID=%7B0B546C7D-4209-8ADD-3539-7F96216A2C75%7D&AppID=UEEditor.Rocket.Release&AppVersion=4.22.3-7053642%2B%2B%2BUE4%2BRelease-4.22&UserID=8f2e55df4b4f9eb809a9ff8839c90ea6%7Cf1c526514f664455ab69f3c909a19601%7C1f2ffaa8-ee1c-425e-a7bf-96510a6d1af8&AppEnvironment=datacollector-binary&UploadType=eteventstream] status=Processing
[2020.01.15-13.10.54:947][803]LogModuleManager: Shutting down and abandoning module SSL (44)
[2020.01.15-13.10.54:949][803]LogModuleManager: Shutting down and abandoning module MagicLeap (40)
[2020.01.15-13.10.54:949][803]LogModuleManager: Shutting down and abandoning module AnimationModifiers (38)
[2020.01.15-13.10.54:950][803]LogModuleManager: Shutting down and abandoning module PropertyEditor (37)
[2020.01.15-13.10.54:950][803]LogModuleManager: Shutting down and abandoning module AudioEditor (34)
[2020.01.15-13.10.54:951][803]LogModuleManager: Shutting down and abandoning module TextureCompressor (32)
[2020.01.15-13.10.54:952][803]LogModuleManager: Shutting down and abandoning module RenderCore (30)
[2020.01.15-13.10.54:953][803]LogModuleManager: Shutting down and abandoning module Landscape (28)
[2020.01.15-13.10.54:953][803]LogModuleManager: Shutting down and abandoning module SlateRHIRenderer (26)
[2020.01.15-13.10.54:953][803]LogModuleManager: Shutting down and abandoning module OpenGLDrv (24)
[2020.01.15-13.10.54:954][803]LogModuleManager: Shutting down and abandoning module D3D11RHI (22)
[2020.01.15-13.10.54:954][803]LogModuleManager: Shutting down and abandoning module AnimGraphRuntime (20)
[2020.01.15-13.10.54:954][803]LogModuleManager: Shutting down and abandoning module Renderer (18)
[2020.01.15-13.10.54:954][803]LogModuleManager: Shutting down and abandoning module Engine (16)
[2020.01.15-13.10.54:954][803]LogModuleManager: Shutting down and abandoning module CoreUObject (14)
[2020.01.15-13.10.54:954][803]LogModuleManager: Shutting down and abandoning module NetworkFile (12)
[2020.01.15-13.10.54:954][803]LogModuleManager: Shutting down and abandoning module CookedIterativeFile (10)
[2020.01.15-13.10.54:954][803]LogModuleManager: Shutting down and abandoning module StreamingFile (8)
[2020.01.15-13.10.54:954][803]LogModuleManager: Shutting down and abandoning module SandboxFile (6)
[2020.01.15-13.10.54:954][803]LogModuleManager: Shutting down and abandoning module PakFile (4)
[2020.01.15-13.10.54:954][803]LogModuleManager: Shutting down and abandoning module RSA (3)
[2020.01.15-13.10.54:964][803]LogExit: Exiting.
[2020.01.15-13.10.54:977][803]Log file closed, 01/15/20 14:10:54
