"../../../../../Unreal Projects/beatRush/beatRush 4.24/Content/touch_input.uasset" 0
"../../../Engine/Content/Animation/DefaultAnimCurveCompressionSettings.uasset" 1
"../../../Engine/Content/Functions/Engine_MaterialFunctions01/Opacity/CameraDepthFade.uasset" 2
"../../../Engine/Content/EngineMaterials/T_Default_Material_Grid_M.uasset" 3
"../../../Engine/Content/EngineMaterials/T_Default_Material_Grid_N.uasset" 4
"../../../Engine/Content/EngineMaterials/WorldGridMaterial.uasset" 5
"../../../Engine/Content/ArtTools/RenderToTexture/Meshes/S_1_Unit_Plane.uasset" 6
"../../../Engine/Content/EngineMaterials/DefaultMaterial.uasset" 7
"../../../Engine/Content/BasicShapes/Cone.uasset" 8
"../../../Engine/Content/BasicShapes/Plane.uasset" 9
"../../../Engine/Content/BasicShapes/Sphere.uasset" 10
"../../../Engine/Content/EditorLandscapeResources/DataLayer.uasset" 11
"../../../Engine/Content/EditorMaterials/MAT_Groups_Toggle.uasset" 12
"../../../Engine/Content/EditorMaterials/MAT_Groups_Visibility.uasset" 13
"../../../Engine/Content/EditorMaterials/PreviewShadowIndicator.uasset" 14
"../../../Engine/Content/EditorMaterials/PreviewShadowIndicatorMaterial.uasset" 15
"../../../Engine/Content/EditorMaterials/MatineeGroups/MAT_ColorTrack.uasset" 16
"../../../Engine/Content/EditorMaterials/MatineeGroups/MAT_Groups_Anim.uasset" 17
"../../../Engine/Content/EditorMaterials/MatineeGroups/MAT_Groups_AudioMaster.uasset" 18
"../../../Engine/Content/EditorMaterials/MatineeGroups/MAT_Groups_Director.uasset" 19
"../../../Engine/Content/EditorMaterials/MatineeGroups/MAT_Groups_Event.uasset" 20
"../../../Engine/Content/EditorMaterials/MatineeGroups/MAT_Groups_Fade.uasset" 21
"../../../Engine/Content/EditorMaterials/MatineeGroups/MAT_Groups_Float.uasset" 22
"../../../Engine/Content/EditorMaterials/MatineeGroups/MAT_Groups_Move.uasset" 23
"../../../Engine/Content/EditorMaterials/MatineeGroups/MAT_Groups_Slomo.uasset" 24
"../../../Engine/Content/EditorMaterials/MatineeGroups/MAT_Groups_Sound.uasset" 25
"../../../Engine/Content/EditorMaterials/MatineeGroups/MAT_Groups_Vector.uasset" 26
"../../../Engine/Content/EditorMaterials/ParticleSystems/PSysThumbnail_NoImage.uasset" 27
"../../../Engine/Content/EditorMaterials/ParticleSystems/PSysThumbnail_OOD.uasset" 28
"../../../Engine/Content/EditorMaterials/Camera/CineMat.uasset" 29
"../../../Engine/Content/EditorMaterials/Camera/MI_CineMat_Rig.uasset" 30
"../../../Engine/Content/EditorMeshes/Camera/SM_CraneRig_Arm.uasset" 31
"../../../Engine/Content/EditorMeshes/Camera/SM_CraneRig_Base.uasset" 32
"../../../Engine/Content/EditorMeshes/Camera/SM_CraneRig_Body.uasset" 33
"../../../Engine/Content/EditorMeshes/Camera/SM_CraneRig_Mount.uasset" 34
"../../../Engine/Content/EditorMeshes/Camera/SM_RailRig_Mount.uasset" 35
"../../../Engine/Content/EditorMeshes/Camera/SM_RailRig_Track.uasset" 36
"../../../Engine/Content/EditorResources/BSPVertex.uasset" 37
"../../../Engine/Content/EditorResources/EmptyActor.uasset" 38
"../../../Engine/Content/EditorResources/S_Actor.uasset" 39
"../../../Engine/Content/EditorResources/S_Note.uasset" 40
"../../../Engine/Content/EditorResources/S_Solver.uasset" 41
"../../../Engine/Content/EditorResources/S_Trigger.uasset" 42
"../../../Engine/Content/EditorResources/AudioIcons/S_AudioComponent_AutoActivate.uasset" 43
"../../../Engine/Content/EditorResources/SequenceRecorder/Countdown.uasset" 44
"../../../Engine/Content/EditorResources/SequenceRecorder/RecordingIndicator.uasset" 45
"../../../Engine/Content/EditorSounds/Notifications/CompileFailed.uasset" 46
"../../../Engine/Content/EditorSounds/Notifications/CompileFailed_Cue.uasset" 47
"../../../Engine/Content/EditorSounds/Notifications/CompileSuccess.uasset" 48
"../../../Engine/Content/EditorSounds/Notifications/CompileStart_Cue.uasset" 49
"../../../Engine/Content/EditorSounds/Notifications/CompileSuccess_Cue.uasset" 50
"../../../Engine/Content/EngineDamageTypes/DmgTypeBP_Environmental.uasset" 51
"../../../Engine/Content/EngineDebugMaterials/DebugEditorMaterial.uasset" 52
"../../../Engine/Content/EngineDebugMaterials/DebugMeshMaterial.uasset" 53
"../../../Engine/Content/EngineDebugMaterials/M_SimpleTranslucent.uasset" 54
"../../../Engine/Content/Functions/Engine_MaterialFunctions02/Utility/CameraDirectionVector.uasset" 55
"../../../Engine/Content/EngineDebugMaterials/VolumeToRender.uasset" 56
"../../../Engine/Content/EngineDebugMaterials/M_VolumeRenderSphereTracePP.uasset" 57
"../../../Engine/Content/EngineDebugMaterials/WireframeMaterial.uasset" 58
"../../../Engine/Content/EngineFonts/Faces/DroidSansFallback.uasset" 59
"../../../Engine/Content/EngineFonts/Faces/RobotoBold.uasset" 60
"../../../Engine/Content/EngineFonts/Faces/RobotoBoldItalic.uasset" 61
"../../../Engine/Content/EngineFonts/Faces/RobotoItalic.uasset" 62
"../../../Engine/Content/EngineFonts/Faces/RobotoLight.uasset" 63
"../../../Engine/Content/EngineFonts/Faces/RobotoRegular.uasset" 64
"../../../Engine/Content/EngineFonts/Roboto.uasset" 65
"../../../Engine/Content/EngineMaterials/BaseFlattenDiffuseMap.uasset" 66
"../../../Engine/Content/EngineMaterials/BaseFlattenEmissiveMap.uasset" 67
"../../../Engine/Content/EngineMaterials/BaseFlattenGrayscaleMap.uasset" 68
"../../../Engine/Content/EngineMaterials/BaseFlattenNormalMap.uasset" 69
"../../../Engine/Content/EngineMaterials/BaseFlattenMaterial.uasset" 70
"../../../Engine/Content/EngineMaterials/BlueNoise.uasset" 71
"../../../Engine/Content/EngineMaterials/DefaultBloomKernel.uasset" 72
"../../../Engine/Content/EngineMaterials/DefaultBokeh.uasset" 73
"../../../Engine/Content/EngineMaterials/DefaultDiffuse.uasset" 74
"../../../Engine/Content/EngineMaterials/DefaultDeferredDecalMaterial.uasset" 75
"../../../Engine/Content/EngineMaterials/DefaultLightFunctionMaterial.uasset" 76
"../../../Engine/Content/EngineMaterials/DefaultPhysicalMaterial.uasset" 77
"../../../Engine/Content/Functions/Engine_MaterialFunctions02/Utility/BreakOutFloat2Components.uasset" 78
"../../../Engine/Content/EngineMaterials/DefaultPostProcessMaterial.uasset" 79
"../../../Engine/Content/EngineFonts/RobotoDistanceField.uasset" 80
"../../../Engine/Content/EngineMaterials/DefaultTextMaterialOpaque.uasset" 81
"../../../Engine/Content/EngineMaterials/DefaultVirtualTextureMaterial.uasset" 82
"../../../Engine/Content/EngineMaterials/DefaultWhiteGrid.uasset" 83
"../../../Engine/Content/EngineMaterials/DefaultWhiteGrid_Low.uasset" 84
"../../../Engine/Content/EngineMaterials/EmissiveMeshMaterial.uasset" 85
"../../../Engine/Content/EngineMaterials/GizmoMaterial.uasset" 86
"../../../Engine/Content/EngineMaterials/Good64x64TilingNoiseHighFreq.uasset" 87
"../../../Engine/Content/EngineMaterials/HairDefaultMaterial.uasset" 88
"../../../Engine/Content/EngineMaterials/MiniFont.uasset" 89
"../../../Engine/Content/EngineMaterials/InvalidLightmapSettings.uasset" 90
"../../../Engine/Content/EngineMaterials/M_InvalidLightmapSettings.uasset" 91
"../../../Engine/Content/Functions/Engine_MaterialFunctions02/WorldPositionOffset/CameraOffset.uasset" 92
"../../../Engine/Content/EngineMaterials/PhAT_JointLimitMaterial.uasset" 93
"../../../Engine/Content/EngineMaterials/PreintegratedSkinBRDF.uasset" 94
"../../../Engine/Content/EngineMaterials/RemoveSurfaceMaterial.uasset" 95
"../../../Engine/Content/EngineMaterials/WeightMapPlaceholderTexture.uasset" 96
"../../../Engine/Content/EngineResources/WhiteSquareTexture.uasset" 97
"../../../Engine/Content/EngineMaterials/Widget3DPassThrough.uasset" 98
"../../../Engine/Content/EngineMaterials/Widget3DPassThrough_Masked.uasset" 99
"../../../Engine/Content/EngineMaterials/Widget3DPassThrough_Opaque.uasset" 100
"../../../Engine/Content/EngineMaterials/Widget3DPassThrough_Masked_OneSided.uasset" 101
"../../../Engine/Content/EngineMaterials/Widget3DPassThrough_Opaque_OneSided.uasset" 102
"../../../Engine/Content/EngineMaterials/Widget3DPassThrough_Translucent.uasset" 103
"../../../Engine/Content/EngineMaterials/Widget3DPassThrough_Translucent_OneSided.uasset" 104
"../../../Engine/Content/EngineMeshes/Sphere.uasset" 105
"../../../Engine/Content/EngineResources/Black.uasset" 106
"../../../Engine/Content/EngineResources/DefaultTexture.uasset" 107
"../../../Engine/Content/EngineResources/DefaultTextureCube.uasset" 108
"../../../Engine/Content/EngineResources/DefaultVolumeTexture2D.uasset" 109
"../../../Engine/Content/EngineResources/DefaultVolumeTexture.uasset" 110
"../../../Engine/Content/EngineResources/GradientTexture0.uasset" 111
"../../../Engine/Content/EngineSounds/Master.uasset" 112
"../../../Engine/Content/Functions/Engine_MaterialFunctions01/Shading/ConvertFromDiffSpec.uasset" 113
"../../../Engine/Content/Functions/Engine_MaterialFunctions01/Shading/PowerToRoughness.uasset" 114
"../../../Engine/Content/Maps/Templates/Thumbnails/Default.uasset" 115
"../../../Engine/Content/Maps/Templates/Thumbnails/TimeOfDay.uasset" 116
"../../../Engine/Content/Maps/Templates/Thumbnails/VR-Basic.uasset" 117
"../../../Engine/Content/MobileResources/T_MobileControls_texture.uasset" 118
"../../../Engine/Content/MobileResources/T_MobileMenu2.uasset" 119
"../../../Engine/Content/MobileResources/HUD/AnalogHat.uasset" 120
"../../../Engine/Content/MobileResources/HUD/VirtualJoystick_Background.uasset" 121
"../../../Engine/Content/MobileResources/HUD/VirtualJoystick_Thumb.uasset" 122
"../../../Engine/Content/MobileResources/HUD/DefaultVirtualJoysticks.uasset" 123
"../../../Engine/Content/MobileResources/HUD/LeftVirtualJoystickOnly.uasset" 124
"../../../Engine/Content/MobileResources/HUD/MobileHUDButton1_off.uasset" 125
"../../../Engine/Content/MobileResources/HUD/MobileHUDButton1_on.uasset" 126
"../../../Engine/Content/MobileResources/HUD/MobileHUDButton2_off.uasset" 127
"../../../Engine/Content/MobileResources/HUD/MobileHUDButton2_on.uasset" 128
"../../../Engine/Content/MobileResources/HUD/MobileHUDButton3.uasset" 129
"../../../Engine/Content/MobileResources/HUD/MobileHUDButtonFire.uasset" 130
"../../../Engine/Content/MobileResources/HUD/MobileHUDDirectionPad.uasset" 131
"../../../Engine/Content/MobileResources/HUD/MobileHUDDirectionPad2.uasset" 132
"../../../Engine/Content/MobileResources/HUD/MobileHUDDirectionPad3.uasset" 133
"../../../Engine/Content/MobileResources/HUD/MobileHUDDirectionStick.uasset" 134
"../../../Engine/Content/MobileResources/HUD/T_Castle_ThumbstickInner.uasset" 135
"../../../Engine/Content/MobileResources/HUD/T_Castle_ThumbstickOutter.uasset" 136
"../../../Engine/Content/Tutorial/ContentIntroCurve.uasset" 137
"../../../Engine/Content/Tutorial/Basics/LevelEditorAttract.uasset" 138
"../../../Engine/Content/Tutorial/Basics/TutorialAssets/icon_tab_Levels_40x.uasset" 139
"../../../Engine/Content/Tutorial/Basics/LevelEditorOverview.uasset" 140
"../../../Engine/Content/Tutorial/BlueprintTutorials/TutorialAssets/Blueprint_64x.uasset" 141
"../../../Engine/Content/Tutorial/BlueprintTutorials/BlueprintEditorTutorial.uasset" 142
"../../../Engine/Content/Tutorial/Mobile/TutorialAssets/IOS.uasset" 143
"../../../Engine/Content/Tutorial/Mobile/InstallingiTunesTutorial.uasset" 144
"../../../Engine/Content/Tutorial/Mobile/TutorialAssets/android_Icon.uasset" 145
"../../../Engine/Content/Tutorial/Mobile/SettingUpAndroidTutorial.uasset" 146
"../../../Engine/Content/VREditor/LaserPointer/VR_LaserPower_01.uasset" 147
"../../../Engine/Content/VREditor/TransformGizmo/TransformGizmoMaterial.uasset" 148
"../../../Engine/Content/VREditor/TransformGizmo/TranslucentTransformGizmoMaterial.uasset" 149
"../../../Engine/Content/VREditor/TransformGizmo/BoundingBoxCorner.uasset" 150
"../../../Engine/Content/VREditor/TransformGizmo/BoundingBoxEdge.uasset" 151
"../../../Engine/Content/VREditor/TransformGizmo/PlaneTranslationHandle.uasset" 152
"../../../Engine/Content/VREditor/TransformGizmo/Main.uasset" 153
"../../../Engine/Content/VREditor/TransformGizmo/Xray.uasset" 154
"../../../Engine/Content/VREditor/TransformGizmo/SM_Sequencer_Key.uasset" 155
"../../../Engine/Content/VREditor/TransformGizmo/SM_Sequencer_Node.uasset" 156
"../../Plugins/2D/Paper2D/Content/PlaceholderTextures/DummySpriteTexture.uasset" 157
"../../Plugins/2D/Paper2D/Content/DummySprite.uasset" 158
"../../Plugins/2D/Paper2D/Content/DefaultPaperTerrainMaterial.uasset" 159
"../../Plugins/2D/Paper2D/Content/DummySpriteTexture.uasset" 160
"../../Plugins/2D/Paper2D/Content/DefaultSpriteMaterial.uasset" 161
"../../Plugins/2D/Paper2D/Content/MaskedUnlitSpriteMaterial.uasset" 162
"../../Plugins/2D/Paper2D/Content/OpaqueUnlitSpriteMaterial.uasset" 163
"../../../Engine/Content/EditorBlueprintResources/StandardMacros.uasset" 164
"../../../../../Unreal Projects/beatRush/beatRush 4.24/Content/Meshes/vessel/Material_004.uasset" 165
"../../../../../Unreal Projects/beatRush/beatRush 4.24/Content/Meshes/env/cone4.uasset" 166
"../../../../../Unreal Projects/beatRush/beatRush 4.24/Content/Meshes/env/cone3.uasset" 167
"../../../../../Unreal Projects/beatRush/beatRush 4.24/Content/BP/BP_obstacleVar1.uasset" 168
"../../../../../Unreal Projects/beatRush/beatRush 4.24/Content/Meshes/env/part_glow.uasset" 169
"../../../../../Unreal Projects/beatRush/beatRush 4.24/Content/Meshes/env/tower_body.uasset" 170
"../../../../../Unreal Projects/beatRush/beatRush 4.24/Content/Meshes/env/obstacle_4.uasset" 171
"../../../../../Unreal Projects/beatRush/beatRush 4.24/Content/BP/BP_obstacleVar2.uasset" 172
"../../../../../Unreal Projects/beatRush/beatRush 4.24/Content/Meshes/env/body_001.uasset" 173
"../../../../../Unreal Projects/beatRush/beatRush 4.24/Content/Meshes/env/body_002.uasset" 174
"../../../../../Unreal Projects/beatRush/beatRush 4.24/Content/Meshes/env/body_005.uasset" 175
"../../../../../Unreal Projects/beatRush/beatRush 4.24/Content/Meshes/env/obstacle_3.uasset" 176
"../../../../../Unreal Projects/beatRush/beatRush 4.24/Content/BP/BP_obstacleVar3.uasset" 177
"../../../../../Unreal Projects/beatRush/beatRush 4.24/Content/Meshes/env/rock.uasset" 178
"../../../../../Unreal Projects/beatRush/beatRush 4.24/Content/Meshes/env/mountain.uasset" 179
"../../../../../Unreal Projects/beatRush/beatRush 4.24/Content/BP/mountain_Blueprint.uasset" 180
"../../../../../Unreal Projects/beatRush/beatRush 4.24/Content/Meshes/env/light.uasset" 181
"../../../../../Unreal Projects/beatRush/beatRush 4.24/Content/Meshes/env/light_Inst.uasset" 182
"../../../../../Unreal Projects/beatRush/beatRush 4.24/Content/Meshes/env/cone2.uasset" 183
"../../../../../Unreal Projects/beatRush/beatRush 4.24/Content/Meshes/env/cone1.uasset" 184
"../../../../../Unreal Projects/beatRush/beatRush 4.24/Content/BP/pointBetter_BP.uasset" 185
"../../../../../Unreal Projects/beatRush/beatRush 4.24/Content/Meshes/env/red-emissive_inst.uasset" 186
"../../../../../Unreal Projects/beatRush/beatRush 4.24/Content/BP/pointRegular_BP.uasset" 187
"../../../../../Unreal Projects/beatRush/beatRush 4.24/Content/Meshes/env/simtoonBlue-emissive_Inst.uasset" 188
"../../../../../Unreal Projects/beatRush/beatRush 4.24/Content/BP/pointSimtoon_BP.uasset" 189
"../../../../../Unreal Projects/beatRush/beatRush 4.24/Content/primarySaveObj.uasset" 190
"../../../Engine/Content/BasicShapes/Cylinder.uasset" 191
"../../../../../Unreal Projects/beatRush/beatRush 4.24/Content/audio/OST/animals.uasset" 192
"../../../../../Unreal Projects/beatRush/beatRush 4.24/Content/audio/OST/caffeine.uasset" 193
"../../../../../Unreal Projects/beatRush/beatRush 4.24/Content/audio/OST/ecstatic.uasset" 194
"../../../../../Unreal Projects/beatRush/beatRush 4.24/Content/audio/OST/greatMoments.uasset" 195
"../../../../../Unreal Projects/beatRush/beatRush 4.24/Content/audio/OST/poison.uasset" 196
"../../../../../Unreal Projects/beatRush/beatRush 4.24/Content/audio/OST/virus.uasset" 197
"../../../../../Unreal Projects/beatRush/beatRush 4.24/Content/audio/SFX/sfx2/sfx2/access.uasset" 198
"../../../../../Unreal Projects/beatRush/beatRush 4.24/Content/audio/SFX/sfx2/sfx2/access2.uasset" 199
"../../../../../Unreal Projects/beatRush/beatRush 4.24/Content/audio/SFX/sfx2/sfx2/access3.uasset" 200
"../../../../../Unreal Projects/beatRush/beatRush 4.24/Content/audio/SFX/sfx2/sfx2/accomplished1.uasset" 201
"../../../../../Unreal Projects/beatRush/beatRush 4.24/Content/audio/SFX/sfx2/sfx2/accomplished2.uasset" 202
"../../../../../Unreal Projects/beatRush/beatRush 4.24/Content/audio/SFX/sfx2/sfx2/accomplished3.uasset" 203
"../../../../../Unreal Projects/beatRush/beatRush 4.24/Content/audio/SFX/sfx2/sfx2/crash.uasset" 204
"../../../../../Unreal Projects/beatRush/beatRush 4.24/Content/audio/SFX/sfx2/sfx2/death1.uasset" 205
"../../../../../Unreal Projects/beatRush/beatRush 4.24/Content/audio/SFX/sfx2/sfx2/death2.uasset" 206
"../../../../../Unreal Projects/beatRush/beatRush 4.24/Content/audio/SFX/sfx2/sfx2/energy2.uasset" 207
"../../../../../Unreal Projects/beatRush/beatRush 4.24/Content/Meshes/vessel/glass.uasset" 208
"../../../../../Unreal Projects/beatRush/beatRush 4.24/Content/Meshes/vessel/part-1.uasset" 209
"../../../../../Unreal Projects/beatRush/beatRush 4.24/Content/Meshes/vessel/turbine.uasset" 210
"../../../../../Unreal Projects/beatRush/beatRush 4.24/Content/Meshes/vessel/body.uasset" 211
"../../../../../Unreal Projects/beatRush/beatRush 4.24/Content/Meshes/vessel/body_NONshielded.uasset" 212
"../../../../../Unreal Projects/beatRush/beatRush 4.24/Content/Meshes/vessel/ship_2.uasset" 213
"../../../../../Unreal Projects/beatRush/beatRush 4.24/Content/Meshes/vessel/body_part.uasset" 214
"../../../../../Unreal Projects/beatRush/beatRush 4.24/Content/Meshes/vessel/body_part_2.uasset" 215
"../../../../../Unreal Projects/beatRush/beatRush 4.24/Content/Meshes/vessel/body_varation.uasset" 216
"../../../../../Unreal Projects/beatRush/beatRush 4.24/Content/Meshes/vessel/glass_black.uasset" 217
"../../../../../Unreal Projects/beatRush/beatRush 4.24/Content/Meshes/vessel/ship_3.uasset" 218
"../../../../../Unreal Projects/beatRush/beatRush 4.24/Content/Meshes/vessel/ship_4.uasset" 219
"../../../../../Unreal Projects/beatRush/beatRush 4.24/Content/Meshes/vessel/Material_001.uasset" 220
"../../../../../Unreal Projects/beatRush/beatRush 4.24/Content/Meshes/vessel/black-parts.uasset" 221
"../../../../../Unreal Projects/beatRush/beatRush 4.24/Content/Meshes/vessel/black-parts_basic.uasset" 222
"../../../../../Unreal Projects/beatRush/beatRush 4.24/Content/Meshes/vessel/body_basic.uasset" 223
"../../../../../Unreal Projects/beatRush/beatRush 4.24/Content/Meshes/vessel/Material.uasset" 224
"../../../../../Unreal Projects/beatRush/beatRush 4.24/Content/Meshes/vessel/Material_grey.uasset" 225
"../../../../../Unreal Projects/beatRush/beatRush 4.24/Content/Meshes/vessel/ship_Cube.uasset" 226
"../../../../../Unreal Projects/beatRush/beatRush 4.24/Content/audio/SFX/sfx2/sfx2/explosion1.uasset" 227
"../../../../../Unreal Projects/beatRush/beatRush 4.24/Content/UI/Screenshot_3.uasset" 228
"../../../../../Unreal Projects/beatRush/beatRush 4.24/Content/UI/deathScreen.uasset" 229
"../../../../../Unreal Projects/beatRush/beatRush 4.24/Content/audio/SFX/sfx2/sfx2/denied1.uasset" 230
"../../../../../Unreal Projects/beatRush/beatRush 4.24/Content/SpaceBox_Color/Textures/HD/Kaldar/Front.uasset" 231
"../../../../../Unreal Projects/beatRush/beatRush 4.24/Content/UI/level_chooser.uasset" 232
"../../../../../Unreal Projects/beatRush/beatRush 4.24/Content/audio/SFX/sfx2/sfx2/denied3.uasset" 233
"../../../../../Unreal Projects/beatRush/beatRush 4.24/Content/UI/ship2.uasset" 234
"../../../../../Unreal Projects/beatRush/beatRush 4.24/Content/UI/ship3.uasset" 235
"../../../../../Unreal Projects/beatRush/beatRush 4.24/Content/UI/ship4.uasset" 236
"../../../../../Unreal Projects/beatRush/beatRush 4.24/Content/UI/shop.uasset" 237
"../../../../../Unreal Projects/beatRush/beatRush 4.24/Content/UI/smdLogoSmall.uasset" 238
"../../../../../Unreal Projects/beatRush/beatRush 4.24/Content/UI/main_menu.uasset" 239
"../../../../../Unreal Projects/beatRush/beatRush 4.24/Content/UI/pause_menu.uasset" 240
"../../../../../Unreal Projects/beatRush/beatRush 4.24/Content/UI/Screenshot_1.uasset" 241
"../../../../../Unreal Projects/beatRush/beatRush 4.24/Content/UI/Screenshot_2.uasset" 242
"../../../../../Unreal Projects/beatRush/beatRush 4.24/Content/UI/HUD.uasset" 243
"../../../../../Unreal Projects/beatRush/beatRush 4.24/Content/BP/playerCharacter_BP.uasset" 244
"../../../../../Unreal Projects/beatRush/beatRush 4.24/Content/weathereffects/Materials/M_Transparent.uasset" 245
"../../../Engine/Content/BasicShapes/Cube.uasset" 246
"../../../../../Unreal Projects/beatRush/beatRush 4.24/Content/BP/worldBounds.uasset" 247
"../../../../../Unreal Projects/beatRush/beatRush 4.24/Content/SpaceBox_Color/Textures/HD/Kaldar/Back.uasset" 248
"../../../../../Unreal Projects/beatRush/beatRush 4.24/Content/SpaceBox_Color/Materials/HD/Kaldar/Mat_HD_Kaldar_Back.uasset" 249
"../../../../../Unreal Projects/beatRush/beatRush 4.24/Content/SpaceBox_Color/Textures/HD/Kaldar/Down.uasset" 250
"../../../../../Unreal Projects/beatRush/beatRush 4.24/Content/SpaceBox_Color/Materials/HD/Kaldar/Mat_HD_Kaldar_Down.uasset" 251
"../../../../../Unreal Projects/beatRush/beatRush 4.24/Content/SpaceBox_Color/Materials/HD/Kaldar/Mat_HD_Kaldar_Front.uasset" 252
"../../../../../Unreal Projects/beatRush/beatRush 4.24/Content/SpaceBox_Color/Textures/HD/Kaldar/Left.uasset" 253
"../../../../../Unreal Projects/beatRush/beatRush 4.24/Content/SpaceBox_Color/Materials/HD/Kaldar/Mat_HD_Kaldar_Left.uasset" 254
"../../../../../Unreal Projects/beatRush/beatRush 4.24/Content/SpaceBox_Color/Textures/HD/Kaldar/Right.uasset" 255
"../../../../../Unreal Projects/beatRush/beatRush 4.24/Content/SpaceBox_Color/Materials/HD/Kaldar/Mat_HD_Kaldar_Right.uasset" 256
"../../../../../Unreal Projects/beatRush/beatRush 4.24/Content/SpaceBox_Color/Textures/HD/Kaldar/Up.uasset" 257
"../../../../../Unreal Projects/beatRush/beatRush 4.24/Content/SpaceBox_Color/Materials/HD/Kaldar/Mat_HD_Kaldar_Up.uasset" 258
"../../../../../Unreal Projects/beatRush/beatRush 4.24/Content/SpaceBox_Color/Meshes/HD/Back.uasset" 259
"../../../../../Unreal Projects/beatRush/beatRush 4.24/Content/SpaceBox_Color/Meshes/HD/Down.uasset" 260
"../../../../../Unreal Projects/beatRush/beatRush 4.24/Content/SpaceBox_Color/Meshes/HD/Front.uasset" 261
"../../../../../Unreal Projects/beatRush/beatRush 4.24/Content/SpaceBox_Color/Meshes/HD/Left.uasset" 262
"../../../../../Unreal Projects/beatRush/beatRush 4.24/Content/SpaceBox_Color/Meshes/HD/Right.uasset" 263
"../../../../../Unreal Projects/beatRush/beatRush 4.24/Content/SpaceBox_Color/Meshes/HD/Up.uasset" 264
"../../../../../Unreal Projects/beatRush/beatRush 4.24/Content/SpaceBox_Color/Blueprints/HD/BP_SB4K_HD_Kaldar.uasset" 265
"../../../../../Unreal Projects/beatRush/beatRush 4.24/Content/Levels/gameplay_BuiltData.uasset" 266
"../../../../../Unreal Projects/beatRush/beatRush 4.24/Content/WeatherEffects/Textures/T_Rain_Drops_Glass.uasset" 267
"../../../../../Unreal Projects/beatRush/beatRush 4.24/Content/WeatherEffects/Textures/T_Rain_Streaks_Glass.uasset" 268
"../../../../../Unreal Projects/beatRush/beatRush 4.24/Content/weathereffects/Materials/M_Rain_Glass.uasset" 269
"../../../../../Unreal Projects/beatRush/beatRush 4.24/Content/Materials/roadCorner_emissive.uasset" 270
"../../../../../Unreal Projects/beatRush/beatRush 4.24/Content/Materials/roadCorner_emissive_Inst.uasset" 271
"../../../../../Unreal Projects/beatRush/beatRush 4.24/Content/Meshes/env/tower_body_emissive.uasset" 272
"../../../../../Unreal Projects/beatRush/beatRush 4.24/Content/Meshes/env/body.uasset" 273
"../../../../../Unreal Projects/beatRush/beatRush 4.24/Content/Meshes/env/barrier_tower.uasset" 274
"../../../../../Unreal Projects/beatRush/beatRush 4.24/Content/Meshes/env/mountain_2.uasset" 275
"../../../../../Unreal Projects/beatRush/beatRush 4.24/Content/Meshes/env/runway-lvl1.uasset" 276
"../../../../../Unreal Projects/beatRush/beatRush 4.24/Content/Meshes/env/body_003.uasset" 277
"../../../../../Unreal Projects/beatRush/beatRush 4.24/Content/Meshes/env/body_004.uasset" 278
"../../../../../Unreal Projects/beatRush/beatRush 4.24/Content/Meshes/env/tower_1.uasset" 279
"../../../../../Unreal Projects/beatRush/beatRush 4.24/Content/Meshes/env/tower_4.uasset" 280
"../../../../../Unreal Projects/beatRush/beatRush 4.24/Content/WeatherEffects/Textures/T_FrameClamp.uasset" 281
"../../../../../Unreal Projects/beatRush/beatRush 4.24/Content/WeatherEffects/Textures/T_Lightning.uasset" 282
"../../../../../Unreal Projects/beatRush/beatRush 4.24/Content/WeatherEffects/Textures/T_LightningMasks.uasset" 283
"../../../../../Unreal Projects/beatRush/beatRush 4.24/Content/weathereffects/Materials/M_Lightning.uasset" 284
"../../../../../Unreal Projects/beatRush/beatRush 4.24/Content/weathereffects/Particles/P_Lightning.uasset" 285
"../../../../../Unreal Projects/beatRush/beatRush 4.24/Content/Levels/gameplay.umap" 286
"../../../Engine/Content/Maps/Entry_BuiltData.uasset" 287
"../../../Engine/Content/Maps/Entry.umap" 288
