"../../../../../../Users/smdex/Documents/GitHub/beatRush/beatRush/Content/touch_input.uasset" 0
"../../../../../../Users/smdex/Documents/GitHub/beatRush/beatRush/Content/UI/shop.uasset" 1
"../../../Engine/Content/Animation/DefaultAnimCurveCompressionSettings.uasset" 2
"../../../Engine/Content/Functions/Engine_MaterialFunctions01/Opacity/CameraDepthFade.uasset" 3
"../../../Engine/Content/EngineMaterials/T_Default_Material_Grid_M.uasset" 4
"../../../Engine/Content/EngineMaterials/T_Default_Material_Grid_N.uasset" 5
"../../../Engine/Content/EngineMaterials/WorldGridMaterial.uasset" 6
"../../../Engine/Content/ArtTools/RenderToTexture/Meshes/S_1_Unit_Plane.uasset" 7
"../../../Engine/Content/EngineMaterials/DefaultMaterial.uasset" 8
"../../../Engine/Content/BasicShapes/Cone.uasset" 9
"../../../Engine/Content/BasicShapes/Cylinder.uasset" 10
"../../../Engine/Content/BasicShapes/Plane.uasset" 11
"../../../Engine/Content/BasicShapes/Sphere.uasset" 12
"../../../Engine/Content/EditorLandscapeResources/DataLayer.uasset" 13
"../../../Engine/Content/EditorMaterials/GizmoMaterial.uasset" 14
"../../../Engine/Content/EditorMaterials/MAT_Groups_Toggle.uasset" 15
"../../../Engine/Content/EditorMaterials/MAT_Groups_Visibility.uasset" 16
"../../../Engine/Content/EditorMaterials/PreviewShadowIndicator.uasset" 17
"../../../Engine/Content/EditorMaterials/PreviewShadowIndicatorMaterial.uasset" 18
"../../../Engine/Content/EditorMaterials/MatineeGroups/MAT_ColorTrack.uasset" 19
"../../../Engine/Content/EditorMaterials/MatineeGroups/MAT_Groups_Anim.uasset" 20
"../../../Engine/Content/EditorMaterials/MatineeGroups/MAT_Groups_AudioMaster.uasset" 21
"../../../Engine/Content/EditorMaterials/MatineeGroups/MAT_Groups_Director.uasset" 22
"../../../Engine/Content/EditorMaterials/MatineeGroups/MAT_Groups_Event.uasset" 23
"../../../Engine/Content/EditorMaterials/MatineeGroups/MAT_Groups_Fade.uasset" 24
"../../../Engine/Content/EditorMaterials/MatineeGroups/MAT_Groups_Float.uasset" 25
"../../../Engine/Content/EditorMaterials/MatineeGroups/MAT_Groups_Move.uasset" 26
"../../../Engine/Content/EditorMaterials/MatineeGroups/MAT_Groups_Slomo.uasset" 27
"../../../Engine/Content/EditorMaterials/MatineeGroups/MAT_Groups_Sound.uasset" 28
"../../../Engine/Content/EditorMaterials/MatineeGroups/MAT_Groups_Vector.uasset" 29
"../../../Engine/Content/EditorMaterials/ParticleSystems/PSysThumbnail_NoImage.uasset" 30
"../../../Engine/Content/EditorMaterials/ParticleSystems/PSysThumbnail_OOD.uasset" 31
"../../../Engine/Content/EditorMaterials/Camera/CineMat.uasset" 32
"../../../Engine/Content/EditorMaterials/Camera/MI_CineMat_Rig.uasset" 33
"../../../Engine/Content/EditorMeshes/Camera/SM_CraneRig_Arm.uasset" 34
"../../../Engine/Content/EditorMeshes/Camera/SM_CraneRig_Base.uasset" 35
"../../../Engine/Content/EditorMeshes/Camera/SM_CraneRig_Body.uasset" 36
"../../../Engine/Content/EditorMeshes/Camera/SM_CraneRig_Mount.uasset" 37
"../../../Engine/Content/EditorMeshes/Camera/SM_RailRig_Mount.uasset" 38
"../../../Engine/Content/EditorMeshes/Camera/SM_RailRig_Track.uasset" 39
"../../../Engine/Content/EditorResources/BSPVertex.uasset" 40
"../../../Engine/Content/EditorResources/EmptyActor.uasset" 41
"../../../Engine/Content/EditorResources/S_Actor.uasset" 42
"../../../Engine/Content/EditorResources/S_Note.uasset" 43
"../../../Engine/Content/EditorResources/S_Trigger.uasset" 44
"../../../Engine/Content/EditorResources/SequenceRecorder/Countdown.uasset" 45
"../../../Engine/Content/EditorResources/SequenceRecorder/RecordingIndicator.uasset" 46
"../../../Engine/Content/EditorSounds/Notifications/CompileFailed.uasset" 47
"../../../Engine/Content/EditorSounds/Notifications/CompileFailed_Cue.uasset" 48
"../../../Engine/Content/EditorSounds/Notifications/CompileSuccess.uasset" 49
"../../../Engine/Content/EditorSounds/Notifications/CompileStart_Cue.uasset" 50
"../../../Engine/Content/EditorSounds/Notifications/CompileSuccess_Cue.uasset" 51
"../../../Engine/Content/EngineDamageTypes/DmgTypeBP_Environmental.uasset" 52
"../../../Engine/Content/EngineDebugMaterials/HeatmapGradient.uasset" 53
"../../../Engine/Content/EngineDebugMaterials/BoneWeightMaterial.uasset" 54
"../../../Engine/Content/EngineDebugMaterials/ClothMaterial.uasset" 55
"../../../Engine/Content/EngineDebugMaterials/ClothMaterial_WF.uasset" 56
"../../../Engine/Content/EngineDebugMaterials/DebugEditorMaterial.uasset" 57
"../../../Engine/Content/EngineDebugMaterials/DebugMeshMaterial.uasset" 58
"../../../Engine/Content/EngineDebugMaterials/GeomMaterial.uasset" 59
"../../../Engine/Content/EngineDebugMaterials/M_SimpleTranslucent.uasset" 60
"../../../Engine/Content/EngineFonts/Faces/RobotoBold.uasset" 61
"../../../Engine/Content/EngineFonts/Faces/RobotoBoldItalic.uasset" 62
"../../../Engine/Content/EngineFonts/Faces/RobotoItalic.uasset" 63
"../../../Engine/Content/EngineFonts/Faces/RobotoLight.uasset" 64
"../../../Engine/Content/EngineFonts/Faces/RobotoRegular.uasset" 65
"../../../Engine/Content/EngineFonts/Roboto.uasset" 66
"../../../Engine/Content/EngineFonts/Faces/RobotoTiny.uasset" 67
"../../../Engine/Content/EngineFonts/RobotoTiny.uasset" 68
"../../../Engine/Content/EngineMaterials/BaseFlattenDiffuseMap.uasset" 69
"../../../Engine/Content/EngineMaterials/BaseFlattenEmissiveMap.uasset" 70
"../../../Engine/Content/EngineMaterials/BaseFlattenGrayscaleMap.uasset" 71
"../../../Engine/Content/EngineMaterials/BaseFlattenNormalMap.uasset" 72
"../../../Engine/Content/EngineMaterials/BaseFlattenMaterial.uasset" 73
"../../../Engine/Content/EngineMaterials/DefaultBloomKernel.uasset" 74
"../../../Engine/Content/EngineMaterials/DefaultBokeh.uasset" 75
"../../../Engine/Content/EngineMaterials/DefaultDiffuse.uasset" 76
"../../../Engine/Content/EngineMaterials/DefaultDeferredDecalMaterial.uasset" 77
"../../../Engine/Content/EngineMaterials/DefaultLightFunctionMaterial.uasset" 78
"../../../Engine/Content/EngineMaterials/DefaultPhysicalMaterial.uasset" 79
"../../../Engine/Content/Functions/Engine_MaterialFunctions02/Utility/BreakOutFloat2Components.uasset" 80
"../../../Engine/Content/EngineMaterials/DefaultPostProcessMaterial.uasset" 81
"../../../Engine/Content/EngineFonts/RobotoDistanceField.uasset" 82
"../../../Engine/Content/EngineMaterials/DefaultTextMaterialOpaque.uasset" 83
"../../../Engine/Content/EngineMaterials/DefaultWhiteGrid.uasset" 84
"../../../Engine/Content/EngineMaterials/EditorBrushMaterial.uasset" 85
"../../../Engine/Content/EngineMaterials/Good64x64TilingNoiseHighFreq.uasset" 86
"../../../Engine/Content/EngineMaterials/MiniFont.uasset" 87
"../../../Engine/Content/EngineMaterials/InvalidLightmapSettings.uasset" 88
"../../../Engine/Content/EngineMaterials/M_InvalidLightmapSettings.uasset" 89
"../../../Engine/Content/Functions/Engine_MaterialFunctions02/WorldPositionOffset/CameraOffset.uasset" 90
"../../../Engine/Content/EngineMaterials/PhAT_JointLimitMaterial.uasset" 91
"../../../Engine/Content/EngineMaterials/PreintegratedSkinBRDF.uasset" 92
"../../../Engine/Content/EngineMaterials/RemoveSurfaceMaterial.uasset" 93
"../../../Engine/Content/EngineMaterials/WeightMapPlaceholderTexture.uasset" 94
"../../../Engine/Content/EngineResources/WhiteSquareTexture.uasset" 95
"../../../Engine/Content/EngineMaterials/Widget3DPassThrough.uasset" 96
"../../../Engine/Content/EngineMaterials/Widget3DPassThrough_Masked.uasset" 97
"../../../Engine/Content/EngineMaterials/Widget3DPassThrough_Opaque.uasset" 98
"../../../Engine/Content/EngineMaterials/Widget3DPassThrough_Masked_OneSided.uasset" 99
"../../../Engine/Content/EngineMaterials/Widget3DPassThrough_Opaque_OneSided.uasset" 100
"../../../Engine/Content/EngineMaterials/Widget3DPassThrough_Translucent.uasset" 101
"../../../Engine/Content/EngineMaterials/Widget3DPassThrough_Translucent_OneSided.uasset" 102
"../../../Engine/Content/EngineMeshes/Sphere.uasset" 103
"../../../Engine/Content/EngineResources/Black.uasset" 104
"../../../Engine/Content/EngineResources/DefaultTexture.uasset" 105
"../../../Engine/Content/EngineResources/DefaultTextureCube.uasset" 106
"../../../Engine/Content/EngineResources/DefaultVolumeTexture2D.uasset" 107
"../../../Engine/Content/EngineResources/DefaultVolumeTexture.uasset" 108
"../../../Engine/Content/EngineResources/GradientTexture0.uasset" 109
"../../../Engine/Content/EngineSounds/Master.uasset" 110
"../../../Engine/Content/Functions/Engine_MaterialFunctions01/Shading/ConvertFromDiffSpec.uasset" 111
"../../../Engine/Content/Functions/Engine_MaterialFunctions01/Shading/PowerToRoughness.uasset" 112
"../../../Engine/Content/Maps/Templates/Thumbnails/Default.uasset" 113
"../../../Engine/Content/Maps/Templates/Thumbnails/VR-Basic.uasset" 114
"../../../Engine/Content/MobileResources/T_MobileControls_texture.uasset" 115
"../../../Engine/Content/MobileResources/T_MobileMenu2.uasset" 116
"../../../Engine/Content/MobileResources/HUD/AnalogHat.uasset" 117
"../../../Engine/Content/MobileResources/HUD/VirtualJoystick_Background.uasset" 118
"../../../Engine/Content/MobileResources/HUD/VirtualJoystick_Thumb.uasset" 119
"../../../Engine/Content/MobileResources/HUD/DefaultVirtualJoysticks.uasset" 120
"../../../Engine/Content/MobileResources/HUD/LeftVirtualJoystickOnly.uasset" 121
"../../../Engine/Content/MobileResources/HUD/MobileHUDButton1_off.uasset" 122
"../../../Engine/Content/MobileResources/HUD/MobileHUDButton1_on.uasset" 123
"../../../Engine/Content/MobileResources/HUD/MobileHUDButton2_off.uasset" 124
"../../../Engine/Content/MobileResources/HUD/MobileHUDButton2_on.uasset" 125
"../../../Engine/Content/MobileResources/HUD/MobileHUDButton3.uasset" 126
"../../../Engine/Content/MobileResources/HUD/MobileHUDButtonFire.uasset" 127
"../../../Engine/Content/MobileResources/HUD/MobileHUDDirectionPad.uasset" 128
"../../../Engine/Content/MobileResources/HUD/MobileHUDDirectionPad2.uasset" 129
"../../../Engine/Content/MobileResources/HUD/MobileHUDDirectionPad3.uasset" 130
"../../../Engine/Content/MobileResources/HUD/MobileHUDDirectionStick.uasset" 131
"../../../Engine/Content/MobileResources/HUD/T_Castle_ThumbstickInner.uasset" 132
"../../../Engine/Content/MobileResources/HUD/T_Castle_ThumbstickOutter.uasset" 133
"../../../Engine/Content/Tutorial/ContentIntroCurve.uasset" 134
"../../../Engine/Content/Tutorial/Basics/LevelEditorAttract.uasset" 135
"../../../Engine/Content/Tutorial/Basics/TutorialAssets/icon_tab_Levels_40x.uasset" 136
"../../../Engine/Content/Tutorial/Basics/LevelEditorOverview.uasset" 137
"../../../Engine/Content/Tutorial/BlueprintTutorials/TutorialAssets/Blueprint_64x.uasset" 138
"../../../Engine/Content/Tutorial/BlueprintTutorials/BlueprintEditorTutorial.uasset" 139
"../../../Engine/Content/Tutorial/Mobile/TutorialAssets/IOS.uasset" 140
"../../../Engine/Content/Tutorial/Mobile/CreatingSigningCertAndProvisionTutorial.uasset" 141
"../../../Engine/Content/Tutorial/Mobile/TutorialAssets/android_Icon.uasset" 142
"../../../Engine/Content/Tutorial/Mobile/SettingUpAndroidTutorial.uasset" 143
"../../../Engine/Content/VREditor/LaserPointer/VR_LaserPower_01.uasset" 144
"../../../Engine/Content/VREditor/TransformGizmo/TransformGizmoMaterial.uasset" 145
"../../../Engine/Content/VREditor/TransformGizmo/TranslucentTransformGizmoMaterial.uasset" 146
"../../../Engine/Content/VREditor/TransformGizmo/BoundingBoxCorner.uasset" 147
"../../../Engine/Content/VREditor/TransformGizmo/BoundingBoxEdge.uasset" 148
"../../../Engine/Content/VREditor/TransformGizmo/PlaneTranslationHandle.uasset" 149
"../../../Engine/Content/VREditor/TransformGizmo/Main.uasset" 150
"../../../Engine/Content/VREditor/TransformGizmo/Xray.uasset" 151
"../../../Engine/Content/VREditor/TransformGizmo/SM_Sequencer_Key.uasset" 152
"../../../Engine/Content/VREditor/TransformGizmo/SM_Sequencer_Node.uasset" 153
"../../Plugins/2D/Paper2D/Content/PlaceholderTextures/DummySpriteTexture.uasset" 154
"../../Plugins/2D/Paper2D/Content/DummySprite.uasset" 155
"../../Plugins/2D/Paper2D/Content/DefaultPaperTerrainMaterial.uasset" 156
"../../Plugins/2D/Paper2D/Content/DummySpriteTexture.uasset" 157
"../../Plugins/2D/Paper2D/Content/DefaultSpriteMaterial.uasset" 158
"../../Plugins/2D/Paper2D/Content/MaskedUnlitSpriteMaterial.uasset" 159
"../../Plugins/2D/Paper2D/Content/OpaqueUnlitSpriteMaterial.uasset" 160
"../../../Engine/Content/EditorBlueprintResources/StandardMacros.uasset" 161
"../../../../../../Users/smdex/Documents/GitHub/beatRush/beatRush/Content/Meshes/vessel/Material_004.uasset" 162
"../../../../../../Users/smdex/Documents/GitHub/beatRush/beatRush/Content/Meshes/env/cone4.uasset" 163
"../../../../../../Users/smdex/Documents/GitHub/beatRush/beatRush/Content/Meshes/env/cone3.uasset" 164
"../../../../../../Users/smdex/Documents/GitHub/beatRush/beatRush/Content/BP/BP_obstacleVar1.uasset" 165
"../../../../../../Users/smdex/Documents/GitHub/beatRush/beatRush/Content/Meshes/env/rock.uasset" 166
"../../../../../../Users/smdex/Documents/GitHub/beatRush/beatRush/Content/Meshes/env/mountain.uasset" 167
"../../../../../../Users/smdex/Documents/GitHub/beatRush/beatRush/Content/BP/mountain_Blueprint.uasset" 168
"../../../../../../Users/smdex/Documents/GitHub/beatRush/beatRush/Content/Meshes/env/light.uasset" 169
"../../../../../../Users/smdex/Documents/GitHub/beatRush/beatRush/Content/Meshes/env/light_Inst.uasset" 170
"../../../../../../Users/smdex/Documents/GitHub/beatRush/beatRush/Content/Meshes/env/cone2.uasset" 171
"../../../../../../Users/smdex/Documents/GitHub/beatRush/beatRush/Content/Meshes/env/cone1.uasset" 172
"../../../../../../Users/smdex/Documents/GitHub/beatRush/beatRush/Content/BP/pointBetter_BP.uasset" 173
"../../../../../../Users/smdex/Documents/GitHub/beatRush/beatRush/Content/Meshes/env/red-emissive_inst.uasset" 174
"../../../../../../Users/smdex/Documents/GitHub/beatRush/beatRush/Content/BP/pointRegular_BP.uasset" 175
"../../../../../../Users/smdex/Documents/GitHub/beatRush/beatRush/Content/Meshes/env/simtoonBlue-emissive_Inst.uasset" 176
"../../../../../../Users/smdex/Documents/GitHub/beatRush/beatRush/Content/BP/pointSimtoon_BP.uasset" 177
"../../../../../../Users/smdex/Documents/GitHub/beatRush/beatRush/Content/primarySaveObj.uasset" 178
"../../../../../../Users/smdex/Documents/GitHub/beatRush/beatRush/Content/audio/OST/caffeine.uasset" 179
"../../../../../../Users/smdex/Documents/GitHub/beatRush/beatRush/Content/audio/OST/ecstatic.uasset" 180
"../../../../../../Users/smdex/Documents/GitHub/beatRush/beatRush/Content/audio/SFX/sfx1/sfx1/electric3.uasset" 181
"../../../../../../Users/smdex/Documents/GitHub/beatRush/beatRush/Content/audio/SFX/sfx2/sfx2/access.uasset" 182
"../../../../../../Users/smdex/Documents/GitHub/beatRush/beatRush/Content/audio/SFX/sfx2/sfx2/access2.uasset" 183
"../../../../../../Users/smdex/Documents/GitHub/beatRush/beatRush/Content/audio/SFX/sfx2/sfx2/access3.uasset" 184
"../../../../../../Users/smdex/Documents/GitHub/beatRush/beatRush/Content/audio/SFX/sfx2/sfx2/accomplished1.uasset" 185
"../../../../../../Users/smdex/Documents/GitHub/beatRush/beatRush/Content/audio/SFX/sfx2/sfx2/accomplished2.uasset" 186
"../../../../../../Users/smdex/Documents/GitHub/beatRush/beatRush/Content/audio/SFX/sfx2/sfx2/accomplished3.uasset" 187
"../../../../../../Users/smdex/Documents/GitHub/beatRush/beatRush/Content/audio/SFX/sfx2/sfx2/crash.uasset" 188
"../../../../../../Users/smdex/Documents/GitHub/beatRush/beatRush/Content/Meshes/vessel/black-parts.uasset" 189
"../../../../../../Users/smdex/Documents/GitHub/beatRush/beatRush/Content/Meshes/vessel/body.uasset" 190
"../../../../../../Users/smdex/Documents/GitHub/beatRush/beatRush/Content/Meshes/vessel/Material.uasset" 191
"../../../../../../Users/smdex/Documents/GitHub/beatRush/beatRush/Content/Meshes/vessel/Material_001.uasset" 192
"../../../../../../Users/smdex/Documents/GitHub/beatRush/beatRush/Content/Meshes/vessel/ship_Cube.uasset" 193
"../../../../../../Users/smdex/Documents/GitHub/beatRush/beatRush/Content/audio/SFX/sfx2/sfx2/denied1.uasset" 194
"../../../../../../Users/smdex/Documents/GitHub/beatRush/beatRush/Content/UI/pause_menu.uasset" 195
"../../../../../../Users/smdex/Documents/GitHub/beatRush/beatRush/Content/UI/HUD.uasset" 196
"../../../../../../Users/smdex/Documents/GitHub/beatRush/beatRush/Content/SpaceBox_Color/Textures/HD/Kaldar/Front.uasset" 197
"../../../../../../Users/smdex/Documents/GitHub/beatRush/beatRush/Content/UI/level_chooser.uasset" 198
"../../../../../../Users/smdex/Documents/GitHub/beatRush/beatRush/Content/UI/smdLogoSmall.uasset" 199
"../../../../../../Users/smdex/Documents/GitHub/beatRush/beatRush/Content/UI/main_menu.uasset" 200
"../../../../../../Users/smdex/Documents/GitHub/beatRush/beatRush/Content/BP/playerCharacter_BP.uasset" 201
"../../../../../../Users/smdex/Documents/GitHub/beatRush/beatRush/Content/SpaceBox_Color/Textures/HD/Kaldar/Back.uasset" 202
"../../../../../../Users/smdex/Documents/GitHub/beatRush/beatRush/Content/SpaceBox_Color/Materials/HD/Kaldar/Mat_HD_Kaldar_Back.uasset" 203
"../../../../../../Users/smdex/Documents/GitHub/beatRush/beatRush/Content/SpaceBox_Color/Textures/HD/Kaldar/Down.uasset" 204
"../../../../../../Users/smdex/Documents/GitHub/beatRush/beatRush/Content/SpaceBox_Color/Materials/HD/Kaldar/Mat_HD_Kaldar_Down.uasset" 205
"../../../../../../Users/smdex/Documents/GitHub/beatRush/beatRush/Content/SpaceBox_Color/Materials/HD/Kaldar/Mat_HD_Kaldar_Front.uasset" 206
"../../../../../../Users/smdex/Documents/GitHub/beatRush/beatRush/Content/SpaceBox_Color/Textures/HD/Kaldar/Left.uasset" 207
"../../../../../../Users/smdex/Documents/GitHub/beatRush/beatRush/Content/SpaceBox_Color/Materials/HD/Kaldar/Mat_HD_Kaldar_Left.uasset" 208
"../../../../../../Users/smdex/Documents/GitHub/beatRush/beatRush/Content/SpaceBox_Color/Textures/HD/Kaldar/Right.uasset" 209
"../../../../../../Users/smdex/Documents/GitHub/beatRush/beatRush/Content/SpaceBox_Color/Materials/HD/Kaldar/Mat_HD_Kaldar_Right.uasset" 210
"../../../../../../Users/smdex/Documents/GitHub/beatRush/beatRush/Content/SpaceBox_Color/Textures/HD/Kaldar/Up.uasset" 211
"../../../../../../Users/smdex/Documents/GitHub/beatRush/beatRush/Content/SpaceBox_Color/Materials/HD/Kaldar/Mat_HD_Kaldar_Up.uasset" 212
"../../../../../../Users/smdex/Documents/GitHub/beatRush/beatRush/Content/SpaceBox_Color/Meshes/HD/Back.uasset" 213
"../../../../../../Users/smdex/Documents/GitHub/beatRush/beatRush/Content/SpaceBox_Color/Meshes/HD/Down.uasset" 214
"../../../../../../Users/smdex/Documents/GitHub/beatRush/beatRush/Content/SpaceBox_Color/Meshes/HD/Front.uasset" 215
"../../../../../../Users/smdex/Documents/GitHub/beatRush/beatRush/Content/SpaceBox_Color/Meshes/HD/Left.uasset" 216
"../../../../../../Users/smdex/Documents/GitHub/beatRush/beatRush/Content/SpaceBox_Color/Meshes/HD/Right.uasset" 217
"../../../../../../Users/smdex/Documents/GitHub/beatRush/beatRush/Content/SpaceBox_Color/Meshes/HD/Up.uasset" 218
"../../../../../../Users/smdex/Documents/GitHub/beatRush/beatRush/Content/SpaceBox_Color/Blueprints/HD/BP_SB4K_HD_Kaldar.uasset" 219
"../../../../../../Users/smdex/Documents/GitHub/beatRush/beatRush/Content/WeatherEffects/Textures/T_Rain_Drops_Glass.uasset" 220
"../../../../../../Users/smdex/Documents/GitHub/beatRush/beatRush/Content/WeatherEffects/Textures/T_Rain_Streaks_Glass.uasset" 221
"../../../../../../Users/smdex/Documents/GitHub/beatRush/beatRush/Content/weathereffects/Materials/M_Rain_Glass.uasset" 222
"../../../../../../Users/smdex/Documents/GitHub/beatRush/beatRush/Content/Materials/roadCorner_emissive.uasset" 223
"../../../../../../Users/smdex/Documents/GitHub/beatRush/beatRush/Content/Materials/roadCorner_emissive_Inst.uasset" 224
"../../../Engine/Content/BasicShapes/Cube.uasset" 225
"../../../../../../Users/smdex/Documents/GitHub/beatRush/beatRush/Content/Meshes/env/body.uasset" 226
"../../../../../../Users/smdex/Documents/GitHub/beatRush/beatRush/Content/Meshes/env/barrier_tower.uasset" 227
"../../../../../../Users/smdex/Documents/GitHub/beatRush/beatRush/Content/Meshes/env/runway-lvl1.uasset" 228
"../../../../../../Users/smdex/Documents/GitHub/beatRush/beatRush/Content/WeatherEffects/Textures/T_FrameClamp.uasset" 229
"../../../../../../Users/smdex/Documents/GitHub/beatRush/beatRush/Content/WeatherEffects/Textures/T_Lightning.uasset" 230
"../../../../../../Users/smdex/Documents/GitHub/beatRush/beatRush/Content/WeatherEffects/Textures/T_LightningMasks.uasset" 231
"../../../../../../Users/smdex/Documents/GitHub/beatRush/beatRush/Content/weathereffects/Materials/M_Lightning.uasset" 232
"../../../../../../Users/smdex/Documents/GitHub/beatRush/beatRush/Content/weathereffects/Materials/M_Transparent.uasset" 233
"../../../../../../Users/smdex/Documents/GitHub/beatRush/beatRush/Content/weathereffects/Particles/P_Lightning.uasset" 234
"../../../../../../Users/smdex/Documents/GitHub/beatRush/beatRush/Content/Levels/gameplay.umap" 235
"../../../Engine/Content/Maps/Entry_BuiltData.uasset" 236
"../../../Engine/Content/Maps/Entry.umap" 237
